#
# A fatal error has been detected by the Java Runtime Environment:
#
#  SIGSEGV (0xb) at pc=0x000000013132916b, pid=39568, tid=56331
#
# JRE version: Java(TM) SE Runtime Environment (8.0_25-b17) (build 1.8.0_25-b17)
# Java VM: Java HotSpot(TM) 64-Bit Server VM (25.25-b02 mixed mode bsd-amd64 compressed oops)
# Problematic frame:
# C  [libgstreamer-lite.dylib+0xb416b]  gst_iir_equ_process_gfloat+0x97
#
# Failed to write core dump. Core dumps have been disabled. To enable core dumping, try "ulimit -c unlimited" before starting Java again
#
# If you would like to submit a bug report, please visit:
#   http://bugreport.sun.com/bugreport/crash.jsp
#

---------------  T H R E A D  ---------------

Current thread is native thread

siginfo: si_signo: 11 (SIGSEGV), si_code: 1 (SEGV_MAPERR), si_addr: 0x0000000000000078

Registers:
RAX=0x00000000000003b4, RBX=0x00007f85ab4d2c64, RCX=0x0000000000000002, RDX=0x0000000000000008
RSP=0x0000000132bc3a88, RBP=0x0000000132bc3ab0, RSI=0x00007f85ab4d2c60, RDI=0x0000000000000080
R8 =0x00007f85ac0114cc, R9 =0x00007f85a88775b0, R10=0x0000000000000008, R11=0x0000000000000001
R12=0x00007f85a88775e8, R13=0x0000000000000000, R14=0x00007f85ac0114d0, R15=0x0000000000000001
RIP=0x000000013132916b, EFLAGS=0x0000000000010202, ERR=0x0000000000000004
  TRAPNO=0x000000000000000e

Top of Stack: (sp=0x0000000132bc3a88)
0x0000000132bc3a88:   00007f85a8a967f0 00007f85a8874560
0x0000000132bc3a98:   00007f85a8961870 0000000007c8fc14
0x0000000132bc3aa8:   000000013136774a 0000000132bc3b30
0x0000000132bc3ab8:   0000000131329096 00007f85a8a967f0
0x0000000132bc3ac8:   00007f85a8a967f0 00007f85a88dc140
0x0000000132bc3ad8:   0000000000000008 41a7d783fd884b72
0x0000000132bc3ae8:   4003c684bbc8061c 4000346049f6d12c
0x0000000132bc3af8:   41bcecfb9d099aca 3ff78d0977900c39
0x0000000132bc3b08:   0000000000000000 0000000000000000
0x0000000132bc3b18:   0000000000000000 00007f85a8a967f0
0x0000000132bc3b28:   0000000000000000 0000000132bc3bc0
0x0000000132bc3b38:   00000001312c93bd 00007f85a8874160
0x0000000132bc3b48:   00012203a8a966e8 00007f85a888a0b4
0x0000000132bc3b58:   00007f85a8a96b10 00007f8500002400
0x0000000132bc3b68:   00007f85a8863700 00007f85a8962530
0x0000000132bc3b78:   0000000000000001 0000000132bc3bd0
0x0000000132bc3b88:   00007f85a88dc140 00002400a888a0a8
0x0000000132bc3b98:   00007f85a88dc140 00007f85a8874160
0x0000000132bc3ba8:   00007f85a89e32f0 00007f85a8a967f0
0x0000000132bc3bb8:   00000000095794e4 0000000132bc3bf0
0x0000000132bc3bc8:   00000001312c80d6 00007f85a88dc140
0x0000000132bc3bd8:   00007f85a88dc140 00007f85a8a96570
0x0000000132bc3be8:   00007f85a8a966e8 0000000132bc3c40
0x0000000132bc3bf8:   0000000131296bc6 00007f85a28c2000
0x0000000132bc3c08:   00007f85a26a5c40 00007f8509a9006a
0x0000000132bc3c18:   0000000132bc3d00 0000000132bc3d0c
0x0000000132bc3c28:   0000000132bc3ce8 00007f85a26a5c40
0x0000000132bc3c38:   0000000126f86236 0000000132bc3d70
0x0000000132bc3c48:   0000000126f85dad ff80000000001002
0x0000000132bc3c58:   000000000000ffff 0000000000000003
0x0000000132bc3c68:   00007fff8639add4 00000001313a8450
0x0000000132bc3c78:   00007fff8639add4 0000000132bc3cfc 

Instructions: (pc=0x000000013132916b)
0x000000013132914b:   a3 00 00 00 4d 8d 34 38 49 83 c0 0c 4d 89 d7 4d
0x000000013132915b:   89 cc eb 03 0f 28 c1 4d 8b 2c 24 f3 41 0f 5a 08
0x000000013132916b:   f2 41 0f 59 4d 78 f3 41 0f 10 50 f4 f3 41 0f 10
0x000000013132917b:   58 fc f3 0f 5a e3 f2 41 0f 59 65 70 f3 41 0f 5a 

Register to memory mapping:

RAX=0x00000000000003b4 is an unknown value
RBX=0x00007f85ab4d2c64 is an unknown value
RCX=0x0000000000000002 is an unknown value
RDX=0x0000000000000008 is an unknown value
RSP=0x0000000132bc3a88 is an unknown value
RBP=0x0000000132bc3ab0 is an unknown value
RSI=0x00007f85ab4d2c60 is an unknown value
RDI=0x0000000000000080 is an unknown value
R8 =0x00007f85ac0114cc is an unknown value
R9 =0x00007f85a88775b0 is an unknown value
R10=0x0000000000000008 is an unknown value
R11=0x0000000000000001 is an unknown value
R12=0x00007f85a88775e8 is an unknown value
R13=0x0000000000000000 is an unknown value
R14=0x00007f85ac0114d0 is an unknown value
R15=0x0000000000000001 is an unknown value


Stack: [0x0000000132b44000,0x0000000132bc4000],  sp=0x0000000132bc3a88,  free space=510k
Native frames: (J=compiled Java code, j=interpreted, Vv=VM code, C=native code)
C  [libgstreamer-lite.dylib+0xb416b]  gst_iir_equ_process_gfloat+0x97
C  [libgstreamer-lite.dylib+0xb4096]  gst_iir_equalizer_transform_ip+0x838
C  [libgstreamer-lite.dylib+0x543bd]  gst_base_transform_handle_buffer+0x922
C  [libgstreamer-lite.dylib+0x530d6]  gst_base_transform_chain+0x9a
C  [libgstreamer-lite.dylib+0x21bc6]  gst_pad_push+0x131
C  [libfxplugins.dylib+0x1dad]  audioconverter_chain+0xa63
C  [libgstreamer-lite.dylib+0x21bc6]  gst_pad_push+0x131
C  [libgstreamer-lite.dylib+0xa7434]  gst_queue_loop+0x320
C  [libgstreamer-lite.dylib+0x38b1e]  gst_task_func+0x1d3
C  [libglib-lite.dylib+0x45afd]  g_thread_pool_thread_proxy+0xdd
C  [libglib-lite.dylib+0x445ee]  g_thread_create_proxy+0xd1
C  [libsystem_pthread.dylib+0x3268]  _pthread_body+0x83
C  [libsystem_pthread.dylib+0x31e5]  _pthread_body+0x0
C  [libsystem_pthread.dylib+0x141d]  thread_start+0xd


---------------  P R O C E S S  ---------------

VM state:not at safepoint (normal execution)

VM Mutex/Monitor currently owned by a thread: None

Heap:
 PSYoungGen      total 1331200K, used 461787K [0x000000076ab00000, 0x00000007c0000000, 0x00000007c0000000)
  eden space 1330688K, 34% used [0x000000076ab00000,0x0000000786d76e20,0x00000007bbe80000)
  from space 512K, 100% used [0x00000007bff80000,0x00000007c0000000,0x00000007c0000000)
  to   space 7168K, 0% used [0x00000007bf200000,0x00000007bf200000,0x00000007bf900000)
 ParOldGen       total 129024K, used 64505K [0x00000006c0000000, 0x00000006c7e00000, 0x000000076ab00000)
  object space 129024K, 49% used [0x00000006c0000000,0x00000006c3efe758,0x00000006c7e00000)
 Metaspace       used 23900K, capacity 25426K, committed 25600K, reserved 1071104K
  class space    used 3275K, capacity 3533K, committed 3584K, reserved 1048576K

Card table byte_map: [0x000000011a710000,0x000000011af11000] byte_map_base: 0x0000000117110000

Marking Bits: (ParMarkBitMap*) 0x000000010ac9d390
 Begin Bits: [0x000000011bc7f000, 0x000000011fc7f000)
 End Bits:   [0x000000011fc7f000, 0x0000000123c7f000)

Polling page: 0x00000001093e0000

CodeCache: size=245760Kb used=17929Kb max_used=17999Kb free=227830Kb
 bounds [0x000000010b350000, 0x000000010c530000, 0x000000011a350000]
 total_blobs=5814 nmethods=5121 adapters=606
 compilation: enabled

Compilation events (10 events):
Event: 247.454 Thread 0x00007f85a2823800 6303       3       javafx.scene.paint.LinearGradient::hashCode (167 bytes)
Event: 247.454 Thread 0x00007f85a4013800 6304       4       javafx.scene.layout.VBox::layoutChildren (250 bytes)
Event: 247.455 Thread 0x00007f85a2823800 nmethod 6303 0x000000010c08c190 code [0x000000010c08c3a0, 0x000000010c08d0e8]
Event: 247.543 Thread 0x00007f85a4013800 nmethod 6304 0x000000010b754290 code [0x000000010b7547c0, 0x000000010b757558]
Event: 247.900 Thread 0x00007f85a281a800 6305       4       javafx.scene.Scene$MouseHandler::updateCursorFrame (61 bytes)
Event: 247.902 Thread 0x00007f85a281a800 nmethod 6305 0x000000010be99f90 code [0x000000010be9a100, 0x000000010be9a268]
Event: 248.371 Thread 0x00007f85a2822800 6306       4       com.sun.javafx.scene.control.skin.SliderSkin::computeMaxWidth (34 bytes)
Event: 248.376 Thread 0x00007f85a2822800 nmethod 6306 0x000000010bd477d0 code [0x000000010bd479a0, 0x000000010bd47ce8]
Event: 248.409 Thread 0x00007f85a2823800 6307       3       com.sun.javafx.collections.SourceAdapterChange::getRemoved (8 bytes)
Event: 248.409 Thread 0x00007f85a2823800 nmethod 6307 0x000000010b572f90 code [0x000000010b573100, 0x000000010b573328]

GC Heap History (10 events):
Event: 37.616 GC heap before
{Heap before GC invocations=327 (full 1):
 PSYoungGen      total 1397248K, used 1396896K [0x000000076ab00000, 0x00000007c0000000, 0x00000007c0000000)
  eden space 1396736K, 100% used [0x000000076ab00000,0x00000007bff00000,0x00000007bff00000)
  from space 512K, 31% used [0x00000007bff00000,0x00000007bff28000,0x00000007bff80000)
  to   space 512K, 0% used [0x00000007bff80000,0x00000007bff80000,0x00000007c0000000)
 ParOldGen       total 129024K, used 44215K [0x00000006c0000000, 0x00000006c7e00000, 0x000000076ab00000)
  object space 129024K, 34% used [0x00000006c0000000,0x00000006c2b2de10,0x00000006c7e00000)
 Metaspace       used 23586K, capacity 25030K, committed 25344K, reserved 1071104K
  class space    used 3256K, capacity 3497K, committed 3584K, reserved 1048576K
Event: 37.617 GC heap after
Heap after GC invocations=327 (full 1):
 PSYoungGen      total 1397248K, used 192K [0x000000076ab00000, 0x00000007c0000000, 0x00000007c0000000)
  eden space 1396736K, 0% used [0x000000076ab00000,0x000000076ab00000,0x00000007bff00000)
  from space 512K, 37% used [0x00000007bff80000,0x00000007bffb0000,0x00000007c0000000)
  to   space 512K, 0% used [0x00000007bff00000,0x00000007bff00000,0x00000007bff80000)
 ParOldGen       total 129024K, used 44239K [0x00000006c0000000, 0x00000006c7e00000, 0x000000076ab00000)
  object space 129024K, 34% used [0x00000006c0000000,0x00000006c2b33e10,0x00000006c7e00000)
 Metaspace       used 23586K, capacity 25030K, committed 25344K, reserved 1071104K
  class space    used 3256K, capacity 3497K, committed 3584K, reserved 1048576K
}
Event: 37.672 GC heap before
{Heap before GC invocations=328 (full 1):
 PSYoungGen      total 1397248K, used 1396928K [0x000000076ab00000, 0x00000007c0000000, 0x00000007c0000000)
  eden space 1396736K, 100% used [0x000000076ab00000,0x00000007bff00000,0x00000007bff00000)
  from space 512K, 37% used [0x00000007bff80000,0x00000007bffb0000,0x00000007c0000000)
  to   space 512K, 0% used [0x00000007bff00000,0x00000007bff00000,0x00000007bff80000)
 ParOldGen       total 129024K, used 44239K [0x00000006c0000000, 0x00000006c7e00000, 0x000000076ab00000)
  object space 129024K, 34% used [0x00000006c0000000,0x00000006c2b33e10,0x00000006c7e00000)
 Metaspace       used 23586K, capacity 25030K, committed 25344K, reserved 1071104K
  class space    used 3256K, capacity 3497K, committed 3584K, reserved 1048576K
Event: 37.673 GC heap after
Heap after GC invocations=328 (full 1):
 PSYoungGen      total 1397248K, used 160K [0x000000076ab00000, 0x00000007c0000000, 0x00000007c0000000)
  eden space 1396736K, 0% used [0x000000076ab00000,0x000000076ab00000,0x00000007bff00000)
  from space 512K, 31% used [0x00000007bff00000,0x00000007bff28000,0x00000007bff80000)
  to   space 512K, 0% used [0x00000007bff80000,0x00000007bff80000,0x00000007c0000000)
 ParOldGen       total 129024K, used 44287K [0x00000006c0000000, 0x00000006c7e00000, 0x000000076ab00000)
  object space 129024K, 34% used [0x00000006c0000000,0x00000006c2b3fe10,0x00000006c7e00000)
 Metaspace       used 23586K, capacity 25030K, committed 25344K, reserved 1071104K
  class space    used 3256K, capacity 3497K, committed 3584K, reserved 1048576K
}
Event: 41.191 GC heap before
{Heap before GC invocations=329 (full 1):
 PSYoungGen      total 1397248K, used 1396896K [0x000000076ab00000, 0x00000007c0000000, 0x00000007c0000000)
  eden space 1396736K, 100% used [0x000000076ab00000,0x00000007bff00000,0x00000007bff00000)
  from space 512K, 31% used [0x00000007bff00000,0x00000007bff28000,0x00000007bff80000)
  to   space 512K, 0% used [0x00000007bff80000,0x00000007bff80000,0x00000007c0000000)
 ParOldGen       total 129024K, used 44287K [0x00000006c0000000, 0x00000006c7e00000, 0x000000076ab00000)
  object space 129024K, 34% used [0x00000006c0000000,0x00000006c2b3fe10,0x00000006c7e00000)
 Metaspace       used 23601K, capacity 25030K, committed 25344K, reserved 1071104K
  class space    used 3256K, capacity 3497K, committed 3584K, reserved 1048576K
Event: 41.192 GC heap after
Heap after GC invocations=329 (full 1):
 PSYoungGen      total 1397248K, used 256K [0x000000076ab00000, 0x00000007c0000000, 0x00000007c0000000)
  eden space 1396736K, 0% used [0x000000076ab00000,0x000000076ab00000,0x00000007bff00000)
  from space 512K, 50% used [0x00000007bff80000,0x00000007bffc0000,0x00000007c0000000)
  to   space 512K, 0% used [0x00000007bff00000,0x00000007bff00000,0x00000007bff80000)
 ParOldGen       total 129024K, used 44311K [0x00000006c0000000, 0x00000006c7e00000, 0x000000076ab00000)
  object space 129024K, 34% used [0x00000006c0000000,0x00000006c2b45e10,0x00000006c7e00000)
 Metaspace       used 23601K, capacity 25030K, committed 25344K, reserved 1071104K
  class space    used 3256K, capacity 3497K, committed 3584K, reserved 1048576K
}
Event: 172.460 GC heap before
{Heap before GC invocations=330 (full 1):
 PSYoungGen      total 1397248K, used 1396992K [0x000000076ab00000, 0x00000007c0000000, 0x00000007c0000000)
  eden space 1396736K, 100% used [0x000000076ab00000,0x00000007bff00000,0x00000007bff00000)
  from space 512K, 50% used [0x00000007bff80000,0x00000007bffc0000,0x00000007c0000000)
  to   space 512K, 0% used [0x00000007bff00000,0x00000007bff00000,0x00000007bff80000)
 ParOldGen       total 129024K, used 44311K [0x00000006c0000000, 0x00000006c7e00000, 0x000000076ab00000)
  object space 129024K, 34% used [0x00000006c0000000,0x00000006c2b45e10,0x00000006c7e00000)
 Metaspace       used 23711K, capacity 25208K, committed 25344K, reserved 1071104K
  class space    used 3261K, capacity 3530K, committed 3584K, reserved 1048576K
Event: 172.470 GC heap after
Heap after GC invocations=330 (full 1):
 PSYoungGen      total 1397248K, used 512K [0x000000076ab00000, 0x00000007c0000000, 0x00000007c0000000)
  eden space 1396736K, 0% used [0x000000076ab00000,0x000000076ab00000,0x00000007bff00000)
  from space 512K, 100% used [0x00000007bff00000,0x00000007bff80000,0x00000007bff80000)
  to   space 512K, 0% used [0x00000007bff80000,0x00000007bff80000,0x00000007c0000000)
 ParOldGen       total 129024K, used 61894K [0x00000006c0000000, 0x00000006c7e00000, 0x000000076ab00000)
  object space 129024K, 47% used [0x00000006c0000000,0x00000006c3c718d8,0x00000006c7e00000)
 Metaspace       used 23711K, capacity 25208K, committed 25344K, reserved 1071104K
  class space    used 3261K, capacity 3530K, committed 3584K, reserved 1048576K
}
Event: 241.763 GC heap before
{Heap before GC invocations=331 (full 1):
 PSYoungGen      total 1397248K, used 1397248K [0x000000076ab00000, 0x00000007c0000000, 0x00000007c0000000)
  eden space 1396736K, 100% used [0x000000076ab00000,0x00000007bff00000,0x00000007bff00000)
  from space 512K, 100% used [0x00000007bff00000,0x00000007bff80000,0x00000007bff80000)
  to   space 512K, 0% used [0x00000007bff80000,0x00000007bff80000,0x00000007c0000000)
 ParOldGen       total 129024K, used 61894K [0x00000006c0000000, 0x00000006c7e00000, 0x000000076ab00000)
  object space 129024K, 47% used [0x00000006c0000000,0x00000006c3c718d8,0x00000006c7e00000)
 Metaspace       used 23877K, capacity 25426K, committed 25600K, reserved 1071104K
  class space    used 3275K, capacity 3533K, committed 3584K, reserved 1048576K
Event: 241.767 GC heap after
Heap after GC invocations=331 (full 1):
 PSYoungGen      total 1331200K, used 512K [0x000000076ab00000, 0x00000007c0000000, 0x00000007c0000000)
  eden space 1330688K, 0% used [0x000000076ab00000,0x000000076ab00000,0x00000007bbe80000)
  from space 512K, 100% used [0x00000007bff80000,0x00000007c0000000,0x00000007c0000000)
  to   space 7168K, 0% used [0x00000007bf200000,0x00000007bf200000,0x00000007bf900000)
 ParOldGen       total 129024K, used 64505K [0x00000006c0000000, 0x00000006c7e00000, 0x000000076ab00000)
  object space 129024K, 49% used [0x00000006c0000000,0x00000006c3efe758,0x00000006c7e00000)
 Metaspace       used 23877K, capacity 25426K, committed 25600K, reserved 1071104K
  class space    used 3275K, capacity 3533K, committed 3584K, reserved 1048576K
}

Deoptimization events (10 events):
Event: 185.895 Thread 0x00007f85a382a000 Uncommon trap: reason=speculate_class_check action=maybe_recompile pc=0x000000010c4680cc method=javafx.scene.control.TableColumnBase.lambda$static$15(Ljava/lang/Object;Ljava/lang/Object;)I @ 55
Event: 185.900 Thread 0x00007f85a382a000 Uncommon trap: reason=class_check action=maybe_recompile pc=0x000000010c413c5c method=javafx.scene.control.TableColumnBase.lambda$static$15(Ljava/lang/Object;Ljava/lang/Object;)I @ 23
Event: 185.907 Thread 0x00007f85a382a000 Uncommon trap: reason=speculate_class_check action=maybe_recompile pc=0x000000010c471d9c method=javafx.scene.control.TableColumnBase.lambda$static$15(Ljava/lang/Object;Ljava/lang/Object;)I @ 55
Event: 185.908 Thread 0x00007f85a382a000 Uncommon trap: reason=speculate_class_check action=maybe_recompile pc=0x000000010c471d9c method=javafx.scene.control.TableColumnBase.lambda$static$15(Ljava/lang/Object;Ljava/lang/Object;)I @ 55
Event: 185.913 Thread 0x00007f85a382a000 Uncommon trap: reason=bimorphic action=maybe_recompile pc=0x000000010b4df358 method=javafx.scene.Node.getGeomBounds(Lcom/sun/javafx/geom/BaseBounds;Lcom/sun/javafx/geom/transform/BaseTransform;)Lcom/sun/javafx/geom/BaseBounds; @ 1
Event: 185.914 Thread 0x00007f85a382a000 Uncommon trap: reason=bimorphic action=maybe_recompile pc=0x000000010b46a23c method=javafx.scene.Node.getGeomBounds(Lcom/sun/javafx/geom/BaseBounds;Lcom/sun/javafx/geom/transform/BaseTransform;)Lcom/sun/javafx/geom/BaseBounds; @ 1
Event: 185.914 Thread 0x00007f85a382a000 Uncommon trap: reason=unreached action=reinterpret pc=0x000000010bf9bf04 method=javafx.scene.Node.impl_layoutBoundsChanged()V @ 22
Event: 185.925 Thread 0x00007f85a382a000 Uncommon trap: reason=bimorphic action=maybe_recompile pc=0x000000010bf483dc method=javafx.scene.Node.getGeomBounds(Lcom/sun/javafx/geom/BaseBounds;Lcom/sun/javafx/geom/transform/BaseTransform;)Lcom/sun/javafx/geom/BaseBounds; @ 1
Event: 225.746 Thread 0x00007f85a382a000 Uncommon trap: reason=unreached action=reinterpret pc=0x000000010c4ddcbc method=javafx.scene.Node.updateLocalBounds()V @ 27
Event: 242.744 Thread 0x00007f85a382a000 Uncommon trap: reason=unreached action=reinterpret pc=0x000000010c3d67f0 method=com.sun.javafx.css.StyleManager$CacheContainer.getStyleCache()Ljava/util/Map; @ 4

Internal exceptions (10 events):
Event: 9.668 Thread 0x00007f85a4078000 Implicit null exception at 0x000000010bd8a326 to 0x000000010bd8aa91
Event: 9.724 Thread 0x00007f85a382a000 Exception <a 'java/security/PrivilegedActionException'> (0x000000076b9d8d00) thrown at [/HUDSON3/workspace/8-2-build-macosx-x86_64/jdk8u25/1514/hotspot/src/share/vm/prims/jvm.cpp, line 1312]
Event: 11.341 Thread 0x00007f85a382a000 Implicit null exception at 0x000000010bc22cce to 0x000000010bc22d25
Event: 11.350 Thread 0x00007f85a382a000 Exception <a 'java/security/PrivilegedActionException'> (0x000000076c5c20b8) thrown at [/HUDSON3/workspace/8-2-build-macosx-x86_64/jdk8u25/1514/hotspot/src/share/vm/prims/jvm.cpp, line 1312]
Event: 11.356 Thread 0x00007f85a382a000 Implicit null exception at 0x000000010bd97c74 to 0x000000010bd9c15d
Event: 36.524 Thread 0x00007f85a4078000 Implicit null exception at 0x000000010c174292 to 0x000000010c175a29
Event: 175.726 Thread 0x00007f85a382a000 Implicit null exception at 0x000000010c385b4e to 0x000000010c388de1
Event: 175.742 Thread 0x00007f85a382a000 Implicit null exception at 0x000000010ba44935 to 0x000000010ba44aa7
Event: 225.745 Thread 0x00007f85a382a000 Implicit null exception at 0x000000010c4d9f9f to 0x000000010c4ddc9d
Event: 242.744 Thread 0x00007f85a382a000 Implicit null exception at 0x000000010c3cefe3 to 0x000000010c3d67d9

Events (10 events):
Event: 248.412 Thread 0x00007f85a470c000 Thread added: 0x00007f85a470c000
Event: 248.412 Thread 0x00007f85a470c000 Thread exited: 0x00007f85a470c000
Event: 248.417 Thread 0x00007f85acb30800 Thread added: 0x00007f85acb30800
Event: 248.417 Thread 0x00007f85acb30800 Thread exited: 0x00007f85acb30800
Event: 248.417 Thread 0x00007f85ab390000 Thread added: 0x00007f85ab390000
Event: 248.417 Thread 0x00007f85ab390000 Thread exited: 0x00007f85ab390000
Event: 248.441 Thread 0x00007f85a470c000 Thread added: 0x00007f85a470c000
Event: 248.441 Thread 0x00007f85a470c000 Thread exited: 0x00007f85a470c000
Event: 248.441 Thread 0x00007f85a470c000 Thread added: 0x00007f85a470c000
Event: 248.441 Thread 0x00007f85a470c000 Thread exited: 0x00007f85a470c000


Dynamic libraries:
0x0000000001003000 	/System/Library/Frameworks/Cocoa.framework/Versions/A/Cocoa
0x0000000001003000 	/System/Library/Frameworks/Security.framework/Versions/A/Security
0x0000000001003000 	/System/Library/Frameworks/ApplicationServices.framework/Versions/A/ApplicationServices
0x0000000001003000 	/usr/lib/libz.1.dylib
0x0000000001003000 	/usr/lib/libSystem.B.dylib
0x0000000001003000 	/usr/lib/libobjc.A.dylib
0x0000000001003000 	/System/Library/Frameworks/CoreFoundation.framework/Versions/A/CoreFoundation
0x0000000001003000 	/System/Library/Frameworks/Foundation.framework/Versions/C/Foundation
0x0000000001003000 	/System/Library/Frameworks/AppKit.framework/Versions/C/AppKit
0x0000000001003000 	/System/Library/Frameworks/CoreData.framework/Versions/A/CoreData
0x0000000001003000 	/System/Library/PrivateFrameworks/RemoteViewServices.framework/Versions/A/RemoteViewServices
0x0000000001003000 	/System/Library/PrivateFrameworks/UIFoundation.framework/Versions/A/UIFoundation
0x0000000001003000 	/System/Library/Frameworks/IOSurface.framework/Versions/A/IOSurface
0x0000000001003000 	/System/Library/Frameworks/AudioToolbox.framework/Versions/A/AudioToolbox
0x0000000001003000 	/System/Library/Frameworks/AudioUnit.framework/Versions/A/AudioUnit
0x0000000001003000 	/System/Library/PrivateFrameworks/DataDetectorsCore.framework/Versions/A/DataDetectorsCore
0x0000000001003000 	/System/Library/PrivateFrameworks/DesktopServicesPriv.framework/Versions/A/DesktopServicesPriv
0x0000000001003000 	/System/Library/Frameworks/Carbon.framework/Versions/A/Frameworks/HIToolbox.framework/Versions/A/HIToolbox
0x0000000001003000 	/System/Library/Frameworks/QuartzCore.framework/Versions/A/QuartzCore
0x0000000001003000 	/System/Library/Frameworks/Carbon.framework/Versions/A/Frameworks/SpeechRecognition.framework/Versions/A/SpeechRecognition
0x0000000001003000 	/usr/lib/libauto.dylib
0x0000000001003000 	/usr/lib/libicucore.A.dylib
0x0000000001003000 	/usr/lib/libxml2.2.dylib
0x0000000001003000 	/System/Library/PrivateFrameworks/CoreUI.framework/Versions/A/CoreUI
0x0000000001003000 	/System/Library/Frameworks/CoreAudio.framework/Versions/A/CoreAudio
0x0000000001003000 	/System/Library/Frameworks/DiskArbitration.framework/Versions/A/DiskArbitration
0x0000000001003000 	/usr/lib/liblangid.dylib
0x0000000001003000 	/System/Library/PrivateFrameworks/MultitouchSupport.framework/Versions/A/MultitouchSupport
0x0000000001003000 	/System/Library/Frameworks/IOKit.framework/Versions/A/IOKit
0x0000000001003000 	/usr/lib/libDiagnosticMessagesClient.dylib
0x0000000001003000 	/System/Library/Frameworks/CoreServices.framework/Versions/A/CoreServices
0x0000000001003000 	/System/Library/PrivateFrameworks/PerformanceAnalysis.framework/Versions/A/PerformanceAnalysis
0x0000000001003000 	/System/Library/PrivateFrameworks/GenerationalStorage.framework/Versions/A/GenerationalStorage
0x0000000001003000 	/System/Library/Frameworks/OpenGL.framework/Versions/A/OpenGL
0x0000000001003000 	/System/Library/PrivateFrameworks/Sharing.framework/Versions/A/Sharing
0x0000000001003000 	/System/Library/Frameworks/CoreGraphics.framework/Versions/A/CoreGraphics
0x0000000001003000 	/System/Library/Frameworks/CoreText.framework/Versions/A/CoreText
0x0000000001003000 	/System/Library/Frameworks/ImageIO.framework/Versions/A/ImageIO
0x0000000001003000 	/usr/lib/libextension.dylib
0x0000000001003000 	/System/Library/PrivateFrameworks/Backup.framework/Versions/A/Backup
0x0000000001003000 	/usr/lib/libarchive.2.dylib
0x0000000001003000 	/System/Library/Frameworks/CFNetwork.framework/Versions/A/CFNetwork
0x0000000001003000 	/System/Library/Frameworks/SystemConfiguration.framework/Versions/A/SystemConfiguration
0x0000000001003000 	/usr/lib/libCRFSuite.dylib
0x0000000001003000 	/usr/lib/libc++.1.dylib
0x0000000001003000 	/usr/lib/libc++abi.dylib
0x0000000001003000 	/usr/lib/system/libcache.dylib
0x0000000001003000 	/usr/lib/system/libcommonCrypto.dylib
0x0000000001003000 	/usr/lib/system/libcompiler_rt.dylib
0x0000000001003000 	/usr/lib/system/libcopyfile.dylib
0x0000000001003000 	/usr/lib/system/libcorecrypto.dylib
0x0000000001003000 	/usr/lib/system/libdispatch.dylib
0x0000000001003000 	/usr/lib/system/libdyld.dylib
0x0000000001003000 	/usr/lib/system/libkeymgr.dylib
0x0000000001003000 	/usr/lib/system/liblaunch.dylib
0x0000000001003000 	/usr/lib/system/libmacho.dylib
0x0000000001003000 	/usr/lib/system/libquarantine.dylib
0x0000000001003000 	/usr/lib/system/libremovefile.dylib
0x0000000001003000 	/usr/lib/system/libsystem_asl.dylib
0x0000000001003000 	/usr/lib/system/libsystem_blocks.dylib
0x0000000001003000 	/usr/lib/system/libsystem_c.dylib
0x0000000001003000 	/usr/lib/system/libsystem_configuration.dylib
0x0000000001003000 	/usr/lib/system/libsystem_coreservices.dylib
0x0000000001003000 	/usr/lib/system/libsystem_coretls.dylib
0x0000000001003000 	/usr/lib/system/libsystem_dnssd.dylib
0x0000000001003000 	/usr/lib/system/libsystem_info.dylib
0x0000000001003000 	/usr/lib/system/libsystem_kernel.dylib
0x0000000001003000 	/usr/lib/system/libsystem_m.dylib
0x0000000001003000 	/usr/lib/system/libsystem_malloc.dylib
0x0000000001003000 	/usr/lib/system/libsystem_network.dylib
0x0000000001003000 	/usr/lib/system/libsystem_networkextension.dylib
0x0000000001003000 	/usr/lib/system/libsystem_notify.dylib
0x0000000001003000 	/usr/lib/system/libsystem_platform.dylib
0x0000000001003000 	/usr/lib/system/libsystem_pthread.dylib
0x0000000001003000 	/usr/lib/system/libsystem_sandbox.dylib
0x0000000001003000 	/usr/lib/system/libsystem_secinit.dylib
0x0000000001003000 	/usr/lib/system/libsystem_stats.dylib
0x0000000001003000 	/usr/lib/system/libsystem_trace.dylib
0x0000000001003000 	/usr/lib/system/libunc.dylib
0x0000000001003000 	/usr/lib/system/libunwind.dylib
0x0000000001003000 	/usr/lib/system/libxpc.dylib
0x0000000001003000 	/usr/lib/libbz2.1.0.dylib
0x0000000001003000 	/usr/lib/liblzma.5.dylib
0x0000000001003000 	/usr/lib/libbsm.0.dylib
0x0000000001003000 	/usr/lib/libsqlite3.dylib
0x0000000001003000 	/usr/lib/system/libkxld.dylib
0x0000000001003000 	/usr/lib/libxar.1.dylib
0x0000000001003000 	/usr/lib/libpam.2.dylib
0x0000000001003000 	/usr/lib/libOpenScriptingUtil.dylib
0x0000000001003000 	/System/Library/Frameworks/CoreServices.framework/Versions/A/Frameworks/FSEvents.framework/Versions/A/FSEvents
0x0000000001003000 	/System/Library/Frameworks/CoreServices.framework/Versions/A/Frameworks/CarbonCore.framework/Versions/A/CarbonCore
0x0000000001003000 	/System/Library/Frameworks/CoreServices.framework/Versions/A/Frameworks/Metadata.framework/Versions/A/Metadata
0x0000000001003000 	/System/Library/Frameworks/CoreServices.framework/Versions/A/Frameworks/OSServices.framework/Versions/A/OSServices
0x0000000001003000 	/System/Library/Frameworks/CoreServices.framework/Versions/A/Frameworks/SearchKit.framework/Versions/A/SearchKit
0x0000000001003000 	/System/Library/Frameworks/CoreServices.framework/Versions/A/Frameworks/AE.framework/Versions/A/AE
0x0000000001003000 	/System/Library/Frameworks/CoreServices.framework/Versions/A/Frameworks/LaunchServices.framework/Versions/A/LaunchServices
0x0000000001003000 	/System/Library/Frameworks/CoreServices.framework/Versions/A/Frameworks/DictionaryServices.framework/Versions/A/DictionaryServices
0x0000000001003000 	/System/Library/Frameworks/NetFS.framework/Versions/A/NetFS
0x0000000001003000 	/System/Library/PrivateFrameworks/NetAuth.framework/Versions/A/NetAuth
0x0000000001003000 	/System/Library/PrivateFrameworks/login.framework/Versions/A/Frameworks/loginsupport.framework/Versions/A/loginsupport
0x0000000001003000 	/System/Library/PrivateFrameworks/TCC.framework/Versions/A/TCC
0x0000000001003000 	/usr/lib/libmecabra.dylib
0x0000000001003000 	/System/Library/Frameworks/ApplicationServices.framework/Versions/A/Frameworks/ATS.framework/Versions/A/ATS
0x0000000001003000 	/System/Library/Frameworks/ApplicationServices.framework/Versions/A/Frameworks/ColorSync.framework/Versions/A/ColorSync
0x0000000001003000 	/System/Library/Frameworks/ApplicationServices.framework/Versions/A/Frameworks/HIServices.framework/Versions/A/HIServices
0x0000000001003000 	/System/Library/Frameworks/ApplicationServices.framework/Versions/A/Frameworks/LangAnalysis.framework/Versions/A/LangAnalysis
0x0000000001003000 	/System/Library/Frameworks/ApplicationServices.framework/Versions/A/Frameworks/PrintCore.framework/Versions/A/PrintCore
0x0000000001003000 	/System/Library/Frameworks/ApplicationServices.framework/Versions/A/Frameworks/QD.framework/Versions/A/QD
0x0000000001003000 	/System/Library/Frameworks/ApplicationServices.framework/Versions/A/Frameworks/SpeechSynthesis.framework/Versions/A/SpeechSynthesis
0x0000000001003000 	/System/Library/Frameworks/Accelerate.framework/Versions/A/Accelerate
0x0000000001003000 	/System/Library/Frameworks/Accelerate.framework/Versions/A/Frameworks/vImage.framework/Versions/A/vImage
0x0000000001003000 	/System/Library/Frameworks/Accelerate.framework/Versions/A/Frameworks/vecLib.framework/Versions/A/vecLib
0x0000000001003000 	/System/Library/Frameworks/Accelerate.framework/Versions/A/Frameworks/vecLib.framework/Versions/A/libvDSP.dylib
0x0000000001003000 	/System/Library/Frameworks/Accelerate.framework/Versions/A/Frameworks/vecLib.framework/Versions/A/libvMisc.dylib
0x0000000001003000 	/System/Library/Frameworks/Accelerate.framework/Versions/A/Frameworks/vecLib.framework/Versions/A/libLAPACK.dylib
0x0000000001003000 	/System/Library/Frameworks/Accelerate.framework/Versions/A/Frameworks/vecLib.framework/Versions/A/libBLAS.dylib
0x0000000001003000 	/System/Library/Frameworks/Accelerate.framework/Versions/A/Frameworks/vecLib.framework/Versions/A/libLinearAlgebra.dylib
0x0000000001003000 	/System/Library/Frameworks/ApplicationServices.framework/Versions/A/Frameworks/ATS.framework/Versions/A/Resources/libFontParser.dylib
0x0000000001003000 	/System/Library/Frameworks/ApplicationServices.framework/Versions/A/Frameworks/ATS.framework/Versions/A/Resources/libFontRegistry.dylib
0x0000000001003000 	/System/Library/PrivateFrameworks/AppleVPA.framework/Versions/A/AppleVPA
0x0000000001003000 	/System/Library/PrivateFrameworks/AppleJPEG.framework/Versions/A/AppleJPEG
0x0000000001003000 	/System/Library/Frameworks/ImageIO.framework/Versions/A/Resources/libJPEG.dylib
0x0000000001003000 	/System/Library/Frameworks/ImageIO.framework/Versions/A/Resources/libTIFF.dylib
0x0000000001003000 	/System/Library/Frameworks/ImageIO.framework/Versions/A/Resources/libPng.dylib
0x0000000001003000 	/System/Library/Frameworks/ImageIO.framework/Versions/A/Resources/libGIF.dylib
0x0000000001003000 	/System/Library/Frameworks/ImageIO.framework/Versions/A/Resources/libJP2.dylib
0x0000000001003000 	/System/Library/Frameworks/ImageIO.framework/Versions/A/Resources/libRadiance.dylib
0x0000000001003000 	/System/Library/Frameworks/CoreVideo.framework/Versions/A/CoreVideo
0x0000000001003000 	/System/Library/Frameworks/OpenGL.framework/Versions/A/Libraries/libGLU.dylib
0x0000000001003000 	/System/Library/Frameworks/OpenGL.framework/Versions/A/Libraries/libGFXShared.dylib
0x0000000001003000 	/System/Library/Frameworks/OpenGL.framework/Versions/A/Libraries/libGL.dylib
0x0000000001003000 	/System/Library/Frameworks/OpenGL.framework/Versions/A/Libraries/libGLImage.dylib
0x0000000001003000 	/System/Library/Frameworks/OpenGL.framework/Versions/A/Libraries/libCVMSPluginSupport.dylib
0x0000000001003000 	/System/Library/Frameworks/OpenGL.framework/Versions/A/Libraries/libCoreVMClient.dylib
0x0000000001003000 	/usr/lib/libcups.2.dylib
0x0000000001003000 	/System/Library/Frameworks/Kerberos.framework/Versions/A/Kerberos
0x0000000001003000 	/System/Library/Frameworks/GSS.framework/Versions/A/GSS
0x0000000001003000 	/usr/lib/libresolv.9.dylib
0x0000000001003000 	/usr/lib/libiconv.2.dylib
0x0000000001003000 	/System/Library/PrivateFrameworks/Heimdal.framework/Versions/A/Heimdal
0x0000000001003000 	/usr/lib/libheimdal-asn1.dylib
0x0000000001003000 	/System/Library/Frameworks/OpenDirectory.framework/Versions/A/OpenDirectory
0x0000000001003000 	/System/Library/PrivateFrameworks/CommonAuth.framework/Versions/A/CommonAuth
0x0000000001003000 	/System/Library/Frameworks/OpenDirectory.framework/Versions/A/Frameworks/CFOpenDirectory.framework/Versions/A/CFOpenDirectory
0x0000000001003000 	/System/Library/Frameworks/SecurityFoundation.framework/Versions/A/SecurityFoundation
0x0000000001003000 	/System/Library/PrivateFrameworks/LanguageModeling.framework/Versions/A/LanguageModeling
0x0000000001003000 	/usr/lib/libcmph.dylib
0x0000000001003000 	/System/Library/Frameworks/ServiceManagement.framework/Versions/A/ServiceManagement
0x0000000001003000 	/usr/lib/libxslt.1.dylib
0x0000000001003000 	/System/Library/Frameworks/Carbon.framework/Versions/A/Frameworks/Ink.framework/Versions/A/Ink
0x0000000001003000 	/System/Library/Frameworks/QuartzCore.framework/Versions/A/Frameworks/CoreImage.framework/Versions/A/CoreImage
0x0000000001003000 	/System/Library/PrivateFrameworks/CrashReporterSupport.framework/Versions/A/CrashReporterSupport
0x0000000001003000 	/System/Library/Frameworks/OpenCL.framework/Versions/A/OpenCL
0x0000000001003000 	/System/Library/PrivateFrameworks/FaceCore.framework/Versions/A/FaceCore
0x0000000001003000 	/System/Library/PrivateFrameworks/Ubiquity.framework/Versions/A/Ubiquity
0x0000000001003000 	/System/Library/PrivateFrameworks/IconServices.framework/Versions/A/IconServices
0x0000000001003000 	/System/Library/PrivateFrameworks/ChunkingLibrary.framework/Versions/A/ChunkingLibrary
0x0000000001003000 	/System/Library/PrivateFrameworks/Apple80211.framework/Versions/A/Apple80211
0x0000000001003000 	/System/Library/Frameworks/CoreWLAN.framework/Versions/A/CoreWLAN
0x0000000001003000 	/System/Library/Frameworks/IOBluetooth.framework/Versions/A/IOBluetooth
0x0000000001003000 	/System/Library/PrivateFrameworks/CoreWiFi.framework/Versions/A/CoreWiFi
0x0000000001003000 	/System/Library/Frameworks/CoreBluetooth.framework/Versions/A/CoreBluetooth
0x0000000001003000 	/System/Library/PrivateFrameworks/DebugSymbols.framework/Versions/A/DebugSymbols
0x0000000001003000 	/System/Library/PrivateFrameworks/CoreSymbolication.framework/Versions/A/CoreSymbolication
0x0000000001003000 	/System/Library/PrivateFrameworks/Symbolication.framework/Versions/A/Symbolication
0x0000000001003000 	/System/Library/PrivateFrameworks/SpeechRecognitionCore.framework/Versions/A/SpeechRecognitionCore
0x000000010a400000 	/Library/Java/JavaVirtualMachines/jdk1.8.0_25.jdk/Contents/Home/jre/lib/server/libjvm.dylib
0x0000000001003000 	/usr/lib/libstdc++.6.dylib
0x00000001093d2000 	/Library/Java/JavaVirtualMachines/jdk1.8.0_25.jdk/Contents/Home/jre/lib/libverify.dylib
0x000000010b31c000 	/Library/Java/JavaVirtualMachines/jdk1.8.0_25.jdk/Contents/Home/jre/lib/libjava.dylib
0x00000001093ea000 	/Library/Java/JavaVirtualMachines/jdk1.8.0_25.jdk/Contents/Home/jre/lib/libzip.dylib
0x0000000126f23000 	/System/Library/Frameworks/JavaVM.framework/Frameworks/JavaRuntimeSupport.framework/JavaRuntimeSupport
0x0000000126f3b000 	/System/Library/Frameworks/JavaVM.framework/Versions/A/Frameworks/JavaNativeFoundation.framework/Versions/A/JavaNativeFoundation
0x0000000126f50000 	/System/Library/Frameworks/JavaVM.framework/Versions/A/JavaVM
0x0000000001003000 	/System/Library/Frameworks/Carbon.framework/Versions/A/Carbon
0x00000001093f4000 	/System/Library/PrivateFrameworks/JavaLaunching.framework/Versions/A/JavaLaunching
0x0000000001003000 	/System/Library/Frameworks/Carbon.framework/Versions/A/Frameworks/CommonPanels.framework/Versions/A/CommonPanels
0x0000000001003000 	/System/Library/Frameworks/Carbon.framework/Versions/A/Frameworks/Help.framework/Versions/A/Help
0x0000000001003000 	/System/Library/Frameworks/Carbon.framework/Versions/A/Frameworks/ImageCapture.framework/Versions/A/ImageCapture
0x0000000001003000 	/System/Library/Frameworks/Carbon.framework/Versions/A/Frameworks/OpenScripting.framework/Versions/A/OpenScripting
0x0000000001003000 	/System/Library/Frameworks/Carbon.framework/Versions/A/Frameworks/Print.framework/Versions/A/Print
0x0000000001003000 	/System/Library/Frameworks/Carbon.framework/Versions/A/Frameworks/SecurityHI.framework/Versions/A/SecurityHI
0x0000000129119000 	/Library/Java/JavaVirtualMachines/jdk1.8.0_25.jdk/Contents/Home/jre/lib/libprism_es2.dylib
0x000000012919a000 	/System/Library/Frameworks/OpenGL.framework/Resources/GLEngine.bundle/GLEngine
0x0000000001003000 	/System/Library/Frameworks/OpenGL.framework/Versions/A/Libraries/libGLProgrammability.dylib
0x0000000000000000 	/System/Library/Extensions/AppleIntelHD4000GraphicsGLDriver.bundle/Contents/MacOS/AppleIntelHD4000GraphicsGLDriver
0x0000000001003000 	/System/Library/PrivateFrameworks/IOAccelerator.framework/Versions/A/IOAccelerator
0x0000000001003000 	/System/Library/PrivateFrameworks/GPUSupport.framework/Versions/A/Libraries/libGPUSupportMercury.dylib
0x0000000000000000 	/System/Library/Extensions/GeForceGLDriver.bundle/Contents/MacOS/GeForceGLDriver
0x0000000001003000 	/System/Library/Extensions/GeForceGLDriver.bundle/Contents/MacOS/libclh.dylib
0x000000012978b000 	/System/Library/Frameworks/OpenGL.framework/Resources//GLRendererFloat.bundle/GLRendererFloat
0x0000000001003000 	/System/Library/Frameworks/OpenCL.framework/Versions/A/Libraries/libcldcpuengine.dylib
0x0000000001003000 	/System/Library/PrivateFrameworks/DiskImages.framework/Versions/A/DiskImages
0x0000000001003000 	/System/Library/Frameworks/DiscRecording.framework/Versions/A/DiscRecording
0x0000000001003000 	/usr/lib/libcsfde.dylib
0x0000000001003000 	/usr/lib/libcurl.4.dylib
0x0000000001003000 	/System/Library/PrivateFrameworks/MediaKit.framework/Versions/A/MediaKit
0x0000000001003000 	/System/Library/PrivateFrameworks/ProtectedCloudStorage.framework/Versions/A/ProtectedCloudStorage
0x0000000001003000 	/usr/lib/libCoreStorage.dylib
0x0000000001003000 	/System/Library/PrivateFrameworks/EFILogin.framework/Versions/A/EFILogin
0x0000000001003000 	/usr/lib/libutil.dylib
0x0000000001003000 	/System/Library/PrivateFrameworks/FindMyDevice.framework/Versions/A/FindMyDevice
0x0000000001003000 	/System/Library/Frameworks/LDAP.framework/Versions/A/LDAP
0x0000000001003000 	/usr/lib/libsasl2.2.dylib
0x0000000001003000 	/System/Library/PrivateFrameworks/CoreDaemon.framework/Versions/B/CoreDaemon
0x0000000001003000 	/usr/lib/libcrypto.0.9.8.dylib
0x0000000001003000 	/System/Library/PrivateFrameworks/AppleSRP.framework/Versions/A/AppleSRP
0x0000000001003000 	/System/Library/PrivateFrameworks/TrustEvaluationAgent.framework/Versions/A/TrustEvaluationAgent
0x0000000129a26000 	/Library/Java/JavaVirtualMachines/jdk1.8.0_25.jdk/Contents/Home/jre/lib/libglass.dylib
0x0000000001003000 	/System/Library/PrivateFrameworks/CoreServicesInternal.framework/Versions/A/CoreServicesInternal
0x0000000001003000 	/System/Library/PrivateFrameworks/CloudDocs.framework/Versions/A/CloudDocs
0x0000000001003000 	/System/Library/PrivateFrameworks/CoreDuet.framework/Versions/A/CoreDuet
0x0000000001003000 	/System/Library/Frameworks/CloudKit.framework/Versions/A/CloudKit
0x0000000001003000 	/System/Library/PrivateFrameworks/ProtocolBuffer.framework/Versions/A/ProtocolBuffer
0x0000000001003000 	/System/Library/PrivateFrameworks/CoreDuetDaemonProtocol.framework/Versions/A/CoreDuetDaemonProtocol
0x0000000001003000 	/System/Library/PrivateFrameworks/CoreDuetDebugLogging.framework/Versions/A/CoreDuetDebugLogging
0x0000000001003000 	/System/Library/PrivateFrameworks/MMCS.framework/Versions/A/MMCS
0x0000000001003000 	/System/Library/Frameworks/CoreLocation.framework/Versions/A/CoreLocation
0x0000000001003000 	/System/Library/PrivateFrameworks/GeoServices.framework/Versions/A/GeoServices
0x000000012b103000 	/System/Library/Frameworks/CoreGraphics.framework/Versions/A/Resources/libCGCMS.A.dylib
0x000000012b112000 	/System/Library/CoreServices/RawCamera.bundle/Contents/MacOS/RawCamera
0x000000012b80e000 	/System/Library/Frameworks/CoreGraphics.framework/Versions/A/Resources/libRIP.A.dylib
0x0000000001003000 	/System/Library/PrivateFrameworks/FamilyControls.framework/Versions/A/FamilyControls
0x0000000001003000 	/System/Library/PrivateFrameworks/CommerceKit.framework/Versions/A/Frameworks/CommerceCore.framework/Versions/A/CommerceCore
0x0000000001003000 	/System/Library/PrivateFrameworks/SystemAdministration.framework/Versions/A/SystemAdministration
0x0000000001003000 	/System/Library/PrivateFrameworks/AppContainer.framework/Versions/A/AppContainer
0x0000000001003000 	/System/Library/PrivateFrameworks/SecCodeWrapper.framework/Versions/A/SecCodeWrapper
0x0000000001003000 	/System/Library/Frameworks/DirectoryService.framework/Versions/A/DirectoryService
0x0000000001003000 	/System/Library/PrivateFrameworks/LoginUIKit.framework/Versions/A/Frameworks/LoginUICore.framework/Versions/A/LoginUICore
0x0000000001003000 	/usr/lib/libodfde.dylib
0x000000012e14a000 	/System/Library/Frameworks/CoreGraphics.framework/Versions/A/Resources/libCGXType.A.dylib
0x000000012f48d000 	cl_kernels
0x000000012f48f000 	/System/Library/Frameworks/OpenCL.framework/Versions/A/Libraries/ImageFormats/unorm8_bgra.dylib
0x000000012f47f000 	cl_kernels
0x000000012b8a6000 	/Library/Java/JavaVirtualMachines/jdk1.8.0_25.jdk/Contents/Home/jre/lib/libjavafx_font.dylib
0x000000012fca9000 	/Library/Java/JavaVirtualMachines/jdk1.8.0_25.jdk/Contents/Home/jre/lib/libprism_common.dylib
0x0000000126f5d000 	/Library/Java/JavaVirtualMachines/jdk1.8.0_25.jdk/Contents/Home/jre/lib/libnet.dylib
0x0000000126f74000 	/Library/Java/JavaVirtualMachines/jdk1.8.0_25.jdk/Contents/Home/jre/lib/libnio.dylib
0x000000013114f000 	/Library/Java/JavaVirtualMachines/jdk1.8.0_25.jdk/Contents/Home/jre/lib/libglib-lite.dylib
0x0000000131275000 	/Library/Java/JavaVirtualMachines/jdk1.8.0_25.jdk/Contents/Home/jre/lib/libgstreamer-lite.dylib
0x00000001313f8000 	/Library/Java/JavaVirtualMachines/jdk1.8.0_25.jdk/Contents/Home/jre/lib/libjfxmedia.dylib
0x0000000001003000 	/System/Library/Frameworks/QTKit.framework/Versions/A/QTKit
0x0000000001003000 	/System/Library/Frameworks/AVFoundation.framework/Versions/A/AVFoundation
0x0000000001003000 	/System/Library/Frameworks/CoreMedia.framework/Versions/A/CoreMedia
0x0000000001003000 	/System/Library/Frameworks/MediaToolbox.framework/Versions/A/MediaToolbox
0x0000000001003000 	/System/Library/Frameworks/VideoToolbox.framework/Versions/A/VideoToolbox
0x0000000001003000 	/System/Library/PrivateFrameworks/CoreMediaAuthoring.framework/Versions/A/CoreMediaAuthoring
0x0000000001003000 	/System/Library/Frameworks/CoreMediaIO.framework/Versions/A/CoreMediaIO
0x0000000001003000 	/System/Library/Frameworks/AVFoundation.framework/Versions/A/Resources/libAVFAudio.dylib
0x0000000001003000 	/System/Library/PrivateFrameworks/MediaControlSender.framework/Versions/A/MediaControlSender
0x0000000001003000 	/System/Library/PrivateFrameworks/CoreAVCHD.framework/Versions/A/CoreAVCHD
0x0000000001003000 	/System/Library/Frameworks/MediaAccessibility.framework/Versions/A/MediaAccessibility
0x0000000001003000 	/System/Library/PrivateFrameworks/Mangrove.framework/Versions/A/Mangrove
0x0000000001003000 	/System/Library/PrivateFrameworks/CoreAUC.framework/Versions/A/CoreAUC
0x0000000001003000 	/System/Library/PrivateFrameworks/NetworkStatistics.framework/Versions/A/NetworkStatistics
0x0000000001003000 	/System/Library/PrivateFrameworks/AirPlaySupport.framework/Versions/A/AirPlaySupport
0x0000000001003000 	/System/Library/PrivateFrameworks/CoreUtils.framework/Versions/A/CoreUtils
0x0000000001003000 	/System/Library/PrivateFrameworks/AppleVA.framework/Versions/A/AppleVA
0x0000000001003000 	/System/Library/PrivateFrameworks/XPCService.framework/Versions/A/XPCService
0x0000000001003000 	/System/Library/PrivateFrameworks/AppSandbox.framework/Versions/A/AppSandbox
0x0000000001003000 	/usr/lib/libsandbox.1.dylib
0x0000000001003000 	/usr/lib/libMatch.1.dylib
0x0000000126f84000 	/Library/Java/JavaVirtualMachines/jdk1.8.0_25.jdk/Contents/Home/jre/lib/libfxplugins.dylib
0x0000000126faf000 	/System/Library/Frameworks/VideoDecodeAcceleration.framework/Versions/A/VideoDecodeAcceleration
0x0000000126fb5000 	/System/Library/Extensions/AppleHDA.kext/Contents/PlugIns/AppleHDAHALPlugIn.bundle/Contents/MacOS/AppleHDAHALPlugIn
0x00000001314a2000 	/System/Library/Components/CoreAudio.component/Contents/MacOS/CoreAudio
0x0000000131981000 	/System/Library/Components/AudioCodecs.component/Contents/MacOS/AudioCodecs
0x000000012fd5b000 	/Library/Java/JavaVirtualMachines/jdk1.8.0_25.jdk/Contents/Home/jre/lib/libjavafx_iio.dylib

VM Arguments:
jvm_args: -Dfile.encoding=UTF-8 
java_command: com.musicPlayer.JML.MusicPlayer
java_class_path (initial): /Users/JEAcomputer/Documents/Programming/MusicPlayerV2/bin:/Applications/eclipse/plugins/org.eclipse.fx.ide.css.jfx8_1.1.0.201411050807.jar:/Users/JEAcomputer/Documents/Programming/MusicPlayer/src/ItunesUtilities.jar:/Users/JEAcomputer/Documents/Programming/MusicPlayer/src/xstream-1.4.7.jar:/Users/JEAcomputer/Documents/Desktoday/February 9 2015/xstream-1.4.7/lib/xstream/kxml2-2.3.0.jar:/Users/JEAcomputer/Documents/Desktoday/February 9 2015/xstream-1.4.7/lib/xstream/xpp3_min-1.1.4c.jar
Launcher Type: SUN_STANDARD

Environment Variables:
PATH=/usr/bin:/bin:/usr/sbin:/sbin
SHELL=/bin/bash

Signal Handlers:
SIGSEGV: [libjvm.dylib+0x579dc7], sa_mask[0]=11111111011111110111111111111111, sa_flags=SA_ONSTACK|SA_RESTART|SA_SIGINFO
SIGBUS: [libjvm.dylib+0x579dc7], sa_mask[0]=11111111011111110111111111111111, sa_flags=SA_RESTART|SA_SIGINFO
SIGFPE: [libjvm.dylib+0x45b030], sa_mask[0]=11111111011111110111111111111111, sa_flags=SA_RESTART|SA_SIGINFO
SIGPIPE: [libjvm.dylib+0x45b030], sa_mask[0]=11111111011111110111111111111111, sa_flags=SA_RESTART|SA_SIGINFO
SIGXFSZ: [libjvm.dylib+0x45b030], sa_mask[0]=11111111011111110111111111111111, sa_flags=SA_RESTART|SA_SIGINFO
SIGILL: [libjvm.dylib+0x45b030], sa_mask[0]=11111111011111110111111111111111, sa_flags=SA_RESTART|SA_SIGINFO
SIGUSR1: SIG_DFL, sa_mask[0]=00000000000000000000000000000000, sa_flags=none
SIGUSR2: [libjvm.dylib+0x45ab4e], sa_mask[0]=00100000000000000000000000000000, sa_flags=SA_RESTART|SA_SIGINFO
SIGHUP: [AudioToolbox+0xf933a], sa_mask[0]=00000000000000000000000000000000, sa_flags=SA_RESTART
SIGINT: [libjvm.dylib+0x459121], sa_mask[0]=11111111011111110111111111111111, sa_flags=SA_RESTART|SA_SIGINFO
SIGTERM: [libjvm.dylib+0x459121], sa_mask[0]=11111111011111110111111111111111, sa_flags=SA_RESTART|SA_SIGINFO
SIGQUIT: [libjvm.dylib+0x459121], sa_mask[0]=11111111011111110111111111111111, sa_flags=SA_RESTART|SA_SIGINFO


---------------  S Y S T E M  ---------------

OS:Bsduname:Darwin 14.4.0 Darwin Kernel Version 14.4.0: Sun Apr 19 20:30:19 PDT 2015; root:xnu-2782.30.2~2/RELEASE_X86_64 x86_64
rlimit: STACK 8192k, CORE 0k, NPROC 709, NOFILE 10240, AS infinity
load average:1.73 1.61 1.56

CPU:total 8 (4 cores per cpu, 2 threads per core) family 6 model 58 stepping 9, cmov, cx8, fxsr, mmx, sse, sse2, sse3, ssse3, sse4.1, sse4.2, popcnt, avx, aes, clmul, erms, ht, tsc, tscinvbit, tscinv

Memory: 4k page, physical 16777216k(731856k free)

/proc/meminfo:


vm_info: Java HotSpot(TM) 64-Bit Server VM (25.25-b02) for bsd-amd64 JRE (1.8.0_25-b17), built on Sep 17 2014 16:56:50 by "java_re" with gcc 4.2.1 (Based on Apple Inc. build 5658) (LLVM build 2336.11.00)

time: Tue May 12 13:34:00 2015
elapsed time: 248 seconds (0d 0h 4m 8s)

