#
# A fatal error has been detected by the Java Runtime Environment:
#
#  SIGSEGV (0xb) at pc=0x000000012610d381, pid=12329, tid=1811
#
# JRE version: Java(TM) SE Runtime Environment (8.0_25-b17) (build 1.8.0_25-b17)
# Java VM: Java HotSpot(TM) 64-Bit Server VM (25.25-b02 mixed mode bsd-amd64 compressed oops)
# Problematic frame:
# C  [libglass.dylib+0x16381]  GlassScreenDidChangeScreenParameters+0x21
#
# Failed to write core dump. Core dumps have been disabled. To enable core dumping, try "ulimit -c unlimited" before starting Java again
#
# If you would like to submit a bug report, please visit:
#   http://bugreport.sun.com/bugreport/crash.jsp
#

---------------  T H R E A D  ---------------

Current thread is native thread

siginfo: si_signo: 11 (SIGSEGV), si_code: 1 (SEGV_MAPERR), si_addr: 0x0000000000000000

Registers:
RAX=0x000000012613fd48, RBX=0x0000000000000000, RCX=0xbe00a2a010bfb655, RDX=0x00007fff71f171f8
RSP=0x00007fff5a154050, RBP=0x00007fff5a154060, RSI=0x00007fcacbc03a48, RDI=0x0000000000000000
R8 =0x00007fff5a153f00, R9 =0x00007fff72b71300, R10=0x0000000000000000, R11=0x0000000000000246
R12=0x00007fcacbe1ad70, R13=0x00000000000f426a, R14=0x00007fcacd22f5e0, R15=0x00007fff5a1541a0
RIP=0x000000012610d381, EFLAGS=0x0000000000010246, ERR=0x0000000000000004
  TRAPNO=0x000000000000000e

Top of Stack: (sp=0x00007fff5a154050)
0x00007fff5a154050:   00007fff5a154230 00007fcacd22f5e0
0x00007fff5a154060:   00007fff5a154070 00007fff8fa0d45c
0x00007fff5a154070:   00007fff5a1543d0 00007fff8f8fd634
0x00007fff5a154080:   00007fff5a1540d0 0000000000003c00
0x00007fff5a154090:   00007fff739dded0 00007fcacd215520
0x00007fff5a1540a0:   0000000000001006 00000000000008e8
0x00007fff5a1540b0:   00007fcacd215520 00007fcacd22f5e0
0x00007fff5a1540c0:   0000000000000000 00007fff5a1541a0
0x00007fff5a1540d0:   0000000000000000 00007fcacd22f5a0
0x00007fff5a1540e0:   00007fff5a154220 000000000000005f
0x00007fff5a1540f0:   00000000000f4304 00007fcacbd65750
0x00007fff5a154100:   00007fcacbd44070 00007fcacbe1ad70
0x00007fff5a154110:   0000000000000001 00000000000f426a
0x00007fff5a154120:   00007fcacbe1ad60 00007fff8f23fb90
0x00007fff5a154130:   0000000000000001 0000000000000001
0x00007fff5a154140:   0000000000000030 0000000000000001
0x00007fff5a154150:   00007fff5a154170 00007fff8f240546
0x00007fff5a154160:   00007fff739dbfb0 0000000000000000
0x00007fff5a154170:   00007fff5a154190 0000000000000003
0x00007fff5a154180:   0001050300080000 00007fcacbe1ad94
0x00007fff5a154190:   0000000000000000 00007fff8f8f310f
0x00007fff5a1541a0:   00007fcacd22f5e0 00007fff739dbfb0
0x00007fff5a1541b0:   00007fff5a154230 00007fff8f8fbc3f
0x00007fff5a1541c0:   00007fff5a154234 0000000000413301
0x00007fff5a1541d0:   0000000105ac6a00 0000000000000002
0x00007fff5a1541e0:   0000000105ac3000 00007fcacbd3e4e2
0x00007fff5a1541f0:   0000000000000003 0000000105aca600
0x00007fff5a154200:   00007fff5a1542f0 00007fff8f23cb36
0x00007fff5a154210:   00007fcacbd43cf0 00007fff5a1543d8
0x00007fff5a154220:   0000000000000017 0000000000000000
0x00007fff5a154230:   00000000000f426a 00007fff8f8f3403
0x00007fff5a154240:   00007fff00000000 00007fcacbd49be0 

Instructions: (pc=0x000000012610d381)
0x000000012610d361:   48 89 e5 41 56 53 48 8d 05 d2 2a 03 00 48 83 38
0x000000012610d371:   00 48 89 fb 75 72 48 8d 05 ca 29 03 00 48 8b 30
0x000000012610d381:   48 8b 03 48 8d 15 7c 99 01 00 48 8d 0d 5e 6f 01
0x000000012610d391:   00 48 89 df ff 90 88 03 00 00 48 8d 0d 9e 2a 03 

Register to memory mapping:

RAX=0x000000012613fd48: jScreenClass+0 in /Library/Java/JavaVirtualMachines/jdk1.8.0_25.jdk/Contents/Home/jre/lib/libglass.dylib at 0x00000001260f7000
RBX=0x0000000000000000 is an unknown value
RCX=0xbe00a2a010bfb655 is an unknown value
RDX=0x00007fff71f171f8: __sFX+0x1c8 in /usr/lib/system/libsystem_c.dylib at 0x00007fff85326000
RSP=0x00007fff5a154050 is an unknown value
RBP=0x00007fff5a154060 is an unknown value
RSI=0x00007fcacbc03a48 is a global jni handle
RDI=0x0000000000000000 is an unknown value
R8 =0x00007fff5a153f00 is an unknown value
R9 =0x00007fff72b71300: _thread+0 in /usr/lib/system/libsystem_pthread.dylib at 0x00007fff89912000
R10=0x0000000000000000 is an unknown value
R11=0x0000000000000246 is an unknown value
R12=0x00007fcacbe1ad70 is an unknown value
R13=0x00000000000f426a is an unknown value
R14=0x00007fcacd22f5e0 is an unknown value
R15=0x00007fff5a1541a0 is an unknown value


Stack: [0x00007fff59957000,0x00007fff5a157000],  sp=0x00007fff5a154050,  free space=8180k
Native frames: (J=compiled Java code, j=interpreted, Vv=VM code, C=native code)
C  [libglass.dylib+0x16381]  GlassScreenDidChangeScreenParameters+0x21
C  [CoreFoundation+0x12045c]  __CFNOTIFICATIONCENTER_IS_CALLING_OUT_TO_AN_OBSERVER__+0xc
C  [CoreFoundation+0x10634]  _CFXNotificationPost+0xc44
C  [Foundation+0x79d1]  -[NSNotificationCenter postNotificationName:object:userInfo:]+0x42
C  [AppKit+0x40df7e]  -[NSApplication _reactToScreenInvalidationImmediately:]+0x17b
C  [AppKit+0x40ddc7]  __44-[NSApplication _reactToScreenInvalidation:]_block_invoke+0x4b
C  [CoreFoundation+0x808ec]  __CFRUNLOOP_IS_CALLING_OUT_TO_A_BLOCK__+0xc
C  [CoreFoundation+0x729f5]  __CFRunLoopDoBlocks+0x155
C  [CoreFoundation+0x72536]  __CFRunLoopRun+0x716
C  [CoreFoundation+0x71bd8]  CFRunLoopRunSpecific+0x128
C  [java+0x56cc]  CreateExecutionEnvironment+0x367
C  [java+0x165c]  JLI_Launch+0x7a0
C  [java+0x768a]  main+0x65
C  [java+0xeb4]  start+0x34


---------------  P R O C E S S  ---------------

VM state:not at safepoint (normal execution)

VM Mutex/Monitor currently owned by a thread: None

Heap:
 PSYoungGen      total 76288K, used 53147K [0x000000076ab00000, 0x0000000770000000, 0x00000007c0000000)
  eden space 65536K, 71% used [0x000000076ab00000,0x000000076d87af00,0x000000076eb00000)
  from space 10752K, 61% used [0x000000076eb00000,0x000000076f16c070,0x000000076f580000)
  to   space 10752K, 0% used [0x000000076f580000,0x000000076f580000,0x0000000770000000)
 ParOldGen       total 175104K, used 16K [0x00000006c0000000, 0x00000006cab00000, 0x000000076ab00000)
  object space 175104K, 0% used [0x00000006c0000000,0x00000006c0004000,0x00000006cab00000)
 Metaspace       used 16892K, capacity 17560K, committed 17792K, reserved 1064960K
  class space    used 2403K, capacity 2581K, committed 2688K, reserved 1048576K

Card table byte_map: [0x0000000116ff2000,0x00000001177f3000] byte_map_base: 0x00000001139f2000

Marking Bits: (ParMarkBitMap*) 0x000000010749d390
 Begin Bits: [0x0000000118561000, 0x000000011c561000)
 End Bits:   [0x000000011c561000, 0x0000000120561000)

Polling page: 0x0000000107c1f000

CodeCache: size=245760Kb used=7044Kb max_used=7044Kb free=238715Kb
 bounds [0x0000000107c32000, 0x0000000108322000, 0x0000000116c32000]
 total_blobs=2595 nmethods=1968 adapters=541
 compilation: enabled

Compilation events (10 events):
Event: 3.088 Thread 0x00007fcacc028800 1967       1       java.util.concurrent.locks.AbstractQueuedSynchronizer::getState (5 bytes)
Event: 3.088 Thread 0x00007fcacc028800 nmethod 1967 0x0000000108317e10 code [0x0000000108317f60, 0x0000000108318070]
Event: 3.091 Thread 0x00007fcacc028800 1968       1       javafx.event.EventType::getSuperType (5 bytes)
Event: 3.091 Thread 0x00007fcacc028800 nmethod 1968 0x00000001083180d0 code [0x0000000108318220, 0x0000000108318330]
Event: 3.091 Thread 0x00007fcacc028800 1969       1       javafx.event.Event::isConsumed (5 bytes)
Event: 3.091 Thread 0x00007fcacc028800 nmethod 1969 0x0000000108318390 code [0x00000001083184e0, 0x00000001083185f0]
Event: 3.091 Thread 0x00007fcacc028800 1970       1       javafx.event.Event::getEventType (5 bytes)
Event: 3.091 Thread 0x00007fcacc028800 nmethod 1970 0x0000000108318650 code [0x00000001083187a0, 0x00000001083188b0]
Event: 3.103 Thread 0x00007fcacc028800 1972       3       sun.invoke.util.Wrapper::hashPrim (30 bytes)
Event: 3.104 Thread 0x00007fcacc028800 nmethod 1972 0x0000000108318cd0 code [0x0000000108318ea0, 0x0000000108319648]

GC Heap History (2 events):
Event: 1.860 GC heap before
{Heap before GC invocations=1 (full 0):
 PSYoungGen      total 76288K, used 65536K [0x000000076ab00000, 0x0000000770000000, 0x00000007c0000000)
  eden space 65536K, 100% used [0x000000076ab00000,0x000000076eb00000,0x000000076eb00000)
  from space 10752K, 0% used [0x000000076f580000,0x000000076f580000,0x0000000770000000)
  to   space 10752K, 0% used [0x000000076eb00000,0x000000076eb00000,0x000000076f580000)
 ParOldGen       total 175104K, used 0K [0x00000006c0000000, 0x00000006cab00000, 0x000000076ab00000)
  object space 175104K, 0% used [0x00000006c0000000,0x00000006c0000000,0x00000006cab00000)
 Metaspace       used 10247K, capacity 10674K, committed 11008K, reserved 1058816K
  class space    used 1363K, capacity 1454K, committed 1536K, reserved 1048576K
Event: 1.867 GC heap after
Heap after GC invocations=1 (full 0):
 PSYoungGen      total 76288K, used 6576K [0x000000076ab00000, 0x0000000770000000, 0x00000007c0000000)
  eden space 65536K, 0% used [0x000000076ab00000,0x000000076ab00000,0x000000076eb00000)
  from space 10752K, 61% used [0x000000076eb00000,0x000000076f16c070,0x000000076f580000)
  to   space 10752K, 0% used [0x000000076f580000,0x000000076f580000,0x0000000770000000)
 ParOldGen       total 175104K, used 16K [0x00000006c0000000, 0x00000006cab00000, 0x000000076ab00000)
  object space 175104K, 0% used [0x00000006c0000000,0x00000006c0004000,0x00000006cab00000)
 Metaspace       used 10247K, capacity 10674K, committed 11008K, reserved 1058816K
  class space    used 1363K, capacity 1454K, committed 1536K, reserved 1048576K
}

Deoptimization events (10 events):
Event: 2.659 Thread 0x00007fcacc094000 Uncommon trap: reason=bimorphic action=maybe_recompile pc=0x000000010822b664 method=java.util.Collections$UnmodifiableList.get(I)Ljava/lang/Object; @ 5
Event: 2.660 Thread 0x00007fcacc094000 Uncommon trap: reason=class_check action=maybe_recompile pc=0x0000000107d5c5dc method=java.lang.String.equals(Ljava/lang/Object;)Z @ 8
Event: 2.812 Thread 0x00007fcacc094000 Uncommon trap: reason=unloaded action=reinterpret pc=0x0000000107e603d8 method=java.lang.CharacterData.of(I)Ljava/lang/CharacterData; @ 96
Event: 2.833 Thread 0x00007fcacc094000 Uncommon trap: reason=null_check action=make_not_entrant pc=0x0000000108193c88 method=javafx.scene.Node.getParent()Ljavafx/scene/Parent; @ 18
Event: 2.836 Thread 0x00007fcacc094000 Uncommon trap: reason=unreached action=reinterpret pc=0x00000001081c0644 method=javafx.beans.property.ObjectPropertyBase.get()Ljava/lang/Object; @ 9
Event: 2.840 Thread 0x00007fcacc094000 Uncommon trap: reason=unreached action=reinterpret pc=0x000000010810db78 method=javafx.beans.property.StringPropertyBase.set(Ljava/lang/String;)V @ 25
Event: 2.981 Thread 0x00007fcacc834800 Uncommon trap: reason=class_check action=maybe_recompile pc=0x000000010811ce90 method=java.lang.AbstractStringBuilder.append(Ljava/lang/CharSequence;)Ljava/lang/AbstractStringBuilder; @ 10
Event: 2.981 Thread 0x00007fcacc834800 Uncommon trap: reason=class_check action=maybe_recompile pc=0x000000010811ce90 method=java.lang.AbstractStringBuilder.append(Ljava/lang/CharSequence;)Ljava/lang/AbstractStringBuilder; @ 10
Event: 2.981 Thread 0x00007fcacc834800 Uncommon trap: reason=class_check action=maybe_recompile pc=0x000000010811ce90 method=java.lang.AbstractStringBuilder.append(Ljava/lang/CharSequence;)Ljava/lang/AbstractStringBuilder; @ 10
Event: 3.104 Thread 0x00007fcacf000000 Uncommon trap: reason=class_check action=maybe_recompile pc=0x0000000108110128 method=java.util.regex.Pattern$Curly.match0(Ljava/util/regex/Matcher;IILjava/lang/CharSequence;)Z @ 170

Internal exceptions (10 events):
Event: 2.935 Thread 0x00007fcacc094000 Exception <a 'java/security/PrivilegedActionException'> (0x000000076d173930) thrown at [/HUDSON3/workspace/8-2-build-macosx-x86_64/jdk8u25/1514/hotspot/src/share/vm/prims/jvm.cpp, line 1312]
Event: 2.936 Thread 0x00007fcacc094000 Exception <a 'java/security/PrivilegedActionException'> (0x000000076d1785a0) thrown at [/HUDSON3/workspace/8-2-build-macosx-x86_64/jdk8u25/1514/hotspot/src/share/vm/prims/jvm.cpp, line 1312]
Event: 2.936 Thread 0x00007fcacc094000 Exception <a 'java/security/PrivilegedActionException'> (0x000000076d17f740) thrown at [/HUDSON3/workspace/8-2-build-macosx-x86_64/jdk8u25/1514/hotspot/src/share/vm/prims/jvm.cpp, line 1312]
Event: 2.939 Thread 0x00007fcacc094000 Exception <a 'java/lang/UnsatisfiedLinkError'> (0x000000076d185fc0) thrown at [/HUDSON3/workspace/8-2-build-macosx-x86_64/jdk8u25/1514/hotspot/src/share/vm/prims/jvm.cpp, line 3895]
Event: 2.939 Thread 0x00007fcacc094000 Exception <a 'java/lang/UnsatisfiedLinkError'> (0x000000076d185fc0) thrown at [/HUDSON3/workspace/8-2-build-macosx-x86_64/jdk8u25/1514/hotspot/src/share/vm/prims/jni.cpp, line 716]
Event: 2.939 Thread 0x00007fcacc094000 Exception <a 'java/lang/UnsatisfiedLinkError'> (0x000000076d185fc0) thrown at [/HUDSON3/workspace/8-2-build-macosx-x86_64/jdk8u25/1514/hotspot/src/share/vm/oops/instanceKlass.cpp, line 920]
Event: 2.939 Thread 0x00007fcacc094000 Exception <a 'java/lang/UnsatisfiedLinkError'> (0x000000076d18a7c0) thrown at [/HUDSON3/workspace/8-2-build-macosx-x86_64/jdk8u25/1514/hotspot/src/share/vm/prims/jvm.cpp, line 3895]
Event: 2.939 Thread 0x00007fcacc094000 Exception <a 'java/lang/UnsatisfiedLinkError'> (0x000000076d18a7c0) thrown at [/HUDSON3/workspace/8-2-build-macosx-x86_64/jdk8u25/1514/hotspot/src/share/vm/prims/jni.cpp, line 716]
Event: 2.939 Thread 0x00007fcacc094000 Exception <a 'java/lang/UnsatisfiedLinkError'> (0x000000076d18a7c0) thrown at [/HUDSON3/workspace/8-2-build-macosx-x86_64/jdk8u25/1514/hotspot/src/share/vm/oops/instanceKlass.cpp, line 920]
Event: 3.104 Thread 0x00007fcacf000000 Exception <a 'java/lang/reflect/InvocationTargetException'> (0x000000076d7cd420) thrown at [/HUDSON3/workspace/8-2-build-macosx-x86_64/jdk8u25/1514/hotspot/src/share/vm/runtime/reflection.cpp, line 1080]

Events (10 events):
Event: 3.103 loading class com/sun/javafx/tk/quantum/QuantumToolkit done
Event: 3.103 Thread 0x00007fcacc834800 Thread exited: 0x00007fcacc834800
Event: 3.104 Thread 0x00007fcacc11f000 Thread exited: 0x00007fcacc11f000
Event: 3.104 Thread 0x00007fcacc094000 Thread exited: 0x00007fcacc094000
Event: 3.104 Thread 0x00007fcacf000000 Uncommon trap: trap_request=0xffffffde fr.pc=0x0000000108110128
Event: 3.104 Thread 0x00007fcacf000000 DEOPT PACKING pc=0x0000000108110128 sp=0x0000000107c1ba20
Event: 3.104 Thread 0x00007fcacf000000 DEOPT UNPACKING pc=0x0000000107c36f69 sp=0x0000000107c1b970 mode 2
Event: 3.104 loading class java/util/Formattable
Event: 3.104 loading class java/util/Formattable done
Event: 3.104 loading class java/util/IdentityHashMap$KeyIterator


Dynamic libraries:
0x0000000001560000 	/System/Library/Frameworks/Cocoa.framework/Versions/A/Cocoa
0x0000000001560000 	/System/Library/Frameworks/Security.framework/Versions/A/Security
0x0000000001560000 	/System/Library/Frameworks/ApplicationServices.framework/Versions/A/ApplicationServices
0x0000000001560000 	/usr/lib/libz.1.dylib
0x0000000001560000 	/usr/lib/libSystem.B.dylib
0x0000000001560000 	/usr/lib/libobjc.A.dylib
0x0000000001560000 	/System/Library/Frameworks/CoreFoundation.framework/Versions/A/CoreFoundation
0x0000000001560000 	/System/Library/Frameworks/Foundation.framework/Versions/C/Foundation
0x0000000001560000 	/System/Library/Frameworks/AppKit.framework/Versions/C/AppKit
0x0000000001560000 	/System/Library/Frameworks/CoreData.framework/Versions/A/CoreData
0x0000000001560000 	/System/Library/PrivateFrameworks/RemoteViewServices.framework/Versions/A/RemoteViewServices
0x0000000001560000 	/System/Library/PrivateFrameworks/UIFoundation.framework/Versions/A/UIFoundation
0x0000000001560000 	/System/Library/Frameworks/IOSurface.framework/Versions/A/IOSurface
0x0000000001560000 	/System/Library/Frameworks/AudioToolbox.framework/Versions/A/AudioToolbox
0x0000000001560000 	/System/Library/Frameworks/AudioUnit.framework/Versions/A/AudioUnit
0x0000000001560000 	/System/Library/PrivateFrameworks/DataDetectorsCore.framework/Versions/A/DataDetectorsCore
0x0000000001560000 	/System/Library/PrivateFrameworks/DesktopServicesPriv.framework/Versions/A/DesktopServicesPriv
0x0000000001560000 	/System/Library/Frameworks/Carbon.framework/Versions/A/Frameworks/HIToolbox.framework/Versions/A/HIToolbox
0x0000000001560000 	/System/Library/Frameworks/QuartzCore.framework/Versions/A/QuartzCore
0x0000000001560000 	/System/Library/Frameworks/Carbon.framework/Versions/A/Frameworks/SpeechRecognition.framework/Versions/A/SpeechRecognition
0x0000000001560000 	/usr/lib/libauto.dylib
0x0000000001560000 	/usr/lib/libicucore.A.dylib
0x0000000001560000 	/usr/lib/libxml2.2.dylib
0x0000000001560000 	/System/Library/PrivateFrameworks/CoreUI.framework/Versions/A/CoreUI
0x0000000001560000 	/System/Library/Frameworks/CoreAudio.framework/Versions/A/CoreAudio
0x0000000001560000 	/System/Library/Frameworks/DiskArbitration.framework/Versions/A/DiskArbitration
0x0000000001560000 	/usr/lib/liblangid.dylib
0x0000000001560000 	/System/Library/PrivateFrameworks/MultitouchSupport.framework/Versions/A/MultitouchSupport
0x0000000001560000 	/System/Library/Frameworks/IOKit.framework/Versions/A/IOKit
0x0000000001560000 	/usr/lib/libDiagnosticMessagesClient.dylib
0x0000000001560000 	/System/Library/Frameworks/CoreServices.framework/Versions/A/CoreServices
0x0000000001560000 	/System/Library/PrivateFrameworks/PerformanceAnalysis.framework/Versions/A/PerformanceAnalysis
0x0000000001560000 	/System/Library/PrivateFrameworks/GenerationalStorage.framework/Versions/A/GenerationalStorage
0x0000000001560000 	/System/Library/Frameworks/OpenGL.framework/Versions/A/OpenGL
0x0000000001560000 	/System/Library/PrivateFrameworks/Sharing.framework/Versions/A/Sharing
0x0000000001560000 	/System/Library/Frameworks/CoreGraphics.framework/Versions/A/CoreGraphics
0x0000000001560000 	/System/Library/Frameworks/CoreText.framework/Versions/A/CoreText
0x0000000001560000 	/System/Library/Frameworks/ImageIO.framework/Versions/A/ImageIO
0x0000000001560000 	/usr/lib/libextension.dylib
0x0000000001560000 	/System/Library/PrivateFrameworks/Backup.framework/Versions/A/Backup
0x0000000001560000 	/usr/lib/libarchive.2.dylib
0x0000000001560000 	/System/Library/Frameworks/CFNetwork.framework/Versions/A/CFNetwork
0x0000000001560000 	/System/Library/Frameworks/SystemConfiguration.framework/Versions/A/SystemConfiguration
0x0000000001560000 	/usr/lib/libCRFSuite.dylib
0x0000000001560000 	/usr/lib/libc++.1.dylib
0x0000000001560000 	/usr/lib/libc++abi.dylib
0x0000000001560000 	/usr/lib/system/libcache.dylib
0x0000000001560000 	/usr/lib/system/libcommonCrypto.dylib
0x0000000001560000 	/usr/lib/system/libcompiler_rt.dylib
0x0000000001560000 	/usr/lib/system/libcopyfile.dylib
0x0000000001560000 	/usr/lib/system/libcorecrypto.dylib
0x0000000001560000 	/usr/lib/system/libdispatch.dylib
0x0000000001560000 	/usr/lib/system/libdyld.dylib
0x0000000001560000 	/usr/lib/system/libkeymgr.dylib
0x0000000001560000 	/usr/lib/system/liblaunch.dylib
0x0000000001560000 	/usr/lib/system/libmacho.dylib
0x0000000001560000 	/usr/lib/system/libquarantine.dylib
0x0000000001560000 	/usr/lib/system/libremovefile.dylib
0x0000000001560000 	/usr/lib/system/libsystem_asl.dylib
0x0000000001560000 	/usr/lib/system/libsystem_blocks.dylib
0x0000000001560000 	/usr/lib/system/libsystem_c.dylib
0x0000000001560000 	/usr/lib/system/libsystem_configuration.dylib
0x0000000001560000 	/usr/lib/system/libsystem_coreservices.dylib
0x0000000001560000 	/usr/lib/system/libsystem_coretls.dylib
0x0000000001560000 	/usr/lib/system/libsystem_dnssd.dylib
0x0000000001560000 	/usr/lib/system/libsystem_info.dylib
0x0000000001560000 	/usr/lib/system/libsystem_kernel.dylib
0x0000000001560000 	/usr/lib/system/libsystem_m.dylib
0x0000000001560000 	/usr/lib/system/libsystem_malloc.dylib
0x0000000001560000 	/usr/lib/system/libsystem_network.dylib
0x0000000001560000 	/usr/lib/system/libsystem_networkextension.dylib
0x0000000001560000 	/usr/lib/system/libsystem_notify.dylib
0x0000000001560000 	/usr/lib/system/libsystem_platform.dylib
0x0000000001560000 	/usr/lib/system/libsystem_pthread.dylib
0x0000000001560000 	/usr/lib/system/libsystem_sandbox.dylib
0x0000000001560000 	/usr/lib/system/libsystem_secinit.dylib
0x0000000001560000 	/usr/lib/system/libsystem_stats.dylib
0x0000000001560000 	/usr/lib/system/libsystem_trace.dylib
0x0000000001560000 	/usr/lib/system/libunc.dylib
0x0000000001560000 	/usr/lib/system/libunwind.dylib
0x0000000001560000 	/usr/lib/system/libxpc.dylib
0x0000000001560000 	/usr/lib/libbz2.1.0.dylib
0x0000000001560000 	/usr/lib/liblzma.5.dylib
0x0000000001560000 	/usr/lib/libbsm.0.dylib
0x0000000001560000 	/usr/lib/libsqlite3.dylib
0x0000000001560000 	/usr/lib/system/libkxld.dylib
0x0000000001560000 	/usr/lib/libxar.1.dylib
0x0000000001560000 	/usr/lib/libpam.2.dylib
0x0000000001560000 	/usr/lib/libOpenScriptingUtil.dylib
0x0000000001560000 	/System/Library/Frameworks/CoreServices.framework/Versions/A/Frameworks/FSEvents.framework/Versions/A/FSEvents
0x0000000001560000 	/System/Library/Frameworks/CoreServices.framework/Versions/A/Frameworks/CarbonCore.framework/Versions/A/CarbonCore
0x0000000001560000 	/System/Library/Frameworks/CoreServices.framework/Versions/A/Frameworks/Metadata.framework/Versions/A/Metadata
0x0000000001560000 	/System/Library/Frameworks/CoreServices.framework/Versions/A/Frameworks/OSServices.framework/Versions/A/OSServices
0x0000000001560000 	/System/Library/Frameworks/CoreServices.framework/Versions/A/Frameworks/SearchKit.framework/Versions/A/SearchKit
0x0000000001560000 	/System/Library/Frameworks/CoreServices.framework/Versions/A/Frameworks/AE.framework/Versions/A/AE
0x0000000001560000 	/System/Library/Frameworks/CoreServices.framework/Versions/A/Frameworks/LaunchServices.framework/Versions/A/LaunchServices
0x0000000001560000 	/System/Library/Frameworks/CoreServices.framework/Versions/A/Frameworks/DictionaryServices.framework/Versions/A/DictionaryServices
0x0000000001560000 	/System/Library/Frameworks/NetFS.framework/Versions/A/NetFS
0x0000000001560000 	/System/Library/PrivateFrameworks/NetAuth.framework/Versions/A/NetAuth
0x0000000001560000 	/System/Library/PrivateFrameworks/login.framework/Versions/A/Frameworks/loginsupport.framework/Versions/A/loginsupport
0x0000000001560000 	/System/Library/PrivateFrameworks/TCC.framework/Versions/A/TCC
0x0000000001560000 	/usr/lib/libmecabra.dylib
0x0000000001560000 	/System/Library/Frameworks/ApplicationServices.framework/Versions/A/Frameworks/ATS.framework/Versions/A/ATS
0x0000000001560000 	/System/Library/Frameworks/ApplicationServices.framework/Versions/A/Frameworks/ColorSync.framework/Versions/A/ColorSync
0x0000000001560000 	/System/Library/Frameworks/ApplicationServices.framework/Versions/A/Frameworks/HIServices.framework/Versions/A/HIServices
0x0000000001560000 	/System/Library/Frameworks/ApplicationServices.framework/Versions/A/Frameworks/LangAnalysis.framework/Versions/A/LangAnalysis
0x0000000001560000 	/System/Library/Frameworks/ApplicationServices.framework/Versions/A/Frameworks/PrintCore.framework/Versions/A/PrintCore
0x0000000001560000 	/System/Library/Frameworks/ApplicationServices.framework/Versions/A/Frameworks/QD.framework/Versions/A/QD
0x0000000001560000 	/System/Library/Frameworks/ApplicationServices.framework/Versions/A/Frameworks/SpeechSynthesis.framework/Versions/A/SpeechSynthesis
0x0000000001560000 	/System/Library/Frameworks/Accelerate.framework/Versions/A/Accelerate
0x0000000001560000 	/System/Library/Frameworks/Accelerate.framework/Versions/A/Frameworks/vImage.framework/Versions/A/vImage
0x0000000001560000 	/System/Library/Frameworks/Accelerate.framework/Versions/A/Frameworks/vecLib.framework/Versions/A/vecLib
0x0000000001560000 	/System/Library/Frameworks/Accelerate.framework/Versions/A/Frameworks/vecLib.framework/Versions/A/libvDSP.dylib
0x0000000001560000 	/System/Library/Frameworks/Accelerate.framework/Versions/A/Frameworks/vecLib.framework/Versions/A/libvMisc.dylib
0x0000000001560000 	/System/Library/Frameworks/Accelerate.framework/Versions/A/Frameworks/vecLib.framework/Versions/A/libLAPACK.dylib
0x0000000001560000 	/System/Library/Frameworks/Accelerate.framework/Versions/A/Frameworks/vecLib.framework/Versions/A/libBLAS.dylib
0x0000000001560000 	/System/Library/Frameworks/Accelerate.framework/Versions/A/Frameworks/vecLib.framework/Versions/A/libLinearAlgebra.dylib
0x0000000001560000 	/System/Library/Frameworks/ApplicationServices.framework/Versions/A/Frameworks/ATS.framework/Versions/A/Resources/libFontParser.dylib
0x0000000001560000 	/System/Library/Frameworks/ApplicationServices.framework/Versions/A/Frameworks/ATS.framework/Versions/A/Resources/libFontRegistry.dylib
0x0000000001560000 	/System/Library/PrivateFrameworks/AppleVPA.framework/Versions/A/AppleVPA
0x0000000001560000 	/System/Library/PrivateFrameworks/AppleJPEG.framework/Versions/A/AppleJPEG
0x0000000001560000 	/System/Library/Frameworks/ImageIO.framework/Versions/A/Resources/libJPEG.dylib
0x0000000001560000 	/System/Library/Frameworks/ImageIO.framework/Versions/A/Resources/libTIFF.dylib
0x0000000001560000 	/System/Library/Frameworks/ImageIO.framework/Versions/A/Resources/libPng.dylib
0x0000000001560000 	/System/Library/Frameworks/ImageIO.framework/Versions/A/Resources/libGIF.dylib
0x0000000001560000 	/System/Library/Frameworks/ImageIO.framework/Versions/A/Resources/libJP2.dylib
0x0000000001560000 	/System/Library/Frameworks/ImageIO.framework/Versions/A/Resources/libRadiance.dylib
0x0000000001560000 	/System/Library/Frameworks/CoreVideo.framework/Versions/A/CoreVideo
0x0000000001560000 	/System/Library/Frameworks/OpenGL.framework/Versions/A/Libraries/libGLU.dylib
0x0000000001560000 	/System/Library/Frameworks/OpenGL.framework/Versions/A/Libraries/libGFXShared.dylib
0x0000000001560000 	/System/Library/Frameworks/OpenGL.framework/Versions/A/Libraries/libGL.dylib
0x0000000001560000 	/System/Library/Frameworks/OpenGL.framework/Versions/A/Libraries/libGLImage.dylib
0x0000000001560000 	/System/Library/Frameworks/OpenGL.framework/Versions/A/Libraries/libCVMSPluginSupport.dylib
0x0000000001560000 	/System/Library/Frameworks/OpenGL.framework/Versions/A/Libraries/libCoreVMClient.dylib
0x0000000001560000 	/usr/lib/libcups.2.dylib
0x0000000001560000 	/System/Library/Frameworks/Kerberos.framework/Versions/A/Kerberos
0x0000000001560000 	/System/Library/Frameworks/GSS.framework/Versions/A/GSS
0x0000000001560000 	/usr/lib/libresolv.9.dylib
0x0000000001560000 	/usr/lib/libiconv.2.dylib
0x0000000001560000 	/System/Library/PrivateFrameworks/Heimdal.framework/Versions/A/Heimdal
0x0000000001560000 	/usr/lib/libheimdal-asn1.dylib
0x0000000001560000 	/System/Library/Frameworks/OpenDirectory.framework/Versions/A/OpenDirectory
0x0000000001560000 	/System/Library/PrivateFrameworks/CommonAuth.framework/Versions/A/CommonAuth
0x0000000001560000 	/System/Library/Frameworks/OpenDirectory.framework/Versions/A/Frameworks/CFOpenDirectory.framework/Versions/A/CFOpenDirectory
0x0000000001560000 	/System/Library/Frameworks/SecurityFoundation.framework/Versions/A/SecurityFoundation
0x0000000001560000 	/System/Library/PrivateFrameworks/LanguageModeling.framework/Versions/A/LanguageModeling
0x0000000001560000 	/usr/lib/libcmph.dylib
0x0000000001560000 	/System/Library/Frameworks/ServiceManagement.framework/Versions/A/ServiceManagement
0x0000000001560000 	/usr/lib/libxslt.1.dylib
0x0000000001560000 	/System/Library/Frameworks/Carbon.framework/Versions/A/Frameworks/Ink.framework/Versions/A/Ink
0x0000000001560000 	/System/Library/Frameworks/QuartzCore.framework/Versions/A/Frameworks/CoreImage.framework/Versions/A/CoreImage
0x0000000001560000 	/System/Library/PrivateFrameworks/CrashReporterSupport.framework/Versions/A/CrashReporterSupport
0x0000000001560000 	/System/Library/Frameworks/OpenCL.framework/Versions/A/OpenCL
0x0000000001560000 	/System/Library/PrivateFrameworks/FaceCore.framework/Versions/A/FaceCore
0x0000000001560000 	/System/Library/PrivateFrameworks/Ubiquity.framework/Versions/A/Ubiquity
0x0000000001560000 	/System/Library/PrivateFrameworks/IconServices.framework/Versions/A/IconServices
0x0000000001560000 	/System/Library/PrivateFrameworks/ChunkingLibrary.framework/Versions/A/ChunkingLibrary
0x0000000001560000 	/System/Library/PrivateFrameworks/Apple80211.framework/Versions/A/Apple80211
0x0000000001560000 	/System/Library/Frameworks/CoreWLAN.framework/Versions/A/CoreWLAN
0x0000000001560000 	/System/Library/Frameworks/IOBluetooth.framework/Versions/A/IOBluetooth
0x0000000001560000 	/System/Library/PrivateFrameworks/CoreWiFi.framework/Versions/A/CoreWiFi
0x0000000001560000 	/System/Library/Frameworks/CoreBluetooth.framework/Versions/A/CoreBluetooth
0x0000000001560000 	/System/Library/PrivateFrameworks/DebugSymbols.framework/Versions/A/DebugSymbols
0x0000000001560000 	/System/Library/PrivateFrameworks/CoreSymbolication.framework/Versions/A/CoreSymbolication
0x0000000001560000 	/System/Library/PrivateFrameworks/Symbolication.framework/Versions/A/Symbolication
0x0000000001560000 	/System/Library/PrivateFrameworks/SpeechRecognitionCore.framework/Versions/A/SpeechRecognitionCore
0x0000000106c00000 	/Library/Java/JavaVirtualMachines/jdk1.8.0_25.jdk/Contents/Home/jre/lib/server/libjvm.dylib
0x0000000001560000 	/usr/lib/libstdc++.6.dylib
0x0000000105bbe000 	/Library/Java/JavaVirtualMachines/jdk1.8.0_25.jdk/Contents/Home/jre/lib/libverify.dylib
0x0000000105bcc000 	/Library/Java/JavaVirtualMachines/jdk1.8.0_25.jdk/Contents/Home/jre/lib/libjava.dylib
0x0000000107c29000 	/Library/Java/JavaVirtualMachines/jdk1.8.0_25.jdk/Contents/Home/jre/lib/libzip.dylib
0x0000000123806000 	/System/Library/Frameworks/JavaVM.framework/Frameworks/JavaRuntimeSupport.framework/JavaRuntimeSupport
0x000000012381e000 	/System/Library/Frameworks/JavaVM.framework/Versions/A/Frameworks/JavaNativeFoundation.framework/Versions/A/JavaNativeFoundation
0x0000000123833000 	/System/Library/Frameworks/JavaVM.framework/Versions/A/JavaVM
0x0000000001560000 	/System/Library/Frameworks/Carbon.framework/Versions/A/Carbon
0x0000000123840000 	/System/Library/PrivateFrameworks/JavaLaunching.framework/Versions/A/JavaLaunching
0x0000000001560000 	/System/Library/Frameworks/Carbon.framework/Versions/A/Frameworks/CommonPanels.framework/Versions/A/CommonPanels
0x0000000001560000 	/System/Library/Frameworks/Carbon.framework/Versions/A/Frameworks/Help.framework/Versions/A/Help
0x0000000001560000 	/System/Library/Frameworks/Carbon.framework/Versions/A/Frameworks/ImageCapture.framework/Versions/A/ImageCapture
0x0000000001560000 	/System/Library/Frameworks/Carbon.framework/Versions/A/Frameworks/OpenScripting.framework/Versions/A/OpenScripting
0x0000000001560000 	/System/Library/Frameworks/Carbon.framework/Versions/A/Frameworks/Print.framework/Versions/A/Print
0x0000000001560000 	/System/Library/Frameworks/Carbon.framework/Versions/A/Frameworks/SecurityHI.framework/Versions/A/SecurityHI
0x0000000125a08000 	/Library/Java/JavaVirtualMachines/jdk1.8.0_25.jdk/Contents/Home/jre/lib/libprism_es2.dylib
0x0000000001560000 	/System/Library/Frameworks/OpenGL.framework/Versions/A/Resources/GLEngine.bundle/GLEngine
0x0000000001560000 	/System/Library/Frameworks/OpenGL.framework/Versions/A/Libraries/libGLProgrammability.dylib
0x0000000000000000 	/System/Library/Extensions/AppleIntelHD4000GraphicsGLDriver.bundle/Contents/MacOS/AppleIntelHD4000GraphicsGLDriver
0x0000000001560000 	/System/Library/PrivateFrameworks/IOAccelerator.framework/Versions/A/IOAccelerator
0x0000000001560000 	/System/Library/PrivateFrameworks/GPUSupport.framework/Versions/A/Libraries/libGPUSupportMercury.dylib
0x0000000000000000 	/System/Library/Extensions/GeForceGLDriver.bundle/Contents/MacOS/GeForceGLDriver
0x0000000001560000 	/System/Library/Extensions/GeForceGLDriver.bundle/Contents/MacOS/libclh.dylib
0x0000000001560000 	/System/Library/Frameworks/OpenGL.framework/Versions/A/Resources/GLRendererFloat.bundle/GLRendererFloat
0x0000000001560000 	/System/Library/Frameworks/OpenCL.framework/Versions/A/Libraries/libcldcpuengine.dylib
0x0000000001560000 	/System/Library/PrivateFrameworks/DiskImages.framework/Versions/A/DiskImages
0x0000000001560000 	/System/Library/Frameworks/DiscRecording.framework/Versions/A/DiscRecording
0x0000000001560000 	/usr/lib/libcsfde.dylib
0x0000000001560000 	/usr/lib/libcurl.4.dylib
0x0000000001560000 	/System/Library/PrivateFrameworks/MediaKit.framework/Versions/A/MediaKit
0x0000000001560000 	/System/Library/PrivateFrameworks/ProtectedCloudStorage.framework/Versions/A/ProtectedCloudStorage
0x0000000001560000 	/usr/lib/libCoreStorage.dylib
0x0000000001560000 	/System/Library/PrivateFrameworks/EFILogin.framework/Versions/A/EFILogin
0x0000000001560000 	/usr/lib/libutil.dylib
0x0000000001560000 	/System/Library/PrivateFrameworks/FindMyDevice.framework/Versions/A/FindMyDevice
0x0000000001560000 	/System/Library/Frameworks/LDAP.framework/Versions/A/LDAP
0x0000000001560000 	/usr/lib/libsasl2.2.dylib
0x0000000001560000 	/System/Library/PrivateFrameworks/CoreDaemon.framework/Versions/B/CoreDaemon
0x0000000001560000 	/usr/lib/libcrypto.0.9.8.dylib
0x0000000001560000 	/System/Library/PrivateFrameworks/AppleSRP.framework/Versions/A/AppleSRP
0x0000000001560000 	/System/Library/PrivateFrameworks/TrustEvaluationAgent.framework/Versions/A/TrustEvaluationAgent
0x00000001260f7000 	/Library/Java/JavaVirtualMachines/jdk1.8.0_25.jdk/Contents/Home/jre/lib/libglass.dylib
0x0000000001560000 	/System/Library/PrivateFrameworks/CoreServicesInternal.framework/Versions/A/CoreServicesInternal
0x0000000001560000 	/System/Library/PrivateFrameworks/CloudDocs.framework/Versions/A/CloudDocs
0x0000000001560000 	/System/Library/PrivateFrameworks/CoreDuet.framework/Versions/A/CoreDuet
0x0000000001560000 	/System/Library/Frameworks/CloudKit.framework/Versions/A/CloudKit
0x0000000001560000 	/System/Library/PrivateFrameworks/ProtocolBuffer.framework/Versions/A/ProtocolBuffer
0x0000000001560000 	/System/Library/PrivateFrameworks/CoreDuetDaemonProtocol.framework/Versions/A/CoreDuetDaemonProtocol
0x0000000001560000 	/System/Library/PrivateFrameworks/CoreDuetDebugLogging.framework/Versions/A/CoreDuetDebugLogging
0x0000000001560000 	/System/Library/PrivateFrameworks/MMCS.framework/Versions/A/MMCS
0x0000000001560000 	/System/Library/Frameworks/CoreLocation.framework/Versions/A/CoreLocation
0x0000000001560000 	/System/Library/PrivateFrameworks/GeoServices.framework/Versions/A/GeoServices
0x0000000001560000 	/System/Library/Frameworks/CoreGraphics.framework/Versions/A/Resources/libCGCMS.A.dylib
0x0000000001560000 	/System/Library/CoreServices/RawCamera.bundle/Contents/MacOS/RawCamera
0x0000000001560000 	/System/Library/Frameworks/CoreGraphics.framework/Versions/A/Resources/libRIP.A.dylib
0x0000000001560000 	/System/Library/PrivateFrameworks/FamilyControls.framework/Versions/A/FamilyControls
0x0000000001560000 	/System/Library/PrivateFrameworks/CommerceKit.framework/Versions/A/Frameworks/CommerceCore.framework/Versions/A/CommerceCore
0x0000000001560000 	/System/Library/PrivateFrameworks/SystemAdministration.framework/Versions/A/SystemAdministration
0x0000000001560000 	/System/Library/PrivateFrameworks/AppContainer.framework/Versions/A/AppContainer
0x0000000001560000 	/System/Library/PrivateFrameworks/SecCodeWrapper.framework/Versions/A/SecCodeWrapper
0x0000000001560000 	/System/Library/Frameworks/DirectoryService.framework/Versions/A/DirectoryService
0x0000000001560000 	/System/Library/PrivateFrameworks/LoginUIKit.framework/Versions/A/Frameworks/LoginUICore.framework/Versions/A/LoginUICore
0x0000000001560000 	/usr/lib/libodfde.dylib
0x0000000001560000 	/System/Library/Frameworks/CoreGraphics.framework/Versions/A/Resources/libCGXType.A.dylib
0x000000012b098000 	cl_kernels
0x000000012b09a000 	/System/Library/Frameworks/OpenCL.framework/Versions/A/Libraries/ImageFormats/unorm8_bgra.dylib
0x000000012b089000 	cl_kernels
0x0000000127a5d000 	/Library/Java/JavaVirtualMachines/jdk1.8.0_25.jdk/Contents/Home/jre/lib/libnet.dylib
0x0000000127a1d000 	/Library/Java/JavaVirtualMachines/jdk1.8.0_25.jdk/Contents/Home/jre/lib/libjavafx_font.dylib
0x000000012b7b5000 	/Library/Java/JavaVirtualMachines/jdk1.8.0_25.jdk/Contents/Home/jre/lib/libglib-lite.dylib
0x000000012bb38000 	/Library/Java/JavaVirtualMachines/jdk1.8.0_25.jdk/Contents/Home/jre/lib/libgstreamer-lite.dylib
0x000000012b8db000 	/Library/Java/JavaVirtualMachines/jdk1.8.0_25.jdk/Contents/Home/jre/lib/libjfxmedia.dylib
0x0000000001560000 	/System/Library/Frameworks/QTKit.framework/Versions/A/QTKit
0x0000000001560000 	/System/Library/Frameworks/AVFoundation.framework/Versions/A/AVFoundation
0x0000000001560000 	/System/Library/Frameworks/CoreMedia.framework/Versions/A/CoreMedia
0x0000000001560000 	/System/Library/Frameworks/MediaToolbox.framework/Versions/A/MediaToolbox
0x0000000001560000 	/System/Library/Frameworks/VideoToolbox.framework/Versions/A/VideoToolbox
0x0000000001560000 	/System/Library/PrivateFrameworks/CoreMediaAuthoring.framework/Versions/A/CoreMediaAuthoring
0x0000000001560000 	/System/Library/Frameworks/CoreMediaIO.framework/Versions/A/CoreMediaIO
0x0000000001560000 	/System/Library/Frameworks/AVFoundation.framework/Versions/A/Resources/libAVFAudio.dylib
0x0000000001560000 	/System/Library/PrivateFrameworks/MediaControlSender.framework/Versions/A/MediaControlSender
0x0000000001560000 	/System/Library/PrivateFrameworks/CoreAVCHD.framework/Versions/A/CoreAVCHD
0x0000000001560000 	/System/Library/Frameworks/MediaAccessibility.framework/Versions/A/MediaAccessibility
0x0000000001560000 	/System/Library/PrivateFrameworks/Mangrove.framework/Versions/A/Mangrove
0x0000000001560000 	/System/Library/PrivateFrameworks/CoreAUC.framework/Versions/A/CoreAUC
0x0000000001560000 	/System/Library/PrivateFrameworks/NetworkStatistics.framework/Versions/A/NetworkStatistics
0x0000000001560000 	/System/Library/PrivateFrameworks/AirPlaySupport.framework/Versions/A/AirPlaySupport
0x0000000001560000 	/System/Library/PrivateFrameworks/CoreUtils.framework/Versions/A/CoreUtils
0x0000000001560000 	/System/Library/PrivateFrameworks/AppleVA.framework/Versions/A/AppleVA
0x0000000001560000 	/System/Library/PrivateFrameworks/XPCService.framework/Versions/A/XPCService
0x0000000001560000 	/System/Library/PrivateFrameworks/AppSandbox.framework/Versions/A/AppSandbox
0x0000000001560000 	/usr/lib/libsandbox.1.dylib
0x0000000001560000 	/usr/lib/libMatch.1.dylib
0x0000000127a95000 	/Library/Java/JavaVirtualMachines/jdk1.8.0_25.jdk/Contents/Home/jre/lib/libfxplugins.dylib
0x0000000127ac0000 	/System/Library/Frameworks/VideoDecodeAcceleration.framework/Versions/A/VideoDecodeAcceleration
0x000000012d1f4000 	/Library/Java/JavaVirtualMachines/jdk1.8.0_25.jdk/Contents/Home/jre/lib/libprism_common.dylib

VM Arguments:
jvm_args: -Djava.library.path=/Users/JEAcomputer/Documents/Desktoday/June 1 2015/rxtx-2.1-7-bins-r2:/Users/JEAcomputer/Documents/Desktoday/June 1 2015/rxtx-2.1-7-bins-r2/Mac_OS_X -Dfile.encoding=UTF-8 
java_command: com.musicPlayer.JML.MusicPlayer
java_class_path (initial): /Users/JEAcomputer/Documents/Programming/MusicPlayerV2/bin:/Applications/eclipse/plugins/org.eclipse.fx.ide.css.jfx8_1.1.0.201411050807.jar:/Users/JEAcomputer/Documents/Programming/MusicPlayer/src/ItunesUtilities.jar:/Users/JEAcomputer/Documents/Programming/MusicPlayer/src/xstream-1.4.7.jar:/Users/JEAcomputer/Documents/Desktoday/February 9 2015/xstream-1.4.7/lib/xstream/kxml2-2.3.0.jar:/Users/JEAcomputer/Documents/Desktoday/February 9 2015/xstream-1.4.7/lib/xstream/xpp3_min-1.1.4c.jar:/Users/JEAcomputer/Documents/Desktoday/June 1 2015/rxtx-2.1-7-bins-r2/RXTXcomm.jar
Launcher Type: SUN_STANDARD

Environment Variables:
PATH=/usr/bin:/bin:/usr/sbin:/sbin
SHELL=/bin/bash

Signal Handlers:
SIGSEGV: [libjvm.dylib+0x579dc7], sa_mask[0]=11111111011111110111111111111111, sa_flags=SA_ONSTACK|SA_RESTART|SA_SIGINFO
SIGBUS: [libjvm.dylib+0x579dc7], sa_mask[0]=11111111011111110111111111111111, sa_flags=SA_RESTART|SA_SIGINFO
SIGFPE: [libjvm.dylib+0x45b030], sa_mask[0]=11111111011111110111111111111111, sa_flags=SA_RESTART|SA_SIGINFO
SIGPIPE: [libjvm.dylib+0x45b030], sa_mask[0]=11111111011111110111111111111111, sa_flags=SA_RESTART|SA_SIGINFO
SIGXFSZ: [libjvm.dylib+0x45b030], sa_mask[0]=11111111011111110111111111111111, sa_flags=SA_RESTART|SA_SIGINFO
SIGILL: [libjvm.dylib+0x45b030], sa_mask[0]=11111111011111110111111111111111, sa_flags=SA_RESTART|SA_SIGINFO
SIGUSR1: SIG_DFL, sa_mask[0]=00000000000000000000000000000000, sa_flags=none
SIGUSR2: [libjvm.dylib+0x45ab4e], sa_mask[0]=00100000000000000000000000000000, sa_flags=SA_RESTART|SA_SIGINFO
SIGHUP: [libjvm.dylib+0x459121], sa_mask[0]=11111111011111110111111111111111, sa_flags=SA_RESTART|SA_SIGINFO
SIGINT: [libjvm.dylib+0x459121], sa_mask[0]=11111111011111110111111111111111, sa_flags=SA_RESTART|SA_SIGINFO
SIGTERM: [libjvm.dylib+0x459121], sa_mask[0]=11111111011111110111111111111111, sa_flags=SA_RESTART|SA_SIGINFO
SIGQUIT: [libjvm.dylib+0x459121], sa_mask[0]=11111111011111110111111111111111, sa_flags=SA_RESTART|SA_SIGINFO


---------------  S Y S T E M  ---------------

OS:Bsduname:Darwin 14.4.0 Darwin Kernel Version 14.4.0: Tue May  5 14:17:52 PDT 2015; root:xnu-2782.30.4~3/RELEASE_X86_64 x86_64
rlimit: STACK 8192k, CORE 0k, NPROC 709, NOFILE 10240, AS infinity
load average:2.19 2.07 1.98

CPU:total 8 (4 cores per cpu, 2 threads per core) family 6 model 58 stepping 9, cmov, cx8, fxsr, mmx, sse, sse2, sse3, ssse3, sse4.1, sse4.2, popcnt, avx, aes, clmul, erms, ht, tsc, tscinvbit, tscinv

Memory: 4k page, physical 16777216k(3441588k free)

/proc/meminfo:


vm_info: Java HotSpot(TM) 64-Bit Server VM (25.25-b02) for bsd-amd64 JRE (1.8.0_25-b17), built on Sep 17 2014 16:56:50 by "java_re" with gcc 4.2.1 (Based on Apple Inc. build 5658) (LLVM build 2336.11.00)

time: Wed Jun  3 23:30:33 2015
elapsed time: 3 seconds (0d 0h 0m 3s)

