#
# A fatal error has been detected by the Java Runtime Environment:
#
#  SIGSEGV (0xb) at pc=0x000000012bb2c16b, pid=88134, tid=41991
#
# JRE version: Java(TM) SE Runtime Environment (8.0_25-b17) (build 1.8.0_25-b17)
# Java VM: Java HotSpot(TM) 64-Bit Server VM (25.25-b02 mixed mode bsd-amd64 compressed oops)
# Problematic frame:
# C  [libgstreamer-lite.dylib+0xb416b]  gst_iir_equ_process_gfloat+0x97
#
# Failed to write core dump. Core dumps have been disabled. To enable core dumping, try "ulimit -c unlimited" before starting Java again
#
# If you would like to submit a bug report, please visit:
#   http://bugreport.sun.com/bugreport/crash.jsp
#

---------------  T H R E A D  ---------------

Current thread is native thread

siginfo: si_signo: 11 (SIGSEGV), si_code: 1 (SEGV_MAPERR), si_addr: 0x0000000000000078

Registers:
RAX=0x00000000000001bc, RBX=0x00007fa0c607dc20, RCX=0x0000000000000002, RDX=0x0000000000000008
RSP=0x000000012e575a88, RBP=0x000000012e575ab0, RSI=0x00007fa0c607dc20, RDI=0x0000000000000070
R8 =0x00007fa0cc98aadc, R9 =0x00007fa0c9261440, R10=0x0000000000000007, R11=0x0000000000000002
R12=0x00007fa0c9261470, R13=0x0000000000000000, R14=0x00007fa0cc98aae0, R15=0x0000000000000001
RIP=0x000000012bb2c16b, EFLAGS=0x0000000000010202, ERR=0x0000000000000004
  TRAPNO=0x000000000000000e

Top of Stack: (sp=0x000000012e575a88)
0x000000012e575a88:   00007fa0c92583b0 00007fa0c92615f0
0x000000012e575a98:   00007fa0c57708a0 000000000426ecd7
0x000000012e575aa8:   000000012bb6a74a 000000012e575b30
0x000000012e575ab8:   000000012bb2c096 00007fa0c92583b0
0x000000012e575ac8:   00007fa0c92583b0 00007fa0ccac6f10
0x000000012e575ad8:   0000000000000007 3ff3e7001f14ada5
0x000000012e575ae8:   4003199183941ba6 3fff4b2a163d5d84
0x000000012e575af8:   4007717ab1fef33a 3ff633230728374c
0x000000012e575b08:   0000000000000000 0000000000000000
0x000000012e575b18:   0000000000000000 00007fa0c92583b0
0x000000012e575b28:   0000000000000000 000000012e575bc0
0x000000012e575b38:   000000012bacc3bd 00007fa0c9258940
0x000000012e575b48:   00006503c92581a8 00007fa0c92572b4
0x000000012e575b58:   00007fa0c92586d0 00007fa000002000
0x000000012e575b68:   00007fa0c951c4e0 00007fa0c57716e0
0x000000012e575b78:   0000000000000001 000000012e575bd0
0x000000012e575b88:   00007fa0ccac6f10 00002000c92572a8
0x000000012e575b98:   00007fa0ccac6f10 00007fa0c9258940
0x000000012e575ba8:   00007fa0c51dea10 00007fa0c92583b0
0x000000012e575bb8:   0000000005893bc9 000000012e575bf0
0x000000012e575bc8:   000000012bacb0d6 00007fa0ccac6f10
0x000000012e575bd8:   00007fa0ccac6f10 00007fa0c9258030
0x000000012e575be8:   00007fa0c92581a8 000000012e575c40
0x000000012e575bf8:   000000012ba99bc6 00007fa0c3bb3400
0x000000012e575c08:   00007fa0c9256fb0 00007fa015846061
0x000000012e575c18:   000000012e575d00 000000012e575d0c
0x000000012e575c28:   000000012e575ce8 00007fa0c9256fb0
0x000000012e575c38:   0000000127050236 000000012e575d70
0x000000012e575c48:   000000012704fdad ff80000000001007
0x000000012e575c58:   000000000000ffff 0000000000000003
0x000000012e575c68:   00007fff89913dd4 000000012bbab450
0x000000012e575c78:   00007fff89913dd4 000000012e575cfc 

Instructions: (pc=0x000000012bb2c16b)
0x000000012bb2c14b:   a3 00 00 00 4d 8d 34 38 49 83 c0 0c 4d 89 d7 4d
0x000000012bb2c15b:   89 cc eb 03 0f 28 c1 4d 8b 2c 24 f3 41 0f 5a 08
0x000000012bb2c16b:   f2 41 0f 59 4d 78 f3 41 0f 10 50 f4 f3 41 0f 10
0x000000012bb2c17b:   58 fc f3 0f 5a e3 f2 41 0f 59 65 70 f3 41 0f 5a 

Register to memory mapping:

RAX=0x00000000000001bc is an unknown value
RBX=0x00007fa0c607dc20 is an unknown value
RCX=0x0000000000000002 is an unknown value
RDX=0x0000000000000008 is an unknown value
RSP=0x000000012e575a88 is an unknown value
RBP=0x000000012e575ab0 is an unknown value
RSI=0x00007fa0c607dc20 is an unknown value
RDI=0x0000000000000070 is an unknown value
R8 =0x00007fa0cc98aadc is an unknown value
R9 =0x00007fa0c9261440 is an unknown value
R10=0x0000000000000007 is an unknown value
R11=0x0000000000000002 is an unknown value
R12=0x00007fa0c9261470 is an unknown value
R13=0x0000000000000000 is an unknown value
R14=0x00007fa0cc98aae0 is an unknown value
R15=0x0000000000000001 is an unknown value


Stack: [0x000000012e4f6000,0x000000012e576000],  sp=0x000000012e575a88,  free space=510k
Native frames: (J=compiled Java code, j=interpreted, Vv=VM code, C=native code)
C  [libgstreamer-lite.dylib+0xb416b]  gst_iir_equ_process_gfloat+0x97
C  [libgstreamer-lite.dylib+0xb4096]  gst_iir_equalizer_transform_ip+0x838
C  [libgstreamer-lite.dylib+0x543bd]  gst_base_transform_handle_buffer+0x922
C  [libgstreamer-lite.dylib+0x530d6]  gst_base_transform_chain+0x9a
C  [libgstreamer-lite.dylib+0x21bc6]  gst_pad_push+0x131
C  [libfxplugins.dylib+0x1dad]  audioconverter_chain+0xa63
C  [libgstreamer-lite.dylib+0x21bc6]  gst_pad_push+0x131
C  [libgstreamer-lite.dylib+0xa7434]  gst_queue_loop+0x320
C  [libgstreamer-lite.dylib+0x38b1e]  gst_task_func+0x1d3
C  [libglib-lite.dylib+0x45afd]  g_thread_pool_thread_proxy+0xdd
C  [libglib-lite.dylib+0x445ee]  g_thread_create_proxy+0xd1
C  [libsystem_pthread.dylib+0x3268]  _pthread_body+0x83
C  [libsystem_pthread.dylib+0x31e5]  _pthread_body+0x0
C  [libsystem_pthread.dylib+0x141d]  thread_start+0xd


---------------  P R O C E S S  ---------------

VM state:not at safepoint (normal execution)

VM Mutex/Monitor currently owned by a thread: None

Heap:
 PSYoungGen      total 1397248K, used 470503K [0x000000076ab00000, 0x00000007c0000000, 0x00000007c0000000)
  eden space 1396736K, 33% used [0x000000076ab00000,0x0000000787641cc8,0x00000007bff00000)
  from space 512K, 43% used [0x00000007bff00000,0x00000007bff38000,0x00000007bff80000)
  to   space 512K, 0% used [0x00000007bff80000,0x00000007bff80000,0x00000007c0000000)
 ParOldGen       total 140288K, used 44548K [0x00000006c0000000, 0x00000006c8900000, 0x000000076ab00000)
  object space 140288K, 31% used [0x00000006c0000000,0x00000006c2b81220,0x00000006c8900000)
 Metaspace       used 23565K, capacity 25066K, committed 25344K, reserved 1071104K
  class space    used 3296K, capacity 3545K, committed 3584K, reserved 1048576K

Card table byte_map: [0x00000001165df000,0x0000000116de0000] byte_map_base: 0x0000000112fdf000

Marking Bits: (ParMarkBitMap*) 0x0000000106a9d390
 Begin Bits: [0x0000000117b4e000, 0x000000011bb4e000)
 End Bits:   [0x000000011bb4e000, 0x000000011fb4e000)

Polling page: 0x000000010517f000

CodeCache: size=245760Kb used=13218Kb max_used=13232Kb free=232541Kb
 bounds [0x000000010721f000, 0x0000000107f3f000, 0x000000011621f000]
 total_blobs=4799 nmethods=4123 adapters=589
 compilation: enabled

Compilation events (10 events):
Event: 16.301 Thread 0x00007fa0c681e000 nmethod 5066 0x0000000107740210 code [0x0000000107740420, 0x0000000107740fa8]
Event: 16.301 Thread 0x00007fa0c681e000 5067       3       com.sun.javafx.text.PrismTextLayout::setDirection (46 bytes)
Event: 16.301 Thread 0x00007fa0c681e000 nmethod 5067 0x000000010770a750 code [0x000000010770a8c0, 0x000000010770ab48]
Event: 16.301 Thread 0x00007fa0c681e000 5068       3       javafx.beans.binding.IntegerExpression::getValue (8 bytes)
Event: 16.301 Thread 0x00007fa0c6819800 nmethod 5069 0x0000000107832090 code [0x00000001078321e0, 0x0000000107832258]
Event: 16.301 Thread 0x00007fa0c681d000 5070       4       java.util.AbstractCollection::toArray (70 bytes)
Event: 16.302 Thread 0x00007fa0c681e000 nmethod 5068 0x000000010773f990 code [0x000000010773fb40, 0x000000010773ffc8]
Event: 16.302 Thread 0x00007fa0c681e000 5071       3       javafx.scene.Parent::childExcluded (115 bytes)
Event: 16.303 Thread 0x00007fa0c681e000 nmethod 5071 0x000000010770a150 code [0x000000010770a2c0, 0x000000010770a6c8]
Event: 16.317 Thread 0x00007fa0c681d000 nmethod 5070 0x0000000107d882d0 code [0x0000000107d884c0, 0x0000000107d88f08]

GC Heap History (10 events):
Event: 15.380 GC heap before
{Heap before GC invocations=924 (full 1):
 PSYoungGen      total 1397248K, used 1396736K [0x000000076ab00000, 0x00000007c0000000, 0x00000007c0000000)
  eden space 1396736K, 100% used [0x000000076ab00000,0x00000007bff00000,0x00000007bff00000)
  from space 512K, 0% used [0x00000007bff80000,0x00000007bff80000,0x00000007c0000000)
  to   space 512K, 0% used [0x00000007bff00000,0x00000007bff00000,0x00000007bff80000)
 ParOldGen       total 140288K, used 44484K [0x00000006c0000000, 0x00000006c8900000, 0x000000076ab00000)
  object space 140288K, 31% used [0x00000006c0000000,0x00000006c2b71220,0x00000006c8900000)
 Metaspace       used 23528K, capacity 25060K, committed 25344K, reserved 1071104K
  class space    used 3295K, capacity 3544K, committed 3584K, reserved 1048576K
Event: 15.380 GC heap after
Heap after GC invocations=924 (full 1):
 PSYoungGen      total 1397248K, used 0K [0x000000076ab00000, 0x00000007c0000000, 0x00000007c0000000)
  eden space 1396736K, 0% used [0x000000076ab00000,0x000000076ab00000,0x00000007bff00000)
  from space 512K, 0% used [0x00000007bff00000,0x00000007bff00000,0x00000007bff80000)
  to   space 512K, 0% used [0x00000007bff80000,0x00000007bff80000,0x00000007c0000000)
 ParOldGen       total 140288K, used 44484K [0x00000006c0000000, 0x00000006c8900000, 0x000000076ab00000)
  object space 140288K, 31% used [0x00000006c0000000,0x00000006c2b71220,0x00000006c8900000)
 Metaspace       used 23528K, capacity 25060K, committed 25344K, reserved 1071104K
  class space    used 3295K, capacity 3544K, committed 3584K, reserved 1048576K
}
Event: 15.382 GC heap before
{Heap before GC invocations=925 (full 1):
 PSYoungGen      total 1397248K, used 1396736K [0x000000076ab00000, 0x00000007c0000000, 0x00000007c0000000)
  eden space 1396736K, 100% used [0x000000076ab00000,0x00000007bff00000,0x00000007bff00000)
  from space 512K, 0% used [0x00000007bff00000,0x00000007bff00000,0x00000007bff80000)
  to   space 512K, 0% used [0x00000007bff80000,0x00000007bff80000,0x00000007c0000000)
 ParOldGen       total 140288K, used 44484K [0x00000006c0000000, 0x00000006c8900000, 0x000000076ab00000)
  object space 140288K, 31% used [0x00000006c0000000,0x00000006c2b71220,0x00000006c8900000)
 Metaspace       used 23528K, capacity 25060K, committed 25344K, reserved 1071104K
  class space    used 3295K, capacity 3544K, committed 3584K, reserved 1048576K
Event: 15.383 GC heap after
Heap after GC invocations=925 (full 1):
 PSYoungGen      total 1397248K, used 32K [0x000000076ab00000, 0x00000007c0000000, 0x00000007c0000000)
  eden space 1396736K, 0% used [0x000000076ab00000,0x000000076ab00000,0x00000007bff00000)
  from space 512K, 6% used [0x00000007bff80000,0x00000007bff88000,0x00000007c0000000)
  to   space 512K, 0% used [0x00000007bff00000,0x00000007bff00000,0x00000007bff80000)
 ParOldGen       total 140288K, used 44484K [0x00000006c0000000, 0x00000006c8900000, 0x000000076ab00000)
  object space 140288K, 31% used [0x00000006c0000000,0x00000006c2b71220,0x00000006c8900000)
 Metaspace       used 23528K, capacity 25060K, committed 25344K, reserved 1071104K
  class space    used 3295K, capacity 3544K, committed 3584K, reserved 1048576K
}
Event: 15.386 GC heap before
{Heap before GC invocations=926 (full 1):
 PSYoungGen      total 1397248K, used 1396768K [0x000000076ab00000, 0x00000007c0000000, 0x00000007c0000000)
  eden space 1396736K, 100% used [0x000000076ab00000,0x00000007bff00000,0x00000007bff00000)
  from space 512K, 6% used [0x00000007bff80000,0x00000007bff88000,0x00000007c0000000)
  to   space 512K, 0% used [0x00000007bff00000,0x00000007bff00000,0x00000007bff80000)
 ParOldGen       total 140288K, used 44484K [0x00000006c0000000, 0x00000006c8900000, 0x000000076ab00000)
  object space 140288K, 31% used [0x00000006c0000000,0x00000006c2b71220,0x00000006c8900000)
 Metaspace       used 23528K, capacity 25060K, committed 25344K, reserved 1071104K
  class space    used 3295K, capacity 3544K, committed 3584K, reserved 1048576K
Event: 15.387 GC heap after
Heap after GC invocations=926 (full 1):
 PSYoungGen      total 1397248K, used 64K [0x000000076ab00000, 0x00000007c0000000, 0x00000007c0000000)
  eden space 1396736K, 0% used [0x000000076ab00000,0x000000076ab00000,0x00000007bff00000)
  from space 512K, 12% used [0x00000007bff00000,0x00000007bff10000,0x00000007bff80000)
  to   space 512K, 0% used [0x00000007bff80000,0x00000007bff80000,0x00000007c0000000)
 ParOldGen       total 140288K, used 44516K [0x00000006c0000000, 0x00000006c8900000, 0x000000076ab00000)
  object space 140288K, 31% used [0x00000006c0000000,0x00000006c2b79220,0x00000006c8900000)
 Metaspace       used 23528K, capacity 25060K, committed 25344K, reserved 1071104K
  class space    used 3295K, capacity 3544K, committed 3584K, reserved 1048576K
}
Event: 15.390 GC heap before
{Heap before GC invocations=927 (full 1):
 PSYoungGen      total 1397248K, used 1396800K [0x000000076ab00000, 0x00000007c0000000, 0x00000007c0000000)
  eden space 1396736K, 100% used [0x000000076ab00000,0x00000007bff00000,0x00000007bff00000)
  from space 512K, 12% used [0x00000007bff00000,0x00000007bff10000,0x00000007bff80000)
  to   space 512K, 0% used [0x00000007bff80000,0x00000007bff80000,0x00000007c0000000)
 ParOldGen       total 140288K, used 44516K [0x00000006c0000000, 0x00000006c8900000, 0x000000076ab00000)
  object space 140288K, 31% used [0x00000006c0000000,0x00000006c2b79220,0x00000006c8900000)
 Metaspace       used 23528K, capacity 25060K, committed 25344K, reserved 1071104K
  class space    used 3295K, capacity 3544K, committed 3584K, reserved 1048576K
Event: 15.391 GC heap after
Heap after GC invocations=927 (full 1):
 PSYoungGen      total 1397248K, used 32K [0x000000076ab00000, 0x00000007c0000000, 0x00000007c0000000)
  eden space 1396736K, 0% used [0x000000076ab00000,0x000000076ab00000,0x00000007bff00000)
  from space 512K, 6% used [0x00000007bff80000,0x00000007bff88000,0x00000007c0000000)
  to   space 512K, 0% used [0x00000007bff00000,0x00000007bff00000,0x00000007bff80000)
 ParOldGen       total 140288K, used 44540K [0x00000006c0000000, 0x00000006c8900000, 0x000000076ab00000)
  object space 140288K, 31% used [0x00000006c0000000,0x00000006c2b7f220,0x00000006c8900000)
 Metaspace       used 23528K, capacity 25060K, committed 25344K, reserved 1071104K
  class space    used 3295K, capacity 3544K, committed 3584K, reserved 1048576K
}
Event: 16.306 GC heap before
{Heap before GC invocations=928 (full 1):
 PSYoungGen      total 1397248K, used 1396768K [0x000000076ab00000, 0x00000007c0000000, 0x00000007c0000000)
  eden space 1396736K, 100% used [0x000000076ab00000,0x00000007bff00000,0x00000007bff00000)
  from space 512K, 6% used [0x00000007bff80000,0x00000007bff88000,0x00000007c0000000)
  to   space 512K, 0% used [0x00000007bff00000,0x00000007bff00000,0x00000007bff80000)
 ParOldGen       total 140288K, used 44540K [0x00000006c0000000, 0x00000006c8900000, 0x000000076ab00000)
  object space 140288K, 31% used [0x00000006c0000000,0x00000006c2b7f220,0x00000006c8900000)
 Metaspace       used 23565K, capacity 25066K, committed 25344K, reserved 1071104K
  class space    used 3296K, capacity 3545K, committed 3584K, reserved 1048576K
Event: 16.307 GC heap after
Heap after GC invocations=928 (full 1):
 PSYoungGen      total 1397248K, used 224K [0x000000076ab00000, 0x00000007c0000000, 0x00000007c0000000)
  eden space 1396736K, 0% used [0x000000076ab00000,0x000000076ab00000,0x00000007bff00000)
  from space 512K, 43% used [0x00000007bff00000,0x00000007bff38000,0x00000007bff80000)
  to   space 512K, 0% used [0x00000007bff80000,0x00000007bff80000,0x00000007c0000000)
 ParOldGen       total 140288K, used 44548K [0x00000006c0000000, 0x00000006c8900000, 0x000000076ab00000)
  object space 140288K, 31% used [0x00000006c0000000,0x00000006c2b81220,0x00000006c8900000)
 Metaspace       used 23565K, capacity 25066K, committed 25344K, reserved 1071104K
  class space    used 3296K, capacity 3545K, committed 3584K, reserved 1048576K
}

Deoptimization events (10 events):
Event: 14.074 Thread 0x00007fa0c3891000 Uncommon trap: reason=class_check action=maybe_recompile pc=0x00000001073b92f0 method=com.sun.javafx.collections.VetoableListDecorator.get(I)Ljava/lang/Object; @ 5
Event: 14.075 Thread 0x00007fa0c3891000 Uncommon trap: reason=class_check action=maybe_recompile pc=0x00000001073b92f0 method=com.sun.javafx.collections.VetoableListDecorator.get(I)Ljava/lang/Object; @ 5
Event: 14.076 Thread 0x00007fa0c3891000 Uncommon trap: reason=class_check action=maybe_recompile pc=0x00000001073b92f0 method=com.sun.javafx.collections.VetoableListDecorator.get(I)Ljava/lang/Object; @ 5
Event: 14.076 Thread 0x00007fa0c3891000 Uncommon trap: reason=class_check action=maybe_recompile pc=0x00000001073b92f0 method=com.sun.javafx.collections.VetoableListDecorator.get(I)Ljava/lang/Object; @ 5
Event: 14.092 Thread 0x00007fa0c3891000 Uncommon trap: reason=null_check action=make_not_entrant pc=0x0000000107bd0344 method=javafx.scene.CssStyleHelper.getCachedFont(Ljavafx/css/Styleable;)Lcom/sun/javafx/css/CalculatedValue; @ 1
Event: 14.170 Thread 0x00007fa0c380c000 Uncommon trap: reason=null_check action=make_not_entrant pc=0x0000000107d8aefc method=com.sun.prism.impl.BaseContext.getGlyphCache(Lcom/sun/javafx/font/FontStrike;Ljava/util/Map;)Lcom/sun/prism/impl/GlyphCache; @ 7
Event: 14.172 Thread 0x00007fa0c380c000 Uncommon trap: reason=unreached action=reinterpret pc=0x0000000107d26394 method=com.sun.prism.impl.ps.BaseShaderGraphics.renderGeneralRoundedPgram(FFFFFFFFFFLcom/sun/javafx/geom/transform/BaseTransform;Lcom/sun/prism/impl/ps/BaseShaderContext$MaskType;FFF
Event: 14.206 Thread 0x00007fa0c380c000 Uncommon trap: reason=null_check action=make_not_entrant pc=0x0000000107d733c4 method=com.sun.prism.impl.BaseContext.getGlyphCache(Lcom/sun/javafx/font/FontStrike;Ljava/util/Map;)Lcom/sun/prism/impl/GlyphCache; @ 7
Event: 16.186 Thread 0x00007fa0c3891000 Uncommon trap: reason=class_check action=maybe_recompile pc=0x000000010754a8dc method=com.sun.javafx.css.ParsedValueImpl.containsFontRelativeSize(Ljavafx/css/ParsedValue;Z)Z @ 83
Event: 16.186 Thread 0x00007fa0c3891000 Uncommon trap: reason=null_check action=make_not_entrant pc=0x000000010754a9f0 method=com.sun.javafx.css.ParsedValueImpl.containsFontRelativeSize(Ljavafx/css/ParsedValue;Z)Z @ 8

Internal exceptions (10 events):
Event: 14.001 Thread 0x00007fa0c3891000 Exception <a 'java/security/PrivilegedActionException'> (0x00000007b474bf28) thrown at [/HUDSON3/workspace/8-2-build-macosx-x86_64/jdk8u25/1514/hotspot/src/share/vm/prims/jvm.cpp, line 1312]
Event: 14.001 Thread 0x00007fa0c3891000 Exception <a 'java/security/PrivilegedActionException'> (0x00000007b474f410) thrown at [/HUDSON3/workspace/8-2-build-macosx-x86_64/jdk8u25/1514/hotspot/src/share/vm/prims/jvm.cpp, line 1312]
Event: 14.002 Thread 0x00007fa0c3891000 Exception <a 'java/security/PrivilegedActionException'> (0x00000007b47559d8) thrown at [/HUDSON3/workspace/8-2-build-macosx-x86_64/jdk8u25/1514/hotspot/src/share/vm/prims/jvm.cpp, line 1312]
Event: 14.002 Thread 0x00007fa0c3891000 Exception <a 'java/security/PrivilegedActionException'> (0x00000007b475ba98) thrown at [/HUDSON3/workspace/8-2-build-macosx-x86_64/jdk8u25/1514/hotspot/src/share/vm/prims/jvm.cpp, line 1312]
Event: 14.003 Thread 0x00007fa0c3891000 Implicit null exception at 0x000000010796409f to 0x0000000107964f79
Event: 14.092 Thread 0x00007fa0c3891000 Implicit null exception at 0x0000000107bcc204 to 0x0000000107bd0325
Event: 14.170 Thread 0x00007fa0c380c000 Implicit null exception at 0x0000000107d881ab to 0x0000000107d8ae5c
Event: 14.179 Thread 0x00007fa0c3891000 Exception <a 'java/security/PrivilegedActionException'> (0x00000007a3188c08) thrown at [/HUDSON3/workspace/8-2-build-macosx-x86_64/jdk8u25/1514/hotspot/src/share/vm/prims/jvm.cpp, line 1312]
Event: 14.206 Thread 0x00007fa0c380c000 Implicit null exception at 0x0000000107d73197 to 0x0000000107d733b5
Event: 16.186 Thread 0x00007fa0c3891000 Implicit null exception at 0x0000000107549d74 to 0x000000010754a9e1

Events (10 events):
Event: 16.323 Thread 0x00007fa0c3bc6000 Thread added: 0x00007fa0c3bc6000
Event: 16.323 Thread 0x00007fa0c3bc6000 Thread exited: 0x00007fa0c3bc6000
Event: 16.323 Thread 0x00007fa0c6be5800 Thread added: 0x00007fa0c6be5800
Event: 16.323 Thread 0x00007fa0c6be5800 Thread exited: 0x00007fa0c6be5800
Event: 16.324 Thread 0x00007fa0c622c800 Thread added: 0x00007fa0c622c800
Event: 16.324 Thread 0x00007fa0c622c800 Thread exited: 0x00007fa0c622c800
Event: 16.325 Thread 0x00007fa0c622c800 Thread added: 0x00007fa0c622c800
Event: 16.325 Thread 0x00007fa0c622c800 Thread exited: 0x00007fa0c622c800
Event: 16.326 Thread 0x00007fa0c3bc6000 Thread added: 0x00007fa0c3bc6000
Event: 16.326 Thread 0x00007fa0c3bc6000 Thread exited: 0x00007fa0c3bc6000


Dynamic libraries:
0x0000000001560000 	/System/Library/Frameworks/Cocoa.framework/Versions/A/Cocoa
0x0000000001560000 	/System/Library/Frameworks/Security.framework/Versions/A/Security
0x0000000001560000 	/System/Library/Frameworks/ApplicationServices.framework/Versions/A/ApplicationServices
0x0000000001560000 	/usr/lib/libz.1.dylib
0x0000000001560000 	/usr/lib/libSystem.B.dylib
0x0000000001560000 	/usr/lib/libobjc.A.dylib
0x0000000001560000 	/System/Library/Frameworks/CoreFoundation.framework/Versions/A/CoreFoundation
0x0000000001560000 	/System/Library/Frameworks/Foundation.framework/Versions/C/Foundation
0x0000000001560000 	/System/Library/Frameworks/AppKit.framework/Versions/C/AppKit
0x0000000001560000 	/System/Library/Frameworks/CoreData.framework/Versions/A/CoreData
0x0000000001560000 	/System/Library/PrivateFrameworks/RemoteViewServices.framework/Versions/A/RemoteViewServices
0x0000000001560000 	/System/Library/PrivateFrameworks/UIFoundation.framework/Versions/A/UIFoundation
0x0000000001560000 	/System/Library/Frameworks/IOSurface.framework/Versions/A/IOSurface
0x0000000001560000 	/System/Library/Frameworks/AudioToolbox.framework/Versions/A/AudioToolbox
0x0000000001560000 	/System/Library/Frameworks/AudioUnit.framework/Versions/A/AudioUnit
0x0000000001560000 	/System/Library/PrivateFrameworks/DataDetectorsCore.framework/Versions/A/DataDetectorsCore
0x0000000001560000 	/System/Library/PrivateFrameworks/DesktopServicesPriv.framework/Versions/A/DesktopServicesPriv
0x0000000001560000 	/System/Library/Frameworks/Carbon.framework/Versions/A/Frameworks/HIToolbox.framework/Versions/A/HIToolbox
0x0000000001560000 	/System/Library/Frameworks/QuartzCore.framework/Versions/A/QuartzCore
0x0000000001560000 	/System/Library/Frameworks/Carbon.framework/Versions/A/Frameworks/SpeechRecognition.framework/Versions/A/SpeechRecognition
0x0000000001560000 	/usr/lib/libauto.dylib
0x0000000001560000 	/usr/lib/libicucore.A.dylib
0x0000000001560000 	/usr/lib/libxml2.2.dylib
0x0000000001560000 	/System/Library/PrivateFrameworks/CoreUI.framework/Versions/A/CoreUI
0x0000000001560000 	/System/Library/Frameworks/CoreAudio.framework/Versions/A/CoreAudio
0x0000000001560000 	/System/Library/Frameworks/DiskArbitration.framework/Versions/A/DiskArbitration
0x0000000001560000 	/usr/lib/liblangid.dylib
0x0000000001560000 	/System/Library/PrivateFrameworks/MultitouchSupport.framework/Versions/A/MultitouchSupport
0x0000000001560000 	/System/Library/Frameworks/IOKit.framework/Versions/A/IOKit
0x0000000001560000 	/usr/lib/libDiagnosticMessagesClient.dylib
0x0000000001560000 	/System/Library/Frameworks/CoreServices.framework/Versions/A/CoreServices
0x0000000001560000 	/System/Library/PrivateFrameworks/PerformanceAnalysis.framework/Versions/A/PerformanceAnalysis
0x0000000001560000 	/System/Library/PrivateFrameworks/GenerationalStorage.framework/Versions/A/GenerationalStorage
0x0000000001560000 	/System/Library/Frameworks/OpenGL.framework/Versions/A/OpenGL
0x0000000001560000 	/System/Library/PrivateFrameworks/Sharing.framework/Versions/A/Sharing
0x0000000001560000 	/System/Library/Frameworks/CoreGraphics.framework/Versions/A/CoreGraphics
0x0000000001560000 	/System/Library/Frameworks/CoreText.framework/Versions/A/CoreText
0x0000000001560000 	/System/Library/Frameworks/ImageIO.framework/Versions/A/ImageIO
0x0000000001560000 	/usr/lib/libextension.dylib
0x0000000001560000 	/System/Library/PrivateFrameworks/Backup.framework/Versions/A/Backup
0x0000000001560000 	/usr/lib/libarchive.2.dylib
0x0000000001560000 	/System/Library/Frameworks/CFNetwork.framework/Versions/A/CFNetwork
0x0000000001560000 	/System/Library/Frameworks/SystemConfiguration.framework/Versions/A/SystemConfiguration
0x0000000001560000 	/usr/lib/libCRFSuite.dylib
0x0000000001560000 	/usr/lib/libc++.1.dylib
0x0000000001560000 	/usr/lib/libc++abi.dylib
0x0000000001560000 	/usr/lib/system/libcache.dylib
0x0000000001560000 	/usr/lib/system/libcommonCrypto.dylib
0x0000000001560000 	/usr/lib/system/libcompiler_rt.dylib
0x0000000001560000 	/usr/lib/system/libcopyfile.dylib
0x0000000001560000 	/usr/lib/system/libcorecrypto.dylib
0x0000000001560000 	/usr/lib/system/libdispatch.dylib
0x0000000001560000 	/usr/lib/system/libdyld.dylib
0x0000000001560000 	/usr/lib/system/libkeymgr.dylib
0x0000000001560000 	/usr/lib/system/liblaunch.dylib
0x0000000001560000 	/usr/lib/system/libmacho.dylib
0x0000000001560000 	/usr/lib/system/libquarantine.dylib
0x0000000001560000 	/usr/lib/system/libremovefile.dylib
0x0000000001560000 	/usr/lib/system/libsystem_asl.dylib
0x0000000001560000 	/usr/lib/system/libsystem_blocks.dylib
0x0000000001560000 	/usr/lib/system/libsystem_c.dylib
0x0000000001560000 	/usr/lib/system/libsystem_configuration.dylib
0x0000000001560000 	/usr/lib/system/libsystem_coreservices.dylib
0x0000000001560000 	/usr/lib/system/libsystem_coretls.dylib
0x0000000001560000 	/usr/lib/system/libsystem_dnssd.dylib
0x0000000001560000 	/usr/lib/system/libsystem_info.dylib
0x0000000001560000 	/usr/lib/system/libsystem_kernel.dylib
0x0000000001560000 	/usr/lib/system/libsystem_m.dylib
0x0000000001560000 	/usr/lib/system/libsystem_malloc.dylib
0x0000000001560000 	/usr/lib/system/libsystem_network.dylib
0x0000000001560000 	/usr/lib/system/libsystem_networkextension.dylib
0x0000000001560000 	/usr/lib/system/libsystem_notify.dylib
0x0000000001560000 	/usr/lib/system/libsystem_platform.dylib
0x0000000001560000 	/usr/lib/system/libsystem_pthread.dylib
0x0000000001560000 	/usr/lib/system/libsystem_sandbox.dylib
0x0000000001560000 	/usr/lib/system/libsystem_secinit.dylib
0x0000000001560000 	/usr/lib/system/libsystem_stats.dylib
0x0000000001560000 	/usr/lib/system/libsystem_trace.dylib
0x0000000001560000 	/usr/lib/system/libunc.dylib
0x0000000001560000 	/usr/lib/system/libunwind.dylib
0x0000000001560000 	/usr/lib/system/libxpc.dylib
0x0000000001560000 	/usr/lib/libbz2.1.0.dylib
0x0000000001560000 	/usr/lib/liblzma.5.dylib
0x0000000001560000 	/usr/lib/libbsm.0.dylib
0x0000000001560000 	/usr/lib/libsqlite3.dylib
0x0000000001560000 	/usr/lib/system/libkxld.dylib
0x0000000001560000 	/usr/lib/libxar.1.dylib
0x0000000001560000 	/usr/lib/libpam.2.dylib
0x0000000001560000 	/usr/lib/libOpenScriptingUtil.dylib
0x0000000001560000 	/System/Library/Frameworks/CoreServices.framework/Versions/A/Frameworks/FSEvents.framework/Versions/A/FSEvents
0x0000000001560000 	/System/Library/Frameworks/CoreServices.framework/Versions/A/Frameworks/CarbonCore.framework/Versions/A/CarbonCore
0x0000000001560000 	/System/Library/Frameworks/CoreServices.framework/Versions/A/Frameworks/Metadata.framework/Versions/A/Metadata
0x0000000001560000 	/System/Library/Frameworks/CoreServices.framework/Versions/A/Frameworks/OSServices.framework/Versions/A/OSServices
0x0000000001560000 	/System/Library/Frameworks/CoreServices.framework/Versions/A/Frameworks/SearchKit.framework/Versions/A/SearchKit
0x0000000001560000 	/System/Library/Frameworks/CoreServices.framework/Versions/A/Frameworks/AE.framework/Versions/A/AE
0x0000000001560000 	/System/Library/Frameworks/CoreServices.framework/Versions/A/Frameworks/LaunchServices.framework/Versions/A/LaunchServices
0x0000000001560000 	/System/Library/Frameworks/CoreServices.framework/Versions/A/Frameworks/DictionaryServices.framework/Versions/A/DictionaryServices
0x0000000001560000 	/System/Library/Frameworks/NetFS.framework/Versions/A/NetFS
0x0000000001560000 	/System/Library/PrivateFrameworks/NetAuth.framework/Versions/A/NetAuth
0x0000000001560000 	/System/Library/PrivateFrameworks/login.framework/Versions/A/Frameworks/loginsupport.framework/Versions/A/loginsupport
0x0000000001560000 	/System/Library/PrivateFrameworks/TCC.framework/Versions/A/TCC
0x0000000001560000 	/usr/lib/libmecabra.dylib
0x0000000001560000 	/System/Library/Frameworks/ApplicationServices.framework/Versions/A/Frameworks/ATS.framework/Versions/A/ATS
0x0000000001560000 	/System/Library/Frameworks/ApplicationServices.framework/Versions/A/Frameworks/ColorSync.framework/Versions/A/ColorSync
0x0000000001560000 	/System/Library/Frameworks/ApplicationServices.framework/Versions/A/Frameworks/HIServices.framework/Versions/A/HIServices
0x0000000001560000 	/System/Library/Frameworks/ApplicationServices.framework/Versions/A/Frameworks/LangAnalysis.framework/Versions/A/LangAnalysis
0x0000000001560000 	/System/Library/Frameworks/ApplicationServices.framework/Versions/A/Frameworks/PrintCore.framework/Versions/A/PrintCore
0x0000000001560000 	/System/Library/Frameworks/ApplicationServices.framework/Versions/A/Frameworks/QD.framework/Versions/A/QD
0x0000000001560000 	/System/Library/Frameworks/ApplicationServices.framework/Versions/A/Frameworks/SpeechSynthesis.framework/Versions/A/SpeechSynthesis
0x0000000001560000 	/System/Library/Frameworks/Accelerate.framework/Versions/A/Accelerate
0x0000000001560000 	/System/Library/Frameworks/Accelerate.framework/Versions/A/Frameworks/vImage.framework/Versions/A/vImage
0x0000000001560000 	/System/Library/Frameworks/Accelerate.framework/Versions/A/Frameworks/vecLib.framework/Versions/A/vecLib
0x0000000001560000 	/System/Library/Frameworks/Accelerate.framework/Versions/A/Frameworks/vecLib.framework/Versions/A/libvDSP.dylib
0x0000000001560000 	/System/Library/Frameworks/Accelerate.framework/Versions/A/Frameworks/vecLib.framework/Versions/A/libvMisc.dylib
0x0000000001560000 	/System/Library/Frameworks/Accelerate.framework/Versions/A/Frameworks/vecLib.framework/Versions/A/libLAPACK.dylib
0x0000000001560000 	/System/Library/Frameworks/Accelerate.framework/Versions/A/Frameworks/vecLib.framework/Versions/A/libBLAS.dylib
0x0000000001560000 	/System/Library/Frameworks/Accelerate.framework/Versions/A/Frameworks/vecLib.framework/Versions/A/libLinearAlgebra.dylib
0x0000000001560000 	/System/Library/Frameworks/ApplicationServices.framework/Versions/A/Frameworks/ATS.framework/Versions/A/Resources/libFontParser.dylib
0x0000000001560000 	/System/Library/Frameworks/ApplicationServices.framework/Versions/A/Frameworks/ATS.framework/Versions/A/Resources/libFontRegistry.dylib
0x0000000001560000 	/System/Library/PrivateFrameworks/AppleVPA.framework/Versions/A/AppleVPA
0x0000000001560000 	/System/Library/PrivateFrameworks/AppleJPEG.framework/Versions/A/AppleJPEG
0x0000000001560000 	/System/Library/Frameworks/ImageIO.framework/Versions/A/Resources/libJPEG.dylib
0x0000000001560000 	/System/Library/Frameworks/ImageIO.framework/Versions/A/Resources/libTIFF.dylib
0x0000000001560000 	/System/Library/Frameworks/ImageIO.framework/Versions/A/Resources/libPng.dylib
0x0000000001560000 	/System/Library/Frameworks/ImageIO.framework/Versions/A/Resources/libGIF.dylib
0x0000000001560000 	/System/Library/Frameworks/ImageIO.framework/Versions/A/Resources/libJP2.dylib
0x0000000001560000 	/System/Library/Frameworks/ImageIO.framework/Versions/A/Resources/libRadiance.dylib
0x0000000001560000 	/System/Library/Frameworks/CoreVideo.framework/Versions/A/CoreVideo
0x0000000001560000 	/System/Library/Frameworks/OpenGL.framework/Versions/A/Libraries/libGLU.dylib
0x0000000001560000 	/System/Library/Frameworks/OpenGL.framework/Versions/A/Libraries/libGFXShared.dylib
0x0000000001560000 	/System/Library/Frameworks/OpenGL.framework/Versions/A/Libraries/libGL.dylib
0x0000000001560000 	/System/Library/Frameworks/OpenGL.framework/Versions/A/Libraries/libGLImage.dylib
0x0000000001560000 	/System/Library/Frameworks/OpenGL.framework/Versions/A/Libraries/libCVMSPluginSupport.dylib
0x0000000001560000 	/System/Library/Frameworks/OpenGL.framework/Versions/A/Libraries/libCoreVMClient.dylib
0x0000000001560000 	/usr/lib/libcups.2.dylib
0x0000000001560000 	/System/Library/Frameworks/Kerberos.framework/Versions/A/Kerberos
0x0000000001560000 	/System/Library/Frameworks/GSS.framework/Versions/A/GSS
0x0000000001560000 	/usr/lib/libresolv.9.dylib
0x0000000001560000 	/usr/lib/libiconv.2.dylib
0x0000000001560000 	/System/Library/PrivateFrameworks/Heimdal.framework/Versions/A/Heimdal
0x0000000001560000 	/usr/lib/libheimdal-asn1.dylib
0x0000000001560000 	/System/Library/Frameworks/OpenDirectory.framework/Versions/A/OpenDirectory
0x0000000001560000 	/System/Library/PrivateFrameworks/CommonAuth.framework/Versions/A/CommonAuth
0x0000000001560000 	/System/Library/Frameworks/OpenDirectory.framework/Versions/A/Frameworks/CFOpenDirectory.framework/Versions/A/CFOpenDirectory
0x0000000001560000 	/System/Library/Frameworks/SecurityFoundation.framework/Versions/A/SecurityFoundation
0x0000000001560000 	/System/Library/PrivateFrameworks/LanguageModeling.framework/Versions/A/LanguageModeling
0x0000000001560000 	/usr/lib/libcmph.dylib
0x0000000001560000 	/System/Library/Frameworks/ServiceManagement.framework/Versions/A/ServiceManagement
0x0000000001560000 	/usr/lib/libxslt.1.dylib
0x0000000001560000 	/System/Library/Frameworks/Carbon.framework/Versions/A/Frameworks/Ink.framework/Versions/A/Ink
0x0000000001560000 	/System/Library/Frameworks/QuartzCore.framework/Versions/A/Frameworks/CoreImage.framework/Versions/A/CoreImage
0x0000000001560000 	/System/Library/PrivateFrameworks/CrashReporterSupport.framework/Versions/A/CrashReporterSupport
0x0000000001560000 	/System/Library/Frameworks/OpenCL.framework/Versions/A/OpenCL
0x0000000001560000 	/System/Library/PrivateFrameworks/FaceCore.framework/Versions/A/FaceCore
0x0000000001560000 	/System/Library/PrivateFrameworks/Ubiquity.framework/Versions/A/Ubiquity
0x0000000001560000 	/System/Library/PrivateFrameworks/IconServices.framework/Versions/A/IconServices
0x0000000001560000 	/System/Library/PrivateFrameworks/ChunkingLibrary.framework/Versions/A/ChunkingLibrary
0x0000000001560000 	/System/Library/PrivateFrameworks/Apple80211.framework/Versions/A/Apple80211
0x0000000001560000 	/System/Library/Frameworks/CoreWLAN.framework/Versions/A/CoreWLAN
0x0000000001560000 	/System/Library/Frameworks/IOBluetooth.framework/Versions/A/IOBluetooth
0x0000000001560000 	/System/Library/PrivateFrameworks/CoreWiFi.framework/Versions/A/CoreWiFi
0x0000000001560000 	/System/Library/Frameworks/CoreBluetooth.framework/Versions/A/CoreBluetooth
0x0000000001560000 	/System/Library/PrivateFrameworks/DebugSymbols.framework/Versions/A/DebugSymbols
0x0000000001560000 	/System/Library/PrivateFrameworks/CoreSymbolication.framework/Versions/A/CoreSymbolication
0x0000000001560000 	/System/Library/PrivateFrameworks/Symbolication.framework/Versions/A/Symbolication
0x0000000001560000 	/System/Library/PrivateFrameworks/SpeechRecognitionCore.framework/Versions/A/SpeechRecognitionCore
0x0000000106200000 	/Library/Java/JavaVirtualMachines/jdk1.8.0_25.jdk/Contents/Home/jre/lib/server/libjvm.dylib
0x0000000001560000 	/usr/lib/libstdc++.6.dylib
0x000000010513d000 	/Library/Java/JavaVirtualMachines/jdk1.8.0_25.jdk/Contents/Home/jre/lib/libverify.dylib
0x000000010514b000 	/Library/Java/JavaVirtualMachines/jdk1.8.0_25.jdk/Contents/Home/jre/lib/libjava.dylib
0x0000000105189000 	/Library/Java/JavaVirtualMachines/jdk1.8.0_25.jdk/Contents/Home/jre/lib/libzip.dylib
0x00000001051e3000 	/System/Library/Frameworks/JavaVM.framework/Frameworks/JavaRuntimeSupport.framework/JavaRuntimeSupport
0x0000000122da2000 	/System/Library/Frameworks/JavaVM.framework/Versions/A/Frameworks/JavaNativeFoundation.framework/Versions/A/JavaNativeFoundation
0x0000000122db7000 	/System/Library/Frameworks/JavaVM.framework/Versions/A/JavaVM
0x0000000001560000 	/System/Library/Frameworks/Carbon.framework/Versions/A/Carbon
0x0000000122dc4000 	/System/Library/PrivateFrameworks/JavaLaunching.framework/Versions/A/JavaLaunching
0x0000000001560000 	/System/Library/Frameworks/Carbon.framework/Versions/A/Frameworks/CommonPanels.framework/Versions/A/CommonPanels
0x0000000001560000 	/System/Library/Frameworks/Carbon.framework/Versions/A/Frameworks/Help.framework/Versions/A/Help
0x0000000001560000 	/System/Library/Frameworks/Carbon.framework/Versions/A/Frameworks/ImageCapture.framework/Versions/A/ImageCapture
0x0000000001560000 	/System/Library/Frameworks/Carbon.framework/Versions/A/Frameworks/OpenScripting.framework/Versions/A/OpenScripting
0x0000000001560000 	/System/Library/Frameworks/Carbon.framework/Versions/A/Frameworks/Print.framework/Versions/A/Print
0x0000000001560000 	/System/Library/Frameworks/Carbon.framework/Versions/A/Frameworks/SecurityHI.framework/Versions/A/SecurityHI
0x0000000124f87000 	/Library/Java/JavaVirtualMachines/jdk1.8.0_25.jdk/Contents/Home/jre/lib/libprism_es2.dylib
0x0000000001560000 	/System/Library/Frameworks/OpenGL.framework/Versions/A/Resources/GLEngine.bundle/GLEngine
0x0000000001560000 	/System/Library/Frameworks/OpenGL.framework/Versions/A/Libraries/libGLProgrammability.dylib
0x0000000000000000 	/System/Library/Extensions/AppleIntelHD4000GraphicsGLDriver.bundle/Contents/MacOS/AppleIntelHD4000GraphicsGLDriver
0x0000000001560000 	/System/Library/PrivateFrameworks/IOAccelerator.framework/Versions/A/IOAccelerator
0x0000000001560000 	/System/Library/PrivateFrameworks/GPUSupport.framework/Versions/A/Libraries/libGPUSupportMercury.dylib
0x0000000000000000 	/System/Library/Extensions/GeForceGLDriver.bundle/Contents/MacOS/GeForceGLDriver
0x0000000001560000 	/System/Library/Extensions/GeForceGLDriver.bundle/Contents/MacOS/libclh.dylib
0x0000000001560000 	/System/Library/Frameworks/OpenGL.framework/Versions/A/Resources/GLRendererFloat.bundle/GLRendererFloat
0x0000000001560000 	/System/Library/Frameworks/OpenCL.framework/Versions/A/Libraries/libcldcpuengine.dylib
0x0000000001560000 	/System/Library/PrivateFrameworks/DiskImages.framework/Versions/A/DiskImages
0x0000000001560000 	/System/Library/Frameworks/DiscRecording.framework/Versions/A/DiscRecording
0x0000000001560000 	/usr/lib/libcsfde.dylib
0x0000000001560000 	/usr/lib/libcurl.4.dylib
0x0000000001560000 	/System/Library/PrivateFrameworks/MediaKit.framework/Versions/A/MediaKit
0x0000000001560000 	/System/Library/PrivateFrameworks/ProtectedCloudStorage.framework/Versions/A/ProtectedCloudStorage
0x0000000001560000 	/usr/lib/libCoreStorage.dylib
0x0000000001560000 	/System/Library/PrivateFrameworks/EFILogin.framework/Versions/A/EFILogin
0x0000000001560000 	/usr/lib/libutil.dylib
0x0000000001560000 	/System/Library/PrivateFrameworks/FindMyDevice.framework/Versions/A/FindMyDevice
0x0000000001560000 	/System/Library/Frameworks/LDAP.framework/Versions/A/LDAP
0x0000000001560000 	/usr/lib/libsasl2.2.dylib
0x0000000001560000 	/System/Library/PrivateFrameworks/CoreDaemon.framework/Versions/B/CoreDaemon
0x0000000001560000 	/usr/lib/libcrypto.0.9.8.dylib
0x0000000001560000 	/System/Library/PrivateFrameworks/AppleSRP.framework/Versions/A/AppleSRP
0x0000000001560000 	/System/Library/PrivateFrameworks/TrustEvaluationAgent.framework/Versions/A/TrustEvaluationAgent
0x0000000125676000 	/Library/Java/JavaVirtualMachines/jdk1.8.0_25.jdk/Contents/Home/jre/lib/libglass.dylib
0x0000000001560000 	/System/Library/PrivateFrameworks/CoreServicesInternal.framework/Versions/A/CoreServicesInternal
0x0000000001560000 	/System/Library/PrivateFrameworks/CloudDocs.framework/Versions/A/CloudDocs
0x0000000001560000 	/System/Library/PrivateFrameworks/CoreDuet.framework/Versions/A/CoreDuet
0x0000000001560000 	/System/Library/Frameworks/CloudKit.framework/Versions/A/CloudKit
0x0000000001560000 	/System/Library/PrivateFrameworks/ProtocolBuffer.framework/Versions/A/ProtocolBuffer
0x0000000001560000 	/System/Library/PrivateFrameworks/CoreDuetDaemonProtocol.framework/Versions/A/CoreDuetDaemonProtocol
0x0000000001560000 	/System/Library/PrivateFrameworks/CoreDuetDebugLogging.framework/Versions/A/CoreDuetDebugLogging
0x0000000001560000 	/System/Library/PrivateFrameworks/MMCS.framework/Versions/A/MMCS
0x0000000001560000 	/System/Library/Frameworks/CoreLocation.framework/Versions/A/CoreLocation
0x0000000001560000 	/System/Library/PrivateFrameworks/GeoServices.framework/Versions/A/GeoServices
0x0000000001560000 	/System/Library/Frameworks/CoreGraphics.framework/Versions/A/Resources/libCGCMS.A.dylib
0x0000000001560000 	/System/Library/CoreServices/RawCamera.bundle/Contents/MacOS/RawCamera
0x0000000001560000 	/System/Library/Frameworks/CoreGraphics.framework/Versions/A/Resources/libRIP.A.dylib
0x0000000001560000 	/System/Library/PrivateFrameworks/FamilyControls.framework/Versions/A/FamilyControls
0x0000000001560000 	/System/Library/PrivateFrameworks/CommerceKit.framework/Versions/A/Frameworks/CommerceCore.framework/Versions/A/CommerceCore
0x0000000001560000 	/System/Library/PrivateFrameworks/SystemAdministration.framework/Versions/A/SystemAdministration
0x0000000001560000 	/System/Library/PrivateFrameworks/AppContainer.framework/Versions/A/AppContainer
0x0000000001560000 	/System/Library/PrivateFrameworks/SecCodeWrapper.framework/Versions/A/SecCodeWrapper
0x0000000001560000 	/System/Library/Frameworks/DirectoryService.framework/Versions/A/DirectoryService
0x0000000001560000 	/System/Library/PrivateFrameworks/LoginUIKit.framework/Versions/A/Frameworks/LoginUICore.framework/Versions/A/LoginUICore
0x0000000001560000 	/usr/lib/libodfde.dylib
0x0000000001560000 	/System/Library/Frameworks/CoreGraphics.framework/Versions/A/Resources/libCGXType.A.dylib
0x000000012a617000 	cl_kernels
0x000000012a619000 	/System/Library/Frameworks/OpenCL.framework/Versions/A/Libraries/ImageFormats/unorm8_bgra.dylib
0x000000012a608000 	cl_kernels
0x0000000127258000 	/Library/Java/JavaVirtualMachines/jdk1.8.0_25.jdk/Contents/Home/jre/lib/libnet.dylib
0x00000001270f1000 	/Library/Java/JavaVirtualMachines/jdk1.8.0_25.jdk/Contents/Home/jre/lib/libjavafx_font.dylib
0x000000012b102000 	/Library/Java/JavaVirtualMachines/jdk1.8.0_25.jdk/Contents/Home/jre/lib/libglib-lite.dylib
0x000000012ba78000 	/Library/Java/JavaVirtualMachines/jdk1.8.0_25.jdk/Contents/Home/jre/lib/libgstreamer-lite.dylib
0x000000012ab7b000 	/Library/Java/JavaVirtualMachines/jdk1.8.0_25.jdk/Contents/Home/jre/lib/libjfxmedia.dylib
0x0000000001560000 	/System/Library/Frameworks/QTKit.framework/Versions/A/QTKit
0x0000000001560000 	/System/Library/Frameworks/AVFoundation.framework/Versions/A/AVFoundation
0x0000000001560000 	/System/Library/Frameworks/CoreMedia.framework/Versions/A/CoreMedia
0x0000000001560000 	/System/Library/Frameworks/MediaToolbox.framework/Versions/A/MediaToolbox
0x0000000001560000 	/System/Library/Frameworks/VideoToolbox.framework/Versions/A/VideoToolbox
0x0000000001560000 	/System/Library/PrivateFrameworks/CoreMediaAuthoring.framework/Versions/A/CoreMediaAuthoring
0x0000000001560000 	/System/Library/Frameworks/CoreMediaIO.framework/Versions/A/CoreMediaIO
0x0000000001560000 	/System/Library/Frameworks/AVFoundation.framework/Versions/A/Resources/libAVFAudio.dylib
0x0000000001560000 	/System/Library/PrivateFrameworks/MediaControlSender.framework/Versions/A/MediaControlSender
0x0000000001560000 	/System/Library/PrivateFrameworks/CoreAVCHD.framework/Versions/A/CoreAVCHD
0x0000000001560000 	/System/Library/Frameworks/MediaAccessibility.framework/Versions/A/MediaAccessibility
0x0000000001560000 	/System/Library/PrivateFrameworks/Mangrove.framework/Versions/A/Mangrove
0x0000000001560000 	/System/Library/PrivateFrameworks/CoreAUC.framework/Versions/A/CoreAUC
0x0000000001560000 	/System/Library/PrivateFrameworks/NetworkStatistics.framework/Versions/A/NetworkStatistics
0x0000000001560000 	/System/Library/PrivateFrameworks/AirPlaySupport.framework/Versions/A/AirPlaySupport
0x0000000001560000 	/System/Library/PrivateFrameworks/CoreUtils.framework/Versions/A/CoreUtils
0x0000000001560000 	/System/Library/PrivateFrameworks/AppleVA.framework/Versions/A/AppleVA
0x0000000001560000 	/System/Library/PrivateFrameworks/XPCService.framework/Versions/A/XPCService
0x0000000001560000 	/System/Library/PrivateFrameworks/AppSandbox.framework/Versions/A/AppSandbox
0x0000000001560000 	/usr/lib/libsandbox.1.dylib
0x0000000001560000 	/usr/lib/libMatch.1.dylib
0x000000012704e000 	/Library/Java/JavaVirtualMachines/jdk1.8.0_25.jdk/Contents/Home/jre/lib/libfxplugins.dylib
0x000000012707a000 	/System/Library/Frameworks/VideoDecodeAcceleration.framework/Versions/A/VideoDecodeAcceleration
0x000000012c859000 	/Users/JEAcomputer/Documents/Desktoday/June 1 2015/rxtx-2.1-7-bins-r2/Mac_OS_X/librxtxSerial.jnilib
0x0000000127285000 	/System/Library/Extensions/AppleHDA.kext/Contents/PlugIns/AppleHDAHALPlugIn.bundle/Contents/MacOS/AppleHDAHALPlugIn
0x000000012c0fe000 	/System/Library/Components/CoreAudio.component/Contents/MacOS/CoreAudio
0x000000012dcd3000 	/System/Library/Components/AudioCodecs.component/Contents/MacOS/AudioCodecs
0x000000012ab00000 	/Library/Java/JavaVirtualMachines/jdk1.8.0_25.jdk/Contents/Home/jre/lib/libprism_common.dylib
0x000000012e6fb000 	/Library/Java/JavaVirtualMachines/jdk1.8.0_25.jdk/Contents/Home/jre/lib/libjavafx_iio.dylib
0x0000000125888000 	/Library/Java/JavaVirtualMachines/jdk1.8.0_25.jdk/Contents/Home/jre/lib/libnio.dylib

VM Arguments:
jvm_args: -Djava.library.path=/Users/JEAcomputer/Documents/Desktoday/June 1 2015/rxtx-2.1-7-bins-r2:/Users/JEAcomputer/Documents/Desktoday/June 1 2015/rxtx-2.1-7-bins-r2/Mac_OS_X -Dfile.encoding=UTF-8 
java_command: com.musicPlayer.JML.MusicPlayer
java_class_path (initial): /Users/JEAcomputer/Documents/Programming/MusicPlayerV2/bin:/Applications/eclipse/plugins/org.eclipse.fx.ide.css.jfx8_1.1.0.201411050807.jar:/Users/JEAcomputer/Documents/Programming/MusicPlayer/src/ItunesUtilities.jar:/Users/JEAcomputer/Documents/Programming/MusicPlayer/src/xstream-1.4.7.jar:/Users/JEAcomputer/Documents/Desktoday/February 9 2015/xstream-1.4.7/lib/xstream/kxml2-2.3.0.jar:/Users/JEAcomputer/Documents/Desktoday/February 9 2015/xstream-1.4.7/lib/xstream/xpp3_min-1.1.4c.jar:/Users/JEAcomputer/Documents/Desktoday/June 1 2015/rxtx-2.1-7-bins-r2/RXTXcomm.jar
Launcher Type: SUN_STANDARD

Environment Variables:
PATH=/usr/bin:/bin:/usr/sbin:/sbin
SHELL=/bin/bash

Signal Handlers:
SIGSEGV: [libjvm.dylib+0x579dc7], sa_mask[0]=11111111011111110111111111111111, sa_flags=SA_ONSTACK|SA_RESTART|SA_SIGINFO
SIGBUS: [libjvm.dylib+0x579dc7], sa_mask[0]=11111111011111110111111111111111, sa_flags=SA_RESTART|SA_SIGINFO
SIGFPE: [libjvm.dylib+0x45b030], sa_mask[0]=11111111011111110111111111111111, sa_flags=SA_RESTART|SA_SIGINFO
SIGPIPE: [libjvm.dylib+0x45b030], sa_mask[0]=11111111011111110111111111111111, sa_flags=SA_RESTART|SA_SIGINFO
SIGXFSZ: [libjvm.dylib+0x45b030], sa_mask[0]=11111111011111110111111111111111, sa_flags=SA_RESTART|SA_SIGINFO
SIGILL: [libjvm.dylib+0x45b030], sa_mask[0]=11111111011111110111111111111111, sa_flags=SA_RESTART|SA_SIGINFO
SIGUSR1: SIG_DFL, sa_mask[0]=00000000000000000000000000000000, sa_flags=none
SIGUSR2: [libjvm.dylib+0x45ab4e], sa_mask[0]=00100000000000000000000000000000, sa_flags=SA_RESTART|SA_SIGINFO
SIGHUP: [AudioToolbox+0xf933a], sa_mask[0]=00000000000000000000000000000000, sa_flags=SA_RESTART
SIGINT: [libjvm.dylib+0x459121], sa_mask[0]=11111111011111110111111111111111, sa_flags=SA_RESTART|SA_SIGINFO
SIGTERM: [libjvm.dylib+0x459121], sa_mask[0]=11111111011111110111111111111111, sa_flags=SA_RESTART|SA_SIGINFO
SIGQUIT: [libjvm.dylib+0x459121], sa_mask[0]=11111111011111110111111111111111, sa_flags=SA_RESTART|SA_SIGINFO


---------------  S Y S T E M  ---------------

OS:Bsduname:Darwin 14.4.0 Darwin Kernel Version 14.4.0: Tue May  5 14:17:52 PDT 2015; root:xnu-2782.30.4~3/RELEASE_X86_64 x86_64
rlimit: STACK 8192k, CORE 0k, NPROC 709, NOFILE 10240, AS infinity
load average:3.42 3.13 2.89

CPU:total 8 (4 cores per cpu, 2 threads per core) family 6 model 58 stepping 9, cmov, cx8, fxsr, mmx, sse, sse2, sse3, ssse3, sse4.1, sse4.2, popcnt, avx, aes, clmul, erms, ht, tsc, tscinvbit, tscinv

Memory: 4k page, physical 16777216k(41680k free)

/proc/meminfo:


vm_info: Java HotSpot(TM) 64-Bit Server VM (25.25-b02) for bsd-amd64 JRE (1.8.0_25-b17), built on Sep 17 2014 16:56:50 by "java_re" with gcc 4.2.1 (Based on Apple Inc. build 5658) (LLVM build 2336.11.00)

time: Fri Jun  5 21:40:48 2015
elapsed time: 16 seconds (0d 0h 0m 16s)

