#
# A fatal error has been detected by the Java Runtime Environment:
#
#  SIGSEGV (0xb) at pc=0x000000012e4b916b, pid=43992, tid=101635
#
# JRE version: Java(TM) SE Runtime Environment (8.0_25-b17) (build 1.8.0_25-b17)
# Java VM: Java HotSpot(TM) 64-Bit Server VM (25.25-b02 mixed mode bsd-amd64 compressed oops)
# Problematic frame:
# C  [libgstreamer-lite.dylib+0xb416b]  gst_iir_equ_process_gfloat+0x97
#
# Failed to write core dump. Core dumps have been disabled. To enable core dumping, try "ulimit -c unlimited" before starting Java again
#
# If you would like to submit a bug report, please visit:
#   http://bugreport.sun.com/bugreport/crash.jsp
#

---------------  T H R E A D  ---------------

Current thread is native thread

siginfo: si_signo: 11 (SIGSEGV), si_code: 0 (unknown), si_addr: 0x0000000000000000

Registers:
RAX=0x0000000000000400, RBX=0x00007f9a9d86ec00, RCX=0x0000000000000002, RDX=0x0000000000000008
RSP=0x00000001476279d8, RBP=0x0000000147627a00, RSI=0x00007f9a9d86ec00, RDI=0x0000000000000080
R8 =0x00007f9a9d02bcfc, R9 =0x00007f9a9d02b3b0, R10=0x0000000000000008, R11=0x0000000000000002
R12=0x00007f9a9d02b3e8, R13=0x0004000000000000, R14=0x00007f9a9d02bd00, R15=0x0000000000000001
RIP=0x000000012e4b916b, EFLAGS=0x0000000000010202, ERR=0x0000000000000000
  TRAPNO=0x000000000000000d

Top of Stack: (sp=0x00000001476279d8)
0x00000001476279d8:   00007f9a9a365f70 00007f9a93fd8100
0x00000001476279e8:   00007f9a957aadb0 0000000000000000
0x00000001476279f8:   000000012e4f774a 0000000147627a80
0x0000000147627a08:   000000012e4b9096 00007f9a9a365f70
0x0000000147627a18:   00007f9a9a365f70 00007f9a9a1b0280
0x0000000147627a28:   0000000000000007 3fe481b2c4f1794b
0x0000000147627a38:   3ffdef77846de3d2 40023ca61dcc76a2
0x0000000147627a48:   3ff3234db4535fb7 3febdeef08dbc7a3
0x0000000147627a58:   0000000000000000 0000000000000000
0x0000000147627a68:   0000000000000000 00007f9a9a365f70
0x0000000147627a78:   0000000000000000 0000000147627b10
0x0000000147627a88:   000000012e4593bd 00007f9a9a1ab750
0x0000000147627a98:   000001039520abe0 00007f9a9a29b9c4
0x0000000147627aa8:   00007f9a9a366290 00007f9a00002000
0x0000000147627ab8:   00007f9a9520abe0 00007f9a957a8290
0x0000000147627ac8:   0000000000000001 0000000147627b20
0x0000000147627ad8:   00007f9a9a1b0280 000020009a29b9b8
0x0000000147627ae8:   00007f9a9a1b0280 000000012e45803c
0x0000000147627af8:   0000000000000000 00007f9a9a365f70
0x0000000147627b08:   0000000001624ef2 0000000147627b40
0x0000000147627b18:   000000012e4580d6 00007f9a9a1b0280
0x0000000147627b28:   00007f9a9a1b0280 00007f9a9a1ab750
0x0000000147627b38:   00007f9a9520abe0 0000000147627ba0
0x0000000147627b48:   000000012e426290 00007f9a9a365cf0
0x0000000147627b58:   00007f9a9a1ab750 0000000147627ba0
0x0000000147627b68:   000000018639ab4e 0000000147627c08
0x0000000147627b78:   00007f9a9a1b0280 00007f9a9520abe0
0x0000000147627b88:   0000000000000000 00007f9a9a365cf0
0x0000000147627b98:   00007f9a9a1ab750 0000000147627bf0
0x0000000147627ba8:   000000012e426739 000000012e538450
0x0000000147627bb8:   0000000147627c08 0000000147627bf0
0x0000000147627bc8:   00007f9a9a1b0280 000000012e538450 

Instructions: (pc=0x000000012e4b916b)
0x000000012e4b914b:   a3 00 00 00 4d 8d 34 38 49 83 c0 0c 4d 89 d7 4d
0x000000012e4b915b:   89 cc eb 03 0f 28 c1 4d 8b 2c 24 f3 41 0f 5a 08
0x000000012e4b916b:   f2 41 0f 59 4d 78 f3 41 0f 10 50 f4 f3 41 0f 10
0x000000012e4b917b:   58 fc f3 0f 5a e3 f2 41 0f 59 65 70 f3 41 0f 5a 

Register to memory mapping:

RAX=0x0000000000000400 is an unknown value
RBX=0x00007f9a9d86ec00 is an unknown value
RCX=0x0000000000000002 is an unknown value
RDX=0x0000000000000008 is an unknown value
RSP=0x00000001476279d8 is an unknown value
RBP=0x0000000147627a00 is an unknown value
RSI=0x00007f9a9d86ec00 is an unknown value
RDI=0x0000000000000080 is an unknown value
R8 =0x00007f9a9d02bcfc is an unknown value
R9 =0x00007f9a9d02b3b0 is an unknown value
R10=0x0000000000000008 is an unknown value
R11=0x0000000000000002 is an unknown value
R12=0x00007f9a9d02b3e8 is an unknown value
R13=0x0004000000000000 is an unknown value
R14=0x00007f9a9d02bd00 is an unknown value
R15=0x0000000000000001 is an unknown value


Stack: [0x00000001475a8000,0x0000000147628000],  sp=0x00000001476279d8,  free space=510k
Native frames: (J=compiled Java code, j=interpreted, Vv=VM code, C=native code)
C  [libgstreamer-lite.dylib+0xb416b]  gst_iir_equ_process_gfloat+0x97
C  [libgstreamer-lite.dylib+0xb4096]  gst_iir_equalizer_transform_ip+0x838
C  [libgstreamer-lite.dylib+0x543bd]  gst_base_transform_handle_buffer+0x922
C  [libgstreamer-lite.dylib+0x530d6]  gst_base_transform_chain+0x9a
C  [libgstreamer-lite.dylib+0x21290]  gst_pad_chain_data_unchecked+0x134
C  [libgstreamer-lite.dylib+0x21739]  gst_pad_push_data+0x14a
C  [libgstreamer-lite.dylib+0x21c6a]  gst_pad_push+0x1d5
C  [libfxplugins.dylib+0x1dad]  audioconverter_chain+0xa63
C  [libgstreamer-lite.dylib+0x21bc6]  gst_pad_push+0x131
C  [libgstreamer-lite.dylib+0xa7434]  gst_queue_loop+0x320
C  [libgstreamer-lite.dylib+0x38b1e]  gst_task_func+0x1d3
C  [libglib-lite.dylib+0x45afd]  g_thread_pool_thread_proxy+0xdd
C  [libglib-lite.dylib+0x445ee]  g_thread_create_proxy+0xd1
C  [libsystem_pthread.dylib+0x3268]  _pthread_body+0x83
C  [libsystem_pthread.dylib+0x31e5]  _pthread_body+0x0
C  [libsystem_pthread.dylib+0x141d]  thread_start+0xd


---------------  P R O C E S S  ---------------

VM state:not at safepoint (normal execution)

VM Mutex/Monitor currently owned by a thread: None

Heap:
 PSYoungGen      total 1395200K, used 1381778K [0x000000076ab00000, 0x00000007c0000000, 0x00000007c0000000)
  eden space 1393664K, 99% used [0x000000076ab00000,0x00000007beee4b18,0x00000007bfc00000)
  from space 1536K, 100% used [0x00000007bfe80000,0x00000007c0000000,0x00000007c0000000)
  to   space 2048K, 0% used [0x00000007bfc00000,0x00000007bfc00000,0x00000007bfe00000)
 ParOldGen       total 139776K, used 38861K [0x00000006c0000000, 0x00000006c8880000, 0x000000076ab00000)
  object space 139776K, 27% used [0x00000006c0000000,0x00000006c25f3440,0x00000006c8880000)
 Metaspace       used 23870K, capacity 25410K, committed 25600K, reserved 1071104K
  class space    used 3290K, capacity 3583K, committed 3584K, reserved 1048576K

Card table byte_map: [0x00000001194dc000,0x0000000119cdd000] byte_map_base: 0x0000000115edc000

Marking Bits: (ParMarkBitMap*) 0x0000000109a9d390
 Begin Bits: [0x000000011aa4b000, 0x000000011ea4b000)
 End Bits:   [0x000000011ea4b000, 0x0000000122a4b000)

Polling page: 0x00000001081d6000

CodeCache: size=245760Kb used=16522Kb max_used=16590Kb free=229237Kb
 bounds [0x000000010a11c000, 0x000000010b17c000, 0x000000011911c000]
 total_blobs=5541 nmethods=4862 adapters=591
 compilation: enabled

Compilation events (10 events):
Event: 36.739 Thread 0x00007f9a9582d000 5763   !   3       sun.net.www.ParseUtil::decode (316 bytes)
Event: 36.742 Thread 0x00007f9a9582d000 nmethod 5763 0x000000010b1642d0 code [0x000000010b1647c0, 0x000000010b167e98]
Event: 36.808 Thread 0x00007f9a94801000 5764   !   4       com.sun.javafx.collections.ListListenerHelper$SingleChange::fireValueChangedEvent (30 bytes)
Event: 36.808 Thread 0x00007f9a9582d000 5765       3       javafx.scene.CssStyleHelper::resetToInitialValues (167 bytes)
Event: 36.808 Thread 0x00007f9a9582b800 5766       4       javafx.beans.property.ReadOnlyObjectWrapper::fireValueChangedEvent (15 bytes)
Event: 36.808 Thread 0x00007f9a95831000 5767       4       javafx.scene.Node::setScenes (75 bytes)
Event: 36.809 Thread 0x00007f9a94801000 nmethod 5764 0x000000010a5c9b90 code [0x000000010a5c9ce0, 0x000000010a5c9dc8]
Event: 36.809 Thread 0x00007f9a9582b800 nmethod 5766 0x000000010b162ad0 code [0x000000010b162c20, 0x000000010b162cb8]
Event: 36.809 Thread 0x00007f9a9582d000 nmethod 5765 0x000000010a46eb50 code [0x000000010a46ede0, 0x000000010a470028]
Event: 36.863 Thread 0x00007f9a95831000 nmethod 5767 0x000000010b16de10 code [0x000000010b16e200, 0x000000010b170820]

GC Heap History (10 events):
Event: 32.945 GC heap before
{Heap before GC invocations=717 (full 1):
 PSYoungGen      total 1396736K, used 1396320K [0x000000076ab00000, 0x00000007c0000000, 0x00000007c0000000)
  eden space 1395712K, 100% used [0x000000076ab00000,0x00000007bfe00000,0x00000007bfe00000)
  from space 1024K, 59% used [0x00000007bfe00000,0x00000007bfe98000,0x00000007bff00000)
  to   space 1024K, 0% used [0x00000007bff00000,0x00000007bff00000,0x00000007c0000000)
 ParOldGen       total 139776K, used 38005K [0x00000006c0000000, 0x00000006c8880000, 0x000000076ab00000)
  object space 139776K, 27% used [0x00000006c0000000,0x00000006c251d440,0x00000006c8880000)
 Metaspace       used 23824K, capacity 25346K, committed 25600K, reserved 1071104K
  class space    used 3289K, capacity 3583K, committed 3584K, reserved 1048576K
Event: 32.947 GC heap after
Heap after GC invocations=717 (full 1):
 PSYoungGen      total 1396736K, used 608K [0x000000076ab00000, 0x00000007c0000000, 0x00000007c0000000)
  eden space 1395712K, 0% used [0x000000076ab00000,0x000000076ab00000,0x00000007bfe00000)
  from space 1024K, 59% used [0x00000007bff00000,0x00000007bff98000,0x00000007c0000000)
  to   space 1024K, 0% used [0x00000007bfe00000,0x00000007bfe00000,0x00000007bff00000)
 ParOldGen       total 139776K, used 38005K [0x00000006c0000000, 0x00000006c8880000, 0x000000076ab00000)
  object space 139776K, 27% used [0x00000006c0000000,0x00000006c251d440,0x00000006c8880000)
 Metaspace       used 23824K, capacity 25346K, committed 25600K, reserved 1071104K
  class space    used 3289K, capacity 3583K, committed 3584K, reserved 1048576K
}
Event: 34.610 GC heap before
{Heap before GC invocations=718 (full 1):
 PSYoungGen      total 1396736K, used 1396320K [0x000000076ab00000, 0x00000007c0000000, 0x00000007c0000000)
  eden space 1395712K, 100% used [0x000000076ab00000,0x00000007bfe00000,0x00000007bfe00000)
  from space 1024K, 59% used [0x00000007bff00000,0x00000007bff98000,0x00000007c0000000)
  to   space 1024K, 0% used [0x00000007bfe00000,0x00000007bfe00000,0x00000007bff00000)
 ParOldGen       total 139776K, used 38005K [0x00000006c0000000, 0x00000006c8880000, 0x000000076ab00000)
  object space 139776K, 27% used [0x00000006c0000000,0x00000006c251d440,0x00000006c8880000)
 Metaspace       used 23852K, capacity 25346K, committed 25600K, reserved 1071104K
  class space    used 3289K, capacity 3583K, committed 3584K, reserved 1048576K
Event: 34.612 GC heap after
Heap after GC invocations=718 (full 1):
 PSYoungGen      total 1396736K, used 1024K [0x000000076ab00000, 0x00000007c0000000, 0x00000007c0000000)
  eden space 1395712K, 0% used [0x000000076ab00000,0x000000076ab00000,0x00000007bfe00000)
  from space 1024K, 100% used [0x00000007bfe00000,0x00000007bff00000,0x00000007bff00000)
  to   space 1024K, 0% used [0x00000007bff00000,0x00000007bff00000,0x00000007c0000000)
 ParOldGen       total 139776K, used 38341K [0x00000006c0000000, 0x00000006c8880000, 0x000000076ab00000)
  object space 139776K, 27% used [0x00000006c0000000,0x00000006c2571440,0x00000006c8880000)
 Metaspace       used 23852K, capacity 25346K, committed 25600K, reserved 1071104K
  class space    used 3289K, capacity 3583K, committed 3584K, reserved 1048576K
}
Event: 34.876 GC heap before
{Heap before GC invocations=719 (full 1):
 PSYoungGen      total 1396736K, used 1396736K [0x000000076ab00000, 0x00000007c0000000, 0x00000007c0000000)
  eden space 1395712K, 100% used [0x000000076ab00000,0x00000007bfe00000,0x00000007bfe00000)
  from space 1024K, 100% used [0x00000007bfe00000,0x00000007bff00000,0x00000007bff00000)
  to   space 1024K, 0% used [0x00000007bff00000,0x00000007bff00000,0x00000007c0000000)
 ParOldGen       total 139776K, used 38341K [0x00000006c0000000, 0x00000006c8880000, 0x000000076ab00000)
  object space 139776K, 27% used [0x00000006c0000000,0x00000006c2571440,0x00000006c8880000)
 Metaspace       used 23853K, capacity 25346K, committed 25600K, reserved 1071104K
  class space    used 3289K, capacity 3583K, committed 3584K, reserved 1048576K
Event: 34.878 GC heap after
Heap after GC invocations=719 (full 1):
 PSYoungGen      total 1395712K, used 1024K [0x000000076ab00000, 0x00000007c0000000, 0x00000007c0000000)
  eden space 1394688K, 0% used [0x000000076ab00000,0x000000076ab00000,0x00000007bfd00000)
  from space 1024K, 100% used [0x00000007bff00000,0x00000007c0000000,0x00000007c0000000)
  to   space 1536K, 0% used [0x00000007bfd00000,0x00000007bfd00000,0x00000007bfe80000)
 ParOldGen       total 139776K, used 38429K [0x00000006c0000000, 0x00000006c8880000, 0x000000076ab00000)
  object space 139776K, 27% used [0x00000006c0000000,0x00000006c2587440,0x00000006c8880000)
 Metaspace       used 23853K, capacity 25346K, committed 25600K, reserved 1071104K
  class space    used 3289K, capacity 3583K, committed 3584K, reserved 1048576K
}
Event: 35.644 GC heap before
{Heap before GC invocations=720 (full 1):
 PSYoungGen      total 1395712K, used 1395712K [0x000000076ab00000, 0x00000007c0000000, 0x00000007c0000000)
  eden space 1394688K, 100% used [0x000000076ab00000,0x00000007bfd00000,0x00000007bfd00000)
  from space 1024K, 100% used [0x00000007bff00000,0x00000007c0000000,0x00000007c0000000)
  to   space 1536K, 0% used [0x00000007bfd00000,0x00000007bfd00000,0x00000007bfe80000)
 ParOldGen       total 139776K, used 38429K [0x00000006c0000000, 0x00000006c8880000, 0x000000076ab00000)
  object space 139776K, 27% used [0x00000006c0000000,0x00000006c2587440,0x00000006c8880000)
 Metaspace       used 23861K, capacity 25346K, committed 25600K, reserved 1071104K
  class space    used 3289K, capacity 3583K, committed 3584K, reserved 1048576K
Event: 35.647 GC heap after
Heap after GC invocations=720 (full 1):
 PSYoungGen      total 1396224K, used 1536K [0x000000076ab00000, 0x00000007c0000000, 0x00000007c0000000)
  eden space 1394688K, 0% used [0x000000076ab00000,0x000000076ab00000,0x00000007bfd00000)
  from space 1536K, 100% used [0x00000007bfd00000,0x00000007bfe80000,0x00000007bfe80000)
  to   space 1536K, 0% used [0x00000007bfe80000,0x00000007bfe80000,0x00000007c0000000)
 ParOldGen       total 139776K, used 38781K [0x00000006c0000000, 0x00000006c8880000, 0x000000076ab00000)
  object space 139776K, 27% used [0x00000006c0000000,0x00000006c25df440,0x00000006c8880000)
 Metaspace       used 23861K, capacity 25346K, committed 25600K, reserved 1071104K
  class space    used 3289K, capacity 3583K, committed 3584K, reserved 1048576K
}
Event: 36.685 GC heap before
{Heap before GC invocations=721 (full 1):
 PSYoungGen      total 1396224K, used 1396224K [0x000000076ab00000, 0x00000007c0000000, 0x00000007c0000000)
  eden space 1394688K, 100% used [0x000000076ab00000,0x00000007bfd00000,0x00000007bfd00000)
  from space 1536K, 100% used [0x00000007bfd00000,0x00000007bfe80000,0x00000007bfe80000)
  to   space 1536K, 0% used [0x00000007bfe80000,0x00000007bfe80000,0x00000007c0000000)
 ParOldGen       total 139776K, used 38781K [0x00000006c0000000, 0x00000006c8880000, 0x000000076ab00000)
  object space 139776K, 27% used [0x00000006c0000000,0x00000006c25df440,0x00000006c8880000)
 Metaspace       used 23864K, capacity 25410K, committed 25600K, reserved 1071104K
  class space    used 3290K, capacity 3583K, committed 3584K, reserved 1048576K
Event: 36.687 GC heap after
Heap after GC invocations=721 (full 1):
 PSYoungGen      total 1395200K, used 1536K [0x000000076ab00000, 0x00000007c0000000, 0x00000007c0000000)
  eden space 1393664K, 0% used [0x000000076ab00000,0x000000076ab00000,0x00000007bfc00000)
  from space 1536K, 100% used [0x00000007bfe80000,0x00000007c0000000,0x00000007c0000000)
  to   space 2048K, 0% used [0x00000007bfc00000,0x00000007bfc00000,0x00000007bfe00000)
 ParOldGen       total 139776K, used 38861K [0x00000006c0000000, 0x00000006c8880000, 0x000000076ab00000)
  object space 139776K, 27% used [0x00000006c0000000,0x00000006c25f3440,0x00000006c8880000)
 Metaspace       used 23864K, capacity 25410K, committed 25600K, reserved 1071104K
  class space    used 3290K, capacity 3583K, committed 3584K, reserved 1048576K
}

Deoptimization events (10 events):
Event: 28.499 Thread 0x00007f9a948db000 Uncommon trap: reason=unreached action=reinterpret pc=0x000000010b06c9a8 method=javafx.scene.Parent.getManagedChildren()Ljava/util/List; @ 4
Event: 28.499 Thread 0x00007f9a948db000 Uncommon trap: reason=bimorphic action=maybe_recompile pc=0x000000010ae9601c method=javafx.scene.Node.minHeight(D)D @ 2
Event: 28.499 Thread 0x00007f9a948db000 Uncommon trap: reason=bimorphic action=maybe_recompile pc=0x000000010aeeebdc method=javafx.scene.Node.maxHeight(D)D @ 2
Event: 28.501 Thread 0x00007f9a948db000 Uncommon trap: reason=unreached action=reinterpret pc=0x000000010aed12ec method=com.sun.javafx.sg.prism.NGNode.setTransformMatrix(Lcom/sun/javafx/geom/transform/BaseTransform;)V @ 18
Event: 28.572 Thread 0x00007f9a948db000 Uncommon trap: reason=bimorphic action=maybe_recompile pc=0x000000010ae9601c method=javafx.scene.Node.minHeight(D)D @ 2
Event: 28.572 Thread 0x00007f9a948db000 Uncommon trap: reason=bimorphic action=maybe_recompile pc=0x000000010aeeebdc method=javafx.scene.Node.maxHeight(D)D @ 2
Event: 33.005 Thread 0x00007f9a948db000 Uncommon trap: reason=bimorphic action=maybe_recompile pc=0x000000010ae9601c method=javafx.scene.Node.minHeight(D)D @ 2
Event: 33.005 Thread 0x00007f9a948db000 Uncommon trap: reason=bimorphic action=maybe_recompile pc=0x000000010aeeebdc method=javafx.scene.Node.maxHeight(D)D @ 2
Event: 33.024 Thread 0x00007f9a948db000 Uncommon trap: reason=bimorphic action=maybe_recompile pc=0x000000010ae9601c method=javafx.scene.Node.minHeight(D)D @ 2
Event: 33.024 Thread 0x00007f9a948db000 Uncommon trap: reason=bimorphic action=maybe_recompile pc=0x000000010aeeebdc method=javafx.scene.Node.maxHeight(D)D @ 2

Internal exceptions (10 events):
Event: 7.909 Thread 0x00007f9a948db000 Exception <a 'java/security/PrivilegedActionException'> (0x0000000791e8cf18) thrown at [/HUDSON3/workspace/8-2-build-macosx-x86_64/jdk8u25/1514/hotspot/src/share/vm/prims/jvm.cpp, line 1312]
Event: 7.910 Thread 0x00007f9a948db000 Exception <a 'java/security/PrivilegedActionException'> (0x0000000791e92ed8) thrown at [/HUDSON3/workspace/8-2-build-macosx-x86_64/jdk8u25/1514/hotspot/src/share/vm/prims/jvm.cpp, line 1312]
Event: 7.911 Thread 0x00007f9a948db000 Implicit null exception at 0x000000010a7f2eab to 0x000000010a7f36b1
Event: 7.943 Thread 0x00007f9a948db000 Exception <a 'java/io/FileNotFoundException'> (0x0000000785f7f5a8) thrown at [/HUDSON3/workspace/8-2-build-macosx-x86_64/jdk8u25/1514/hotspot/src/share/vm/prims/jni.cpp, line 716]
Event: 7.952 Thread 0x00007f9a948db000 Implicit null exception at 0x000000010a6a2c00 to 0x000000010a6a3239
Event: 8.008 Thread 0x00007f9a948db000 Exception <a 'java/security/PrivilegedActionException'> (0x00000007b7b56450) thrown at [/HUDSON3/workspace/8-2-build-macosx-x86_64/jdk8u25/1514/hotspot/src/share/vm/prims/jvm.cpp, line 1312]
Event: 10.669 Thread 0x00007f9a948db000 Implicit null exception at 0x000000010ab6b764 to 0x000000010ab6f1a5
Event: 28.203 Thread 0x00007f9a948db000 Implicit null exception at 0x000000010a9189d4 to 0x000000010a919379
Event: 28.499 Thread 0x00007f9a948db000 Implicit null exception at 0x000000010b06c760 to 0x000000010b06c999
Event: 28.501 Thread 0x00007f9a948db000 Implicit null exception at 0x000000010aecea01 to 0x000000010aed12d5

Events (10 events):
Event: 36.884 Thread 0x00007f9a9592a000 Thread added: 0x00007f9a9592a000
Event: 36.884 Thread 0x00007f9a9592a000 Thread exited: 0x00007f9a9592a000
Event: 36.884 Thread 0x00007f9a9e002000 Thread added: 0x00007f9a9e002000
Event: 36.884 Thread 0x00007f9a9e002000 Thread exited: 0x00007f9a9e002000
Event: 36.885 Thread 0x00007f9a9e002000 Thread added: 0x00007f9a9e002000
Event: 36.885 Thread 0x00007f9a9e002000 Thread exited: 0x00007f9a9e002000
Event: 36.886 Thread 0x00007f9a9592a000 Thread added: 0x00007f9a9592a000
Event: 36.886 Thread 0x00007f9a9592a000 Thread exited: 0x00007f9a9592a000
Event: 36.887 Thread 0x00007f9a9e002000 Thread added: 0x00007f9a9e002000
Event: 36.887 Thread 0x00007f9a9e002000 Thread exited: 0x00007f9a9e002000


Dynamic libraries:
0x0000000001003000 	/System/Library/Frameworks/Cocoa.framework/Versions/A/Cocoa
0x0000000001003000 	/System/Library/Frameworks/Security.framework/Versions/A/Security
0x0000000001003000 	/System/Library/Frameworks/ApplicationServices.framework/Versions/A/ApplicationServices
0x0000000001003000 	/usr/lib/libz.1.dylib
0x0000000001003000 	/usr/lib/libSystem.B.dylib
0x0000000001003000 	/usr/lib/libobjc.A.dylib
0x0000000001003000 	/System/Library/Frameworks/CoreFoundation.framework/Versions/A/CoreFoundation
0x0000000001003000 	/System/Library/Frameworks/Foundation.framework/Versions/C/Foundation
0x0000000001003000 	/System/Library/Frameworks/AppKit.framework/Versions/C/AppKit
0x0000000001003000 	/System/Library/Frameworks/CoreData.framework/Versions/A/CoreData
0x0000000001003000 	/System/Library/PrivateFrameworks/RemoteViewServices.framework/Versions/A/RemoteViewServices
0x0000000001003000 	/System/Library/PrivateFrameworks/UIFoundation.framework/Versions/A/UIFoundation
0x0000000001003000 	/System/Library/Frameworks/IOSurface.framework/Versions/A/IOSurface
0x0000000001003000 	/System/Library/Frameworks/AudioToolbox.framework/Versions/A/AudioToolbox
0x0000000001003000 	/System/Library/Frameworks/AudioUnit.framework/Versions/A/AudioUnit
0x0000000001003000 	/System/Library/PrivateFrameworks/DataDetectorsCore.framework/Versions/A/DataDetectorsCore
0x0000000001003000 	/System/Library/PrivateFrameworks/DesktopServicesPriv.framework/Versions/A/DesktopServicesPriv
0x0000000001003000 	/System/Library/Frameworks/Carbon.framework/Versions/A/Frameworks/HIToolbox.framework/Versions/A/HIToolbox
0x0000000001003000 	/System/Library/Frameworks/QuartzCore.framework/Versions/A/QuartzCore
0x0000000001003000 	/System/Library/Frameworks/Carbon.framework/Versions/A/Frameworks/SpeechRecognition.framework/Versions/A/SpeechRecognition
0x0000000001003000 	/usr/lib/libauto.dylib
0x0000000001003000 	/usr/lib/libicucore.A.dylib
0x0000000001003000 	/usr/lib/libxml2.2.dylib
0x0000000001003000 	/System/Library/PrivateFrameworks/CoreUI.framework/Versions/A/CoreUI
0x0000000001003000 	/System/Library/Frameworks/CoreAudio.framework/Versions/A/CoreAudio
0x0000000001003000 	/System/Library/Frameworks/DiskArbitration.framework/Versions/A/DiskArbitration
0x0000000001003000 	/usr/lib/liblangid.dylib
0x0000000001003000 	/System/Library/PrivateFrameworks/MultitouchSupport.framework/Versions/A/MultitouchSupport
0x0000000001003000 	/System/Library/Frameworks/IOKit.framework/Versions/A/IOKit
0x0000000001003000 	/usr/lib/libDiagnosticMessagesClient.dylib
0x0000000001003000 	/System/Library/Frameworks/CoreServices.framework/Versions/A/CoreServices
0x0000000001003000 	/System/Library/PrivateFrameworks/PerformanceAnalysis.framework/Versions/A/PerformanceAnalysis
0x0000000001003000 	/System/Library/PrivateFrameworks/GenerationalStorage.framework/Versions/A/GenerationalStorage
0x0000000001003000 	/System/Library/Frameworks/OpenGL.framework/Versions/A/OpenGL
0x0000000001003000 	/System/Library/PrivateFrameworks/Sharing.framework/Versions/A/Sharing
0x0000000001003000 	/System/Library/Frameworks/CoreGraphics.framework/Versions/A/CoreGraphics
0x0000000001003000 	/System/Library/Frameworks/CoreText.framework/Versions/A/CoreText
0x0000000001003000 	/System/Library/Frameworks/ImageIO.framework/Versions/A/ImageIO
0x0000000001003000 	/usr/lib/libextension.dylib
0x0000000001003000 	/System/Library/PrivateFrameworks/Backup.framework/Versions/A/Backup
0x0000000001003000 	/usr/lib/libarchive.2.dylib
0x0000000001003000 	/System/Library/Frameworks/CFNetwork.framework/Versions/A/CFNetwork
0x0000000001003000 	/System/Library/Frameworks/SystemConfiguration.framework/Versions/A/SystemConfiguration
0x0000000001003000 	/usr/lib/libCRFSuite.dylib
0x0000000001003000 	/usr/lib/libc++.1.dylib
0x0000000001003000 	/usr/lib/libc++abi.dylib
0x0000000001003000 	/usr/lib/system/libcache.dylib
0x0000000001003000 	/usr/lib/system/libcommonCrypto.dylib
0x0000000001003000 	/usr/lib/system/libcompiler_rt.dylib
0x0000000001003000 	/usr/lib/system/libcopyfile.dylib
0x0000000001003000 	/usr/lib/system/libcorecrypto.dylib
0x0000000001003000 	/usr/lib/system/libdispatch.dylib
0x0000000001003000 	/usr/lib/system/libdyld.dylib
0x0000000001003000 	/usr/lib/system/libkeymgr.dylib
0x0000000001003000 	/usr/lib/system/liblaunch.dylib
0x0000000001003000 	/usr/lib/system/libmacho.dylib
0x0000000001003000 	/usr/lib/system/libquarantine.dylib
0x0000000001003000 	/usr/lib/system/libremovefile.dylib
0x0000000001003000 	/usr/lib/system/libsystem_asl.dylib
0x0000000001003000 	/usr/lib/system/libsystem_blocks.dylib
0x0000000001003000 	/usr/lib/system/libsystem_c.dylib
0x0000000001003000 	/usr/lib/system/libsystem_configuration.dylib
0x0000000001003000 	/usr/lib/system/libsystem_coreservices.dylib
0x0000000001003000 	/usr/lib/system/libsystem_coretls.dylib
0x0000000001003000 	/usr/lib/system/libsystem_dnssd.dylib
0x0000000001003000 	/usr/lib/system/libsystem_info.dylib
0x0000000001003000 	/usr/lib/system/libsystem_kernel.dylib
0x0000000001003000 	/usr/lib/system/libsystem_m.dylib
0x0000000001003000 	/usr/lib/system/libsystem_malloc.dylib
0x0000000001003000 	/usr/lib/system/libsystem_network.dylib
0x0000000001003000 	/usr/lib/system/libsystem_networkextension.dylib
0x0000000001003000 	/usr/lib/system/libsystem_notify.dylib
0x0000000001003000 	/usr/lib/system/libsystem_platform.dylib
0x0000000001003000 	/usr/lib/system/libsystem_pthread.dylib
0x0000000001003000 	/usr/lib/system/libsystem_sandbox.dylib
0x0000000001003000 	/usr/lib/system/libsystem_secinit.dylib
0x0000000001003000 	/usr/lib/system/libsystem_stats.dylib
0x0000000001003000 	/usr/lib/system/libsystem_trace.dylib
0x0000000001003000 	/usr/lib/system/libunc.dylib
0x0000000001003000 	/usr/lib/system/libunwind.dylib
0x0000000001003000 	/usr/lib/system/libxpc.dylib
0x0000000001003000 	/usr/lib/libbz2.1.0.dylib
0x0000000001003000 	/usr/lib/liblzma.5.dylib
0x0000000001003000 	/usr/lib/libbsm.0.dylib
0x0000000001003000 	/usr/lib/libsqlite3.dylib
0x0000000001003000 	/usr/lib/system/libkxld.dylib
0x0000000001003000 	/usr/lib/libxar.1.dylib
0x0000000001003000 	/usr/lib/libpam.2.dylib
0x0000000001003000 	/usr/lib/libOpenScriptingUtil.dylib
0x0000000001003000 	/System/Library/Frameworks/CoreServices.framework/Versions/A/Frameworks/FSEvents.framework/Versions/A/FSEvents
0x0000000001003000 	/System/Library/Frameworks/CoreServices.framework/Versions/A/Frameworks/CarbonCore.framework/Versions/A/CarbonCore
0x0000000001003000 	/System/Library/Frameworks/CoreServices.framework/Versions/A/Frameworks/Metadata.framework/Versions/A/Metadata
0x0000000001003000 	/System/Library/Frameworks/CoreServices.framework/Versions/A/Frameworks/OSServices.framework/Versions/A/OSServices
0x0000000001003000 	/System/Library/Frameworks/CoreServices.framework/Versions/A/Frameworks/SearchKit.framework/Versions/A/SearchKit
0x0000000001003000 	/System/Library/Frameworks/CoreServices.framework/Versions/A/Frameworks/AE.framework/Versions/A/AE
0x0000000001003000 	/System/Library/Frameworks/CoreServices.framework/Versions/A/Frameworks/LaunchServices.framework/Versions/A/LaunchServices
0x0000000001003000 	/System/Library/Frameworks/CoreServices.framework/Versions/A/Frameworks/DictionaryServices.framework/Versions/A/DictionaryServices
0x0000000001003000 	/System/Library/Frameworks/NetFS.framework/Versions/A/NetFS
0x0000000001003000 	/System/Library/PrivateFrameworks/NetAuth.framework/Versions/A/NetAuth
0x0000000001003000 	/System/Library/PrivateFrameworks/login.framework/Versions/A/Frameworks/loginsupport.framework/Versions/A/loginsupport
0x0000000001003000 	/System/Library/PrivateFrameworks/TCC.framework/Versions/A/TCC
0x0000000001003000 	/usr/lib/libmecabra.dylib
0x0000000001003000 	/System/Library/Frameworks/ApplicationServices.framework/Versions/A/Frameworks/ATS.framework/Versions/A/ATS
0x0000000001003000 	/System/Library/Frameworks/ApplicationServices.framework/Versions/A/Frameworks/ColorSync.framework/Versions/A/ColorSync
0x0000000001003000 	/System/Library/Frameworks/ApplicationServices.framework/Versions/A/Frameworks/HIServices.framework/Versions/A/HIServices
0x0000000001003000 	/System/Library/Frameworks/ApplicationServices.framework/Versions/A/Frameworks/LangAnalysis.framework/Versions/A/LangAnalysis
0x0000000001003000 	/System/Library/Frameworks/ApplicationServices.framework/Versions/A/Frameworks/PrintCore.framework/Versions/A/PrintCore
0x0000000001003000 	/System/Library/Frameworks/ApplicationServices.framework/Versions/A/Frameworks/QD.framework/Versions/A/QD
0x0000000001003000 	/System/Library/Frameworks/ApplicationServices.framework/Versions/A/Frameworks/SpeechSynthesis.framework/Versions/A/SpeechSynthesis
0x0000000001003000 	/System/Library/Frameworks/Accelerate.framework/Versions/A/Accelerate
0x0000000001003000 	/System/Library/Frameworks/Accelerate.framework/Versions/A/Frameworks/vImage.framework/Versions/A/vImage
0x0000000001003000 	/System/Library/Frameworks/Accelerate.framework/Versions/A/Frameworks/vecLib.framework/Versions/A/vecLib
0x0000000001003000 	/System/Library/Frameworks/Accelerate.framework/Versions/A/Frameworks/vecLib.framework/Versions/A/libvDSP.dylib
0x0000000001003000 	/System/Library/Frameworks/Accelerate.framework/Versions/A/Frameworks/vecLib.framework/Versions/A/libvMisc.dylib
0x0000000001003000 	/System/Library/Frameworks/Accelerate.framework/Versions/A/Frameworks/vecLib.framework/Versions/A/libLAPACK.dylib
0x0000000001003000 	/System/Library/Frameworks/Accelerate.framework/Versions/A/Frameworks/vecLib.framework/Versions/A/libBLAS.dylib
0x0000000001003000 	/System/Library/Frameworks/Accelerate.framework/Versions/A/Frameworks/vecLib.framework/Versions/A/libLinearAlgebra.dylib
0x0000000001003000 	/System/Library/Frameworks/ApplicationServices.framework/Versions/A/Frameworks/ATS.framework/Versions/A/Resources/libFontParser.dylib
0x0000000001003000 	/System/Library/Frameworks/ApplicationServices.framework/Versions/A/Frameworks/ATS.framework/Versions/A/Resources/libFontRegistry.dylib
0x0000000001003000 	/System/Library/PrivateFrameworks/AppleVPA.framework/Versions/A/AppleVPA
0x0000000001003000 	/System/Library/PrivateFrameworks/AppleJPEG.framework/Versions/A/AppleJPEG
0x0000000001003000 	/System/Library/Frameworks/ImageIO.framework/Versions/A/Resources/libJPEG.dylib
0x0000000001003000 	/System/Library/Frameworks/ImageIO.framework/Versions/A/Resources/libTIFF.dylib
0x0000000001003000 	/System/Library/Frameworks/ImageIO.framework/Versions/A/Resources/libPng.dylib
0x0000000001003000 	/System/Library/Frameworks/ImageIO.framework/Versions/A/Resources/libGIF.dylib
0x0000000001003000 	/System/Library/Frameworks/ImageIO.framework/Versions/A/Resources/libJP2.dylib
0x0000000001003000 	/System/Library/Frameworks/ImageIO.framework/Versions/A/Resources/libRadiance.dylib
0x0000000001003000 	/System/Library/Frameworks/CoreVideo.framework/Versions/A/CoreVideo
0x0000000001003000 	/System/Library/Frameworks/OpenGL.framework/Versions/A/Libraries/libGLU.dylib
0x0000000001003000 	/System/Library/Frameworks/OpenGL.framework/Versions/A/Libraries/libGFXShared.dylib
0x0000000001003000 	/System/Library/Frameworks/OpenGL.framework/Versions/A/Libraries/libGL.dylib
0x0000000001003000 	/System/Library/Frameworks/OpenGL.framework/Versions/A/Libraries/libGLImage.dylib
0x0000000001003000 	/System/Library/Frameworks/OpenGL.framework/Versions/A/Libraries/libCVMSPluginSupport.dylib
0x0000000001003000 	/System/Library/Frameworks/OpenGL.framework/Versions/A/Libraries/libCoreVMClient.dylib
0x0000000001003000 	/usr/lib/libcups.2.dylib
0x0000000001003000 	/System/Library/Frameworks/Kerberos.framework/Versions/A/Kerberos
0x0000000001003000 	/System/Library/Frameworks/GSS.framework/Versions/A/GSS
0x0000000001003000 	/usr/lib/libresolv.9.dylib
0x0000000001003000 	/usr/lib/libiconv.2.dylib
0x0000000001003000 	/System/Library/PrivateFrameworks/Heimdal.framework/Versions/A/Heimdal
0x0000000001003000 	/usr/lib/libheimdal-asn1.dylib
0x0000000001003000 	/System/Library/Frameworks/OpenDirectory.framework/Versions/A/OpenDirectory
0x0000000001003000 	/System/Library/PrivateFrameworks/CommonAuth.framework/Versions/A/CommonAuth
0x0000000001003000 	/System/Library/Frameworks/OpenDirectory.framework/Versions/A/Frameworks/CFOpenDirectory.framework/Versions/A/CFOpenDirectory
0x0000000001003000 	/System/Library/Frameworks/SecurityFoundation.framework/Versions/A/SecurityFoundation
0x0000000001003000 	/System/Library/PrivateFrameworks/LanguageModeling.framework/Versions/A/LanguageModeling
0x0000000001003000 	/usr/lib/libcmph.dylib
0x0000000001003000 	/System/Library/Frameworks/ServiceManagement.framework/Versions/A/ServiceManagement
0x0000000001003000 	/usr/lib/libxslt.1.dylib
0x0000000001003000 	/System/Library/Frameworks/Carbon.framework/Versions/A/Frameworks/Ink.framework/Versions/A/Ink
0x0000000001003000 	/System/Library/Frameworks/QuartzCore.framework/Versions/A/Frameworks/CoreImage.framework/Versions/A/CoreImage
0x0000000001003000 	/System/Library/PrivateFrameworks/CrashReporterSupport.framework/Versions/A/CrashReporterSupport
0x0000000001003000 	/System/Library/Frameworks/OpenCL.framework/Versions/A/OpenCL
0x0000000001003000 	/System/Library/PrivateFrameworks/FaceCore.framework/Versions/A/FaceCore
0x0000000001003000 	/System/Library/PrivateFrameworks/Ubiquity.framework/Versions/A/Ubiquity
0x0000000001003000 	/System/Library/PrivateFrameworks/IconServices.framework/Versions/A/IconServices
0x0000000001003000 	/System/Library/PrivateFrameworks/ChunkingLibrary.framework/Versions/A/ChunkingLibrary
0x0000000001003000 	/System/Library/PrivateFrameworks/Apple80211.framework/Versions/A/Apple80211
0x0000000001003000 	/System/Library/Frameworks/CoreWLAN.framework/Versions/A/CoreWLAN
0x0000000001003000 	/System/Library/Frameworks/IOBluetooth.framework/Versions/A/IOBluetooth
0x0000000001003000 	/System/Library/PrivateFrameworks/CoreWiFi.framework/Versions/A/CoreWiFi
0x0000000001003000 	/System/Library/Frameworks/CoreBluetooth.framework/Versions/A/CoreBluetooth
0x0000000001003000 	/System/Library/PrivateFrameworks/DebugSymbols.framework/Versions/A/DebugSymbols
0x0000000001003000 	/System/Library/PrivateFrameworks/CoreSymbolication.framework/Versions/A/CoreSymbolication
0x0000000001003000 	/System/Library/PrivateFrameworks/Symbolication.framework/Versions/A/Symbolication
0x0000000001003000 	/System/Library/PrivateFrameworks/SpeechRecognitionCore.framework/Versions/A/SpeechRecognitionCore
0x0000000109200000 	/Library/Java/JavaVirtualMachines/jdk1.8.0_25.jdk/Contents/Home/jre/lib/server/libjvm.dylib
0x0000000001003000 	/usr/lib/libstdc++.6.dylib
0x0000000108194000 	/Library/Java/JavaVirtualMachines/jdk1.8.0_25.jdk/Contents/Home/jre/lib/libverify.dylib
0x00000001081a2000 	/Library/Java/JavaVirtualMachines/jdk1.8.0_25.jdk/Contents/Home/jre/lib/libjava.dylib
0x00000001081e0000 	/Library/Java/JavaVirtualMachines/jdk1.8.0_25.jdk/Contents/Home/jre/lib/libzip.dylib
0x0000000125cef000 	/System/Library/Frameworks/JavaVM.framework/Frameworks/JavaRuntimeSupport.framework/JavaRuntimeSupport
0x00000001081ea000 	/System/Library/Frameworks/JavaVM.framework/Versions/A/Frameworks/JavaNativeFoundation.framework/Versions/A/JavaNativeFoundation
0x0000000125d07000 	/System/Library/Frameworks/JavaVM.framework/Versions/A/JavaVM
0x0000000001003000 	/System/Library/Frameworks/Carbon.framework/Versions/A/Carbon
0x0000000125d14000 	/System/Library/PrivateFrameworks/JavaLaunching.framework/Versions/A/JavaLaunching
0x0000000001003000 	/System/Library/Frameworks/Carbon.framework/Versions/A/Frameworks/CommonPanels.framework/Versions/A/CommonPanels
0x0000000001003000 	/System/Library/Frameworks/Carbon.framework/Versions/A/Frameworks/Help.framework/Versions/A/Help
0x0000000001003000 	/System/Library/Frameworks/Carbon.framework/Versions/A/Frameworks/ImageCapture.framework/Versions/A/ImageCapture
0x0000000001003000 	/System/Library/Frameworks/Carbon.framework/Versions/A/Frameworks/OpenScripting.framework/Versions/A/OpenScripting
0x0000000001003000 	/System/Library/Frameworks/Carbon.framework/Versions/A/Frameworks/Print.framework/Versions/A/Print
0x0000000001003000 	/System/Library/Frameworks/Carbon.framework/Versions/A/Frameworks/SecurityHI.framework/Versions/A/SecurityHI
0x0000000127edb000 	/Library/Java/JavaVirtualMachines/jdk1.8.0_25.jdk/Contents/Home/jre/lib/libprism_es2.dylib
0x0000000127f5c000 	/System/Library/Frameworks/OpenGL.framework/Resources/GLEngine.bundle/GLEngine
0x0000000001003000 	/System/Library/Frameworks/OpenGL.framework/Versions/A/Libraries/libGLProgrammability.dylib
0x0000000000000000 	/System/Library/Extensions/AppleIntelHD4000GraphicsGLDriver.bundle/Contents/MacOS/AppleIntelHD4000GraphicsGLDriver
0x0000000001003000 	/System/Library/PrivateFrameworks/IOAccelerator.framework/Versions/A/IOAccelerator
0x0000000001003000 	/System/Library/PrivateFrameworks/GPUSupport.framework/Versions/A/Libraries/libGPUSupportMercury.dylib
0x0000000000000000 	/System/Library/Extensions/GeForceGLDriver.bundle/Contents/MacOS/GeForceGLDriver
0x0000000001003000 	/System/Library/Extensions/GeForceGLDriver.bundle/Contents/MacOS/libclh.dylib
0x000000012854d000 	/System/Library/Frameworks/OpenGL.framework/Resources//GLRendererFloat.bundle/GLRendererFloat
0x0000000001003000 	/System/Library/Frameworks/OpenCL.framework/Versions/A/Libraries/libcldcpuengine.dylib
0x0000000001003000 	/System/Library/PrivateFrameworks/DiskImages.framework/Versions/A/DiskImages
0x0000000001003000 	/System/Library/Frameworks/DiscRecording.framework/Versions/A/DiscRecording
0x0000000001003000 	/usr/lib/libcsfde.dylib
0x0000000001003000 	/usr/lib/libcurl.4.dylib
0x0000000001003000 	/System/Library/PrivateFrameworks/MediaKit.framework/Versions/A/MediaKit
0x0000000001003000 	/System/Library/PrivateFrameworks/ProtectedCloudStorage.framework/Versions/A/ProtectedCloudStorage
0x0000000001003000 	/usr/lib/libCoreStorage.dylib
0x0000000001003000 	/System/Library/PrivateFrameworks/EFILogin.framework/Versions/A/EFILogin
0x0000000001003000 	/usr/lib/libutil.dylib
0x0000000001003000 	/System/Library/PrivateFrameworks/FindMyDevice.framework/Versions/A/FindMyDevice
0x0000000001003000 	/System/Library/Frameworks/LDAP.framework/Versions/A/LDAP
0x0000000001003000 	/usr/lib/libsasl2.2.dylib
0x0000000001003000 	/System/Library/PrivateFrameworks/CoreDaemon.framework/Versions/B/CoreDaemon
0x0000000001003000 	/usr/lib/libcrypto.0.9.8.dylib
0x0000000001003000 	/System/Library/PrivateFrameworks/AppleSRP.framework/Versions/A/AppleSRP
0x0000000001003000 	/System/Library/PrivateFrameworks/TrustEvaluationAgent.framework/Versions/A/TrustEvaluationAgent
0x00000001287e8000 	/Library/Java/JavaVirtualMachines/jdk1.8.0_25.jdk/Contents/Home/jre/lib/libglass.dylib
0x0000000001003000 	/System/Library/PrivateFrameworks/CoreServicesInternal.framework/Versions/A/CoreServicesInternal
0x0000000001003000 	/System/Library/PrivateFrameworks/CloudDocs.framework/Versions/A/CloudDocs
0x0000000001003000 	/System/Library/PrivateFrameworks/CoreDuet.framework/Versions/A/CoreDuet
0x0000000001003000 	/System/Library/Frameworks/CloudKit.framework/Versions/A/CloudKit
0x0000000001003000 	/System/Library/PrivateFrameworks/ProtocolBuffer.framework/Versions/A/ProtocolBuffer
0x0000000001003000 	/System/Library/PrivateFrameworks/CoreDuetDaemonProtocol.framework/Versions/A/CoreDuetDaemonProtocol
0x0000000001003000 	/System/Library/PrivateFrameworks/CoreDuetDebugLogging.framework/Versions/A/CoreDuetDebugLogging
0x0000000001003000 	/System/Library/PrivateFrameworks/MMCS.framework/Versions/A/MMCS
0x0000000001003000 	/System/Library/Frameworks/CoreLocation.framework/Versions/A/CoreLocation
0x0000000001003000 	/System/Library/PrivateFrameworks/GeoServices.framework/Versions/A/GeoServices
0x0000000129f4d000 	/System/Library/Frameworks/CoreGraphics.framework/Versions/A/Resources/libCGCMS.A.dylib
0x0000000129f5c000 	/System/Library/CoreServices/RawCamera.bundle/Contents/MacOS/RawCamera
0x000000012a358000 	/System/Library/Frameworks/CoreGraphics.framework/Versions/A/Resources/libRIP.A.dylib
0x0000000001003000 	/System/Library/PrivateFrameworks/FamilyControls.framework/Versions/A/FamilyControls
0x0000000001003000 	/System/Library/PrivateFrameworks/CommerceKit.framework/Versions/A/Frameworks/CommerceCore.framework/Versions/A/CommerceCore
0x0000000001003000 	/System/Library/PrivateFrameworks/SystemAdministration.framework/Versions/A/SystemAdministration
0x0000000001003000 	/System/Library/PrivateFrameworks/AppContainer.framework/Versions/A/AppContainer
0x0000000001003000 	/System/Library/PrivateFrameworks/SecCodeWrapper.framework/Versions/A/SecCodeWrapper
0x0000000001003000 	/System/Library/Frameworks/DirectoryService.framework/Versions/A/DirectoryService
0x0000000001003000 	/System/Library/PrivateFrameworks/LoginUIKit.framework/Versions/A/Frameworks/LoginUICore.framework/Versions/A/LoginUICore
0x0000000001003000 	/usr/lib/libodfde.dylib
0x000000012c5b7000 	/System/Library/Frameworks/CoreGraphics.framework/Versions/A/Resources/libCGXType.A.dylib
0x000000012d8f7000 	cl_kernels
0x000000012d8f9000 	/System/Library/Frameworks/OpenCL.framework/Versions/A/Libraries/ImageFormats/unorm8_bgra.dylib
0x000000012d8e8000 	cl_kernels
0x000000012a3f5000 	/Library/Java/JavaVirtualMachines/jdk1.8.0_25.jdk/Contents/Home/jre/lib/libnet.dylib
0x000000012a40c000 	/Library/Java/JavaVirtualMachines/jdk1.8.0_25.jdk/Contents/Home/jre/lib/libjavafx_font.dylib
0x000000012eaa9000 	/Library/Java/JavaVirtualMachines/jdk1.8.0_25.jdk/Contents/Home/jre/lib/libglib-lite.dylib
0x000000012e405000 	/Library/Java/JavaVirtualMachines/jdk1.8.0_25.jdk/Contents/Home/jre/lib/libgstreamer-lite.dylib
0x000000012e588000 	/Library/Java/JavaVirtualMachines/jdk1.8.0_25.jdk/Contents/Home/jre/lib/libjfxmedia.dylib
0x0000000001003000 	/System/Library/Frameworks/QTKit.framework/Versions/A/QTKit
0x0000000001003000 	/System/Library/Frameworks/AVFoundation.framework/Versions/A/AVFoundation
0x0000000001003000 	/System/Library/Frameworks/CoreMedia.framework/Versions/A/CoreMedia
0x0000000001003000 	/System/Library/Frameworks/MediaToolbox.framework/Versions/A/MediaToolbox
0x0000000001003000 	/System/Library/Frameworks/VideoToolbox.framework/Versions/A/VideoToolbox
0x0000000001003000 	/System/Library/PrivateFrameworks/CoreMediaAuthoring.framework/Versions/A/CoreMediaAuthoring
0x0000000001003000 	/System/Library/Frameworks/CoreMediaIO.framework/Versions/A/CoreMediaIO
0x0000000001003000 	/System/Library/Frameworks/AVFoundation.framework/Versions/A/Resources/libAVFAudio.dylib
0x0000000001003000 	/System/Library/PrivateFrameworks/MediaControlSender.framework/Versions/A/MediaControlSender
0x0000000001003000 	/System/Library/PrivateFrameworks/CoreAVCHD.framework/Versions/A/CoreAVCHD
0x0000000001003000 	/System/Library/Frameworks/MediaAccessibility.framework/Versions/A/MediaAccessibility
0x0000000001003000 	/System/Library/PrivateFrameworks/Mangrove.framework/Versions/A/Mangrove
0x0000000001003000 	/System/Library/PrivateFrameworks/CoreAUC.framework/Versions/A/CoreAUC
0x0000000001003000 	/System/Library/PrivateFrameworks/NetworkStatistics.framework/Versions/A/NetworkStatistics
0x0000000001003000 	/System/Library/PrivateFrameworks/AirPlaySupport.framework/Versions/A/AirPlaySupport
0x0000000001003000 	/System/Library/PrivateFrameworks/CoreUtils.framework/Versions/A/CoreUtils
0x0000000001003000 	/System/Library/PrivateFrameworks/AppleVA.framework/Versions/A/AppleVA
0x0000000001003000 	/System/Library/PrivateFrameworks/XPCService.framework/Versions/A/XPCService
0x0000000001003000 	/System/Library/PrivateFrameworks/AppSandbox.framework/Versions/A/AppSandbox
0x0000000001003000 	/usr/lib/libsandbox.1.dylib
0x0000000001003000 	/usr/lib/libMatch.1.dylib
0x000000012dec7000 	/Library/Java/JavaVirtualMachines/jdk1.8.0_25.jdk/Contents/Home/jre/lib/libfxplugins.dylib
0x000000012a47f000 	/System/Library/Frameworks/VideoDecodeAcceleration.framework/Versions/A/VideoDecodeAcceleration
0x000000012de54000 	/System/Library/Extensions/AppleHDA.kext/Contents/PlugIns/AppleHDAHALPlugIn.bundle/Contents/MacOS/AppleHDAHALPlugIn
0x0000000131c31000 	/System/Library/Components/CoreAudio.component/Contents/MacOS/CoreAudio
0x0000000130a61000 	/Library/Java/JavaVirtualMachines/jdk1.8.0_25.jdk/Contents/Home/jre/lib/libjavafx_iio.dylib
0x000000012de33000 	/Library/Java/JavaVirtualMachines/jdk1.8.0_25.jdk/Contents/Home/jre/lib/libprism_common.dylib
0x000000013474a000 	/System/Library/Components/AudioCodecs.component/Contents/MacOS/AudioCodecs
0x0000000125d62000 	/Library/Java/JavaVirtualMachines/jdk1.8.0_25.jdk/Contents/Home/jre/lib/libnio.dylib
0x00000001328da000 	/System/Library/PrivateFrameworks/AppleGVA.framework/AppleGVA
0x000000013796f000 	/System/Library/Extensions/GeForceVADriver.bundle/Contents/MacOS/GeForceVADriver
0x0000000137a36000 	/System/Library/Extensions/AppleIntelHD4000GraphicsVADriver.bundle/Contents/MacOS/AppleIntelHD4000GraphicsVADriver
0x0000000125d9a000 	/System/Library/Extensions/AppleIntelIVBVA.bundle/Contents/MacOS/AppleIntelIVBVA

VM Arguments:
jvm_args: -Dfile.encoding=UTF-8 
java_command: com.musicPlayer.JML.MusicPlayer
java_class_path (initial): /Users/JEAcomputer/Documents/Programming/MusicPlayerV2/bin:/Applications/eclipse/plugins/org.eclipse.fx.ide.css.jfx8_1.1.0.201411050807.jar:/Users/JEAcomputer/Documents/Programming/MusicPlayer/src/ItunesUtilities.jar:/Users/JEAcomputer/Documents/Programming/MusicPlayer/src/xstream-1.4.7.jar:/Users/JEAcomputer/Documents/Desktoday/February 9 2015/xstream-1.4.7/lib/xstream/kxml2-2.3.0.jar:/Users/JEAcomputer/Documents/Desktoday/February 9 2015/xstream-1.4.7/lib/xstream/xpp3_min-1.1.4c.jar
Launcher Type: SUN_STANDARD

Environment Variables:
PATH=/usr/bin:/bin:/usr/sbin:/sbin
SHELL=/bin/bash

Signal Handlers:
SIGSEGV: [libjvm.dylib+0x579dc7], sa_mask[0]=11111111011111110111111111111111, sa_flags=SA_ONSTACK|SA_RESTART|SA_SIGINFO
SIGBUS: [libjvm.dylib+0x579dc7], sa_mask[0]=11111111011111110111111111111111, sa_flags=SA_RESTART|SA_SIGINFO
SIGFPE: [libjvm.dylib+0x45b030], sa_mask[0]=11111111011111110111111111111111, sa_flags=SA_RESTART|SA_SIGINFO
SIGPIPE: [libjvm.dylib+0x45b030], sa_mask[0]=11111111011111110111111111111111, sa_flags=SA_RESTART|SA_SIGINFO
SIGXFSZ: [libjvm.dylib+0x45b030], sa_mask[0]=11111111011111110111111111111111, sa_flags=SA_RESTART|SA_SIGINFO
SIGILL: [libjvm.dylib+0x45b030], sa_mask[0]=11111111011111110111111111111111, sa_flags=SA_RESTART|SA_SIGINFO
SIGUSR1: SIG_DFL, sa_mask[0]=00000000000000000000000000000000, sa_flags=none
SIGUSR2: [libjvm.dylib+0x45ab4e], sa_mask[0]=00100000000000000000000000000000, sa_flags=SA_RESTART|SA_SIGINFO
SIGHUP: [AudioToolbox+0xf933a], sa_mask[0]=00000000000000000000000000000000, sa_flags=SA_RESTART
SIGINT: [libjvm.dylib+0x459121], sa_mask[0]=11111111011111110111111111111111, sa_flags=SA_RESTART|SA_SIGINFO
SIGTERM: [libjvm.dylib+0x459121], sa_mask[0]=11111111011111110111111111111111, sa_flags=SA_RESTART|SA_SIGINFO
SIGQUIT: [libjvm.dylib+0x459121], sa_mask[0]=11111111011111110111111111111111, sa_flags=SA_RESTART|SA_SIGINFO


---------------  S Y S T E M  ---------------

OS:Bsduname:Darwin 14.4.0 Darwin Kernel Version 14.4.0: Sun Apr 19 20:30:19 PDT 2015; root:xnu-2782.30.2~2/RELEASE_X86_64 x86_64
rlimit: STACK 8192k, CORE 0k, NPROC 709, NOFILE 10240, AS infinity
load average:2.36 2.13 1.87

CPU:total 8 (4 cores per cpu, 2 threads per core) family 6 model 58 stepping 9, cmov, cx8, fxsr, mmx, sse, sse2, sse3, ssse3, sse4.1, sse4.2, popcnt, avx, aes, clmul, erms, ht, tsc, tscinvbit, tscinv

Memory: 4k page, physical 16777216k(1045028k free)

/proc/meminfo:


vm_info: Java HotSpot(TM) 64-Bit Server VM (25.25-b02) for bsd-amd64 JRE (1.8.0_25-b17), built on Sep 17 2014 16:56:50 by "java_re" with gcc 4.2.1 (Based on Apple Inc. build 5658) (LLVM build 2336.11.00)

time: Wed May 13 23:11:51 2015
elapsed time: 36 seconds (0d 0h 0m 36s)

