#
# A fatal error has been detected by the Java Runtime Environment:
#
#  SIGSEGV (0xb) at pc=0x000000012fdb716b, pid=40693, tid=87051
#
# JRE version: Java(TM) SE Runtime Environment (8.0_25-b17) (build 1.8.0_25-b17)
# Java VM: Java HotSpot(TM) 64-Bit Server VM (25.25-b02 mixed mode bsd-amd64 compressed oops)
# Problematic frame:
# C  [libgstreamer-lite.dylib+0xb416b]  gst_iir_equ_process_gfloat+0x97
#
# Failed to write core dump. Core dumps have been disabled. To enable core dumping, try "ulimit -c unlimited" before starting Java again
#
# If you would like to submit a bug report, please visit:
#   http://bugreport.sun.com/bugreport/crash.jsp
#

---------------  T H R E A D  ---------------

Current thread is native thread

siginfo: si_signo: 11 (SIGSEGV), si_code: 0 (unknown), si_addr: 0x0000000000000000

Registers:
RAX=0x0000000000000480, RBX=0x00007facbb150400, RCX=0x0000000000000002, RDX=0x0000000000000008
RSP=0x00000001313a3a88, RBP=0x00000001313a3ab0, RSI=0x00007facbb150400, RDI=0x0000000000000230
R8 =0x00007facb532ac2c, R9 =0x00007facba001330, R10=0x0000000000000023, R11=0x0000000000000002
R12=0x00007facba001440, R13=0x1000000000000000, R14=0x00007facb532ac30, R15=0x0000000000000001
RIP=0x000000012fdb716b, EFLAGS=0x0000000000010202, ERR=0x0000000000000000
  TRAPNO=0x000000000000000d

Top of Stack: (sp=0x00000001313a3a88)
0x00000001313a3a88:   00007facba444d80 00007facba1713d0
0x00000001313a3a98:   00007facba054340 0000000062179b6d
0x00000001313a3aa8:   000000012fdf574a 00000001313a3b30
0x00000001313a3ab8:   000000012fdb7096 00007facba444d80
0x00000001313a3ac8:   00007facba444d80 00007facba16f0a0
0x00000001313a3ad8:   0000000000000022 3fd128d46ea1cf53
0x00000001313a3ae8:   3ffdef77846de3d2 4004b3534254b5d8
0x00000001313a3af8:   3fe003a097c3ee04 3febdeef08dbc7a5
0x00000001313a3b08:   0000000000000000 0000000000000000
0x00000001313a3b18:   0000000000000000 00007facba444d80
0x00000001313a3b28:   0000000000000000 00000001313a3bc0
0x00000001313a3b38:   000000012fd573bd 00007facba445310
0x00000001313a3b48:   00004003ba444c68 00007facba4455e4
0x00000001313a3b58:   00007facba4450a0 00007fac00002400
0x00000001313a3b68:   00007facb372f8e0 00007facb5a0a0d0
0x00000001313a3b78:   0000000000000001 00000001313a3bd0
0x00000001313a3b88:   00007facba16f0a0 00002400ba4455d8
0x00000001313a3b98:   00007facba16f0a0 00007facba445310
0x00000001313a3ba8:   00007facb34b6240 00007facba444d80
0x00000001313a3bb8:   0000000063a6343d 00000001313a3bf0
0x00000001313a3bc8:   000000012fd560d6 00007facba16f0a0
0x00000001313a3bd8:   00007facba16f0a0 00007facba444af0
0x00000001313a3be8:   00007facba444c68 00000001313a3c40
0x00000001313a3bf8:   000000012fd24bc6 00007facbb0dec00
0x00000001313a3c08:   00007facba443a90 00007fac09ef5062
0x00000001313a3c18:   00000001313a3d00 00000001313a3d0c
0x00000001313a3c28:   00000001313a3ce8 00007facba443a90
0x00000001313a3c38:   000000012e981236 00000001313a3d70
0x00000001313a3c48:   000000012e980dad 0000000000000002
0x00000001313a3c58:   00007facba443a98 00000001313a3ca0
0x00000001313a3c68:   00007fff8639add4 00007facb580cda8
0x00000001313a3c78:   00007fff8639add4 00000001313a3cfc 

Instructions: (pc=0x000000012fdb716b)
0x000000012fdb714b:   a3 00 00 00 4d 8d 34 38 49 83 c0 0c 4d 89 d7 4d
0x000000012fdb715b:   89 cc eb 03 0f 28 c1 4d 8b 2c 24 f3 41 0f 5a 08
0x000000012fdb716b:   f2 41 0f 59 4d 78 f3 41 0f 10 50 f4 f3 41 0f 10
0x000000012fdb717b:   58 fc f3 0f 5a e3 f2 41 0f 59 65 70 f3 41 0f 5a 

Register to memory mapping:

RAX=0x0000000000000480 is an unknown value
RBX=0x00007facbb150400 is an unknown value
RCX=0x0000000000000002 is an unknown value
RDX=0x0000000000000008 is an unknown value
RSP=0x00000001313a3a88 is an unknown value
RBP=0x00000001313a3ab0 is an unknown value
RSI=0x00007facbb150400 is an unknown value
RDI=0x0000000000000230 is an unknown value
R8 =0x00007facb532ac2c is an unknown value
R9 =0x00007facba001330 is an unknown value
R10=0x0000000000000023 is an unknown value
R11=0x0000000000000002 is an unknown value
R12=0x00007facba001440 is an unknown value
R13=0x1000000000000000 is an unknown value
R14=0x00007facb532ac30 is an unknown value
R15=0x0000000000000001 is an unknown value


Stack: [0x0000000131324000,0x00000001313a4000],  sp=0x00000001313a3a88,  free space=510k
Native frames: (J=compiled Java code, j=interpreted, Vv=VM code, C=native code)
C  [libgstreamer-lite.dylib+0xb416b]  gst_iir_equ_process_gfloat+0x97
C  [libgstreamer-lite.dylib+0xb4096]  gst_iir_equalizer_transform_ip+0x838
C  [libgstreamer-lite.dylib+0x543bd]  gst_base_transform_handle_buffer+0x922
C  [libgstreamer-lite.dylib+0x530d6]  gst_base_transform_chain+0x9a
C  [libgstreamer-lite.dylib+0x21bc6]  gst_pad_push+0x131
C  [libfxplugins.dylib+0x1dad]  audioconverter_chain+0xa63
C  [libgstreamer-lite.dylib+0x21bc6]  gst_pad_push+0x131
C  [libgstreamer-lite.dylib+0xa7434]  gst_queue_loop+0x320
C  [libgstreamer-lite.dylib+0x38b1e]  gst_task_func+0x1d3
C  [libglib-lite.dylib+0x45afd]  g_thread_pool_thread_proxy+0xdd
C  [libglib-lite.dylib+0x445ee]  g_thread_create_proxy+0xd1
C  [libsystem_pthread.dylib+0x3268]  _pthread_body+0x83
C  [libsystem_pthread.dylib+0x31e5]  _pthread_body+0x0
C  [libsystem_pthread.dylib+0x141d]  thread_start+0xd


---------------  P R O C E S S  ---------------

VM state:not at safepoint (normal execution)

VM Mutex/Monitor currently owned by a thread: None

Heap:
 PSYoungGen      total 1397248K, used 42062K [0x000000076ab00000, 0x00000007c0000000, 0x00000007c0000000)
  eden space 1396736K, 3% used [0x000000076ab00000,0x000000076d3ebb48,0x00000007bff00000)
  from space 512K, 31% used [0x00000007bff80000,0x00000007bffa8000,0x00000007c0000000)
  to   space 512K, 0% used [0x00000007bff00000,0x00000007bff00000,0x00000007bff80000)
 ParOldGen       total 140800K, used 31643K [0x00000006c0000000, 0x00000006c8980000, 0x000000076ab00000)
  object space 140800K, 22% used [0x00000006c0000000,0x00000006c1ee6cc8,0x00000006c8980000)
 Metaspace       used 22363K, capacity 23767K, committed 24064K, reserved 1069056K
  class space    used 3216K, capacity 3476K, committed 3584K, reserved 1048576K

Card table byte_map: [0x0000000119cdc000,0x000000011a4dd000] byte_map_base: 0x00000001166dc000

Marking Bits: (ParMarkBitMap*) 0x000000010a29d390
 Begin Bits: [0x000000011b24b000, 0x000000011f24b000)
 End Bits:   [0x000000011f24b000, 0x000000012324b000)

Polling page: 0x00000001089cf000

CodeCache: size=245760Kb used=9984Kb max_used=11095Kb free=235775Kb
 bounds [0x000000010a91c000, 0x000000010b40c000, 0x000000011991c000]
 total_blobs=3847 nmethods=3180 adapters=580
 compilation: enabled

Compilation events (10 events):
Event: 6.800 Thread 0x00007facb5038800 3826       3       com.sun.javafx.tk.quantum.QuantumToolkit::postPulse (148 bytes)
Event: 6.802 Thread 0x00007facb5038800 nmethod 3826 0x000000010ae41d10 code [0x000000010ae42080, 0x000000010ae44038]
Event: 6.817 Thread 0x00007facb5038800 3827       1       javafx.scene.media.EqualizerBand::access$000 (5 bytes)
Event: 6.817 Thread 0x00007facb5038800 nmethod 3827 0x000000010ae419d0 code [0x000000010ae41b20, 0x000000010ae41c10]
Event: 6.817 Thread 0x00007facb5038800 3828       1       javafx.scene.media.EqualizerBand::access$200 (5 bytes)
Event: 6.817 Thread 0x00007facb5038800 nmethod 3828 0x000000010ad4dd50 code [0x000000010ad4dea0, 0x000000010ad4df90]
Event: 7.491 Thread 0x00007facb5038800 3829       3       java.util.concurrent.locks.ReentrantLock$NonfairSync::tryAcquire (6 bytes)
Event: 7.491 Thread 0x00007facb5038800 nmethod 3829 0x000000010b2d9550 code [0x000000010b2d96c0, 0x000000010b2d98c8]
Event: 7.492 Thread 0x00007facb5038800 3830       3       java.util.concurrent.locks.ReentrantLock$Sync::nonfairTryAcquire (67 bytes)
Event: 7.492 Thread 0x00007facb5038800 nmethod 3830 0x000000010ad2d310 code [0x000000010ad2d4a0, 0x000000010ad2dbc8]

GC Heap History (10 events):
Event: 7.386 GC heap before
{Heap before GC invocations=252 (full 1):
 PSYoungGen      total 1397248K, used 1396832K [0x000000076ab00000, 0x00000007c0000000, 0x00000007c0000000)
  eden space 1396736K, 100% used [0x000000076ab00000,0x00000007bff00000,0x00000007bff00000)
  from space 512K, 18% used [0x00000007bff80000,0x00000007bff98000,0x00000007c0000000)
  to   space 512K, 0% used [0x00000007bff00000,0x00000007bff00000,0x00000007bff80000)
 ParOldGen       total 140800K, used 31475K [0x00000006c0000000, 0x00000006c8980000, 0x000000076ab00000)
  object space 140800K, 22% used [0x00000006c0000000,0x00000006c1ebccc8,0x00000006c8980000)
 Metaspace       used 22362K, capacity 23767K, committed 24064K, reserved 1069056K
  class space    used 3216K, capacity 3476K, committed 3584K, reserved 1048576K
Event: 7.387 GC heap after
Heap after GC invocations=252 (full 1):
 PSYoungGen      total 1397248K, used 128K [0x000000076ab00000, 0x00000007c0000000, 0x00000007c0000000)
  eden space 1396736K, 0% used [0x000000076ab00000,0x000000076ab00000,0x00000007bff00000)
  from space 512K, 25% used [0x00000007bff00000,0x00000007bff20000,0x00000007bff80000)
  to   space 512K, 0% used [0x00000007bff80000,0x00000007bff80000,0x00000007c0000000)
 ParOldGen       total 140800K, used 31515K [0x00000006c0000000, 0x00000006c8980000, 0x000000076ab00000)
  object space 140800K, 22% used [0x00000006c0000000,0x00000006c1ec6cc8,0x00000006c8980000)
 Metaspace       used 22362K, capacity 23767K, committed 24064K, reserved 1069056K
  class space    used 3216K, capacity 3476K, committed 3584K, reserved 1048576K
}
Event: 7.411 GC heap before
{Heap before GC invocations=253 (full 1):
 PSYoungGen      total 1397248K, used 1396864K [0x000000076ab00000, 0x00000007c0000000, 0x00000007c0000000)
  eden space 1396736K, 100% used [0x000000076ab00000,0x00000007bff00000,0x00000007bff00000)
  from space 512K, 25% used [0x00000007bff00000,0x00000007bff20000,0x00000007bff80000)
  to   space 512K, 0% used [0x00000007bff80000,0x00000007bff80000,0x00000007c0000000)
 ParOldGen       total 140800K, used 31515K [0x00000006c0000000, 0x00000006c8980000, 0x000000076ab00000)
  object space 140800K, 22% used [0x00000006c0000000,0x00000006c1ec6cc8,0x00000006c8980000)
 Metaspace       used 22362K, capacity 23767K, committed 24064K, reserved 1069056K
  class space    used 3216K, capacity 3476K, committed 3584K, reserved 1048576K
Event: 7.411 GC heap after
Heap after GC invocations=253 (full 1):
 PSYoungGen      total 1397248K, used 128K [0x000000076ab00000, 0x00000007c0000000, 0x00000007c0000000)
  eden space 1396736K, 0% used [0x000000076ab00000,0x000000076ab00000,0x00000007bff00000)
  from space 512K, 25% used [0x00000007bff80000,0x00000007bffa0000,0x00000007c0000000)
  to   space 512K, 0% used [0x00000007bff00000,0x00000007bff00000,0x00000007bff80000)
 ParOldGen       total 140800K, used 31539K [0x00000006c0000000, 0x00000006c8980000, 0x000000076ab00000)
  object space 140800K, 22% used [0x00000006c0000000,0x00000006c1ecccc8,0x00000006c8980000)
 Metaspace       used 22362K, capacity 23767K, committed 24064K, reserved 1069056K
  class space    used 3216K, capacity 3476K, committed 3584K, reserved 1048576K
}
Event: 7.436 GC heap before
{Heap before GC invocations=254 (full 1):
 PSYoungGen      total 1397248K, used 1396864K [0x000000076ab00000, 0x00000007c0000000, 0x00000007c0000000)
  eden space 1396736K, 100% used [0x000000076ab00000,0x00000007bff00000,0x00000007bff00000)
  from space 512K, 25% used [0x00000007bff80000,0x00000007bffa0000,0x00000007c0000000)
  to   space 512K, 0% used [0x00000007bff00000,0x00000007bff00000,0x00000007bff80000)
 ParOldGen       total 140800K, used 31539K [0x00000006c0000000, 0x00000006c8980000, 0x000000076ab00000)
  object space 140800K, 22% used [0x00000006c0000000,0x00000006c1ecccc8,0x00000006c8980000)
 Metaspace       used 22362K, capacity 23767K, committed 24064K, reserved 1069056K
  class space    used 3216K, capacity 3476K, committed 3584K, reserved 1048576K
Event: 7.437 GC heap after
Heap after GC invocations=254 (full 1):
 PSYoungGen      total 1397248K, used 96K [0x000000076ab00000, 0x00000007c0000000, 0x00000007c0000000)
  eden space 1396736K, 0% used [0x000000076ab00000,0x000000076ab00000,0x00000007bff00000)
  from space 512K, 18% used [0x00000007bff00000,0x00000007bff18000,0x00000007bff80000)
  to   space 512K, 0% used [0x00000007bff80000,0x00000007bff80000,0x00000007c0000000)
 ParOldGen       total 140800K, used 31555K [0x00000006c0000000, 0x00000006c8980000, 0x000000076ab00000)
  object space 140800K, 22% used [0x00000006c0000000,0x00000006c1ed0cc8,0x00000006c8980000)
 Metaspace       used 22362K, capacity 23767K, committed 24064K, reserved 1069056K
  class space    used 3216K, capacity 3476K, committed 3584K, reserved 1048576K
}
Event: 7.450 GC heap before
{Heap before GC invocations=255 (full 1):
 PSYoungGen      total 1397248K, used 1396832K [0x000000076ab00000, 0x00000007c0000000, 0x00000007c0000000)
  eden space 1396736K, 100% used [0x000000076ab00000,0x00000007bff00000,0x00000007bff00000)
  from space 512K, 18% used [0x00000007bff00000,0x00000007bff18000,0x00000007bff80000)
  to   space 512K, 0% used [0x00000007bff80000,0x00000007bff80000,0x00000007c0000000)
 ParOldGen       total 140800K, used 31555K [0x00000006c0000000, 0x00000006c8980000, 0x000000076ab00000)
  object space 140800K, 22% used [0x00000006c0000000,0x00000006c1ed0cc8,0x00000006c8980000)
 Metaspace       used 22362K, capacity 23767K, committed 24064K, reserved 1069056K
  class space    used 3216K, capacity 3476K, committed 3584K, reserved 1048576K
Event: 7.451 GC heap after
Heap after GC invocations=255 (full 1):
 PSYoungGen      total 1397248K, used 128K [0x000000076ab00000, 0x00000007c0000000, 0x00000007c0000000)
  eden space 1396736K, 0% used [0x000000076ab00000,0x000000076ab00000,0x00000007bff00000)
  from space 512K, 25% used [0x00000007bff80000,0x00000007bffa0000,0x00000007c0000000)
  to   space 512K, 0% used [0x00000007bff00000,0x00000007bff00000,0x00000007bff80000)
 ParOldGen       total 140800K, used 31579K [0x00000006c0000000, 0x00000006c8980000, 0x000000076ab00000)
  object space 140800K, 22% used [0x00000006c0000000,0x00000006c1ed6cc8,0x00000006c8980000)
 Metaspace       used 22362K, capacity 23767K, committed 24064K, reserved 1069056K
  class space    used 3216K, capacity 3476K, committed 3584K, reserved 1048576K
}
Event: 7.472 GC heap before
{Heap before GC invocations=256 (full 1):
 PSYoungGen      total 1397248K, used 1396864K [0x000000076ab00000, 0x00000007c0000000, 0x00000007c0000000)
  eden space 1396736K, 100% used [0x000000076ab00000,0x00000007bff00000,0x00000007bff00000)
  from space 512K, 25% used [0x00000007bff80000,0x00000007bffa0000,0x00000007c0000000)
  to   space 512K, 0% used [0x00000007bff00000,0x00000007bff00000,0x00000007bff80000)
 ParOldGen       total 140800K, used 31579K [0x00000006c0000000, 0x00000006c8980000, 0x000000076ab00000)
  object space 140800K, 22% used [0x00000006c0000000,0x00000006c1ed6cc8,0x00000006c8980000)
 Metaspace       used 22362K, capacity 23767K, committed 24064K, reserved 1069056K
  class space    used 3216K, capacity 3476K, committed 3584K, reserved 1048576K
Event: 7.472 GC heap after
Heap after GC invocations=256 (full 1):
 PSYoungGen      total 1397248K, used 32K [0x000000076ab00000, 0x00000007c0000000, 0x00000007c0000000)
  eden space 1396736K, 0% used [0x000000076ab00000,0x000000076ab00000,0x00000007bff00000)
  from space 512K, 6% used [0x00000007bff00000,0x00000007bff08000,0x00000007bff80000)
  to   space 512K, 0% used [0x00000007bff80000,0x00000007bff80000,0x00000007c0000000)
 ParOldGen       total 140800K, used 31619K [0x00000006c0000000, 0x00000006c8980000, 0x000000076ab00000)
  object space 140800K, 22% used [0x00000006c0000000,0x00000006c1ee0cc8,0x00000006c8980000)
 Metaspace       used 22362K, capacity 23767K, committed 24064K, reserved 1069056K
  class space    used 3216K, capacity 3476K, committed 3584K, reserved 1048576K
}

Deoptimization events (10 events):
Event: 4.667 Thread 0x00007facb512f800 Uncommon trap: reason=bimorphic action=maybe_recompile pc=0x000000010b180a48 method=javafx.scene.Node.impl_geomChanged()V @ 33
Event: 4.668 Thread 0x00007facb512f800 Uncommon trap: reason=bimorphic action=maybe_recompile pc=0x000000010b16a4ac method=javafx.scene.Node.impl_geomChanged()V @ 37
Event: 4.695 Thread 0x00007facb512f800 Uncommon trap: reason=class_check action=maybe_recompile pc=0x000000010ac0e4d8 method=javafx.scene.Node.updateLocalToParentTransform()V @ 11
Event: 4.756 Thread 0x00007facb38ba800 Uncommon trap: reason=unreached action=reinterpret pc=0x000000010b3c9e60 method=com.sun.javafx.font.CompositeStrike.getStrikeSlot(I)Lcom/sun/javafx/font/FontStrike; @ 8
Event: 5.626 Thread 0x00007facb9951000 Uncommon trap: reason=unreached action=reinterpret pc=0x000000010ac56550 method=java.nio.channels.spi.AbstractInterruptibleChannel.begin()V @ 4
Event: 5.966 Thread 0x00007facb512f800 Uncommon trap: reason=class_check action=maybe_recompile pc=0x000000010ac0e4d8 method=javafx.scene.Node.updateLocalToParentTransform()V @ 11
Event: 5.967 Thread 0x00007facb512f800 Uncommon trap: reason=class_check action=maybe_recompile pc=0x000000010ac0e4d8 method=javafx.scene.Node.updateLocalToParentTransform()V @ 11
Event: 5.967 Thread 0x00007facb512f800 Uncommon trap: reason=class_check action=maybe_recompile pc=0x000000010ac0e4d8 method=javafx.scene.Node.updateLocalToParentTransform()V @ 11
Event: 6.287 Thread 0x00007facb992a800 Uncommon trap: reason=unreached action=reinterpret pc=0x000000010b07a7c0 method=com.sun.media.jfxmediaimpl.MetadataParserImpl.getNextByte()B @ 19
Event: 6.287 Thread 0x00007facb992a800 Uncommon trap: reason=unreached action=reinterpret pc=0x000000010add61e4 method=java.nio.channels.spi.AbstractInterruptibleChannel.begin()V @ 4

Internal exceptions (10 events):
Event: 4.637 Thread 0x00007facb512f800 Exception <a 'java/security/PrivilegedActionException'> (0x00000007bc7cc128) thrown at [/HUDSON3/workspace/8-2-build-macosx-x86_64/jdk8u25/1514/hotspot/src/share/vm/prims/jvm.cpp, line 1312]
Event: 4.637 Thread 0x00007facb512f800 Exception <a 'java/security/PrivilegedActionException'> (0x00000007bc7cf5b8) thrown at [/HUDSON3/workspace/8-2-build-macosx-x86_64/jdk8u25/1514/hotspot/src/share/vm/prims/jvm.cpp, line 1312]
Event: 4.637 Thread 0x00007facb512f800 Exception <a 'java/security/PrivilegedActionException'> (0x00000007be315d10) thrown at [/HUDSON3/workspace/8-2-build-macosx-x86_64/jdk8u25/1514/hotspot/src/share/vm/prims/jvm.cpp, line 1312]
Event: 4.637 Thread 0x00007facb512f800 Exception <a 'java/security/PrivilegedActionException'> (0x00000007be319620) thrown at [/HUDSON3/workspace/8-2-build-macosx-x86_64/jdk8u25/1514/hotspot/src/share/vm/prims/jvm.cpp, line 1312]
Event: 4.638 Thread 0x00007facb512f800 Exception <a 'java/security/PrivilegedActionException'> (0x00000007be31cb08) thrown at [/HUDSON3/workspace/8-2-build-macosx-x86_64/jdk8u25/1514/hotspot/src/share/vm/prims/jvm.cpp, line 1312]
Event: 4.642 Thread 0x00007facb512f800 Exception <a 'java/security/PrivilegedActionException'> (0x000000076e189618) thrown at [/HUDSON3/workspace/8-2-build-macosx-x86_64/jdk8u25/1514/hotspot/src/share/vm/prims/jvm.cpp, line 1312]
Event: 4.643 Thread 0x00007facb512f800 Exception <a 'java/security/PrivilegedActionException'> (0x0000000771814b58) thrown at [/HUDSON3/workspace/8-2-build-macosx-x86_64/jdk8u25/1514/hotspot/src/share/vm/prims/jvm.cpp, line 1312]
Event: 4.644 Thread 0x00007facb512f800 Implicit null exception at 0x000000010aeef2b3 to 0x000000010aeef7dd
Event: 5.947 Thread 0x00007facb512f800 Exception <a 'java/security/PrivilegedActionException'> (0x00000007ad2f4568) thrown at [/HUDSON3/workspace/8-2-build-macosx-x86_64/jdk8u25/1514/hotspot/src/share/vm/prims/jvm.cpp, line 1312]
Event: 6.781 Thread 0x00007facb512f800 Exception <a 'java/security/PrivilegedActionException'> (0x000000076b1d2158) thrown at [/HUDSON3/workspace/8-2-build-macosx-x86_64/jdk8u25/1514/hotspot/src/share/vm/prims/jvm.cpp, line 1312]

Events (10 events):
Event: 7.491 Thread 0x00007facbb155800 Thread exited: 0x00007facbb155800
Event: 7.491 Thread 0x00007facb4d1e000 Thread exited: 0x00007facb4d1e000
Event: 7.491 Thread 0x00007facb99b6000 Thread added: 0x00007facb99b6000
Event: 7.491 Thread 0x00007facb54b4000 Thread added: 0x00007facb54b4000
Event: 7.491 Thread 0x00007facb99b6000 Thread exited: 0x00007facb99b6000
Event: 7.491 Thread 0x00007facb54b4000 Thread exited: 0x00007facb54b4000
Event: 7.492 Thread 0x00007facb54b4000 Thread added: 0x00007facb54b4000
Event: 7.492 Thread 0x00007facb54b4000 Thread exited: 0x00007facb54b4000
Event: 7.492 Thread 0x00007facb54b4000 Thread added: 0x00007facb54b4000
Event: 7.492 Thread 0x00007facb54b4000 Thread exited: 0x00007facb54b4000


Dynamic libraries:
0x0000000001003000 	/System/Library/Frameworks/Cocoa.framework/Versions/A/Cocoa
0x0000000001003000 	/System/Library/Frameworks/Security.framework/Versions/A/Security
0x0000000001003000 	/System/Library/Frameworks/ApplicationServices.framework/Versions/A/ApplicationServices
0x0000000001003000 	/usr/lib/libz.1.dylib
0x0000000001003000 	/usr/lib/libSystem.B.dylib
0x0000000001003000 	/usr/lib/libobjc.A.dylib
0x0000000001003000 	/System/Library/Frameworks/CoreFoundation.framework/Versions/A/CoreFoundation
0x0000000001003000 	/System/Library/Frameworks/Foundation.framework/Versions/C/Foundation
0x0000000001003000 	/System/Library/Frameworks/AppKit.framework/Versions/C/AppKit
0x0000000001003000 	/System/Library/Frameworks/CoreData.framework/Versions/A/CoreData
0x0000000001003000 	/System/Library/PrivateFrameworks/RemoteViewServices.framework/Versions/A/RemoteViewServices
0x0000000001003000 	/System/Library/PrivateFrameworks/UIFoundation.framework/Versions/A/UIFoundation
0x0000000001003000 	/System/Library/Frameworks/IOSurface.framework/Versions/A/IOSurface
0x0000000001003000 	/System/Library/Frameworks/AudioToolbox.framework/Versions/A/AudioToolbox
0x0000000001003000 	/System/Library/Frameworks/AudioUnit.framework/Versions/A/AudioUnit
0x0000000001003000 	/System/Library/PrivateFrameworks/DataDetectorsCore.framework/Versions/A/DataDetectorsCore
0x0000000001003000 	/System/Library/PrivateFrameworks/DesktopServicesPriv.framework/Versions/A/DesktopServicesPriv
0x0000000001003000 	/System/Library/Frameworks/Carbon.framework/Versions/A/Frameworks/HIToolbox.framework/Versions/A/HIToolbox
0x0000000001003000 	/System/Library/Frameworks/QuartzCore.framework/Versions/A/QuartzCore
0x0000000001003000 	/System/Library/Frameworks/Carbon.framework/Versions/A/Frameworks/SpeechRecognition.framework/Versions/A/SpeechRecognition
0x0000000001003000 	/usr/lib/libauto.dylib
0x0000000001003000 	/usr/lib/libicucore.A.dylib
0x0000000001003000 	/usr/lib/libxml2.2.dylib
0x0000000001003000 	/System/Library/PrivateFrameworks/CoreUI.framework/Versions/A/CoreUI
0x0000000001003000 	/System/Library/Frameworks/CoreAudio.framework/Versions/A/CoreAudio
0x0000000001003000 	/System/Library/Frameworks/DiskArbitration.framework/Versions/A/DiskArbitration
0x0000000001003000 	/usr/lib/liblangid.dylib
0x0000000001003000 	/System/Library/PrivateFrameworks/MultitouchSupport.framework/Versions/A/MultitouchSupport
0x0000000001003000 	/System/Library/Frameworks/IOKit.framework/Versions/A/IOKit
0x0000000001003000 	/usr/lib/libDiagnosticMessagesClient.dylib
0x0000000001003000 	/System/Library/Frameworks/CoreServices.framework/Versions/A/CoreServices
0x0000000001003000 	/System/Library/PrivateFrameworks/PerformanceAnalysis.framework/Versions/A/PerformanceAnalysis
0x0000000001003000 	/System/Library/PrivateFrameworks/GenerationalStorage.framework/Versions/A/GenerationalStorage
0x0000000001003000 	/System/Library/Frameworks/OpenGL.framework/Versions/A/OpenGL
0x0000000001003000 	/System/Library/PrivateFrameworks/Sharing.framework/Versions/A/Sharing
0x0000000001003000 	/System/Library/Frameworks/CoreGraphics.framework/Versions/A/CoreGraphics
0x0000000001003000 	/System/Library/Frameworks/CoreText.framework/Versions/A/CoreText
0x0000000001003000 	/System/Library/Frameworks/ImageIO.framework/Versions/A/ImageIO
0x0000000001003000 	/usr/lib/libextension.dylib
0x0000000001003000 	/System/Library/PrivateFrameworks/Backup.framework/Versions/A/Backup
0x0000000001003000 	/usr/lib/libarchive.2.dylib
0x0000000001003000 	/System/Library/Frameworks/CFNetwork.framework/Versions/A/CFNetwork
0x0000000001003000 	/System/Library/Frameworks/SystemConfiguration.framework/Versions/A/SystemConfiguration
0x0000000001003000 	/usr/lib/libCRFSuite.dylib
0x0000000001003000 	/usr/lib/libc++.1.dylib
0x0000000001003000 	/usr/lib/libc++abi.dylib
0x0000000001003000 	/usr/lib/system/libcache.dylib
0x0000000001003000 	/usr/lib/system/libcommonCrypto.dylib
0x0000000001003000 	/usr/lib/system/libcompiler_rt.dylib
0x0000000001003000 	/usr/lib/system/libcopyfile.dylib
0x0000000001003000 	/usr/lib/system/libcorecrypto.dylib
0x0000000001003000 	/usr/lib/system/libdispatch.dylib
0x0000000001003000 	/usr/lib/system/libdyld.dylib
0x0000000001003000 	/usr/lib/system/libkeymgr.dylib
0x0000000001003000 	/usr/lib/system/liblaunch.dylib
0x0000000001003000 	/usr/lib/system/libmacho.dylib
0x0000000001003000 	/usr/lib/system/libquarantine.dylib
0x0000000001003000 	/usr/lib/system/libremovefile.dylib
0x0000000001003000 	/usr/lib/system/libsystem_asl.dylib
0x0000000001003000 	/usr/lib/system/libsystem_blocks.dylib
0x0000000001003000 	/usr/lib/system/libsystem_c.dylib
0x0000000001003000 	/usr/lib/system/libsystem_configuration.dylib
0x0000000001003000 	/usr/lib/system/libsystem_coreservices.dylib
0x0000000001003000 	/usr/lib/system/libsystem_coretls.dylib
0x0000000001003000 	/usr/lib/system/libsystem_dnssd.dylib
0x0000000001003000 	/usr/lib/system/libsystem_info.dylib
0x0000000001003000 	/usr/lib/system/libsystem_kernel.dylib
0x0000000001003000 	/usr/lib/system/libsystem_m.dylib
0x0000000001003000 	/usr/lib/system/libsystem_malloc.dylib
0x0000000001003000 	/usr/lib/system/libsystem_network.dylib
0x0000000001003000 	/usr/lib/system/libsystem_networkextension.dylib
0x0000000001003000 	/usr/lib/system/libsystem_notify.dylib
0x0000000001003000 	/usr/lib/system/libsystem_platform.dylib
0x0000000001003000 	/usr/lib/system/libsystem_pthread.dylib
0x0000000001003000 	/usr/lib/system/libsystem_sandbox.dylib
0x0000000001003000 	/usr/lib/system/libsystem_secinit.dylib
0x0000000001003000 	/usr/lib/system/libsystem_stats.dylib
0x0000000001003000 	/usr/lib/system/libsystem_trace.dylib
0x0000000001003000 	/usr/lib/system/libunc.dylib
0x0000000001003000 	/usr/lib/system/libunwind.dylib
0x0000000001003000 	/usr/lib/system/libxpc.dylib
0x0000000001003000 	/usr/lib/libbz2.1.0.dylib
0x0000000001003000 	/usr/lib/liblzma.5.dylib
0x0000000001003000 	/usr/lib/libbsm.0.dylib
0x0000000001003000 	/usr/lib/libsqlite3.dylib
0x0000000001003000 	/usr/lib/system/libkxld.dylib
0x0000000001003000 	/usr/lib/libxar.1.dylib
0x0000000001003000 	/usr/lib/libpam.2.dylib
0x0000000001003000 	/usr/lib/libOpenScriptingUtil.dylib
0x0000000001003000 	/System/Library/Frameworks/CoreServices.framework/Versions/A/Frameworks/FSEvents.framework/Versions/A/FSEvents
0x0000000001003000 	/System/Library/Frameworks/CoreServices.framework/Versions/A/Frameworks/CarbonCore.framework/Versions/A/CarbonCore
0x0000000001003000 	/System/Library/Frameworks/CoreServices.framework/Versions/A/Frameworks/Metadata.framework/Versions/A/Metadata
0x0000000001003000 	/System/Library/Frameworks/CoreServices.framework/Versions/A/Frameworks/OSServices.framework/Versions/A/OSServices
0x0000000001003000 	/System/Library/Frameworks/CoreServices.framework/Versions/A/Frameworks/SearchKit.framework/Versions/A/SearchKit
0x0000000001003000 	/System/Library/Frameworks/CoreServices.framework/Versions/A/Frameworks/AE.framework/Versions/A/AE
0x0000000001003000 	/System/Library/Frameworks/CoreServices.framework/Versions/A/Frameworks/LaunchServices.framework/Versions/A/LaunchServices
0x0000000001003000 	/System/Library/Frameworks/CoreServices.framework/Versions/A/Frameworks/DictionaryServices.framework/Versions/A/DictionaryServices
0x0000000001003000 	/System/Library/Frameworks/NetFS.framework/Versions/A/NetFS
0x0000000001003000 	/System/Library/PrivateFrameworks/NetAuth.framework/Versions/A/NetAuth
0x0000000001003000 	/System/Library/PrivateFrameworks/login.framework/Versions/A/Frameworks/loginsupport.framework/Versions/A/loginsupport
0x0000000001003000 	/System/Library/PrivateFrameworks/TCC.framework/Versions/A/TCC
0x0000000001003000 	/usr/lib/libmecabra.dylib
0x0000000001003000 	/System/Library/Frameworks/ApplicationServices.framework/Versions/A/Frameworks/ATS.framework/Versions/A/ATS
0x0000000001003000 	/System/Library/Frameworks/ApplicationServices.framework/Versions/A/Frameworks/ColorSync.framework/Versions/A/ColorSync
0x0000000001003000 	/System/Library/Frameworks/ApplicationServices.framework/Versions/A/Frameworks/HIServices.framework/Versions/A/HIServices
0x0000000001003000 	/System/Library/Frameworks/ApplicationServices.framework/Versions/A/Frameworks/LangAnalysis.framework/Versions/A/LangAnalysis
0x0000000001003000 	/System/Library/Frameworks/ApplicationServices.framework/Versions/A/Frameworks/PrintCore.framework/Versions/A/PrintCore
0x0000000001003000 	/System/Library/Frameworks/ApplicationServices.framework/Versions/A/Frameworks/QD.framework/Versions/A/QD
0x0000000001003000 	/System/Library/Frameworks/ApplicationServices.framework/Versions/A/Frameworks/SpeechSynthesis.framework/Versions/A/SpeechSynthesis
0x0000000001003000 	/System/Library/Frameworks/Accelerate.framework/Versions/A/Accelerate
0x0000000001003000 	/System/Library/Frameworks/Accelerate.framework/Versions/A/Frameworks/vImage.framework/Versions/A/vImage
0x0000000001003000 	/System/Library/Frameworks/Accelerate.framework/Versions/A/Frameworks/vecLib.framework/Versions/A/vecLib
0x0000000001003000 	/System/Library/Frameworks/Accelerate.framework/Versions/A/Frameworks/vecLib.framework/Versions/A/libvDSP.dylib
0x0000000001003000 	/System/Library/Frameworks/Accelerate.framework/Versions/A/Frameworks/vecLib.framework/Versions/A/libvMisc.dylib
0x0000000001003000 	/System/Library/Frameworks/Accelerate.framework/Versions/A/Frameworks/vecLib.framework/Versions/A/libLAPACK.dylib
0x0000000001003000 	/System/Library/Frameworks/Accelerate.framework/Versions/A/Frameworks/vecLib.framework/Versions/A/libBLAS.dylib
0x0000000001003000 	/System/Library/Frameworks/Accelerate.framework/Versions/A/Frameworks/vecLib.framework/Versions/A/libLinearAlgebra.dylib
0x0000000001003000 	/System/Library/Frameworks/ApplicationServices.framework/Versions/A/Frameworks/ATS.framework/Versions/A/Resources/libFontParser.dylib
0x0000000001003000 	/System/Library/Frameworks/ApplicationServices.framework/Versions/A/Frameworks/ATS.framework/Versions/A/Resources/libFontRegistry.dylib
0x0000000001003000 	/System/Library/PrivateFrameworks/AppleVPA.framework/Versions/A/AppleVPA
0x0000000001003000 	/System/Library/PrivateFrameworks/AppleJPEG.framework/Versions/A/AppleJPEG
0x0000000001003000 	/System/Library/Frameworks/ImageIO.framework/Versions/A/Resources/libJPEG.dylib
0x0000000001003000 	/System/Library/Frameworks/ImageIO.framework/Versions/A/Resources/libTIFF.dylib
0x0000000001003000 	/System/Library/Frameworks/ImageIO.framework/Versions/A/Resources/libPng.dylib
0x0000000001003000 	/System/Library/Frameworks/ImageIO.framework/Versions/A/Resources/libGIF.dylib
0x0000000001003000 	/System/Library/Frameworks/ImageIO.framework/Versions/A/Resources/libJP2.dylib
0x0000000001003000 	/System/Library/Frameworks/ImageIO.framework/Versions/A/Resources/libRadiance.dylib
0x0000000001003000 	/System/Library/Frameworks/CoreVideo.framework/Versions/A/CoreVideo
0x0000000001003000 	/System/Library/Frameworks/OpenGL.framework/Versions/A/Libraries/libGLU.dylib
0x0000000001003000 	/System/Library/Frameworks/OpenGL.framework/Versions/A/Libraries/libGFXShared.dylib
0x0000000001003000 	/System/Library/Frameworks/OpenGL.framework/Versions/A/Libraries/libGL.dylib
0x0000000001003000 	/System/Library/Frameworks/OpenGL.framework/Versions/A/Libraries/libGLImage.dylib
0x0000000001003000 	/System/Library/Frameworks/OpenGL.framework/Versions/A/Libraries/libCVMSPluginSupport.dylib
0x0000000001003000 	/System/Library/Frameworks/OpenGL.framework/Versions/A/Libraries/libCoreVMClient.dylib
0x0000000001003000 	/usr/lib/libcups.2.dylib
0x0000000001003000 	/System/Library/Frameworks/Kerberos.framework/Versions/A/Kerberos
0x0000000001003000 	/System/Library/Frameworks/GSS.framework/Versions/A/GSS
0x0000000001003000 	/usr/lib/libresolv.9.dylib
0x0000000001003000 	/usr/lib/libiconv.2.dylib
0x0000000001003000 	/System/Library/PrivateFrameworks/Heimdal.framework/Versions/A/Heimdal
0x0000000001003000 	/usr/lib/libheimdal-asn1.dylib
0x0000000001003000 	/System/Library/Frameworks/OpenDirectory.framework/Versions/A/OpenDirectory
0x0000000001003000 	/System/Library/PrivateFrameworks/CommonAuth.framework/Versions/A/CommonAuth
0x0000000001003000 	/System/Library/Frameworks/OpenDirectory.framework/Versions/A/Frameworks/CFOpenDirectory.framework/Versions/A/CFOpenDirectory
0x0000000001003000 	/System/Library/Frameworks/SecurityFoundation.framework/Versions/A/SecurityFoundation
0x0000000001003000 	/System/Library/PrivateFrameworks/LanguageModeling.framework/Versions/A/LanguageModeling
0x0000000001003000 	/usr/lib/libcmph.dylib
0x0000000001003000 	/System/Library/Frameworks/ServiceManagement.framework/Versions/A/ServiceManagement
0x0000000001003000 	/usr/lib/libxslt.1.dylib
0x0000000001003000 	/System/Library/Frameworks/Carbon.framework/Versions/A/Frameworks/Ink.framework/Versions/A/Ink
0x0000000001003000 	/System/Library/Frameworks/QuartzCore.framework/Versions/A/Frameworks/CoreImage.framework/Versions/A/CoreImage
0x0000000001003000 	/System/Library/PrivateFrameworks/CrashReporterSupport.framework/Versions/A/CrashReporterSupport
0x0000000001003000 	/System/Library/Frameworks/OpenCL.framework/Versions/A/OpenCL
0x0000000001003000 	/System/Library/PrivateFrameworks/FaceCore.framework/Versions/A/FaceCore
0x0000000001003000 	/System/Library/PrivateFrameworks/Ubiquity.framework/Versions/A/Ubiquity
0x0000000001003000 	/System/Library/PrivateFrameworks/IconServices.framework/Versions/A/IconServices
0x0000000001003000 	/System/Library/PrivateFrameworks/ChunkingLibrary.framework/Versions/A/ChunkingLibrary
0x0000000001003000 	/System/Library/PrivateFrameworks/Apple80211.framework/Versions/A/Apple80211
0x0000000001003000 	/System/Library/Frameworks/CoreWLAN.framework/Versions/A/CoreWLAN
0x0000000001003000 	/System/Library/Frameworks/IOBluetooth.framework/Versions/A/IOBluetooth
0x0000000001003000 	/System/Library/PrivateFrameworks/CoreWiFi.framework/Versions/A/CoreWiFi
0x0000000001003000 	/System/Library/Frameworks/CoreBluetooth.framework/Versions/A/CoreBluetooth
0x0000000001003000 	/System/Library/PrivateFrameworks/DebugSymbols.framework/Versions/A/DebugSymbols
0x0000000001003000 	/System/Library/PrivateFrameworks/CoreSymbolication.framework/Versions/A/CoreSymbolication
0x0000000001003000 	/System/Library/PrivateFrameworks/Symbolication.framework/Versions/A/Symbolication
0x0000000001003000 	/System/Library/PrivateFrameworks/SpeechRecognitionCore.framework/Versions/A/SpeechRecognitionCore
0x0000000109a00000 	/Library/Java/JavaVirtualMachines/jdk1.8.0_25.jdk/Contents/Home/jre/lib/server/libjvm.dylib
0x0000000001003000 	/usr/lib/libstdc++.6.dylib
0x000000010898d000 	/Library/Java/JavaVirtualMachines/jdk1.8.0_25.jdk/Contents/Home/jre/lib/libverify.dylib
0x000000010899b000 	/Library/Java/JavaVirtualMachines/jdk1.8.0_25.jdk/Contents/Home/jre/lib/libjava.dylib
0x00000001089d9000 	/Library/Java/JavaVirtualMachines/jdk1.8.0_25.jdk/Contents/Home/jre/lib/libzip.dylib
0x00000001089e3000 	/System/Library/Frameworks/JavaVM.framework/Frameworks/JavaRuntimeSupport.framework/JavaRuntimeSupport
0x00000001264ef000 	/System/Library/Frameworks/JavaVM.framework/Versions/A/Frameworks/JavaNativeFoundation.framework/Versions/A/JavaNativeFoundation
0x0000000126504000 	/System/Library/Frameworks/JavaVM.framework/Versions/A/JavaVM
0x0000000001003000 	/System/Library/Frameworks/Carbon.framework/Versions/A/Carbon
0x0000000126511000 	/System/Library/PrivateFrameworks/JavaLaunching.framework/Versions/A/JavaLaunching
0x0000000001003000 	/System/Library/Frameworks/Carbon.framework/Versions/A/Frameworks/CommonPanels.framework/Versions/A/CommonPanels
0x0000000001003000 	/System/Library/Frameworks/Carbon.framework/Versions/A/Frameworks/Help.framework/Versions/A/Help
0x0000000001003000 	/System/Library/Frameworks/Carbon.framework/Versions/A/Frameworks/ImageCapture.framework/Versions/A/ImageCapture
0x0000000001003000 	/System/Library/Frameworks/Carbon.framework/Versions/A/Frameworks/OpenScripting.framework/Versions/A/OpenScripting
0x0000000001003000 	/System/Library/Frameworks/Carbon.framework/Versions/A/Frameworks/Print.framework/Versions/A/Print
0x0000000001003000 	/System/Library/Frameworks/Carbon.framework/Versions/A/Frameworks/SecurityHI.framework/Versions/A/SecurityHI
0x00000001286d4000 	/Library/Java/JavaVirtualMachines/jdk1.8.0_25.jdk/Contents/Home/jre/lib/libprism_es2.dylib
0x0000000128755000 	/System/Library/Frameworks/OpenGL.framework/Resources/GLEngine.bundle/GLEngine
0x0000000001003000 	/System/Library/Frameworks/OpenGL.framework/Versions/A/Libraries/libGLProgrammability.dylib
0x0000000000000000 	/System/Library/Extensions/AppleIntelHD4000GraphicsGLDriver.bundle/Contents/MacOS/AppleIntelHD4000GraphicsGLDriver
0x0000000001003000 	/System/Library/PrivateFrameworks/IOAccelerator.framework/Versions/A/IOAccelerator
0x0000000001003000 	/System/Library/PrivateFrameworks/GPUSupport.framework/Versions/A/Libraries/libGPUSupportMercury.dylib
0x0000000000000000 	/System/Library/Extensions/GeForceGLDriver.bundle/Contents/MacOS/GeForceGLDriver
0x0000000001003000 	/System/Library/Extensions/GeForceGLDriver.bundle/Contents/MacOS/libclh.dylib
0x0000000128d46000 	/System/Library/Frameworks/OpenGL.framework/Resources//GLRendererFloat.bundle/GLRendererFloat
0x0000000001003000 	/System/Library/Frameworks/OpenCL.framework/Versions/A/Libraries/libcldcpuengine.dylib
0x0000000001003000 	/System/Library/PrivateFrameworks/DiskImages.framework/Versions/A/DiskImages
0x0000000001003000 	/System/Library/Frameworks/DiscRecording.framework/Versions/A/DiscRecording
0x0000000001003000 	/usr/lib/libcsfde.dylib
0x0000000001003000 	/usr/lib/libcurl.4.dylib
0x0000000001003000 	/System/Library/PrivateFrameworks/MediaKit.framework/Versions/A/MediaKit
0x0000000001003000 	/System/Library/PrivateFrameworks/ProtectedCloudStorage.framework/Versions/A/ProtectedCloudStorage
0x0000000001003000 	/usr/lib/libCoreStorage.dylib
0x0000000001003000 	/System/Library/PrivateFrameworks/EFILogin.framework/Versions/A/EFILogin
0x0000000001003000 	/usr/lib/libutil.dylib
0x0000000001003000 	/System/Library/PrivateFrameworks/FindMyDevice.framework/Versions/A/FindMyDevice
0x0000000001003000 	/System/Library/Frameworks/LDAP.framework/Versions/A/LDAP
0x0000000001003000 	/usr/lib/libsasl2.2.dylib
0x0000000001003000 	/System/Library/PrivateFrameworks/CoreDaemon.framework/Versions/B/CoreDaemon
0x0000000001003000 	/usr/lib/libcrypto.0.9.8.dylib
0x0000000001003000 	/System/Library/PrivateFrameworks/AppleSRP.framework/Versions/A/AppleSRP
0x0000000001003000 	/System/Library/PrivateFrameworks/TrustEvaluationAgent.framework/Versions/A/TrustEvaluationAgent
0x0000000128fe1000 	/Library/Java/JavaVirtualMachines/jdk1.8.0_25.jdk/Contents/Home/jre/lib/libglass.dylib
0x0000000001003000 	/System/Library/PrivateFrameworks/CoreServicesInternal.framework/Versions/A/CoreServicesInternal
0x0000000001003000 	/System/Library/PrivateFrameworks/CloudDocs.framework/Versions/A/CloudDocs
0x0000000001003000 	/System/Library/PrivateFrameworks/CoreDuet.framework/Versions/A/CoreDuet
0x0000000001003000 	/System/Library/Frameworks/CloudKit.framework/Versions/A/CloudKit
0x0000000001003000 	/System/Library/PrivateFrameworks/ProtocolBuffer.framework/Versions/A/ProtocolBuffer
0x0000000001003000 	/System/Library/PrivateFrameworks/CoreDuetDaemonProtocol.framework/Versions/A/CoreDuetDaemonProtocol
0x0000000001003000 	/System/Library/PrivateFrameworks/CoreDuetDebugLogging.framework/Versions/A/CoreDuetDebugLogging
0x0000000001003000 	/System/Library/PrivateFrameworks/MMCS.framework/Versions/A/MMCS
0x0000000001003000 	/System/Library/Frameworks/CoreLocation.framework/Versions/A/CoreLocation
0x0000000001003000 	/System/Library/PrivateFrameworks/GeoServices.framework/Versions/A/GeoServices
0x000000012a6be000 	/System/Library/Frameworks/CoreGraphics.framework/Versions/A/Resources/libCGCMS.A.dylib
0x000000012a6cd000 	/System/Library/CoreServices/RawCamera.bundle/Contents/MacOS/RawCamera
0x000000012aac9000 	/System/Library/Frameworks/CoreGraphics.framework/Versions/A/Resources/libRIP.A.dylib
0x0000000001003000 	/System/Library/PrivateFrameworks/FamilyControls.framework/Versions/A/FamilyControls
0x0000000001003000 	/System/Library/PrivateFrameworks/CommerceKit.framework/Versions/A/Frameworks/CommerceCore.framework/Versions/A/CommerceCore
0x0000000001003000 	/System/Library/PrivateFrameworks/SystemAdministration.framework/Versions/A/SystemAdministration
0x0000000001003000 	/System/Library/PrivateFrameworks/AppContainer.framework/Versions/A/AppContainer
0x0000000001003000 	/System/Library/PrivateFrameworks/SecCodeWrapper.framework/Versions/A/SecCodeWrapper
0x0000000001003000 	/System/Library/Frameworks/DirectoryService.framework/Versions/A/DirectoryService
0x0000000001003000 	/System/Library/PrivateFrameworks/LoginUIKit.framework/Versions/A/Frameworks/LoginUICore.framework/Versions/A/LoginUICore
0x0000000001003000 	/usr/lib/libodfde.dylib
0x000000012ce61000 	/System/Library/Frameworks/CoreGraphics.framework/Versions/A/Resources/libCGXType.A.dylib
0x000000012e1a1000 	cl_kernels
0x000000012e1a3000 	/System/Library/Frameworks/OpenCL.framework/Versions/A/Libraries/ImageFormats/unorm8_bgra.dylib
0x000000012e192000 	cl_kernels
0x000000012ab01000 	/Library/Java/JavaVirtualMachines/jdk1.8.0_25.jdk/Contents/Home/jre/lib/libnet.dylib
0x000000012ab18000 	/Library/Java/JavaVirtualMachines/jdk1.8.0_25.jdk/Contents/Home/jre/lib/libjavafx_font.dylib
0x000000012fbdd000 	/Library/Java/JavaVirtualMachines/jdk1.8.0_25.jdk/Contents/Home/jre/lib/libglib-lite.dylib
0x000000012fd03000 	/Library/Java/JavaVirtualMachines/jdk1.8.0_25.jdk/Contents/Home/jre/lib/libgstreamer-lite.dylib
0x000000012e658000 	/Library/Java/JavaVirtualMachines/jdk1.8.0_25.jdk/Contents/Home/jre/lib/libjfxmedia.dylib
0x0000000001003000 	/System/Library/Frameworks/QTKit.framework/Versions/A/QTKit
0x0000000001003000 	/System/Library/Frameworks/AVFoundation.framework/Versions/A/AVFoundation
0x0000000001003000 	/System/Library/Frameworks/CoreMedia.framework/Versions/A/CoreMedia
0x0000000001003000 	/System/Library/Frameworks/MediaToolbox.framework/Versions/A/MediaToolbox
0x0000000001003000 	/System/Library/Frameworks/VideoToolbox.framework/Versions/A/VideoToolbox
0x0000000001003000 	/System/Library/PrivateFrameworks/CoreMediaAuthoring.framework/Versions/A/CoreMediaAuthoring
0x0000000001003000 	/System/Library/Frameworks/CoreMediaIO.framework/Versions/A/CoreMediaIO
0x0000000001003000 	/System/Library/Frameworks/AVFoundation.framework/Versions/A/Resources/libAVFAudio.dylib
0x0000000001003000 	/System/Library/PrivateFrameworks/MediaControlSender.framework/Versions/A/MediaControlSender
0x0000000001003000 	/System/Library/PrivateFrameworks/CoreAVCHD.framework/Versions/A/CoreAVCHD
0x0000000001003000 	/System/Library/Frameworks/MediaAccessibility.framework/Versions/A/MediaAccessibility
0x0000000001003000 	/System/Library/PrivateFrameworks/Mangrove.framework/Versions/A/Mangrove
0x0000000001003000 	/System/Library/PrivateFrameworks/CoreAUC.framework/Versions/A/CoreAUC
0x0000000001003000 	/System/Library/PrivateFrameworks/NetworkStatistics.framework/Versions/A/NetworkStatistics
0x0000000001003000 	/System/Library/PrivateFrameworks/AirPlaySupport.framework/Versions/A/AirPlaySupport
0x0000000001003000 	/System/Library/PrivateFrameworks/CoreUtils.framework/Versions/A/CoreUtils
0x0000000001003000 	/System/Library/PrivateFrameworks/AppleVA.framework/Versions/A/AppleVA
0x0000000001003000 	/System/Library/PrivateFrameworks/XPCService.framework/Versions/A/XPCService
0x0000000001003000 	/System/Library/PrivateFrameworks/AppSandbox.framework/Versions/A/AppSandbox
0x0000000001003000 	/usr/lib/libsandbox.1.dylib
0x0000000001003000 	/usr/lib/libMatch.1.dylib
0x000000012e97f000 	/Library/Java/JavaVirtualMachines/jdk1.8.0_25.jdk/Contents/Home/jre/lib/libfxplugins.dylib
0x000000012ab77000 	/System/Library/Frameworks/VideoDecodeAcceleration.framework/Versions/A/VideoDecodeAcceleration
0x000000012e64c000 	/System/Library/Extensions/AppleHDA.kext/Contents/PlugIns/AppleHDAHALPlugIn.bundle/Contents/MacOS/AppleHDAHALPlugIn
0x000000013196b000 	/System/Library/Components/CoreAudio.component/Contents/MacOS/CoreAudio
0x000000012e7e6000 	/Library/Java/JavaVirtualMachines/jdk1.8.0_25.jdk/Contents/Home/jre/lib/libprism_common.dylib
0x000000013460c000 	/System/Library/Components/AudioCodecs.component/Contents/MacOS/AudioCodecs
0x0000000131918000 	/Library/Java/JavaVirtualMachines/jdk1.8.0_25.jdk/Contents/Home/jre/lib/libjavafx_iio.dylib

VM Arguments:
jvm_args: -Dfile.encoding=UTF-8 
java_command: com.musicPlayer.JML.MusicPlayer
java_class_path (initial): /Users/JEAcomputer/Documents/Programming/MusicPlayerV2/bin:/Applications/eclipse/plugins/org.eclipse.fx.ide.css.jfx8_1.1.0.201411050807.jar:/Users/JEAcomputer/Documents/Programming/MusicPlayer/src/ItunesUtilities.jar:/Users/JEAcomputer/Documents/Programming/MusicPlayer/src/xstream-1.4.7.jar:/Users/JEAcomputer/Documents/Desktoday/February 9 2015/xstream-1.4.7/lib/xstream/kxml2-2.3.0.jar:/Users/JEAcomputer/Documents/Desktoday/February 9 2015/xstream-1.4.7/lib/xstream/xpp3_min-1.1.4c.jar
Launcher Type: SUN_STANDARD

Environment Variables:
PATH=/usr/bin:/bin:/usr/sbin:/sbin
SHELL=/bin/bash

Signal Handlers:
SIGSEGV: [libjvm.dylib+0x579dc7], sa_mask[0]=11111111011111110111111111111111, sa_flags=SA_ONSTACK|SA_RESTART|SA_SIGINFO
SIGBUS: [libjvm.dylib+0x579dc7], sa_mask[0]=11111111011111110111111111111111, sa_flags=SA_RESTART|SA_SIGINFO
SIGFPE: [libjvm.dylib+0x45b030], sa_mask[0]=11111111011111110111111111111111, sa_flags=SA_RESTART|SA_SIGINFO
SIGPIPE: [libjvm.dylib+0x45b030], sa_mask[0]=11111111011111110111111111111111, sa_flags=SA_RESTART|SA_SIGINFO
SIGXFSZ: [libjvm.dylib+0x45b030], sa_mask[0]=11111111011111110111111111111111, sa_flags=SA_RESTART|SA_SIGINFO
SIGILL: [libjvm.dylib+0x45b030], sa_mask[0]=11111111011111110111111111111111, sa_flags=SA_RESTART|SA_SIGINFO
SIGUSR1: SIG_DFL, sa_mask[0]=00000000000000000000000000000000, sa_flags=none
SIGUSR2: [libjvm.dylib+0x45ab4e], sa_mask[0]=00100000000000000000000000000000, sa_flags=SA_RESTART|SA_SIGINFO
SIGHUP: [AudioToolbox+0xf933a], sa_mask[0]=00000000000000000000000000000000, sa_flags=SA_RESTART
SIGINT: [libjvm.dylib+0x459121], sa_mask[0]=11111111011111110111111111111111, sa_flags=SA_RESTART|SA_SIGINFO
SIGTERM: [libjvm.dylib+0x459121], sa_mask[0]=11111111011111110111111111111111, sa_flags=SA_RESTART|SA_SIGINFO
SIGQUIT: [libjvm.dylib+0x459121], sa_mask[0]=11111111011111110111111111111111, sa_flags=SA_RESTART|SA_SIGINFO


---------------  S Y S T E M  ---------------

OS:Bsduname:Darwin 14.4.0 Darwin Kernel Version 14.4.0: Sun Apr 19 20:30:19 PDT 2015; root:xnu-2782.30.2~2/RELEASE_X86_64 x86_64
rlimit: STACK 8192k, CORE 0k, NPROC 709, NOFILE 10240, AS infinity
load average:1.90 1.79 1.82

CPU:total 8 (4 cores per cpu, 2 threads per core) family 6 model 58 stepping 9, cmov, cx8, fxsr, mmx, sse, sse2, sse3, ssse3, sse4.1, sse4.2, popcnt, avx, aes, clmul, erms, ht, tsc, tscinvbit, tscinv

Memory: 4k page, physical 16777216k(3147328k free)

/proc/meminfo:


vm_info: Java HotSpot(TM) 64-Bit Server VM (25.25-b02) for bsd-amd64 JRE (1.8.0_25-b17), built on Sep 17 2014 16:56:50 by "java_re" with gcc 4.2.1 (Based on Apple Inc. build 5658) (LLVM build 2336.11.00)

time: Wed May 13 15:39:18 2015
elapsed time: 7 seconds (0d 0h 0m 7s)

