#
# A fatal error has been detected by the Java Runtime Environment:
#
#  SIGSEGV (0xb) at pc=0x0000000131a1f29d, pid=1271, tid=243459
#
# JRE version: Java(TM) SE Runtime Environment (8.0_25-b17) (build 1.8.0_25-b17)
# Java VM: Java HotSpot(TM) 64-Bit Server VM (25.25-b02 mixed mode bsd-amd64 compressed oops)
# Problematic frame:
# C  [libjfxmedia.dylib+0x929d]  JavaVM_::GetEnv(void**, int)+0x17
#
# Failed to write core dump. Core dumps have been disabled. To enable core dumping, try "ulimit -c unlimited" before starting Java again
#
# If you would like to submit a bug report, please visit:
#   http://bugreport.sun.com/bugreport/crash.jsp
# The crash happened outside the Java Virtual Machine in native code.
# See problematic frame for where to report the bug.
#

---------------  T H R E A D  ---------------

Current thread (0x00007fbe2c2a1800):  JavaThread "Thread-364" daemon [_thread_in_native, id=243459, stack(0x000000014878a000,0x000000014888a000)]

siginfo: si_signo: 11 (SIGSEGV), si_code: 1 (SEGV_MAPERR), si_addr: 0x00000001000001e8

Registers:
RAX=0x00000001000001e8, RBX=0x0000000130e99978, RCX=0x00000001000001e8, RDX=0x0000000000010004
RSP=0x0000000148889010, RBP=0x0000000148889030, RSI=0x0000000148889040, RDI=0x00000001000001e8
R8 =0x0000000000000002, R9 =0x00007fbe2b100000, R10=0x0000000000000030, R11=0x00007fbe2b100000
R12=0x0000000000000000, R13=0x0000000130e99978, R14=0x0000000148889440, R15=0x00007fbe2c2a1800
RIP=0x0000000131a1f29d, EFLAGS=0x0000000000010202, ERR=0x0000000000000004
  TRAPNO=0x000000000000000e

Top of Stack: (sp=0x0000000148889010)
0x0000000148889010:   00007fbe2ea161b0 0001000400003c00
0x0000000148889020:   0000000148889040 00000001000001e8
0x0000000148889030:   0000000148889070 0000000131a1ecc7
0x0000000148889040:   0000000000000000 0000000000000010
0x0000000148889050:   0000000031a6143b 000000010aa03000
0x0000000148889060:   00000001488890e0 00000001000001e8
0x0000000148889070:   0000000148889090 0000000131a1ee63
0x0000000148889080:   00000001000001e8 00000001488890d8
0x0000000148889090:   0000000148889110 0000000131a1fa86
0x00000001488890a0:   000000010aa03000 0000000000000010
0x00000001488890b0:   00000001488890e0 00007fff82e3d667
0x00000001488890c0:   000000000aa33000 0000000000000000
0x00000001488890d0:   00000001488890f8 0000000000000000
0x00000001488890e0:   0000000148889100 0000000131a178b9
0x00000001488890f0:   0000000000000010 0000000131a605aa
0x0000000148889100:   000000012b2f9780 00007fbe2b2f9780
0x0000000148889110:   0000000148889140 0000000131a17810
0x0000000148889120:   0000000148889140 00007fbe2b2f9780
0x0000000148889130:   00007fbe2ec1f070 00007fbe2e830ed0
0x0000000148889140:   00000001488891e0 0000000131a17f37
0x0000000148889150:   00007fbe2e86c0f0 0000000148889180
0x0000000148889160:   0000000000000000 00007fbe28f33910
0x0000000148889170:   0000000028f27350 00007fbe2e8400f0
0x0000000148889180:   00007fbe2ec1f070 000000010bf0423e
0x0000000148889190:   00007fbe2e86c0f0 00007fbe2e86c0f0
0x00000001488891a0:   00007fbe2e830ed0 00007fbe2c2a1800
0x00000001488891b0:   00000001488891e0 0000000131a1f20c
0x00000001488891c0:   0000000148889270 00007fbe2e86c0f0
0x00000001488891d0:   00007fbe2b1ba120 00007fbe28e25670
0x00000001488891e0:   0000000148889300 0000000131a3e983
0x00000001488891f0:   0000000000000000 0000000000000000
0x0000000148889200:   0000000148889270 00007fbe28f33910 

Instructions: (pc=0x0000000131a1f29d)
0x0000000131a1f27d:   8b 45 f4 48 83 c4 10 5d c3 55 48 89 e5 48 83 ec
0x0000000131a1f28d:   20 48 89 7d f8 48 89 75 f0 89 55 ec 48 8b 45 f8
0x0000000131a1f29d:   48 8b 00 48 8b 40 30 48 8b 4d f8 48 8b 55 f0 8b
0x0000000131a1f2ad:   75 ec 48 89 cf 89 75 e0 48 89 d6 8b 55 e0 ff d0 

Register to memory mapping:

RAX=0x00000001000001e8 is an unknown value
RBX={method} {0x0000000130e99978} 'gstInitNativeMedia' '(Lcom/sun/media/jfxmedia/locator/Locator;Ljava/lang/String;J[J)I' in 'com/sun/media/jfxmediaimpl/platform/gstreamer/GSTMedia'
RCX=0x00000001000001e8 is an unknown value
RDX=0x0000000000010004 is an unknown value
RSP=0x0000000148889010 is pointing into the stack for thread: 0x00007fbe2c2a1800
RBP=0x0000000148889030 is pointing into the stack for thread: 0x00007fbe2c2a1800
RSI=0x0000000148889040 is pointing into the stack for thread: 0x00007fbe2c2a1800
RDI=0x00000001000001e8 is an unknown value
R8 =0x0000000000000002 is an unknown value
R9 =0x00007fbe2b100000 is an unknown value
R10=0x0000000000000030 is an unknown value
R11=0x00007fbe2b100000 is an unknown value
R12=0x0000000000000000 is an unknown value
R13={method} {0x0000000130e99978} 'gstInitNativeMedia' '(Lcom/sun/media/jfxmedia/locator/Locator;Ljava/lang/String;J[J)I' in 'com/sun/media/jfxmediaimpl/platform/gstreamer/GSTMedia'
R14=0x0000000148889440 is pointing into the stack for thread: 0x00007fbe2c2a1800
R15=0x00007fbe2c2a1800 is a thread


Stack: [0x000000014878a000,0x000000014888a000],  sp=0x0000000148889010,  free space=1020k
Native frames: (J=compiled Java code, j=interpreted, Vv=VM code, C=native code)
C  [libjfxmedia.dylib+0x929d]  JavaVM_::GetEnv(void**, int)+0x17
C  [libjfxmedia.dylib+0x8cc7]  GetJavaEnvironment(JavaVM_*, unsigned char&)+0x37
C  [libjfxmedia.dylib+0x8e63]  CJavaEnvironment::CJavaEnvironment(JavaVM_*)+0x4d
C  [libjfxmedia.dylib+0x9a86]  CLogger::logMsg(int, char const*)+0x2c
C  [libjfxmedia.dylib+0x1810]  CMedia::CMedia(CPipeline*)+0x58
C  [libjfxmedia.dylib+0x1f37]  CMediaManager::CreatePlayer(CLocator*, CPipelineOptions*, CMedia**)+0x19b
C  [libjfxmedia.dylib+0x28983]  InitMedia+0x433
C  [libjfxmedia.dylib+0x28414]  Java_com_sun_media_jfxmediaimpl_platform_gstreamer_GSTMedia_gstInitNativeMedia+0x64
j  com.sun.media.jfxmediaimpl.platform.gstreamer.GSTMedia.gstInitNativeMedia(Lcom/sun/media/jfxmedia/locator/Locator;Ljava/lang/String;J[J)I+0
j  com.sun.media.jfxmediaimpl.platform.gstreamer.GSTMedia.init()V+20
j  com.sun.media.jfxmediaimpl.platform.gstreamer.GSTMedia.<init>(Lcom/sun/media/jfxmedia/locator/Locator;)V+17
j  com.sun.media.jfxmediaimpl.platform.gstreamer.GSTMediaPlayer.<init>(Lcom/sun/media/jfxmedia/locator/Locator;)V+6
j  com.sun.media.jfxmediaimpl.platform.gstreamer.GSTPlatform.prerollMediaPlayer(Lcom/sun/media/jfxmedia/locator/Locator;)Ljava/lang/Object;+5
j  com.sun.media.jfxmediaimpl.platform.PlatformManager.createMediaPlayer(Lcom/sun/media/jfxmedia/locator/Locator;)Lcom/sun/media/jfxmedia/MediaPlayer;+47
j  com.sun.media.jfxmediaimpl.NativeMediaManager.getPlayer(Lcom/sun/media/jfxmedia/locator/Locator;)Lcom/sun/media/jfxmedia/MediaPlayer;+7
j  com.sun.media.jfxmedia.MediaManager.getPlayer(Lcom/sun/media/jfxmedia/locator/Locator;)Lcom/sun/media/jfxmedia/MediaPlayer;+18
j  javafx.scene.media.MediaPlayer.init()V+34
j  javafx.scene.media.MediaPlayer.access$1000(Ljavafx/scene/media/MediaPlayer;)V+1
j  javafx.scene.media.MediaPlayer$InitMediaPlayer.run()V+4
j  java.lang.Thread.run()V+11
v  ~StubRoutines::call_stub
V  [libjvm.dylib+0x2d4516]  JavaCalls::call_helper(JavaValue*, methodHandle*, JavaCallArguments*, Thread*)+0x6ae
V  [libjvm.dylib+0x2d4ca4]  JavaCalls::call_virtual(JavaValue*, KlassHandle, Symbol*, Symbol*, JavaCallArguments*, Thread*)+0x164
V  [libjvm.dylib+0x2d4e50]  JavaCalls::call_virtual(JavaValue*, Handle, KlassHandle, Symbol*, Symbol*, Thread*)+0x4a
V  [libjvm.dylib+0x32583f]  thread_entry(JavaThread*, Thread*)+0x7c
V  [libjvm.dylib+0x535ed9]  JavaThread::thread_main_inner()+0x9b
V  [libjvm.dylib+0x53761c]  JavaThread::run()+0x1c2
V  [libjvm.dylib+0x45d87e]  java_start(Thread*)+0xf6
C  [libsystem_pthread.dylib+0x3268]  _pthread_body+0x83
C  [libsystem_pthread.dylib+0x31e5]  _pthread_body+0x0
C  [libsystem_pthread.dylib+0x141d]  thread_start+0xd
C  0x0000000000000000

Java frames: (J=compiled Java code, j=interpreted, Vv=VM code)
j  com.sun.media.jfxmediaimpl.platform.gstreamer.GSTMedia.gstInitNativeMedia(Lcom/sun/media/jfxmedia/locator/Locator;Ljava/lang/String;J[J)I+0
j  com.sun.media.jfxmediaimpl.platform.gstreamer.GSTMedia.init()V+20
j  com.sun.media.jfxmediaimpl.platform.gstreamer.GSTMedia.<init>(Lcom/sun/media/jfxmedia/locator/Locator;)V+17
j  com.sun.media.jfxmediaimpl.platform.gstreamer.GSTMediaPlayer.<init>(Lcom/sun/media/jfxmedia/locator/Locator;)V+6
j  com.sun.media.jfxmediaimpl.platform.gstreamer.GSTPlatform.prerollMediaPlayer(Lcom/sun/media/jfxmedia/locator/Locator;)Ljava/lang/Object;+5
j  com.sun.media.jfxmediaimpl.platform.PlatformManager.createMediaPlayer(Lcom/sun/media/jfxmedia/locator/Locator;)Lcom/sun/media/jfxmedia/MediaPlayer;+47
j  com.sun.media.jfxmediaimpl.NativeMediaManager.getPlayer(Lcom/sun/media/jfxmedia/locator/Locator;)Lcom/sun/media/jfxmedia/MediaPlayer;+7
j  com.sun.media.jfxmedia.MediaManager.getPlayer(Lcom/sun/media/jfxmedia/locator/Locator;)Lcom/sun/media/jfxmedia/MediaPlayer;+18
j  javafx.scene.media.MediaPlayer.init()V+34
j  javafx.scene.media.MediaPlayer.access$1000(Ljavafx/scene/media/MediaPlayer;)V+1
j  javafx.scene.media.MediaPlayer$InitMediaPlayer.run()V+4
j  java.lang.Thread.run()V+11
v  ~StubRoutines::call_stub

---------------  P R O C E S S  ---------------

Java Threads: ( => current thread )
  0x00007fbe2bb57000 JavaThread "SIGTERM handler" daemon [_thread_blocked, id=68111, stack(0x0000000132e8b000,0x0000000132f8b000)]
  0x00007fbe2f058000 JavaThread "Thread-866" daemon [_thread_blocked, id=155143, stack(0x000000012889a000,0x000000012891a000)]
  0x00007fbe29a16000 JavaThread "Thread-864" daemon [_thread_blocked, id=213267, stack(0x0000000132c85000,0x0000000132d85000)]
  0x00007fbe2c300000 JavaThread "JFXMedia Player EventQueueThread" daemon [_thread_blocked, id=151059, stack(0x000000013246d000,0x000000013256d000)]
  0x00007fbe2ca55800 JavaThread "Thread-825" daemon [_thread_blocked, id=172555, stack(0x00000001338a9000,0x00000001339a9000)]
  0x00007fbe2c2a3000 JavaThread "JFXMedia Player EventQueueThread" daemon [_thread_blocked, id=131595, stack(0x0000000133297000,0x0000000133397000)]
  0x00007fbe2c2f7800 JavaThread "Thread-778" daemon [_thread_blocked, id=62987, stack(0x0000000132061000,0x0000000132161000)]
  0x00007fbe2f00d800 JavaThread "Thread-763" daemon [_thread_blocked, id=193807, stack(0x0000000132879000,0x0000000132979000)]
  0x00007fbe2ca3e800 JavaThread "Thread-721" daemon [_thread_blocked, id=129799, stack(0x0000000136733000,0x0000000136833000)]
  0x00007fbe2ca7c800 JavaThread "Thread-720" daemon [_thread_blocked, id=233991, stack(0x0000000135f1b000,0x000000013601b000)]
  0x00007fbe2ba1f000 JavaThread "Thread-719" daemon [_thread_in_native, id=92687, stack(0x0000000134adf000,0x0000000134bdf000)]
  0x00007fbe29303000 JavaThread "Thread-718" daemon [_thread_blocked, id=286479, stack(0x0000000131bc4000,0x0000000131cc4000)]
  0x00007fbe29947000 JavaThread "Keep-Alive-Timer" daemon [_thread_blocked, id=26895, stack(0x00000001311ce000,0x00000001312ce000)]
  0x00007fbe2ab54800 JavaThread "Thread-667" daemon [_thread_blocked, id=177695, stack(0x0000000132673000,0x0000000132773000)]
  0x00007fbe2bb33000 JavaThread "Thread-665" daemon [_thread_blocked, id=125451, stack(0x0000000139dd5000,0x0000000139ed5000)]
  0x00007fbe2a9f5000 JavaThread "Thread-662" daemon [_thread_blocked, id=59919, stack(0x0000000131e5b000,0x0000000131f5b000)]
  0x00007fbe2a332000 JavaThread "Thread-661" daemon [_thread_blocked, id=174855, stack(0x000000013b417000,0x000000013b517000)]
  0x00007fbe2aae9800 JavaThread "Thread-659" daemon [_thread_blocked, id=168711, stack(0x000000013b211000,0x000000013b311000)]
  0x00007fbe2a0ef800 JavaThread "Thread-658" daemon [_thread_blocked, id=80391, stack(0x00000001346d3000,0x00000001347d3000)]
  0x00007fbe29a39000 JavaThread "Thread-657" daemon [_thread_blocked, id=114183, stack(0x0000000138999000,0x0000000138a99000)]
  0x00007fbe2bbda000 JavaThread "Thread-656" daemon [_thread_blocked, id=252167, stack(0x0000000139fdb000,0x000000013a0db000)]
  0x00007fbe2c33c800 JavaThread "Thread-655" daemon [_thread_blocked, id=164363, stack(0x00000001399c9000,0x0000000139ac9000)]
  0x00007fbe2bb28800 JavaThread "Thread-644" daemon [_thread_blocked, id=69383, stack(0x000000013ca59000,0x000000013cb59000)]
  0x00007fbe29952800 JavaThread "Thread-636" daemon [_thread_blocked, id=247051, stack(0x00000001344cd000,0x00000001345cd000)]
  0x00007fbe2b9a6000 JavaThread "JFXMedia Player EventQueueThread" daemon [_thread_blocked, id=189707, stack(0x0000000137b6f000,0x0000000137c6f000)]
  0x00007fbe2909d000 JavaThread "Thread-630" daemon [_thread_blocked, id=260619, stack(0x0000000134ce5000,0x0000000134de5000)]
  0x00007fbe2c58c000 JavaThread "JFXMedia Player EventQueueThread" daemon [_thread_blocked, id=222475, stack(0x00000001336a3000,0x00000001337a3000)]
  0x00007fbe29346000 JavaThread "Thread-626" daemon [_thread_in_native, id=55567, stack(0x000000013d883000,0x000000013d983000)]
  0x00007fbe2ca40000 JavaThread "Thread-622" daemon [_thread_blocked, id=165383, stack(0x000000013d67d000,0x000000013d77d000)]
  0x00007fbe2a038800 JavaThread "Thread-620" daemon [_thread_blocked, id=141831, stack(0x000000013c03b000,0x000000013c13b000)]
  0x00007fbe29936000 JavaThread "Thread-618" daemon [_thread_blocked, id=88587, stack(0x000000013ae05000,0x000000013af05000)]
  0x00007fbe2c8e3000 JavaThread "Thread-609" daemon [_thread_in_native, id=163591, stack(0x00000001397c3000,0x00000001398c3000)]
  0x00007fbe2ab16800 JavaThread "Thread-605" daemon [_thread_blocked, id=104967, stack(0x0000000137763000,0x0000000137863000)]
  0x00007fbe292c1000 JavaThread "Thread-601" daemon [_thread_blocked, id=109063, stack(0x0000000137f7b000,0x000000013807b000)]
  0x00007fbe29343800 JavaThread "Thread-600" daemon [_thread_blocked, id=99851, stack(0x0000000136d45000,0x0000000136e45000)]
  0x00007fbe2931e000 JavaThread "Thread-599" daemon [_thread_in_native, id=110087, stack(0x0000000138181000,0x0000000138281000)]
  0x00007fbe2aa63000 JavaThread "Thread-598" daemon [_thread_blocked, id=192787, stack(0x000000013755d000,0x000000013765d000)]
  0x00007fbe2c14e800 JavaThread "Thread-597" daemon [_thread_blocked, id=116231, stack(0x0000000138da5000,0x0000000138ea5000)]
  0x00007fbe2a232000 JavaThread "Thread-596" daemon [_thread_blocked, id=93711, stack(0x0000000136121000,0x0000000136221000)]
  0x00007fbe2c217800 JavaThread "Thread-590" daemon [_thread_blocked, id=173831, stack(0x000000013c853000,0x000000013c953000)]
  0x00007fbe2d493000 JavaThread "Thread-589" daemon [_thread_blocked, id=173575, stack(0x000000013bc2f000,0x000000013bd2f000)]
  0x00007fbe29a5e800 JavaThread "Thread-576" daemon [_thread_blocked, id=111111, stack(0x0000000138387000,0x0000000138487000)]
  0x00007fbe2ca7e000 JavaThread "Thread-575" daemon [_thread_blocked, id=190727, stack(0x0000000141f55000,0x0000000142055000)]
  0x00007fbe2aa8f000 JavaThread "Thread-572" daemon [_thread_in_native, id=101895, stack(0x0000000137151000,0x0000000137251000)]
  0x00007fbe2b9ce800 JavaThread "Thread-562" daemon [_thread_blocked, id=257287, stack(0x0000000142f85000,0x0000000143085000)]
  0x00007fbe2aa84800 JavaThread "Thread-560" daemon [_thread_in_native, id=195847, stack(0x0000000142973000,0x0000000142a73000)]
  0x00007fbe2a9a5000 JavaThread "Thread-550" daemon [_thread_blocked, id=61959, stack(0x0000000132267000,0x0000000132367000)]
  0x00007fbe2a99a000 JavaThread "Thread-548" daemon [_thread_in_native, id=208391, stack(0x00000001453f1000,0x00000001454f1000)]
  0x00007fbe2bb3b000 JavaThread "Thread-545" daemon [_thread_in_native, id=207111, stack(0x0000000143fb5000,0x00000001440b5000)]
  0x00007fbe2930b000 JavaThread "Thread-543" daemon [_thread_blocked, id=217351, stack(0x00000001441bb000,0x00000001442bb000)]
  0x00007fbe293dd000 JavaThread "Thread-536" daemon [_thread_blocked, id=243975, stack(0x00000001443c1000,0x00000001444c1000)]
  0x00007fbe293da800 JavaThread "Thread-528" daemon [_thread_blocked, id=203015, stack(0x0000000137969000,0x0000000137a69000)]
  0x00007fbe293d9800 JavaThread "Thread-524" daemon [_thread_blocked, id=64007, stack(0x000000014276d000,0x000000014286d000)]
  0x00007fbe2ca17800 JavaThread "Thread-519" daemon [_thread_blocked, id=136711, stack(0x000000013b61d000,0x000000013b71d000)]
  0x00007fbe2928a000 JavaThread "Thread-511" daemon [_thread_in_native, id=191751, stack(0x0000000140f25000,0x0000000141025000)]
  0x00007fbe2bb03000 JavaThread "Thread-510" daemon [_thread_blocked, id=66055, stack(0x0000000132a7f000,0x0000000132b7f000)]
  0x00007fbe2a23e000 JavaThread "Thread-506" daemon [_thread_blocked, id=71175, stack(0x000000013349d000,0x000000013359d000)]
  0x00007fbe2c645800 JavaThread "Thread-499" daemon [_thread_blocked, id=221447, stack(0x00000001447cd000,0x00000001448cd000)]
  0x00007fbe2a998800 JavaThread "Thread-498" daemon [_thread_blocked, id=98823, stack(0x0000000136b3f000,0x0000000136c3f000)]
  0x00007fbe2b84a800 JavaThread "JFXMedia Player EventQueueThread" daemon [_thread_blocked, id=227591, stack(0x000000014682d000,0x000000014692d000)]
  0x00007fbe29949000 JavaThread "Thread-474" daemon [_thread_blocked, id=290563, stack(0x000000014ca27000,0x000000014cb27000)]
  0x00007fbe2bba2800 JavaThread "JFXMedia Player EventQueueThread" daemon [_thread_blocked, id=86535, stack(0x00000001352f7000,0x00000001353f7000)]
  0x00007fbe2ab11800 JavaThread "Thread-453" daemon [_thread_blocked, id=289027, stack(0x000000014c71e000,0x000000014c81e000)]
  0x00007fbe29a31800 JavaThread "Thread-454" daemon [_thread_blocked, id=91659, stack(0x0000000135d15000,0x0000000135e15000)]
  0x00007fbe293ab000 JavaThread "JFXMedia Player EventQueueThread" daemon [_thread_blocked, id=231687, stack(0x0000000147045000,0x0000000147145000)]
  0x00007fbe2ab8f800 JavaThread "JFXMedia Player EventQueueThread" daemon [_thread_blocked, id=285187, stack(0x0000000131ac1000,0x0000000131bc1000)]
  0x00007fbe2936d000 JavaThread "JFXMedia Player EventQueueThread" daemon [_thread_blocked, id=283403, stack(0x000000014c312000,0x000000014c412000)]
  0x00007fbe2bbb7000 JavaThread "JFXMedia Player EventQueueThread" daemon [_thread_blocked, id=264455, stack(0x000000014b25b000,0x000000014b35b000)]
  0x00007fbe29a61800 JavaThread "Thread-402" daemon [_thread_in_native, id=262915, stack(0x000000014adfc000,0x000000014aefc000)]
  0x00007fbe29a61000 JavaThread "Thread-400" daemon [_thread_in_native, id=261891, stack(0x000000014abf6000,0x000000014acf6000)]
  0x00007fbe29a5f800 JavaThread "Thread-398" daemon [_thread_in_native, id=260867, stack(0x000000014a9f0000,0x000000014aaf0000)]
  0x00007fbe2c97a000 JavaThread "Thread-396" daemon [_thread_in_native, id=259843, stack(0x000000014a7ea000,0x000000014a8ea000)]
  0x00007fbe29373800 JavaThread "Thread-394" daemon [_thread_in_native, id=258819, stack(0x000000014a5e4000,0x000000014a6e4000)]
  0x00007fbe29372000 JavaThread "Thread-392" daemon [_thread_in_native, id=257795, stack(0x000000014a3de000,0x000000014a4de000)]
  0x00007fbe292a5000 JavaThread "Thread-390" daemon [_thread_in_native, id=256771, stack(0x000000014a1d8000,0x000000014a2d8000)]
  0x00007fbe2bbb4800 JavaThread "Thread-388" daemon [_thread_in_native, id=255747, stack(0x0000000149fd2000,0x000000014a0d2000)]
  0x00007fbe2d1d9800 JavaThread "Thread-386" daemon [_thread_in_native, id=254723, stack(0x0000000149dcc000,0x0000000149ecc000)]
  0x00007fbe2d1d8800 JavaThread "Thread-384" daemon [_thread_in_native, id=253699, stack(0x0000000149bc6000,0x0000000149cc6000)]
  0x00007fbe2ca26800 JavaThread "Thread-382" daemon [_thread_in_native, id=252675, stack(0x00000001499c0000,0x0000000149ac0000)]
  0x00007fbe2bbb4000 JavaThread "Thread-380" daemon [_thread_blocked, id=251651, stack(0x00000001497ba000,0x00000001498ba000)]
  0x00007fbe2bbb2800 JavaThread "Thread-378" daemon [_thread_in_native, id=250627, stack(0x00000001495b4000,0x00000001496b4000)]
  0x00007fbe2bbb1000 JavaThread "Thread-376" daemon [_thread_in_native, id=249603, stack(0x00000001493ae000,0x00000001494ae000)]
  0x00007fbe2bbaf800 JavaThread "Thread-374" daemon [_thread_in_native, id=248579, stack(0x00000001491a8000,0x00000001492a8000)]
  0x00007fbe2ac1e000 JavaThread "Thread-372" daemon [_thread_in_native, id=247555, stack(0x0000000148fa2000,0x00000001490a2000)]
  0x00007fbe2a2eb800 JavaThread "Thread-370" daemon [_thread_in_native, id=246531, stack(0x0000000148d9c000,0x0000000148e9c000)]
  0x00007fbe2ac1c800 JavaThread "Thread-368" daemon [_thread_in_native, id=245507, stack(0x0000000148b96000,0x0000000148c96000)]
  0x00007fbe2ac1b000 JavaThread "Thread-366" daemon [_thread_in_native, id=244483, stack(0x0000000148990000,0x0000000148a90000)]
=>0x00007fbe2c2a1800 JavaThread "Thread-364" daemon [_thread_in_native, id=243459, stack(0x000000014878a000,0x000000014888a000)]
  0x00007fbe2c2a0000 JavaThread "Thread-362" daemon [_thread_blocked, id=242435, stack(0x0000000148584000,0x0000000148684000)]
  0x00007fbe2bbad000 JavaThread "Thread-360" daemon [_thread_in_native, id=241411, stack(0x000000014837e000,0x000000014847e000)]
  0x00007fbe2bbab800 JavaThread "Thread-358" daemon [_thread_in_native, id=240387, stack(0x0000000148178000,0x0000000148278000)]
  0x00007fbe2c29f000 JavaThread "Thread-356" daemon [_thread_blocked, id=239363, stack(0x0000000147f72000,0x0000000148072000)]
  0x00007fbe2c204800 JavaThread "Thread-354" daemon [_thread_in_native, id=238339, stack(0x0000000147d6c000,0x0000000147e6c000)]
  0x00007fbe2ac1a800 JavaThread "Thread-352" daemon [_thread_in_native, id=237315, stack(0x0000000147b66000,0x0000000147c66000)]
  0x00007fbe2a2eb000 JavaThread "Thread-350" daemon [_thread_in_native, id=236291, stack(0x0000000147960000,0x0000000147a60000)]
  0x00007fbe2bbab000 JavaThread "Thread-348" daemon [_thread_in_native, id=235267, stack(0x000000014775a000,0x000000014785a000)]
  0x00007fbe2937f000 JavaThread "Thread-346" daemon [_thread_in_native, id=234243, stack(0x0000000147554000,0x0000000147654000)]
  0x00007fbe2ac19000 JavaThread "Thread-344" daemon [_thread_in_native, id=233219, stack(0x000000014734e000,0x000000014744e000)]
  0x00007fbe2c203000 JavaThread "Thread-342" daemon [_thread_in_native, id=232195, stack(0x0000000147148000,0x0000000147248000)]
  0x00007fbe2c201800 JavaThread "Thread-340" daemon [_thread_in_native, id=231171, stack(0x0000000146f42000,0x0000000147042000)]
  0x00007fbe2ca23800 JavaThread "Thread-338" daemon [_thread_in_native, id=230147, stack(0x0000000146d3c000,0x0000000146e3c000)]
  0x00007fbe2ac16800 JavaThread "Thread-336" daemon [_thread_in_native, id=229123, stack(0x0000000146b36000,0x0000000146c36000)]
  0x00007fbe2937d800 JavaThread "Thread-334" daemon [_thread_in_native, id=228099, stack(0x0000000146930000,0x0000000146a30000)]
  0x00007fbe2937c000 JavaThread "Thread-332" daemon [_thread_in_native, id=227075, stack(0x000000014672a000,0x000000014682a000)]
  0x00007fbe2937a800 JavaThread "Thread-330" daemon [_thread_blocked, id=226051, stack(0x0000000146524000,0x0000000146624000)]
  0x00007fbe2990c800 JavaThread "Thread-329" daemon [_thread_in_native, id=225539, stack(0x0000000146421000,0x0000000146521000)]
  0x00007fbe2bbaa000 JavaThread "Thread-328" daemon [_thread_in_native, id=225027, stack(0x000000014631e000,0x000000014641e000)]
  0x00007fbe2c22e000 JavaThread "Thread-326" daemon [_thread_blocked, id=224003, stack(0x0000000146118000,0x0000000146218000)]
  0x00007fbe2c22d800 JavaThread "Thread-325" daemon [_thread_in_native, id=223491, stack(0x0000000146015000,0x0000000146115000)]
  0x00007fbe2990b800 JavaThread "Thread-324" daemon [_thread_in_native, id=222979, stack(0x0000000145f12000,0x0000000146012000)]
  0x00007fbe2c22c800 JavaThread "Thread-322" daemon [_thread_in_native, id=221955, stack(0x0000000145d0c000,0x0000000145e0c000)]
  0x00007fbe2bba8800 JavaThread "Thread-320" daemon [_thread_in_native, id=220931, stack(0x0000000145b06000,0x0000000145c06000)]
  0x00007fbe2d197000 JavaThread "Thread-318" daemon [_thread_in_native, id=219907, stack(0x0000000145900000,0x0000000145a00000)]
  0x00007fbe2bba8000 JavaThread "Thread-316" daemon [_thread_in_native, id=218883, stack(0x00000001456fa000,0x00000001457fa000)]
  0x00007fbe2bba7000 JavaThread "Thread-314" daemon [_thread_in_native, id=217859, stack(0x00000001454f4000,0x00000001455f4000)]
  0x00007fbe2bba5800 JavaThread "Thread-312" daemon [_thread_in_native, id=216835, stack(0x00000001452ee000,0x00000001453ee000)]
  0x00007fbe2c22b000 JavaThread "Thread-310" daemon [_thread_in_native, id=215811, stack(0x00000001450e8000,0x00000001451e8000)]
  0x00007fbe2aa94800 JavaThread "Thread-308" daemon [_thread_in_native, id=214787, stack(0x0000000144ee2000,0x0000000144fe2000)]
  0x00007fbe2aa93000 JavaThread "Thread-306" daemon [_thread_in_native, id=213763, stack(0x0000000144cdc000,0x0000000144ddc000)]
  0x00007fbe2c219800 JavaThread "Thread-304" daemon [_thread_in_native, id=212739, stack(0x0000000144ad6000,0x0000000144bd6000)]
  0x00007fbe2d108800 JavaThread "Thread-302" daemon [_thread_in_native, id=211715, stack(0x00000001448d0000,0x00000001449d0000)]
  0x00007fbe29379800 JavaThread "Thread-300" daemon [_thread_in_native, id=210691, stack(0x00000001446ca000,0x00000001447ca000)]
  0x00007fbe2930d000 JavaThread "Thread-298" daemon [_thread_in_native, id=209667, stack(0x00000001444c4000,0x00000001445c4000)]
  0x00007fbe2930b800 JavaThread "Thread-296" daemon [_thread_in_native, id=208643, stack(0x00000001442be000,0x00000001443be000)]
  0x00007fbe2930a000 JavaThread "Thread-294" daemon [_thread_in_native, id=207619, stack(0x00000001440b8000,0x00000001441b8000)]
  0x00007fbe2ca22000 JavaThread "Thread-292" daemon [_thread_in_native, id=206595, stack(0x0000000143eb2000,0x0000000143fb2000)]
  0x00007fbe2a2ea000 JavaThread "Thread-290" daemon [_thread_in_native, id=205571, stack(0x0000000143cac000,0x0000000143dac000)]
  0x00007fbe2bba3800 JavaThread "Thread-288" daemon [_thread_in_native, id=204547, stack(0x0000000143aa6000,0x0000000143ba6000)]
  0x00007fbe2bba2000 JavaThread "Thread-286" daemon [_thread_in_native, id=203523, stack(0x00000001438a0000,0x00000001439a0000)]
  0x00007fbe2ca21000 JavaThread "Thread-284" daemon [_thread_blocked, id=202499, stack(0x000000014369a000,0x000000014379a000)]
  0x00007fbe2ca20800 JavaThread "Thread-283" daemon [_thread_in_native, id=201987, stack(0x0000000143597000,0x0000000143697000)]
  0x00007fbe2bba0800 JavaThread "Thread-282" daemon [_thread_in_native, id=201475, stack(0x0000000143494000,0x0000000143594000)]
  0x00007fbe2bb9f000 JavaThread "Thread-280" daemon [_thread_in_native, id=200451, stack(0x000000014328e000,0x000000014338e000)]
  0x00007fbe2bb9d800 JavaThread "Thread-278" daemon [_thread_in_native, id=199427, stack(0x0000000143088000,0x0000000143188000)]
  0x00007fbe2bb37800 JavaThread "Thread-276" daemon [_thread_in_native, id=198403, stack(0x0000000142e82000,0x0000000142f82000)]
  0x00007fbe2a2e9800 JavaThread "Thread-274" daemon [_thread_in_native, id=197379, stack(0x0000000142c7c000,0x0000000142d7c000)]
  0x00007fbe2c8e4000 JavaThread "Thread-272" daemon [_thread_in_native, id=196355, stack(0x0000000142a76000,0x0000000142b76000)]
  0x00007fbe2c8e2800 JavaThread "Thread-270" daemon [_thread_in_native, id=195331, stack(0x0000000142870000,0x0000000142970000)]
  0x00007fbe2d107000 JavaThread "Thread-268" daemon [_thread_in_native, id=194307, stack(0x000000014266a000,0x000000014276a000)]
  0x00007fbe2bb36000 JavaThread "Thread-266" daemon [_thread_blocked, id=193283, stack(0x0000000142464000,0x0000000142564000)]
  0x00007fbe29909800 JavaThread "Thread-264" daemon [_thread_in_native, id=192259, stack(0x000000014225e000,0x000000014235e000)]
  0x00007fbe29908000 JavaThread "Thread-262" daemon [_thread_in_native, id=191235, stack(0x0000000142058000,0x0000000142158000)]
  0x00007fbe2aa92000 JavaThread "Thread-260" daemon [_thread_in_native, id=190215, stack(0x0000000141e52000,0x0000000141f52000)]
  0x00007fbe2c8e0000 JavaThread "Thread-258" daemon [_thread_in_native, id=189187, stack(0x0000000141c4c000,0x0000000141d4c000)]
  0x00007fbe2bb35000 JavaThread "Thread-256" daemon [_thread_in_native, id=187651, stack(0x0000000141a46000,0x0000000141b46000)]
  0x00007fbe29907000 JavaThread "Thread-254" daemon [_thread_in_native, id=186371, stack(0x0000000141840000,0x0000000141940000)]
  0x00007fbe2bb33800 JavaThread "Thread-252" daemon [_thread_in_native, id=185347, stack(0x000000014163a000,0x000000014173a000)]
  0x00007fbe2bb32000 JavaThread "Thread-250" daemon [_thread_in_native, id=184323, stack(0x0000000141434000,0x0000000141534000)]
  0x00007fbe29308000 JavaThread "Thread-248" daemon [_thread_in_native, id=183299, stack(0x000000014122e000,0x000000014132e000)]
  0x00007fbe29306800 JavaThread "Thread-246" daemon [_thread_in_native, id=182275, stack(0x0000000141028000,0x0000000141128000)]
  0x00007fbe29349000 JavaThread "Thread-244" daemon [_thread_blocked, id=181251, stack(0x0000000140e22000,0x0000000140f22000)]
  0x00007fbe2bb31800 JavaThread "Thread-242" daemon [_thread_in_native, id=180227, stack(0x0000000140c1c000,0x0000000140d1c000)]
  0x00007fbe2aa90800 JavaThread "Thread-240" daemon [_thread_in_native, id=179203, stack(0x0000000140a16000,0x0000000140b16000)]
  0x00007fbe2bb30000 JavaThread "Thread-238" daemon [_thread_in_native, id=178179, stack(0x0000000140810000,0x0000000140910000)]
  0x00007fbe2bb2e800 JavaThread "Thread-236" daemon [_thread_in_native, id=177155, stack(0x000000014060a000,0x000000014070a000)]
  0x00007fbe2bb2d000 JavaThread "Thread-234" daemon [_thread_in_native, id=176131, stack(0x0000000140404000,0x0000000140504000)]
  0x00007fbe2c216800 JavaThread "Thread-232" daemon [_thread_in_native, id=175107, stack(0x00000001401fe000,0x00000001402fe000)]
  0x00007fbe2bb82000 JavaThread "Thread-230" daemon [_thread_in_native, id=174083, stack(0x000000013fff8000,0x00000001400f8000)]
  0x00007fbe2bb80800 JavaThread "Thread-228" daemon [_thread_in_native, id=173059, stack(0x000000013fdf2000,0x000000013fef2000)]
  0x00007fbe2bb7f000 JavaThread "Thread-226" daemon [_thread_in_native, id=172035, stack(0x000000013fbec000,0x000000013fcec000)]
  0x00007fbe2bb7d800 JavaThread "Thread-224" daemon [_thread_in_native, id=171011, stack(0x000000013f9e6000,0x000000013fae6000)]
  0x00007fbe2bb7c000 JavaThread "Thread-222" daemon [_thread_in_native, id=169987, stack(0x000000013f7e0000,0x000000013f8e0000)]
  0x00007fbe2bb7a800 JavaThread "Thread-220" daemon [_thread_in_native, id=168963, stack(0x000000013f5da000,0x000000013f6da000)]
  0x00007fbe2bb79000 JavaThread "Thread-218" daemon [_thread_blocked, id=167939, stack(0x000000013f3d4000,0x000000013f4d4000)]
  0x00007fbe2aa90000 JavaThread "Thread-216" daemon [_thread_in_native, id=166915, stack(0x000000013f1ce000,0x000000013f2ce000)]
  0x00007fbe2aa8e800 JavaThread "Thread-214" daemon [_thread_in_native, id=165891, stack(0x000000013efc8000,0x000000013f0c8000)]
  0x00007fbe2aaea000 JavaThread "Thread-212" daemon [_thread_in_native, id=164867, stack(0x000000013edc2000,0x000000013eec2000)]
  0x00007fbe2aae8800 JavaThread "Thread-210" daemon [_thread_in_native, id=163843, stack(0x000000013ebbc000,0x000000013ecbc000)]
  0x00007fbe2aae7000 JavaThread "Thread-208" daemon [_thread_in_native, id=162819, stack(0x000000013e9b6000,0x000000013eab6000)]
  0x00007fbe2a9f7000 JavaThread "Thread-206" daemon [_thread_in_native, id=161795, stack(0x000000013e7b0000,0x000000013e8b0000)]
  0x00007fbe2a9f5800 JavaThread "Thread-204" daemon [_thread_in_native, id=160771, stack(0x000000013e5aa000,0x000000013e6aa000)]
  0x00007fbe2a9f4000 JavaThread "Thread-202" daemon [_thread_in_native, id=159747, stack(0x000000013e3a4000,0x000000013e4a4000)]
  0x00007fbe2a9d9800 JavaThread "Thread-200" daemon [_thread_in_native, id=158723, stack(0x000000013e19e000,0x000000013e29e000)]
  0x00007fbe2ab75800 JavaThread "Thread-198" daemon [_thread_in_native, id=157699, stack(0x000000013df98000,0x000000013e098000)]
  0x00007fbe2bb2a800 JavaThread "Thread-196" daemon [_thread_in_native, id=156675, stack(0x000000013dd92000,0x000000013de92000)]
  0x00007fbe2bb29000 JavaThread "Thread-194" daemon [_thread_in_native, id=155651, stack(0x000000013db8c000,0x000000013dc8c000)]
  0x00007fbe2bb27800 JavaThread "Thread-192" daemon [_thread_in_native, id=154627, stack(0x000000013d986000,0x000000013da86000)]
  0x00007fbe2bb26000 JavaThread "Thread-190" daemon [_thread_blocked, id=153603, stack(0x000000013d780000,0x000000013d880000)]
  0x00007fbe2bb24800 JavaThread "Thread-188" daemon [_thread_in_native, id=152579, stack(0x000000013d57a000,0x000000013d67a000)]
  0x00007fbe2bb23000 JavaThread "Thread-186" daemon [_thread_blocked, id=151555, stack(0x000000013d374000,0x000000013d474000)]
  0x00007fbe2bb53800 JavaThread "Thread-184" daemon [_thread_in_native, id=150531, stack(0x000000013d16e000,0x000000013d26e000)]
  0x00007fbe2bb52000 JavaThread "Thread-182" daemon [_thread_in_native, id=149507, stack(0x000000013cf68000,0x000000013d068000)]
  0x00007fbe2c573800 JavaThread "Thread-180" daemon [_thread_in_native, id=148483, stack(0x000000013cd62000,0x000000013ce62000)]
  0x00007fbe2c572000 JavaThread "Thread-178" daemon [_thread_in_native, id=147459, stack(0x000000013cb5c000,0x000000013cc5c000)]
  0x00007fbe2a9d7800 JavaThread "Thread-176" daemon [_thread_in_native, id=146435, stack(0x000000013c956000,0x000000013ca56000)]
  0x00007fbe2a9d6000 JavaThread "Thread-174" daemon [_thread_in_native, id=145411, stack(0x000000013c750000,0x000000013c850000)]
  0x00007fbe2c245000 JavaThread "Thread-172" daemon [_thread_in_native, id=144387, stack(0x000000013c54a000,0x000000013c64a000)]
  0x00007fbe2c243800 JavaThread "Thread-170" daemon [_thread_in_native, id=143363, stack(0x000000013c344000,0x000000013c444000)]
  0x00007fbe2bb50800 JavaThread "Thread-168" daemon [_thread_in_native, id=142339, stack(0x000000013c13e000,0x000000013c23e000)]
  0x00007fbe2c232000 JavaThread "Thread-166" daemon [_thread_in_native, id=141315, stack(0x000000013bf38000,0x000000013c038000)]
  0x00007fbe2bb4f000 JavaThread "Thread-164" daemon [_thread_in_native, id=140291, stack(0x000000013bd32000,0x000000013be32000)]
  0x00007fbe2bb4d800 JavaThread "Thread-162" daemon [_thread_in_native, id=139267, stack(0x000000013bb2c000,0x000000013bc2c000)]
  0x00007fbe2bb4c000 JavaThread "Thread-160" daemon [_thread_in_native, id=138243, stack(0x000000013b926000,0x000000013ba26000)]
  0x00007fbe2bb4a800 JavaThread "Thread-158" daemon [_thread_in_native, id=137219, stack(0x000000013b720000,0x000000013b820000)]
  0x00007fbe2bb49000 JavaThread "Thread-156" daemon [_thread_in_native, id=136195, stack(0x000000013b51a000,0x000000013b61a000)]
  0x00007fbe2bb47800 JavaThread "Thread-154" daemon [_thread_in_native, id=135171, stack(0x000000013b314000,0x000000013b414000)]
  0x00007fbe2bb46000 JavaThread "Thread-152" daemon [_thread_in_native, id=134147, stack(0x000000013b10e000,0x000000013b20e000)]
  0x00007fbe2bb44800 JavaThread "Thread-150" daemon [_thread_in_native, id=133123, stack(0x000000013af08000,0x000000013b008000)]
  0x00007fbe2b9cf800 JavaThread "Thread-148" daemon [_thread_in_native, id=132099, stack(0x000000013ad02000,0x000000013ae02000)]
  0x00007fbe2b9ce000 JavaThread "Thread-146" daemon [_thread_in_native, id=131075, stack(0x000000013aafc000,0x000000013abfc000)]
  0x00007fbe2b9cc800 JavaThread "Thread-144" daemon [_thread_in_native, id=130051, stack(0x000000013a8f6000,0x000000013a9f6000)]
  0x00007fbe29346800 JavaThread "Thread-142" daemon [_thread_in_native, id=129027, stack(0x000000013a6f0000,0x000000013a7f0000)]
  0x00007fbe29345000 JavaThread "Thread-140" daemon [_thread_in_native, id=128003, stack(0x000000013a4ea000,0x000000013a5ea000)]
  0x00007fbe2b9cb800 JavaThread "Thread-138" daemon [_thread_in_native, id=126979, stack(0x000000013a2e4000,0x000000013a3e4000)]
  0x00007fbe2b9ca000 JavaThread "Thread-136" daemon [_thread_in_native, id=125955, stack(0x000000013a0de000,0x000000013a1de000)]
  0x00007fbe2ba20800 JavaThread "Thread-134" daemon [_thread_in_native, id=124931, stack(0x0000000139ed8000,0x0000000139fd8000)]
  0x00007fbe2c231000 JavaThread "Thread-132" daemon [_thread_in_native, id=123907, stack(0x0000000139cd2000,0x0000000139dd2000)]
  0x00007fbe2ba1f800 JavaThread "Thread-130" daemon [_thread_in_native, id=122883, stack(0x0000000139acc000,0x0000000139bcc000)]
  0x00007fbe2ba1e000 JavaThread "Thread-128" daemon [_thread_in_native, id=121859, stack(0x00000001398c6000,0x00000001399c6000)]
  0x00007fbe2ba1c800 JavaThread "Thread-126" daemon [_thread_in_native, id=120835, stack(0x00000001396c0000,0x00000001397c0000)]
  0x00007fbe2bb3a800 JavaThread "Thread-124" daemon [_thread_blocked, id=119811, stack(0x00000001394ba000,0x00000001395ba000)]
  0x00007fbe2bb39000 JavaThread "Thread-122" daemon [_thread_in_native, id=118787, stack(0x00000001392b4000,0x00000001393b4000)]
  0x00007fbe29343000 JavaThread "Thread-120" daemon [_thread_in_native, id=117763, stack(0x00000001390ae000,0x00000001391ae000)]
  0x00007fbe29a3d000 JavaThread "Thread-118" daemon [_thread_in_native, id=116739, stack(0x0000000138ea8000,0x0000000138fa8000)]
  0x00007fbe29a3b800 JavaThread "Thread-116" daemon [_thread_in_native, id=115715, stack(0x0000000138ca2000,0x0000000138da2000)]
  0x00007fbe29a3a000 JavaThread "Thread-114" daemon [_thread_in_native, id=114691, stack(0x0000000138a9c000,0x0000000138b9c000)]
  0x00007fbe2987b800 JavaThread "Thread-112" daemon [_thread_in_native, id=113667, stack(0x0000000138896000,0x0000000138996000)]
  0x00007fbe2987a000 JavaThread "Thread-110" daemon [_thread_in_native, id=112643, stack(0x0000000138690000,0x0000000138790000)]
  0x00007fbe29320800 JavaThread "Thread-108" daemon [_thread_in_native, id=111619, stack(0x000000013848a000,0x000000013858a000)]
  0x00007fbe2931f000 JavaThread "Thread-106" daemon [_thread_in_native, id=110595, stack(0x0000000138284000,0x0000000138384000)]
  0x00007fbe292c1800 JavaThread "Thread-104" daemon [_thread_in_native, id=109571, stack(0x000000013807e000,0x000000013817e000)]
  0x00007fbe292c0000 JavaThread "Thread-102" daemon [_thread_in_native, id=108547, stack(0x0000000137e78000,0x0000000137f78000)]
  0x00007fbe2a2e7000 JavaThread "Thread-100" daemon [_thread_in_native, id=107523, stack(0x0000000137c72000,0x0000000137d72000)]
  0x00007fbe2ab18800 JavaThread "Thread-98" daemon [_thread_in_native, id=106499, stack(0x0000000137a6c000,0x0000000137b6c000)]
  0x00007fbe2ab17000 JavaThread "Thread-96" daemon [_thread_in_native, id=105475, stack(0x0000000137866000,0x0000000137966000)]
  0x00007fbe2ab15800 JavaThread "Thread-94" daemon [_thread_in_native, id=104451, stack(0x0000000137660000,0x0000000137760000)]
  0x00007fbe2aba2800 JavaThread "Thread-92" daemon [_thread_in_native, id=103427, stack(0x000000013745a000,0x000000013755a000)]
  0x00007fbe2c150000 JavaThread "Thread-90" daemon [_thread_in_native, id=102403, stack(0x0000000137254000,0x0000000137354000)]
  0x00007fbe2aba2000 JavaThread "Thread-88" daemon [_thread_in_native, id=101379, stack(0x000000013704e000,0x000000013714e000)]
  0x00007fbe2aba0800 JavaThread "Thread-86" daemon [_thread_in_native, id=100355, stack(0x0000000136e48000,0x0000000136f48000)]
  0x00007fbe2a999800 JavaThread "Thread-84" daemon [_thread_in_native, id=99331, stack(0x0000000136c42000,0x0000000136d42000)]
  0x00007fbe2a998000 JavaThread "Thread-82" daemon [_thread_in_native, id=98307, stack(0x0000000136a3c000,0x0000000136b3c000)]
  0x00007fbe2aa62800 JavaThread "Thread-80" daemon [_thread_blocked, id=97283, stack(0x0000000136836000,0x0000000136936000)]
  0x00007fbe2aa61000 JavaThread "Thread-78" daemon [_thread_in_native, id=96259, stack(0x0000000136630000,0x0000000136730000)]
  0x00007fbe29304000 JavaThread "Thread-76" daemon [_thread_in_native, id=95235, stack(0x000000013642a000,0x000000013652a000)]
  0x00007fbe29302800 JavaThread "Thread-74" daemon [_thread_in_native, id=94211, stack(0x0000000136224000,0x0000000136324000)]
  0x00007fbe2c9a4800 JavaThread "Thread-72" daemon [_thread_in_native, id=93187, stack(0x000000013601e000,0x000000013611e000)]
  0x00007fbe2ab54000 JavaThread "Thread-70" daemon [_thread_in_native, id=92163, stack(0x0000000135e18000,0x0000000135f18000)]
  0x00007fbe2ab52800 JavaThread "Thread-68" daemon [_thread_in_native, id=91139, stack(0x0000000135c12000,0x0000000135d12000)]
  0x00007fbe2a96b800 JavaThread "Thread-66" daemon [_thread_in_native, id=90115, stack(0x0000000135a0c000,0x0000000135b0c000)]
  0x00007fbe2a96a000 JavaThread "Thread-64" daemon [_thread_in_native, id=89091, stack(0x0000000135806000,0x0000000135906000)]
  0x00007fbe2c9a4000 JavaThread "Thread-62" daemon [_thread_in_native, id=88067, stack(0x0000000135600000,0x0000000135700000)]
  0x00007fbe2c9a2800 JavaThread "Thread-60" daemon [_thread_in_native, id=87043, stack(0x00000001353fa000,0x00000001354fa000)]
  0x00007fbe2ca80000 JavaThread "Thread-58" daemon [_thread_in_native, id=86019, stack(0x00000001351f4000,0x00000001352f4000)]
  0x00007fbe2ca7e800 JavaThread "Thread-56" daemon [_thread_in_native, id=84995, stack(0x0000000134fee000,0x00000001350ee000)]
  0x00007fbe2a97d800 JavaThread "Thread-54" daemon [_thread_in_native, id=83971, stack(0x0000000134de8000,0x0000000134ee8000)]
  0x00007fbe2ba1b000 JavaThread "Thread-52" daemon [_thread_in_native, id=82947, stack(0x0000000134be2000,0x0000000134ce2000)]
  0x00007fbe2ba19800 JavaThread "Thread-50" daemon [_thread_in_native, id=81923, stack(0x00000001349dc000,0x0000000134adc000)]
  0x00007fbe2ca7d000 JavaThread "Thread-48" daemon [_thread_in_native, id=80899, stack(0x00000001347d6000,0x00000001348d6000)]
  0x00007fbe2a0ef000 JavaThread "Thread-46" daemon [_thread_in_native, id=79875, stack(0x00000001345d0000,0x00000001346d0000)]
  0x00007fbe2c410800 JavaThread "Thread-44" daemon [_thread_in_native, id=78851, stack(0x00000001343ca000,0x00000001344ca000)]
  0x00007fbe2b9a7800 JavaThread "Thread-42" daemon [_thread_in_native, id=77827, stack(0x00000001341c4000,0x00000001342c4000)]
  0x00007fbe292be800 JavaThread "Thread-40" daemon [_thread_in_native, id=76803, stack(0x0000000133fbe000,0x00000001340be000)]
  0x00007fbe2a97d000 JavaThread "Thread-38" daemon [_thread_in_native, id=75779, stack(0x0000000133db8000,0x0000000133eb8000)]
  0x00007fbe2a9a4000 JavaThread "Thread-36" daemon [_thread_in_native, id=74755, stack(0x0000000133bb2000,0x0000000133cb2000)]
  0x00007fbe2aa85000 JavaThread "Thread-34" daemon [_thread_in_native, id=73731, stack(0x00000001339ac000,0x0000000133aac000)]
  0x00007fbe2b9a6800 JavaThread "Thread-32" daemon [_thread_in_native, id=72707, stack(0x00000001337a6000,0x00000001338a6000)]
  0x00007fbe2b9a5000 JavaThread "Thread-30" daemon [_thread_in_native, id=71683, stack(0x00000001335a0000,0x00000001336a0000)]
  0x00007fbe2b9a3800 JavaThread "Thread-28" daemon [_thread_in_native, id=70659, stack(0x000000013339a000,0x000000013349a000)]
  0x00007fbe2b9a2000 JavaThread "Thread-26" daemon [_thread_in_native, id=69635, stack(0x0000000133194000,0x0000000133294000)]
  0x00007fbe2bb06800 JavaThread "Thread-24" daemon [_thread_in_native, id=68611, stack(0x0000000132f8e000,0x000000013308e000)]
  0x00007fbe2bb05000 JavaThread "Thread-22" daemon [_thread_in_native, id=67587, stack(0x0000000132d88000,0x0000000132e88000)]
  0x00007fbe2bb03800 JavaThread "Thread-20" daemon [_thread_in_native, id=66563, stack(0x0000000132b82000,0x0000000132c82000)]
  0x00007fbe2bb02000 JavaThread "Thread-18" daemon [_thread_in_native, id=65539, stack(0x000000013297c000,0x0000000132a7c000)]
  0x00007fbe2ba94000 JavaThread "Thread-16" daemon [_thread_in_native, id=64515, stack(0x0000000132776000,0x0000000132876000)]
  0x00007fbe2ba92800 JavaThread "Thread-14" daemon [_thread_in_native, id=63491, stack(0x0000000132570000,0x0000000132670000)]
  0x00007fbe2ba91000 JavaThread "Thread-12" daemon [_thread_in_native, id=62467, stack(0x000000013236a000,0x000000013246a000)]
  0x00007fbe2ba8f800 JavaThread "Thread-10" daemon [_thread_in_native, id=61443, stack(0x0000000132164000,0x0000000132264000)]
  0x00007fbe2bb56800 JavaThread "Thread-8" daemon [_thread_in_native, id=60419, stack(0x0000000131f5e000,0x000000013205e000)]
  0x00007fbe2bae7800 JavaThread "Thread-6" daemon [_thread_in_native, id=59395, stack(0x0000000131d58000,0x0000000131e58000)]
  0x00007fbe29123000 JavaThread "JavaFX-Launcher" [_thread_blocked, id=51975, stack(0x000000012f441000,0x000000012f541000)]
  0x00007fbe2a924800 JavaThread "Thread-3" daemon [_thread_in_native, id=39427, stack(0x000000012e25b000,0x000000012e2db000)]
  0x00007fbe2910c000 JavaThread "JavaFX Application Thread" [_thread_in_native, id=1811, stack(0x00007fff54a17000,0x00007fff55217000)]
  0x00007fbe2910e800 JavaThread "Thread-1" daemon [_thread_blocked, id=27667, stack(0x000000012b2b6000,0x000000012b3b6000)]
  0x00007fbe29038000 JavaThread "Service Thread" daemon [_thread_blocked, id=20739, stack(0x000000012a57b000,0x000000012a67b000)]
  0x00007fbe2901d800 JavaThread "C1 CompilerThread3" daemon [_thread_blocked, id=20227, stack(0x000000012a478000,0x000000012a578000)]
  0x00007fbe2900b800 JavaThread "C2 CompilerThread2" daemon [_thread_blocked, id=19715, stack(0x000000012a375000,0x000000012a475000)]
  0x00007fbe2c018800 JavaThread "C2 CompilerThread1" daemon [_thread_blocked, id=19203, stack(0x000000012a272000,0x000000012a372000)]
  0x00007fbe2c00f000 JavaThread "C2 CompilerThread0" daemon [_thread_blocked, id=18691, stack(0x000000012a16f000,0x000000012a26f000)]
  0x00007fbe2900f800 JavaThread "Finalizer" daemon [_thread_blocked, id=13571, stack(0x0000000128658000,0x0000000128758000)]
  0x00007fbe2900f000 JavaThread "Reference Handler" daemon [_thread_blocked, id=13059, stack(0x0000000128555000,0x0000000128655000)]
  0x00007fbe2b800000 JavaThread "main" [_thread_blocked, id=4867, stack(0x000000010cb1d000,0x000000010cc1d000)]

Other Threads:
  0x00007fbe2c005800 VMThread [stack: 0x0000000128452000,0x0000000128552000] [id=12547]

VM state:at safepoint (shutting down)

VM Mutex/Monitor currently owned by a thread:  ([mutex/lock_event])
[0x00007fbe28c034b0] Threads_lock - owner thread: 0x00007fbe2c005800

Heap:
 PSYoungGen      total 141824K, used 101170K [0x000000076ab00000, 0x0000000774000000, 0x00000007c0000000)
  eden space 131072K, 68% used [0x000000076ab00000,0x000000077034cad8,0x0000000772b00000)
  from space 10752K, 100% used [0x0000000773580000,0x0000000774000000,0x0000000774000000)
  to   space 10752K, 0% used [0x0000000772b00000,0x0000000772b00000,0x0000000773580000)
 ParOldGen       total 175104K, used 49889K [0x00000006c0000000, 0x00000006cab00000, 0x000000076ab00000)
  object space 175104K, 28% used [0x00000006c0000000,0x00000006c30b8450,0x00000006cab00000)
 Metaspace       used 12006K, capacity 12462K, committed 12672K, reserved 1060864K
  class space    used 1451K, capacity 1561K, committed 1664K, reserved 1048576K

Card table byte_map: [0x000000011bfdf000,0x000000011c7e0000] byte_map_base: 0x00000001189df000

Marking Bits: (ParMarkBitMap*) 0x000000010c49d390
 Begin Bits: [0x000000011d54e000, 0x000000012154e000)
 End Bits:   [0x000000012154e000, 0x000000012554e000)

Polling page: 0x000000010ab40000

CodeCache: size=245760Kb used=5584Kb max_used=6422Kb free=240175Kb
 bounds [0x000000010cc1f000, 0x000000010d26f000, 0x000000011bc1f000]
 total_blobs=1916 nmethods=1458 adapters=373
 compilation: enabled

Compilation events (10 events):
Event: 9.885 Thread 0x00007fbe2c00f000 1689       4       sun.nio.cs.ISO_8859_1$Decoder::decode (45 bytes)
Event: 9.885 Thread 0x00007fbe2901d800 1690       1       java.nio.Buffer::markValue (5 bytes)
Event: 9.885 Thread 0x00007fbe2901d800 nmethod 1690 0x000000010d041b90 code [0x000000010d041ce0, 0x000000010d041df0]
Event: 9.889 Thread 0x00007fbe2c00f000 nmethod 1689 0x000000010cfbb610 code [0x000000010cfbb760, 0x000000010cfbb8d8]
Event: 10.376 Thread 0x00007fbe2901d800 1691       3       java.lang.String::split (326 bytes)
Event: 10.380 Thread 0x00007fbe2901d800 nmethod 1691 0x000000010ceeb690 code [0x000000010ceebb00, 0x000000010ceee798]
Event: 10.674 Thread 0x00007fbe2901d800 1692       3       java.util.concurrent.locks.AbstractQueuedSynchronizer::release (33 bytes)
Event: 10.675 Thread 0x00007fbe2901d800 nmethod 1692 0x000000010cf4e2d0 code [0x000000010cf4e460, 0x000000010cf4e778]
Event: 10.691 Thread 0x00007fbe2901d800 1693       3       java.util.concurrent.locks.ReentrantLock$Sync::tryRelease (45 bytes)
Event: 10.692 Thread 0x00007fbe2901d800 nmethod 1693 0x000000010d0d9010 code [0x000000010d0d91a0, 0x000000010d0d9728]

GC Heap History (8 events):
Event: 2.654 GC heap before
{Heap before GC invocations=1 (full 0):
 PSYoungGen      total 76288K, used 65536K [0x000000076ab00000, 0x0000000770000000, 0x00000007c0000000)
  eden space 65536K, 100% used [0x000000076ab00000,0x000000076eb00000,0x000000076eb00000)
  from space 10752K, 0% used [0x000000076f580000,0x000000076f580000,0x0000000770000000)
  to   space 10752K, 0% used [0x000000076eb00000,0x000000076eb00000,0x000000076f580000)
 ParOldGen       total 175104K, used 0K [0x00000006c0000000, 0x00000006cab00000, 0x000000076ab00000)
  object space 175104K, 0% used [0x00000006c0000000,0x00000006c0000000,0x00000006cab00000)
 Metaspace       used 9445K, capacity 9864K, committed 10112K, reserved 1058816K
  class space    used 1185K, capacity 1288K, committed 1408K, reserved 1048576K
Event: 2.663 GC heap after
Heap after GC invocations=1 (full 0):
 PSYoungGen      total 76288K, used 6528K [0x000000076ab00000, 0x0000000770000000, 0x00000007c0000000)
  eden space 65536K, 0% used [0x000000076ab00000,0x000000076ab00000,0x000000076eb00000)
  from space 10752K, 60% used [0x000000076eb00000,0x000000076f160060,0x000000076f580000)
  to   space 10752K, 0% used [0x000000076f580000,0x000000076f580000,0x0000000770000000)
 ParOldGen       total 175104K, used 16K [0x00000006c0000000, 0x00000006cab00000, 0x000000076ab00000)
  object space 175104K, 0% used [0x00000006c0000000,0x00000006c0004000,0x00000006cab00000)
 Metaspace       used 9445K, capacity 9864K, committed 10112K, reserved 1058816K
  class space    used 1185K, capacity 1288K, committed 1408K, reserved 1048576K
}
Event: 3.244 GC heap before
{Heap before GC invocations=2 (full 0):
 PSYoungGen      total 76288K, used 72064K [0x000000076ab00000, 0x0000000770000000, 0x00000007c0000000)
  eden space 65536K, 100% used [0x000000076ab00000,0x000000076eb00000,0x000000076eb00000)
  from space 10752K, 60% used [0x000000076eb00000,0x000000076f160060,0x000000076f580000)
  to   space 10752K, 0% used [0x000000076f580000,0x000000076f580000,0x0000000770000000)
 ParOldGen       total 175104K, used 16K [0x00000006c0000000, 0x00000006cab00000, 0x000000076ab00000)
  object space 175104K, 0% used [0x00000006c0000000,0x00000006c0004000,0x00000006cab00000)
 Metaspace       used 11552K, capacity 11914K, committed 12032K, reserved 1060864K
  class space    used 1429K, capacity 1519K, committed 1536K, reserved 1048576K
Event: 3.255 GC heap after
Heap after GC invocations=2 (full 0):
 PSYoungGen      total 76288K, used 10737K [0x000000076ab00000, 0x0000000774000000, 0x00000007c0000000)
  eden space 65536K, 0% used [0x000000076ab00000,0x000000076ab00000,0x000000076eb00000)
  from space 10752K, 99% used [0x000000076f580000,0x000000076fffc668,0x0000000770000000)
  to   space 10752K, 0% used [0x000000076eb00000,0x000000076eb00000,0x000000076f580000)
 ParOldGen       total 175104K, used 1768K [0x00000006c0000000, 0x00000006cab00000, 0x000000076ab00000)
  object space 175104K, 1% used [0x00000006c0000000,0x00000006c01ba010,0x00000006cab00000)
 Metaspace       used 11552K, capacity 11914K, committed 12032K, reserved 1060864K
  class space    used 1429K, capacity 1519K, committed 1536K, reserved 1048576K
}
Event: 4.497 GC heap before
{Heap before GC invocations=3 (full 0):
 PSYoungGen      total 76288K, used 76273K [0x000000076ab00000, 0x0000000774000000, 0x00000007c0000000)
  eden space 65536K, 100% used [0x000000076ab00000,0x000000076eb00000,0x000000076eb00000)
  from space 10752K, 99% used [0x000000076f580000,0x000000076fffc668,0x0000000770000000)
  to   space 10752K, 0% used [0x000000076eb00000,0x000000076eb00000,0x000000076f580000)
 ParOldGen       total 175104K, used 1768K [0x00000006c0000000, 0x00000006cab00000, 0x000000076ab00000)
  object space 175104K, 1% used [0x00000006c0000000,0x00000006c01ba010,0x00000006cab00000)
 Metaspace       used 11889K, capacity 12318K, committed 12672K, reserved 1060864K
  class space    used 1446K, capacity 1559K, committed 1664K, reserved 1048576K
Event: 4.512 GC heap after
Heap after GC invocations=3 (full 0):
 PSYoungGen      total 76288K, used 10741K [0x000000076ab00000, 0x0000000774000000, 0x00000007c0000000)
  eden space 65536K, 0% used [0x000000076ab00000,0x000000076ab00000,0x000000076eb00000)
  from space 10752K, 99% used [0x000000076eb00000,0x000000076f57d560,0x000000076f580000)
  to   space 10752K, 0% used [0x0000000773580000,0x0000000773580000,0x0000000774000000)
 ParOldGen       total 175104K, used 21245K [0x00000006c0000000, 0x00000006cab00000, 0x000000076ab00000)
  object space 175104K, 12% used [0x00000006c0000000,0x00000006c14bf7e8,0x00000006cab00000)
 Metaspace       used 11889K, capacity 12318K, committed 12672K, reserved 1060864K
  class space    used 1446K, capacity 1559K, committed 1664K, reserved 1048576K
}
Event: 6.574 GC heap before
{Heap before GC invocations=4 (full 0):
 PSYoungGen      total 76288K, used 76277K [0x000000076ab00000, 0x0000000774000000, 0x00000007c0000000)
  eden space 65536K, 100% used [0x000000076ab00000,0x000000076eb00000,0x000000076eb00000)
  from space 10752K, 99% used [0x000000076eb00000,0x000000076f57d560,0x000000076f580000)
  to   space 10752K, 0% used [0x0000000773580000,0x0000000773580000,0x0000000774000000)
 ParOldGen       total 175104K, used 21245K [0x00000006c0000000, 0x00000006cab00000, 0x000000076ab00000)
  object space 175104K, 12% used [0x00000006c0000000,0x00000006c14bf7e8,0x00000006cab00000)
 Metaspace       used 11939K, capacity 12318K, committed 12672K, reserved 1060864K
  class space    used 1446K, capacity 1559K, committed 1664K, reserved 1048576K
Event: 6.597 GC heap after
Heap after GC invocations=4 (full 0):
 PSYoungGen      total 141824K, used 10752K [0x000000076ab00000, 0x0000000774000000, 0x00000007c0000000)
  eden space 131072K, 0% used [0x000000076ab00000,0x000000076ab00000,0x0000000772b00000)
  from space 10752K, 100% used [0x0000000773580000,0x0000000774000000,0x0000000774000000)
  to   space 10752K, 0% used [0x0000000772b00000,0x0000000772b00000,0x0000000773580000)
 ParOldGen       total 175104K, used 49889K [0x00000006c0000000, 0x00000006cab00000, 0x000000076ab00000)
  object space 175104K, 28% used [0x00000006c0000000,0x00000006c30b8450,0x00000006cab00000)
 Metaspace       used 11939K, capacity 12318K, committed 12672K, reserved 1060864K
  class space    used 1446K, capacity 1559K, committed 1664K, reserved 1048576K
}

Deoptimization events (10 events):
Event: 2.934 Thread 0x00007fbe2937f800 Uncommon trap: reason=class_check action=maybe_recompile pc=0x000000010d0c041c method=java.io.BufferedOutputStream.flush()V @ 8
Event: 3.001 Thread 0x00007fbe29377800 Uncommon trap: reason=unreached action=reinterpret pc=0x000000010d0ba880 method=com.sun.media.jfxmediaimpl.MetadataParserImpl.getNextByte()B @ 19
Event: 3.657 Thread 0x00007fbe29370800 Uncommon trap: reason=class_check action=maybe_recompile pc=0x000000010d136de4 method=com.sun.media.jfxmediaimpl.MetadataParserImpl.getNextByte()B @ 38
Event: 3.658 Thread 0x00007fbe29370800 Uncommon trap: reason=class_check action=maybe_recompile pc=0x000000010d136db0 method=com.sun.media.jfxmediaimpl.MetadataParserImpl.getNextByte()B @ 60
Event: 3.659 Thread 0x00007fbe29370800 Uncommon trap: reason=class_check action=maybe_recompile pc=0x000000010d115044 method=com.sun.media.jfxmediaimpl.MetadataParserImpl.getNextByte()B @ 60
Event: 3.670 Thread 0x00007fbe29370800 Uncommon trap: reason=class_check action=maybe_recompile pc=0x000000010d115044 method=com.sun.media.jfxmediaimpl.MetadataParserImpl.getNextByte()B @ 60
Event: 3.672 Thread 0x00007fbe29370800 Uncommon trap: reason=class_check action=maybe_recompile pc=0x000000010d0d9374 method=com.sun.media.jfxmediaimpl.MetadataParserImpl.getNextByte()B @ 60
Event: 3.726 Thread 0x00007fbe293a9800 Uncommon trap: reason=class_check action=maybe_recompile pc=0x000000010d136de4 method=com.sun.media.jfxmediaimpl.MetadataParserImpl.getNextByte()B @ 38
Event: 10.688 Thread 0x00007fbe2c00e000 Uncommon trap: reason=class_check action=maybe_recompile pc=0x000000010d1b0e60 method=java.util.Hashtable.get(Ljava/lang/Object;)Ljava/lang/Object; @ 45
Event: 10.689 Thread 0x00007fbe2c00e000 Uncommon trap: reason=class_check action=maybe_recompile pc=0x000000010d1b0e60 method=java.util.Hashtable.get(Ljava/lang/Object;)Ljava/lang/Object; @ 45

Internal exceptions (10 events):
Event: 2.751 Thread 0x00007fbe2910c000 Implicit null exception at 0x000000010ce67735 to 0x000000010ce67a89
Event: 2.847 Thread 0x00007fbe2910c000 Exception <a 'java/security/PrivilegedActionException'> (0x000000076d1af578) thrown at [/HUDSON3/workspace/8-2-build-macosx-x86_64/jdk8u25/1514/hotspot/src/share/vm/prims/jvm.cpp, line 1312]
Event: 2.847 Thread 0x00007fbe2910c000 Exception <a 'java/security/PrivilegedActionException'> (0x000000076d1b0e68) thrown at [/HUDSON3/workspace/8-2-build-macosx-x86_64/jdk8u25/1514/hotspot/src/share/vm/prims/jvm.cpp, line 1312]
Event: 2.853 Thread 0x00007fbe2910c000 Exception <a 'java/security/PrivilegedActionException'> (0x000000076d1ce0c8) thrown at [/HUDSON3/workspace/8-2-build-macosx-x86_64/jdk8u25/1514/hotspot/src/share/vm/prims/jvm.cpp, line 1312]
Event: 2.853 Thread 0x00007fbe2910c000 Exception <a 'java/security/PrivilegedActionException'> (0x000000076d1cf948) thrown at [/HUDSON3/workspace/8-2-build-macosx-x86_64/jdk8u25/1514/hotspot/src/share/vm/prims/jvm.cpp, line 1312]
Event: 2.861 Thread 0x00007fbe2910c000 Exception <a 'java/lang/UnsatisfiedLinkError': com.sun.media.jfxmedia.logging.Logger.nativeSetNativeLevel(I)V> (0x000000076d200028) thrown at [/HUDSON3/workspace/8-2-build-macosx-x86_64/jdk8u25/1514/hotspot/src/share/vm/prims/nativeLookup.cpp, line 378]
Event: 2.921 Thread 0x00007fbe2910c000 Exception <a 'java/security/PrivilegedActionException'> (0x000000076d222508) thrown at [/HUDSON3/workspace/8-2-build-macosx-x86_64/jdk8u25/1514/hotspot/src/share/vm/prims/jvm.cpp, line 1312]
Event: 2.921 Thread 0x00007fbe2910c000 Exception <a 'java/security/PrivilegedActionException'> (0x000000076d223f90) thrown at [/HUDSON3/workspace/8-2-build-macosx-x86_64/jdk8u25/1514/hotspot/src/share/vm/prims/jvm.cpp, line 1312]
Event: 2.921 Thread 0x00007fbe2910c000 Exception <a 'java/security/PrivilegedActionException'> (0x000000076d225ae0) thrown at [/HUDSON3/workspace/8-2-build-macosx-x86_64/jdk8u25/1514/hotspot/src/share/vm/prims/jvm.cpp, line 1312]
Event: 10.692 Thread 0x00007fbe2c22a800 Exception <a 'java/lang/IllegalStateException'> (0x0000000770348b68) thrown at [/HUDSON3/workspace/8-2-build-macosx-x86_64/jdk8u25/1514/hotspot/src/share/vm/prims/jvm.cpp, line 1316]

Events (10 events):
Event: 10.689 loading class java/util/IdentityHashMap$KeyIterator done
Event: 10.689 Thread 0x00007fbe2c22a800 Thread added: 0x00007fbe2c22a800
Event: 10.690 loading class com/sun/javafx/tk/quantum/QuantumRenderer
Event: 10.690 loading class com/sun/javafx/tk/quantum/QuantumRenderer done
Event: 10.691 loading class com/sun/javafx/tk/quantum/QuantumToolkit
Event: 10.691 loading class com/sun/javafx/tk/quantum/QuantumToolkit done
Event: 10.691 Thread 0x00007fbe29801000 Thread exited: 0x00007fbe29801000
Event: 10.692 Thread 0x00007fbe2c22a800 Thread exited: 0x00007fbe2c22a800
Event: 10.692 Executing VM operation: Exit
Event: 10.692 Thread 0x00007fbe2c00e000 Thread exited: 0x00007fbe2c00e000


Dynamic libraries:
0x0000000001003000 	/System/Library/Frameworks/Cocoa.framework/Versions/A/Cocoa
0x0000000001003000 	/System/Library/Frameworks/Security.framework/Versions/A/Security
0x0000000001003000 	/System/Library/Frameworks/ApplicationServices.framework/Versions/A/ApplicationServices
0x0000000001003000 	/usr/lib/libz.1.dylib
0x0000000001003000 	/usr/lib/libSystem.B.dylib
0x0000000001003000 	/usr/lib/libobjc.A.dylib
0x0000000001003000 	/System/Library/Frameworks/CoreFoundation.framework/Versions/A/CoreFoundation
0x0000000001003000 	/System/Library/Frameworks/Foundation.framework/Versions/C/Foundation
0x0000000001003000 	/System/Library/Frameworks/AppKit.framework/Versions/C/AppKit
0x0000000001003000 	/System/Library/Frameworks/CoreData.framework/Versions/A/CoreData
0x0000000001003000 	/System/Library/PrivateFrameworks/RemoteViewServices.framework/Versions/A/RemoteViewServices
0x0000000001003000 	/System/Library/PrivateFrameworks/UIFoundation.framework/Versions/A/UIFoundation
0x0000000001003000 	/System/Library/Frameworks/IOSurface.framework/Versions/A/IOSurface
0x0000000001003000 	/System/Library/Frameworks/AudioToolbox.framework/Versions/A/AudioToolbox
0x0000000001003000 	/System/Library/Frameworks/AudioUnit.framework/Versions/A/AudioUnit
0x0000000001003000 	/System/Library/PrivateFrameworks/DataDetectorsCore.framework/Versions/A/DataDetectorsCore
0x0000000001003000 	/System/Library/PrivateFrameworks/DesktopServicesPriv.framework/Versions/A/DesktopServicesPriv
0x0000000001003000 	/System/Library/Frameworks/Carbon.framework/Versions/A/Frameworks/HIToolbox.framework/Versions/A/HIToolbox
0x0000000001003000 	/System/Library/Frameworks/QuartzCore.framework/Versions/A/QuartzCore
0x0000000001003000 	/System/Library/Frameworks/Carbon.framework/Versions/A/Frameworks/SpeechRecognition.framework/Versions/A/SpeechRecognition
0x0000000001003000 	/usr/lib/libauto.dylib
0x0000000001003000 	/usr/lib/libicucore.A.dylib
0x0000000001003000 	/usr/lib/libxml2.2.dylib
0x0000000001003000 	/System/Library/PrivateFrameworks/CoreUI.framework/Versions/A/CoreUI
0x0000000001003000 	/System/Library/Frameworks/CoreAudio.framework/Versions/A/CoreAudio
0x0000000001003000 	/System/Library/Frameworks/DiskArbitration.framework/Versions/A/DiskArbitration
0x0000000001003000 	/usr/lib/liblangid.dylib
0x0000000001003000 	/System/Library/PrivateFrameworks/MultitouchSupport.framework/Versions/A/MultitouchSupport
0x0000000001003000 	/System/Library/Frameworks/IOKit.framework/Versions/A/IOKit
0x0000000001003000 	/usr/lib/libDiagnosticMessagesClient.dylib
0x0000000001003000 	/System/Library/Frameworks/CoreServices.framework/Versions/A/CoreServices
0x0000000001003000 	/System/Library/PrivateFrameworks/PerformanceAnalysis.framework/Versions/A/PerformanceAnalysis
0x0000000001003000 	/System/Library/PrivateFrameworks/GenerationalStorage.framework/Versions/A/GenerationalStorage
0x0000000001003000 	/System/Library/Frameworks/OpenGL.framework/Versions/A/OpenGL
0x0000000001003000 	/System/Library/PrivateFrameworks/Sharing.framework/Versions/A/Sharing
0x0000000001003000 	/System/Library/Frameworks/CoreGraphics.framework/Versions/A/CoreGraphics
0x0000000001003000 	/System/Library/Frameworks/CoreText.framework/Versions/A/CoreText
0x0000000001003000 	/System/Library/Frameworks/ImageIO.framework/Versions/A/ImageIO
0x0000000001003000 	/usr/lib/libextension.dylib
0x0000000001003000 	/System/Library/PrivateFrameworks/Backup.framework/Versions/A/Backup
0x0000000001003000 	/usr/lib/libarchive.2.dylib
0x0000000001003000 	/System/Library/Frameworks/CFNetwork.framework/Versions/A/CFNetwork
0x0000000001003000 	/System/Library/Frameworks/SystemConfiguration.framework/Versions/A/SystemConfiguration
0x0000000001003000 	/usr/lib/libCRFSuite.dylib
0x0000000001003000 	/usr/lib/libc++.1.dylib
0x0000000001003000 	/usr/lib/libc++abi.dylib
0x0000000001003000 	/usr/lib/system/libcache.dylib
0x0000000001003000 	/usr/lib/system/libcommonCrypto.dylib
0x0000000001003000 	/usr/lib/system/libcompiler_rt.dylib
0x0000000001003000 	/usr/lib/system/libcopyfile.dylib
0x0000000001003000 	/usr/lib/system/libcorecrypto.dylib
0x0000000001003000 	/usr/lib/system/libdispatch.dylib
0x0000000001003000 	/usr/lib/system/libdyld.dylib
0x0000000001003000 	/usr/lib/system/libkeymgr.dylib
0x0000000001003000 	/usr/lib/system/liblaunch.dylib
0x0000000001003000 	/usr/lib/system/libmacho.dylib
0x0000000001003000 	/usr/lib/system/libquarantine.dylib
0x0000000001003000 	/usr/lib/system/libremovefile.dylib
0x0000000001003000 	/usr/lib/system/libsystem_asl.dylib
0x0000000001003000 	/usr/lib/system/libsystem_blocks.dylib
0x0000000001003000 	/usr/lib/system/libsystem_c.dylib
0x0000000001003000 	/usr/lib/system/libsystem_configuration.dylib
0x0000000001003000 	/usr/lib/system/libsystem_coreservices.dylib
0x0000000001003000 	/usr/lib/system/libsystem_coretls.dylib
0x0000000001003000 	/usr/lib/system/libsystem_dnssd.dylib
0x0000000001003000 	/usr/lib/system/libsystem_info.dylib
0x0000000001003000 	/usr/lib/system/libsystem_kernel.dylib
0x0000000001003000 	/usr/lib/system/libsystem_m.dylib
0x0000000001003000 	/usr/lib/system/libsystem_malloc.dylib
0x0000000001003000 	/usr/lib/system/libsystem_network.dylib
0x0000000001003000 	/usr/lib/system/libsystem_networkextension.dylib
0x0000000001003000 	/usr/lib/system/libsystem_notify.dylib
0x0000000001003000 	/usr/lib/system/libsystem_platform.dylib
0x0000000001003000 	/usr/lib/system/libsystem_pthread.dylib
0x0000000001003000 	/usr/lib/system/libsystem_sandbox.dylib
0x0000000001003000 	/usr/lib/system/libsystem_secinit.dylib
0x0000000001003000 	/usr/lib/system/libsystem_stats.dylib
0x0000000001003000 	/usr/lib/system/libsystem_trace.dylib
0x0000000001003000 	/usr/lib/system/libunc.dylib
0x0000000001003000 	/usr/lib/system/libunwind.dylib
0x0000000001003000 	/usr/lib/system/libxpc.dylib
0x0000000001003000 	/usr/lib/libbz2.1.0.dylib
0x0000000001003000 	/usr/lib/liblzma.5.dylib
0x0000000001003000 	/usr/lib/libbsm.0.dylib
0x0000000001003000 	/usr/lib/libsqlite3.dylib
0x0000000001003000 	/usr/lib/system/libkxld.dylib
0x0000000001003000 	/usr/lib/libxar.1.dylib
0x0000000001003000 	/usr/lib/libpam.2.dylib
0x0000000001003000 	/usr/lib/libOpenScriptingUtil.dylib
0x0000000001003000 	/System/Library/Frameworks/CoreServices.framework/Versions/A/Frameworks/FSEvents.framework/Versions/A/FSEvents
0x0000000001003000 	/System/Library/Frameworks/CoreServices.framework/Versions/A/Frameworks/CarbonCore.framework/Versions/A/CarbonCore
0x0000000001003000 	/System/Library/Frameworks/CoreServices.framework/Versions/A/Frameworks/Metadata.framework/Versions/A/Metadata
0x0000000001003000 	/System/Library/Frameworks/CoreServices.framework/Versions/A/Frameworks/OSServices.framework/Versions/A/OSServices
0x0000000001003000 	/System/Library/Frameworks/CoreServices.framework/Versions/A/Frameworks/SearchKit.framework/Versions/A/SearchKit
0x0000000001003000 	/System/Library/Frameworks/CoreServices.framework/Versions/A/Frameworks/AE.framework/Versions/A/AE
0x0000000001003000 	/System/Library/Frameworks/CoreServices.framework/Versions/A/Frameworks/LaunchServices.framework/Versions/A/LaunchServices
0x0000000001003000 	/System/Library/Frameworks/CoreServices.framework/Versions/A/Frameworks/DictionaryServices.framework/Versions/A/DictionaryServices
0x0000000001003000 	/System/Library/Frameworks/NetFS.framework/Versions/A/NetFS
0x0000000001003000 	/System/Library/PrivateFrameworks/NetAuth.framework/Versions/A/NetAuth
0x0000000001003000 	/System/Library/PrivateFrameworks/login.framework/Versions/A/Frameworks/loginsupport.framework/Versions/A/loginsupport
0x0000000001003000 	/System/Library/PrivateFrameworks/TCC.framework/Versions/A/TCC
0x0000000001003000 	/usr/lib/libmecabra.dylib
0x0000000001003000 	/System/Library/Frameworks/ApplicationServices.framework/Versions/A/Frameworks/ATS.framework/Versions/A/ATS
0x0000000001003000 	/System/Library/Frameworks/ApplicationServices.framework/Versions/A/Frameworks/ColorSync.framework/Versions/A/ColorSync
0x0000000001003000 	/System/Library/Frameworks/ApplicationServices.framework/Versions/A/Frameworks/HIServices.framework/Versions/A/HIServices
0x0000000001003000 	/System/Library/Frameworks/ApplicationServices.framework/Versions/A/Frameworks/LangAnalysis.framework/Versions/A/LangAnalysis
0x0000000001003000 	/System/Library/Frameworks/ApplicationServices.framework/Versions/A/Frameworks/PrintCore.framework/Versions/A/PrintCore
0x0000000001003000 	/System/Library/Frameworks/ApplicationServices.framework/Versions/A/Frameworks/QD.framework/Versions/A/QD
0x0000000001003000 	/System/Library/Frameworks/ApplicationServices.framework/Versions/A/Frameworks/SpeechSynthesis.framework/Versions/A/SpeechSynthesis
0x0000000001003000 	/System/Library/Frameworks/Accelerate.framework/Versions/A/Accelerate
0x0000000001003000 	/System/Library/Frameworks/Accelerate.framework/Versions/A/Frameworks/vImage.framework/Versions/A/vImage
0x0000000001003000 	/System/Library/Frameworks/Accelerate.framework/Versions/A/Frameworks/vecLib.framework/Versions/A/vecLib
0x0000000001003000 	/System/Library/Frameworks/Accelerate.framework/Versions/A/Frameworks/vecLib.framework/Versions/A/libvDSP.dylib
0x0000000001003000 	/System/Library/Frameworks/Accelerate.framework/Versions/A/Frameworks/vecLib.framework/Versions/A/libvMisc.dylib
0x0000000001003000 	/System/Library/Frameworks/Accelerate.framework/Versions/A/Frameworks/vecLib.framework/Versions/A/libLAPACK.dylib
0x0000000001003000 	/System/Library/Frameworks/Accelerate.framework/Versions/A/Frameworks/vecLib.framework/Versions/A/libBLAS.dylib
0x0000000001003000 	/System/Library/Frameworks/Accelerate.framework/Versions/A/Frameworks/vecLib.framework/Versions/A/libLinearAlgebra.dylib
0x0000000001003000 	/System/Library/Frameworks/ApplicationServices.framework/Versions/A/Frameworks/ATS.framework/Versions/A/Resources/libFontParser.dylib
0x0000000001003000 	/System/Library/Frameworks/ApplicationServices.framework/Versions/A/Frameworks/ATS.framework/Versions/A/Resources/libFontRegistry.dylib
0x0000000001003000 	/System/Library/PrivateFrameworks/AppleVPA.framework/Versions/A/AppleVPA
0x0000000001003000 	/System/Library/PrivateFrameworks/AppleJPEG.framework/Versions/A/AppleJPEG
0x0000000001003000 	/System/Library/Frameworks/ImageIO.framework/Versions/A/Resources/libJPEG.dylib
0x0000000001003000 	/System/Library/Frameworks/ImageIO.framework/Versions/A/Resources/libTIFF.dylib
0x0000000001003000 	/System/Library/Frameworks/ImageIO.framework/Versions/A/Resources/libPng.dylib
0x0000000001003000 	/System/Library/Frameworks/ImageIO.framework/Versions/A/Resources/libGIF.dylib
0x0000000001003000 	/System/Library/Frameworks/ImageIO.framework/Versions/A/Resources/libJP2.dylib
0x0000000001003000 	/System/Library/Frameworks/ImageIO.framework/Versions/A/Resources/libRadiance.dylib
0x0000000001003000 	/System/Library/Frameworks/CoreVideo.framework/Versions/A/CoreVideo
0x0000000001003000 	/System/Library/Frameworks/OpenGL.framework/Versions/A/Libraries/libGLU.dylib
0x0000000001003000 	/System/Library/Frameworks/OpenGL.framework/Versions/A/Libraries/libGFXShared.dylib
0x0000000001003000 	/System/Library/Frameworks/OpenGL.framework/Versions/A/Libraries/libGL.dylib
0x0000000001003000 	/System/Library/Frameworks/OpenGL.framework/Versions/A/Libraries/libGLImage.dylib
0x0000000001003000 	/System/Library/Frameworks/OpenGL.framework/Versions/A/Libraries/libCVMSPluginSupport.dylib
0x0000000001003000 	/System/Library/Frameworks/OpenGL.framework/Versions/A/Libraries/libCoreVMClient.dylib
0x0000000001003000 	/usr/lib/libcups.2.dylib
0x0000000001003000 	/System/Library/Frameworks/Kerberos.framework/Versions/A/Kerberos
0x0000000001003000 	/System/Library/Frameworks/GSS.framework/Versions/A/GSS
0x0000000001003000 	/usr/lib/libresolv.9.dylib
0x0000000001003000 	/usr/lib/libiconv.2.dylib
0x0000000001003000 	/System/Library/PrivateFrameworks/Heimdal.framework/Versions/A/Heimdal
0x0000000001003000 	/usr/lib/libheimdal-asn1.dylib
0x0000000001003000 	/System/Library/Frameworks/OpenDirectory.framework/Versions/A/OpenDirectory
0x0000000001003000 	/System/Library/PrivateFrameworks/CommonAuth.framework/Versions/A/CommonAuth
0x0000000001003000 	/System/Library/Frameworks/OpenDirectory.framework/Versions/A/Frameworks/CFOpenDirectory.framework/Versions/A/CFOpenDirectory
0x0000000001003000 	/System/Library/Frameworks/SecurityFoundation.framework/Versions/A/SecurityFoundation
0x0000000001003000 	/System/Library/PrivateFrameworks/LanguageModeling.framework/Versions/A/LanguageModeling
0x0000000001003000 	/usr/lib/libcmph.dylib
0x0000000001003000 	/System/Library/Frameworks/ServiceManagement.framework/Versions/A/ServiceManagement
0x0000000001003000 	/usr/lib/libxslt.1.dylib
0x0000000001003000 	/System/Library/Frameworks/Carbon.framework/Versions/A/Frameworks/Ink.framework/Versions/A/Ink
0x0000000001003000 	/System/Library/Frameworks/QuartzCore.framework/Versions/A/Frameworks/CoreImage.framework/Versions/A/CoreImage
0x0000000001003000 	/System/Library/PrivateFrameworks/CrashReporterSupport.framework/Versions/A/CrashReporterSupport
0x0000000001003000 	/System/Library/Frameworks/OpenCL.framework/Versions/A/OpenCL
0x0000000001003000 	/System/Library/PrivateFrameworks/FaceCore.framework/Versions/A/FaceCore
0x0000000001003000 	/System/Library/PrivateFrameworks/Ubiquity.framework/Versions/A/Ubiquity
0x0000000001003000 	/System/Library/PrivateFrameworks/IconServices.framework/Versions/A/IconServices
0x0000000001003000 	/System/Library/PrivateFrameworks/ChunkingLibrary.framework/Versions/A/ChunkingLibrary
0x0000000001003000 	/System/Library/PrivateFrameworks/Apple80211.framework/Versions/A/Apple80211
0x0000000001003000 	/System/Library/Frameworks/CoreWLAN.framework/Versions/A/CoreWLAN
0x0000000001003000 	/System/Library/Frameworks/IOBluetooth.framework/Versions/A/IOBluetooth
0x0000000001003000 	/System/Library/PrivateFrameworks/CoreWiFi.framework/Versions/A/CoreWiFi
0x0000000001003000 	/System/Library/Frameworks/CoreBluetooth.framework/Versions/A/CoreBluetooth
0x0000000001003000 	/System/Library/PrivateFrameworks/DebugSymbols.framework/Versions/A/DebugSymbols
0x0000000001003000 	/System/Library/PrivateFrameworks/CoreSymbolication.framework/Versions/A/CoreSymbolication
0x0000000001003000 	/System/Library/PrivateFrameworks/Symbolication.framework/Versions/A/Symbolication
0x0000000001003000 	/System/Library/PrivateFrameworks/SpeechRecognitionCore.framework/Versions/A/SpeechRecognitionCore
0x000000010bc00000 	/Library/Java/JavaVirtualMachines/jdk1.8.0_25.jdk/Contents/Home/jre/lib/server/libjvm.dylib
0x0000000001003000 	/usr/lib/libstdc++.6.dylib
0x000000010aafe000 	/Library/Java/JavaVirtualMachines/jdk1.8.0_25.jdk/Contents/Home/jre/lib/libverify.dylib
0x000000010ab0c000 	/Library/Java/JavaVirtualMachines/jdk1.8.0_25.jdk/Contents/Home/jre/lib/libjava.dylib
0x000000010ab4a000 	/Library/Java/JavaVirtualMachines/jdk1.8.0_25.jdk/Contents/Home/jre/lib/libzip.dylib
0x000000012875a000 	/System/Library/Frameworks/JavaVM.framework/Frameworks/JavaRuntimeSupport.framework/JavaRuntimeSupport
0x0000000128772000 	/System/Library/Frameworks/JavaVM.framework/Versions/A/Frameworks/JavaNativeFoundation.framework/Versions/A/JavaNativeFoundation
0x000000010abec000 	/System/Library/Frameworks/JavaVM.framework/Versions/A/JavaVM
0x0000000001003000 	/System/Library/Frameworks/Carbon.framework/Versions/A/Carbon
0x0000000128787000 	/System/Library/PrivateFrameworks/JavaLaunching.framework/Versions/A/JavaLaunching
0x0000000001003000 	/System/Library/Frameworks/Carbon.framework/Versions/A/Frameworks/CommonPanels.framework/Versions/A/CommonPanels
0x0000000001003000 	/System/Library/Frameworks/Carbon.framework/Versions/A/Frameworks/Help.framework/Versions/A/Help
0x0000000001003000 	/System/Library/Frameworks/Carbon.framework/Versions/A/Frameworks/ImageCapture.framework/Versions/A/ImageCapture
0x0000000001003000 	/System/Library/Frameworks/Carbon.framework/Versions/A/Frameworks/OpenScripting.framework/Versions/A/OpenScripting
0x0000000001003000 	/System/Library/Frameworks/Carbon.framework/Versions/A/Frameworks/Print.framework/Versions/A/Print
0x0000000001003000 	/System/Library/Frameworks/Carbon.framework/Versions/A/Frameworks/SecurityHI.framework/Versions/A/SecurityHI
0x000000012a948000 	/Library/Java/JavaVirtualMachines/jdk1.8.0_25.jdk/Contents/Home/jre/lib/libprism_es2.dylib
0x000000012a9c9000 	/System/Library/Frameworks/OpenGL.framework/Resources/GLEngine.bundle/GLEngine
0x0000000001003000 	/System/Library/Frameworks/OpenGL.framework/Versions/A/Libraries/libGLProgrammability.dylib
0x0000000000000000 	/System/Library/Extensions/AppleIntelHD4000GraphicsGLDriver.bundle/Contents/MacOS/AppleIntelHD4000GraphicsGLDriver
0x0000000001003000 	/System/Library/PrivateFrameworks/IOAccelerator.framework/Versions/A/IOAccelerator
0x0000000001003000 	/System/Library/PrivateFrameworks/GPUSupport.framework/Versions/A/Libraries/libGPUSupportMercury.dylib
0x0000000000000000 	/System/Library/Extensions/GeForceGLDriver.bundle/Contents/MacOS/GeForceGLDriver
0x0000000001003000 	/System/Library/Extensions/GeForceGLDriver.bundle/Contents/MacOS/libclh.dylib
0x000000012afba000 	/System/Library/Frameworks/OpenGL.framework/Resources//GLRendererFloat.bundle/GLRendererFloat
0x0000000001003000 	/System/Library/Frameworks/OpenCL.framework/Versions/A/Libraries/libcldcpuengine.dylib
0x0000000001003000 	/System/Library/PrivateFrameworks/DiskImages.framework/Versions/A/DiskImages
0x0000000001003000 	/System/Library/Frameworks/DiscRecording.framework/Versions/A/DiscRecording
0x0000000001003000 	/usr/lib/libcsfde.dylib
0x0000000001003000 	/usr/lib/libcurl.4.dylib
0x0000000001003000 	/System/Library/PrivateFrameworks/MediaKit.framework/Versions/A/MediaKit
0x0000000001003000 	/System/Library/PrivateFrameworks/ProtectedCloudStorage.framework/Versions/A/ProtectedCloudStorage
0x0000000001003000 	/usr/lib/libCoreStorage.dylib
0x0000000001003000 	/System/Library/PrivateFrameworks/EFILogin.framework/Versions/A/EFILogin
0x0000000001003000 	/usr/lib/libutil.dylib
0x0000000001003000 	/System/Library/PrivateFrameworks/FindMyDevice.framework/Versions/A/FindMyDevice
0x0000000001003000 	/System/Library/Frameworks/LDAP.framework/Versions/A/LDAP
0x0000000001003000 	/usr/lib/libsasl2.2.dylib
0x0000000001003000 	/System/Library/PrivateFrameworks/CoreDaemon.framework/Versions/B/CoreDaemon
0x0000000001003000 	/usr/lib/libcrypto.0.9.8.dylib
0x0000000001003000 	/System/Library/PrivateFrameworks/AppleSRP.framework/Versions/A/AppleSRP
0x0000000001003000 	/System/Library/PrivateFrameworks/TrustEvaluationAgent.framework/Versions/A/TrustEvaluationAgent
0x000000012b255000 	/Library/Java/JavaVirtualMachines/jdk1.8.0_25.jdk/Contents/Home/jre/lib/libglass.dylib
0x0000000001003000 	/System/Library/PrivateFrameworks/CoreServicesInternal.framework/Versions/A/CoreServicesInternal
0x0000000001003000 	/System/Library/PrivateFrameworks/CloudDocs.framework/Versions/A/CloudDocs
0x0000000001003000 	/System/Library/PrivateFrameworks/CoreDuet.framework/Versions/A/CoreDuet
0x0000000001003000 	/System/Library/Frameworks/CloudKit.framework/Versions/A/CloudKit
0x0000000001003000 	/System/Library/PrivateFrameworks/ProtocolBuffer.framework/Versions/A/ProtocolBuffer
0x0000000001003000 	/System/Library/PrivateFrameworks/CoreDuetDaemonProtocol.framework/Versions/A/CoreDuetDaemonProtocol
0x0000000001003000 	/System/Library/PrivateFrameworks/CoreDuetDebugLogging.framework/Versions/A/CoreDuetDebugLogging
0x0000000001003000 	/System/Library/PrivateFrameworks/MMCS.framework/Versions/A/MMCS
0x0000000001003000 	/System/Library/Frameworks/CoreLocation.framework/Versions/A/CoreLocation
0x0000000001003000 	/System/Library/PrivateFrameworks/GeoServices.framework/Versions/A/GeoServices
0x000000012c932000 	/System/Library/Frameworks/CoreGraphics.framework/Versions/A/Resources/libCGCMS.A.dylib
0x0000000001003000 	/System/Library/CoreServices/RawCamera.bundle/Contents/MacOS/RawCamera
0x000000012cd65000 	/System/Library/Frameworks/CoreGraphics.framework/Versions/A/Resources/libRIP.A.dylib
0x0000000001003000 	/System/Library/PrivateFrameworks/FamilyControls.framework/Versions/A/FamilyControls
0x0000000001003000 	/System/Library/PrivateFrameworks/CommerceKit.framework/Versions/A/Frameworks/CommerceCore.framework/Versions/A/CommerceCore
0x0000000001003000 	/System/Library/PrivateFrameworks/SystemAdministration.framework/Versions/A/SystemAdministration
0x0000000001003000 	/System/Library/PrivateFrameworks/AppContainer.framework/Versions/A/AppContainer
0x0000000001003000 	/System/Library/PrivateFrameworks/SecCodeWrapper.framework/Versions/A/SecCodeWrapper
0x0000000001003000 	/System/Library/Frameworks/DirectoryService.framework/Versions/A/DirectoryService
0x0000000001003000 	/System/Library/PrivateFrameworks/LoginUIKit.framework/Versions/A/Frameworks/LoginUICore.framework/Versions/A/LoginUICore
0x0000000001003000 	/usr/lib/libodfde.dylib
0x000000012f5f0000 	/System/Library/Frameworks/CoreGraphics.framework/Versions/A/Resources/libCGXType.A.dylib
0x0000000130933000 	cl_kernels
0x0000000130935000 	/System/Library/Frameworks/OpenCL.framework/Versions/A/Libraries/ImageFormats/unorm8_bgra.dylib
0x0000000130925000 	cl_kernels
0x000000012ce40000 	/Library/Java/JavaVirtualMachines/jdk1.8.0_25.jdk/Contents/Home/jre/lib/libnet.dylib
0x000000014b4c2000 	/Library/Java/JavaVirtualMachines/jdk1.8.0_25.jdk/Contents/Home/jre/lib/libglib-lite.dylib
0x000000012ce85000 	/Library/Java/JavaVirtualMachines/jdk1.8.0_25.jdk/Contents/Home/jre/lib/libnio.dylib
0x000000014b5e8000 	/Library/Java/JavaVirtualMachines/jdk1.8.0_25.jdk/Contents/Home/jre/lib/libgstreamer-lite.dylib
0x0000000131a16000 	/Library/Java/JavaVirtualMachines/jdk1.8.0_25.jdk/Contents/Home/jre/lib/libjfxmedia.dylib
0x0000000001003000 	/System/Library/Frameworks/QTKit.framework/Versions/A/QTKit
0x0000000001003000 	/System/Library/Frameworks/AVFoundation.framework/Versions/A/AVFoundation
0x0000000001003000 	/System/Library/Frameworks/CoreMedia.framework/Versions/A/CoreMedia
0x0000000001003000 	/System/Library/Frameworks/MediaToolbox.framework/Versions/A/MediaToolbox
0x0000000001003000 	/System/Library/Frameworks/VideoToolbox.framework/Versions/A/VideoToolbox
0x0000000001003000 	/System/Library/PrivateFrameworks/CoreMediaAuthoring.framework/Versions/A/CoreMediaAuthoring
0x0000000001003000 	/System/Library/Frameworks/CoreMediaIO.framework/Versions/A/CoreMediaIO
0x0000000001003000 	/System/Library/Frameworks/AVFoundation.framework/Versions/A/Resources/libAVFAudio.dylib
0x0000000001003000 	/System/Library/PrivateFrameworks/MediaControlSender.framework/Versions/A/MediaControlSender
0x0000000001003000 	/System/Library/PrivateFrameworks/CoreAVCHD.framework/Versions/A/CoreAVCHD
0x0000000001003000 	/System/Library/Frameworks/MediaAccessibility.framework/Versions/A/MediaAccessibility
0x0000000001003000 	/System/Library/PrivateFrameworks/Mangrove.framework/Versions/A/Mangrove
0x0000000001003000 	/System/Library/PrivateFrameworks/CoreAUC.framework/Versions/A/CoreAUC
0x0000000001003000 	/System/Library/PrivateFrameworks/NetworkStatistics.framework/Versions/A/NetworkStatistics
0x0000000001003000 	/System/Library/PrivateFrameworks/AirPlaySupport.framework/Versions/A/AirPlaySupport
0x0000000001003000 	/System/Library/PrivateFrameworks/CoreUtils.framework/Versions/A/CoreUtils
0x0000000001003000 	/System/Library/PrivateFrameworks/AppleVA.framework/Versions/A/AppleVA
0x0000000001003000 	/System/Library/PrivateFrameworks/XPCService.framework/Versions/A/XPCService
0x0000000001003000 	/System/Library/PrivateFrameworks/AppSandbox.framework/Versions/A/AppSandbox
0x0000000001003000 	/usr/lib/libsandbox.1.dylib
0x0000000001003000 	/usr/lib/libMatch.1.dylib
0x000000012d03b000 	/Library/Java/JavaVirtualMachines/jdk1.8.0_25.jdk/Contents/Home/jre/lib/libfxplugins.dylib
0x000000012ce57000 	/System/Library/Frameworks/VideoDecodeAcceleration.framework/Versions/A/VideoDecodeAcceleration
0x000000012cd9d000 	/System/Library/Extensions/AppleHDA.kext/Contents/PlugIns/AppleHDAHALPlugIn.bundle/Contents/MacOS/AppleHDAHALPlugIn
0x000000014b957000 	/System/Library/Components/CoreAudio.component/Contents/MacOS/CoreAudio
0x000000014beb3000 	/System/Library/Components/AudioCodecs.component/Contents/MacOS/AudioCodecs

VM Arguments:
jvm_args: -Dfile.encoding=UTF-8 
java_command: com.musicPlayer.JML.MusicPlayer
java_class_path (initial): /Users/JEAcomputer/Documents/Programming/MusicPlayerV2/bin:/Applications/eclipse/plugins/org.eclipse.fx.ide.css.jfx8_1.1.0.201411050807.jar:/Users/JEAcomputer/Documents/Programming/MusicPlayer/src/ItunesUtilities.jar:/Users/JEAcomputer/Documents/Programming/MusicPlayer/src/xstream-1.4.7.jar
Launcher Type: SUN_STANDARD

Environment Variables:
PATH=/usr/bin:/bin:/usr/sbin:/sbin
SHELL=/bin/bash

Signal Handlers:
SIGSEGV: [libjvm.dylib+0x579dc7], sa_mask[0]=11111111011111110111111111111111, sa_flags=SA_ONSTACK|SA_RESTART|SA_SIGINFO
SIGBUS: [libjvm.dylib+0x579dc7], sa_mask[0]=11111111011111110111111111111111, sa_flags=SA_RESTART|SA_SIGINFO
SIGFPE: [libjvm.dylib+0x45b030], sa_mask[0]=11111111011111110111111111111111, sa_flags=SA_RESTART|SA_SIGINFO
SIGPIPE: [libjvm.dylib+0x45b030], sa_mask[0]=11111111011111110111111111111111, sa_flags=SA_RESTART|SA_SIGINFO
SIGXFSZ: [libjvm.dylib+0x45b030], sa_mask[0]=11111111011111110111111111111111, sa_flags=SA_RESTART|SA_SIGINFO
SIGILL: [libjvm.dylib+0x45b030], sa_mask[0]=11111111011111110111111111111111, sa_flags=SA_RESTART|SA_SIGINFO
SIGUSR1: SIG_DFL, sa_mask[0]=00000000000000000000000000000000, sa_flags=none
SIGUSR2: [libjvm.dylib+0x45ab4e], sa_mask[0]=00100000000000000000000000000000, sa_flags=SA_RESTART|SA_SIGINFO
SIGHUP: [AudioToolbox+0xf933a], sa_mask[0]=00000000000000000000000000000000, sa_flags=SA_RESTART
SIGINT: [libjvm.dylib+0x459121], sa_mask[0]=11111111011111110111111111111111, sa_flags=SA_RESTART|SA_SIGINFO
SIGTERM: [libjvm.dylib+0x459121], sa_mask[0]=11111111011111110111111111111111, sa_flags=SA_RESTART|SA_SIGINFO
SIGQUIT: [libjvm.dylib+0x459121], sa_mask[0]=11111111011111110111111111111111, sa_flags=SA_RESTART|SA_SIGINFO


---------------  S Y S T E M  ---------------

OS:Bsduname:Darwin 14.4.0 Darwin Kernel Version 14.4.0: Sun Apr 19 20:30:19 PDT 2015; root:xnu-2782.30.2~2/RELEASE_X86_64 x86_64
rlimit: STACK 8192k, CORE 0k, NPROC 709, NOFILE 10240, AS infinity
load average:3.69 3.35 3.08

CPU:total 8 (4 cores per cpu, 2 threads per core) family 6 model 58 stepping 9, cmov, cx8, fxsr, mmx, sse, sse2, sse3, ssse3, sse4.1, sse4.2, popcnt, avx, aes, clmul, erms, ht, tsc, tscinvbit, tscinv

Memory: 4k page, physical 16777216k(3742372k free)

/proc/meminfo:


vm_info: Java HotSpot(TM) 64-Bit Server VM (25.25-b02) for bsd-amd64 JRE (1.8.0_25-b17), built on Sep 17 2014 16:56:50 by "java_re" with gcc 4.2.1 (Based on Apple Inc. build 5658) (LLVM build 2336.11.00)

time: Fri May  1 13:23:03 2015
elapsed time: 11 seconds (0d 0h 0m 11s)

