#
# A fatal error has been detected by the Java Runtime Environment:
#
#  SIGSEGV (0xb) at pc=0x000000013207016b, pid=45350, tid=55595
#
# JRE version: Java(TM) SE Runtime Environment (8.0_25-b17) (build 1.8.0_25-b17)
# Java VM: Java HotSpot(TM) 64-Bit Server VM (25.25-b02 mixed mode bsd-amd64 compressed oops)
# Problematic frame:
# C  [libgstreamer-lite.dylib+0xb416b]  gst_iir_equ_process_gfloat+0x97
#
# Failed to write core dump. Core dumps have been disabled. To enable core dumping, try "ulimit -c unlimited" before starting Java again
#
# If you would like to submit a bug report, please visit:
#   http://bugreport.sun.com/bugreport/crash.jsp
#

---------------  T H R E A D  ---------------

Current thread is native thread

siginfo: si_signo: 11 (SIGSEGV), si_code: 1 (SEGV_MAPERR), si_addr: 0x0000000000000078

Registers:
RAX=0x0000000000000051, RBX=0x00007faa4cb3f178, RCX=0x0000000000000002, RDX=0x0000000000000008
RSP=0x00000001311eba88, RBP=0x00000001311ebab0, RSI=0x00007faa4cb3f178, RDI=0x0000000000000090
R8 =0x00007faa562ccc6c, R9 =0x00007faa51a87d70, R10=0x0000000000000009, R11=0x0000000000000002
R12=0x00007faa51a87db0, R13=0x0000000000000000, R14=0x00007faa562ccc70, R15=0x0000000000000001
RIP=0x000000013207016b, EFLAGS=0x0000000000010202, ERR=0x0000000000000004
  TRAPNO=0x000000000000000e

Top of Stack: (sp=0x00000001311eba88)
0x00000001311eba88:   00007faa4b5ce170 00007faa51a87dc0
0x00000001311eba98:   00007faa5191a450 00000000018e98d0
0x00000001311ebaa8:   00000001320ae74a 00000001311ebb30
0x00000001311ebab8:   0000000132070096 00007faa4b5ce170
0x00000001311ebac8:   00007faa4b5ce170 00007faa565656e0
0x00000001311ebad8:   0000000000000009 3fee9ffa76a68761
0x00000001311ebae8:   4003c684bbc8061c 4000b046fff3640b
0x00000001311ebaf8:   400293db9e9cfbd3 3ff78d0977900c39
0x00000001311ebb08:   0000000000000000 0000000000000000
0x00000001311ebb18:   0000000000000000 00007faa4b5ce170
0x00000001311ebb28:   0000000000000000 00000001311ebbc0
0x00000001311ebb38:   00000001320103bd 00007faa4b5d3290
0x00000001311ebb48:   002d2a0351828d38 00007faa51a53704
0x00000001311ebb58:   00007faa4b5ce490 00007faa00002400
0x00000001311ebb68:   00007faa51ab8d30 00007faa5191b270
0x00000001311ebb78:   0000000000000001 00000001311ebbd0
0x00000001311ebb88:   00007faa565656e0 0000240051a536f8
0x00000001311ebb98:   00007faa565656e0 00007faa4b5d3290
0x00000001311ebba8:   00007faa4da1b940 00007faa4b5ce170
0x00000001311ebbb8:   00000000031d31a0 00000001311ebbf0
0x00000001311ebbc8:   000000013200f0d6 00007faa565656e0
0x00000001311ebbd8:   00007faa565656e0 00007faa51828bc0
0x00000001311ebbe8:   00007faa51828d38 00000001311ebc40
0x00000001311ebbf8:   0000000131fddbc6 00007faa4d4d4200
0x00000001311ebc08:   00007faa51b45610 00007faa0b126062
0x00000001311ebc18:   00000001311ebd00 00000001311ebd0c
0x00000001311ebc28:   00000001311ebce8 00007faa51b45610
0x00000001311ebc38:   0000000130f0e236 00000001311ebd70
0x00000001311ebc48:   0000000130f0ddad ff80000000001002
0x00000001311ebc58:   000000000000ffff 0000000000000003
0x00000001311ebc68:   00007fff8639add4 00000001320ef450
0x00000001311ebc78:   00007fff8639add4 00000001311ebcfc 

Instructions: (pc=0x000000013207016b)
0x000000013207014b:   a3 00 00 00 4d 8d 34 38 49 83 c0 0c 4d 89 d7 4d
0x000000013207015b:   89 cc eb 03 0f 28 c1 4d 8b 2c 24 f3 41 0f 5a 08
0x000000013207016b:   f2 41 0f 59 4d 78 f3 41 0f 10 50 f4 f3 41 0f 10
0x000000013207017b:   58 fc f3 0f 5a e3 f2 41 0f 59 65 70 f3 41 0f 5a 

Register to memory mapping:

RAX=0x0000000000000051 is an unknown value
RBX=0x00007faa4cb3f178 is an unknown value
RCX=0x0000000000000002 is an unknown value
RDX=0x0000000000000008 is an unknown value
RSP=0x00000001311eba88 is an unknown value
RBP=0x00000001311ebab0 is an unknown value
RSI=0x00007faa4cb3f178 is an unknown value
RDI=0x0000000000000090 is an unknown value
R8 =0x00007faa562ccc6c is an unknown value
R9 =0x00007faa51a87d70 is an unknown value
R10=0x0000000000000009 is an unknown value
R11=0x0000000000000002 is an unknown value
R12=0x00007faa51a87db0 is an unknown value
R13=0x0000000000000000 is an unknown value
R14=0x00007faa562ccc70 is an unknown value
R15=0x0000000000000001 is an unknown value


Stack: [0x000000013116c000,0x00000001311ec000],  sp=0x00000001311eba88,  free space=510k
Native frames: (J=compiled Java code, j=interpreted, Vv=VM code, C=native code)
C  [libgstreamer-lite.dylib+0xb416b]  gst_iir_equ_process_gfloat+0x97
C  [libgstreamer-lite.dylib+0xb4096]  gst_iir_equalizer_transform_ip+0x838
C  [libgstreamer-lite.dylib+0x543bd]  gst_base_transform_handle_buffer+0x922
C  [libgstreamer-lite.dylib+0x530d6]  gst_base_transform_chain+0x9a
C  [libgstreamer-lite.dylib+0x21bc6]  gst_pad_push+0x131
C  [libfxplugins.dylib+0x1dad]  audioconverter_chain+0xa63
C  [libgstreamer-lite.dylib+0x21bc6]  gst_pad_push+0x131
C  [libgstreamer-lite.dylib+0xa7434]  gst_queue_loop+0x320
C  [libgstreamer-lite.dylib+0x38b1e]  gst_task_func+0x1d3
C  [libglib-lite.dylib+0x45afd]  g_thread_pool_thread_proxy+0xdd
C  [libglib-lite.dylib+0x445ee]  g_thread_create_proxy+0xd1
C  [libsystem_pthread.dylib+0x3268]  _pthread_body+0x83
C  [libsystem_pthread.dylib+0x31e5]  _pthread_body+0x0
C  [libsystem_pthread.dylib+0x141d]  thread_start+0xd


---------------  P R O C E S S  ---------------

VM state:not at safepoint (normal execution)

VM Mutex/Monitor currently owned by a thread: None

Heap:
 PSYoungGen      total 659456K, used 294997K [0x000000076ab00000, 0x00000007bfe00000, 0x00000007c0000000)
  eden space 658432K, 44% used [0x000000076ab00000,0x000000077ca64bf0,0x0000000792e00000)
  from space 1024K, 68% used [0x00000007bfb80000,0x00000007bfc309a8,0x00000007bfc80000)
  to   space 1536K, 0% used [0x00000007bfc80000,0x00000007bfc80000,0x00000007bfe00000)
 ParOldGen       total 100352K, used 60166K [0x00000006c0000000, 0x00000006c6200000, 0x000000076ab00000)
  object space 100352K, 59% used [0x00000006c0000000,0x00000006c3ac19e8,0x00000006c6200000)
 Metaspace       used 24655K, capacity 26366K, committed 26496K, reserved 1073152K
  class space    used 3401K, capacity 3693K, committed 3712K, reserved 1048576K

Card table byte_map: [0x000000011badc000,0x000000011c2dd000] byte_map_base: 0x00000001184dc000

Marking Bits: (ParMarkBitMap*) 0x000000010c09d390
 Begin Bits: [0x000000011d04b000, 0x000000012104b000)
 End Bits:   [0x000000012104b000, 0x000000012504b000)

Polling page: 0x000000010a77e000

CodeCache: size=245760Kb used=17437Kb max_used=18708Kb free=228322Kb
 bounds [0x000000010c71c000, 0x000000010d98c000, 0x000000011b71c000]
 total_blobs=5722 nmethods=5019 adapters=616
 compilation: enabled

Compilation events (10 events):
Event: 312.834 Thread 0x00007faa4b818000 6432       3       com.sun.javafx.css.StyleManager$RefList::remove (81 bytes)
Event: 312.835 Thread 0x00007faa4b818000 nmethod 6432 0x000000010d3607d0 code [0x000000010d3609a0, 0x000000010d361128]
Event: 312.835 Thread 0x00007faa4b818000 6433       3       com.sun.javafx.binding.ExpressionHelper$Generic::removeListener (216 bytes)
Event: 312.836 Thread 0x00007faa4b818000 nmethod 6433 0x000000010d020c90 code [0x000000010d020f00, 0x000000010d022058]
Event: 312.836 Thread 0x00007faa4b818000 6435       3       com.sun.javafx.binding.ExpressionHelper$SingleInvalidation::<init> (7 bytes)
Event: 312.836 Thread 0x00007faa4b818000 nmethod 6435 0x000000010c839f10 code [0x000000010c83a0a0, 0x000000010c83a410]
Event: 312.836 Thread 0x00007faa4b818000 6436       3       com.sun.javafx.binding.ExpressionHelper$SingleInvalidation::<init> (12 bytes)
Event: 312.836 Thread 0x00007faa4b818000 nmethod 6436 0x000000010cece990 code [0x000000010ceceb00, 0x000000010cecee10]
Event: 312.836 Thread 0x00007faa4b818000 6430       3       javafx.beans.property.ReadOnlyObjectWrapper$ReadOnlyPropertyImpl::addListener (14 bytes)
Event: 312.836 Thread 0x00007faa4b818000 nmethod 6430 0x000000010d451010 code [0x000000010d451180, 0x000000010d451348]

GC Heap History (10 events):
Event: 248.862 GC heap before
{Heap before GC invocations=450 (full 1):
 PSYoungGen      total 828928K, used 828898K [0x000000076ab00000, 0x00000007c0000000, 0x00000007c0000000)
  eden space 828416K, 100% used [0x000000076ab00000,0x000000079d400000,0x000000079d400000)
  from space 512K, 94% used [0x00000007bff80000,0x00000007bfff89a8,0x00000007c0000000)
  to   space 1536K, 0% used [0x00000007bfd00000,0x00000007bfd00000,0x00000007bfe80000)
 ParOldGen       total 100352K, used 60150K [0x00000006c0000000, 0x00000006c6200000, 0x000000076ab00000)
  object space 100352K, 59% used [0x00000006c0000000,0x00000006c3abd9e8,0x00000006c6200000)
 Metaspace       used 24646K, capacity 26354K, committed 26496K, reserved 1073152K
  class space    used 3399K, capacity 3691K, committed 3712K, reserved 1048576K
Event: 248.864 GC heap after
Heap after GC invocations=450 (full 1):
 PSYoungGen      total 792576K, used 738K [0x000000076ab00000, 0x00000007c0000000, 0x00000007c0000000)
  eden space 791040K, 0% used [0x000000076ab00000,0x000000076ab00000,0x000000079af80000)
  from space 1536K, 48% used [0x00000007bfd00000,0x00000007bfdb89a8,0x00000007bfe80000)
  to   space 1536K, 0% used [0x00000007bfe80000,0x00000007bfe80000,0x00000007c0000000)
 ParOldGen       total 100352K, used 60166K [0x00000006c0000000, 0x00000006c6200000, 0x000000076ab00000)
  object space 100352K, 59% used [0x00000006c0000000,0x00000006c3ac19e8,0x00000006c6200000)
 Metaspace       used 24646K, capacity 26354K, committed 26496K, reserved 1073152K
  class space    used 3399K, capacity 3691K, committed 3712K, reserved 1048576K
}
Event: 265.028 GC heap before
{Heap before GC invocations=451 (full 1):
 PSYoungGen      total 792576K, used 791778K [0x000000076ab00000, 0x00000007c0000000, 0x00000007c0000000)
  eden space 791040K, 100% used [0x000000076ab00000,0x000000079af80000,0x000000079af80000)
  from space 1536K, 48% used [0x00000007bfd00000,0x00000007bfdb89a8,0x00000007bfe80000)
  to   space 1536K, 0% used [0x00000007bfe80000,0x00000007bfe80000,0x00000007c0000000)
 ParOldGen       total 100352K, used 60166K [0x00000006c0000000, 0x00000006c6200000, 0x000000076ab00000)
  object space 100352K, 59% used [0x00000006c0000000,0x00000006c3ac19e8,0x00000006c6200000)
 Metaspace       used 24647K, capacity 26354K, committed 26496K, reserved 1073152K
  class space    used 3399K, capacity 3691K, committed 3712K, reserved 1048576K
Event: 265.030 GC heap after
Heap after GC invocations=451 (full 1):
 PSYoungGen      total 756224K, used 706K [0x000000076ab00000, 0x00000007bff80000, 0x00000007c0000000)
  eden space 755200K, 0% used [0x000000076ab00000,0x000000076ab00000,0x0000000798c80000)
  from space 1024K, 68% used [0x00000007bfe80000,0x00000007bff309a8,0x00000007bff80000)
  to   space 1536K, 0% used [0x00000007bfc80000,0x00000007bfc80000,0x00000007bfe00000)
 ParOldGen       total 100352K, used 60166K [0x00000006c0000000, 0x00000006c6200000, 0x000000076ab00000)
  object space 100352K, 59% used [0x00000006c0000000,0x00000006c3ac19e8,0x00000006c6200000)
 Metaspace       used 24647K, capacity 26354K, committed 26496K, reserved 1073152K
  class space    used 3399K, capacity 3691K, committed 3712K, reserved 1048576K
}
Event: 279.106 GC heap before
{Heap before GC invocations=452 (full 1):
 PSYoungGen      total 756224K, used 755906K [0x000000076ab00000, 0x00000007bff80000, 0x00000007c0000000)
  eden space 755200K, 100% used [0x000000076ab00000,0x0000000798c80000,0x0000000798c80000)
  from space 1024K, 68% used [0x00000007bfe80000,0x00000007bff309a8,0x00000007bff80000)
  to   space 1536K, 0% used [0x00000007bfc80000,0x00000007bfc80000,0x00000007bfe00000)
 ParOldGen       total 100352K, used 60166K [0x00000006c0000000, 0x00000006c6200000, 0x000000076ab00000)
  object space 100352K, 59% used [0x00000006c0000000,0x00000006c3ac19e8,0x00000006c6200000)
 Metaspace       used 24647K, capacity 26354K, committed 26496K, reserved 1073152K
  class space    used 3399K, capacity 3691K, committed 3712K, reserved 1048576K
Event: 279.108 GC heap after
Heap after GC invocations=452 (full 1):
 PSYoungGen      total 722432K, used 674K [0x000000076ab00000, 0x00000007bff00000, 0x00000007c0000000)
  eden space 721408K, 0% used [0x000000076ab00000,0x000000076ab00000,0x0000000796b80000)
  from space 1024K, 65% used [0x00000007bfc80000,0x00000007bfd289a8,0x00000007bfd80000)
  to   space 1536K, 0% used [0x00000007bfd80000,0x00000007bfd80000,0x00000007bff00000)
 ParOldGen       total 100352K, used 60166K [0x00000006c0000000, 0x00000006c6200000, 0x000000076ab00000)
  object space 100352K, 59% used [0x00000006c0000000,0x00000006c3ac19e8,0x00000006c6200000)
 Metaspace       used 24647K, capacity 26354K, committed 26496K, reserved 1073152K
  class space    used 3399K, capacity 3691K, committed 3712K, reserved 1048576K
}
Event: 293.108 GC heap before
{Heap before GC invocations=453 (full 1):
 PSYoungGen      total 722432K, used 722082K [0x000000076ab00000, 0x00000007bff00000, 0x00000007c0000000)
  eden space 721408K, 100% used [0x000000076ab00000,0x0000000796b80000,0x0000000796b80000)
  from space 1024K, 65% used [0x00000007bfc80000,0x00000007bfd289a8,0x00000007bfd80000)
  to   space 1536K, 0% used [0x00000007bfd80000,0x00000007bfd80000,0x00000007bff00000)
 ParOldGen       total 100352K, used 60166K [0x00000006c0000000, 0x00000006c6200000, 0x000000076ab00000)
  object space 100352K, 59% used [0x00000006c0000000,0x00000006c3ac19e8,0x00000006c6200000)
 Metaspace       used 24647K, capacity 26354K, committed 26496K, reserved 1073152K
  class space    used 3399K, capacity 3691K, committed 3712K, reserved 1048576K
Event: 293.110 GC heap after
Heap after GC invocations=453 (full 1):
 PSYoungGen      total 690176K, used 706K [0x000000076ab00000, 0x00000007bfe80000, 0x00000007c0000000)
  eden space 689152K, 0% used [0x000000076ab00000,0x000000076ab00000,0x0000000794c00000)
  from space 1024K, 68% used [0x00000007bfd80000,0x00000007bfe309a8,0x00000007bfe80000)
  to   space 1536K, 0% used [0x00000007bfb80000,0x00000007bfb80000,0x00000007bfd00000)
 ParOldGen       total 100352K, used 60166K [0x00000006c0000000, 0x00000006c6200000, 0x000000076ab00000)
  object space 100352K, 59% used [0x00000006c0000000,0x00000006c3ac19e8,0x00000006c6200000)
 Metaspace       used 24647K, capacity 26354K, committed 26496K, reserved 1073152K
  class space    used 3399K, capacity 3691K, committed 3712K, reserved 1048576K
}
Event: 307.101 GC heap before
{Heap before GC invocations=454 (full 1):
 PSYoungGen      total 690176K, used 689858K [0x000000076ab00000, 0x00000007bfe80000, 0x00000007c0000000)
  eden space 689152K, 100% used [0x000000076ab00000,0x0000000794c00000,0x0000000794c00000)
  from space 1024K, 68% used [0x00000007bfd80000,0x00000007bfe309a8,0x00000007bfe80000)
  to   space 1536K, 0% used [0x00000007bfb80000,0x00000007bfb80000,0x00000007bfd00000)
 ParOldGen       total 100352K, used 60166K [0x00000006c0000000, 0x00000006c6200000, 0x000000076ab00000)
  object space 100352K, 59% used [0x00000006c0000000,0x00000006c3ac19e8,0x00000006c6200000)
 Metaspace       used 24647K, capacity 26354K, committed 26496K, reserved 1073152K
  class space    used 3399K, capacity 3691K, committed 3712K, reserved 1048576K
Event: 307.104 GC heap after
Heap after GC invocations=454 (full 1):
 PSYoungGen      total 659456K, used 706K [0x000000076ab00000, 0x00000007bfe00000, 0x00000007c0000000)
  eden space 658432K, 0% used [0x000000076ab00000,0x000000076ab00000,0x0000000792e00000)
  from space 1024K, 68% used [0x00000007bfb80000,0x00000007bfc309a8,0x00000007bfc80000)
  to   space 1536K, 0% used [0x00000007bfc80000,0x00000007bfc80000,0x00000007bfe00000)
 ParOldGen       total 100352K, used 60166K [0x00000006c0000000, 0x00000006c6200000, 0x000000076ab00000)
  object space 100352K, 59% used [0x00000006c0000000,0x00000006c3ac19e8,0x00000006c6200000)
 Metaspace       used 24647K, capacity 26354K, committed 26496K, reserved 1073152K
  class space    used 3399K, capacity 3691K, committed 3712K, reserved 1048576K
}

Deoptimization events (10 events):
Event: 230.264 Thread 0x00007faa4d02f800 Uncommon trap: reason=class_check action=maybe_recompile pc=0x000000010d722184 method=com.sun.javafx.sg.prism.NodeEffectInput.render(Lcom/sun/prism/Graphics;Lcom/sun/javafx/geom/transform/BaseTransform;)V @ 31
Event: 230.265 Thread 0x00007faa4d02f800 Uncommon trap: reason=class_check action=maybe_recompile pc=0x000000010cf44c9c method=com.sun.javafx.sg.prism.NGNode.doRender(Lcom/sun/prism/Graphics;)V @ 319
Event: 230.265 Thread 0x00007faa4d02f800 Uncommon trap: reason=class_check action=maybe_recompile pc=0x000000010d72335c method=com.sun.javafx.sg.prism.NodeEffectInput.getImageDataForBoundedNode(Lcom/sun/scenario/effect/FilterContext;Lcom/sun/javafx/sg/prism/NGNode;Lcom/sun/javafx/sg/prism/NodeEf
Event: 230.277 Thread 0x00007faa4d02f800 Uncommon trap: reason=class_check action=maybe_recompile pc=0x000000010c9d00c8 method=com.sun.javafx.font.CompositeStrike.getStrikeSlot(I)Lcom/sun/javafx/font/FontStrike; @ 16
Event: 232.262 Thread 0x00007faa4e048800 Uncommon trap: reason=speculate_class_check action=maybe_recompile pc=0x000000010d8c4d84 method=javafx.scene.layout.BorderPane.getContentBias()Ljavafx/geometry/Orientation; @ 147
Event: 232.262 Thread 0x00007faa4e048800 Uncommon trap: reason=class_check action=maybe_recompile pc=0x000000010caee18c method=javafx.scene.layout.BorderPane.getTop()Ljavafx/scene/Node; @ 18
Event: 232.524 Thread 0x00007faa4d02f800 Uncommon trap: reason=null_check action=make_not_entrant pc=0x000000010d416328 method=com.sun.javafx.font.PrismFontFile.getStrike(FLcom/sun/javafx/geom/transform/BaseTransform;I)Lcom/sun/javafx/font/FontStrike; @ 41
Event: 232.525 Thread 0x00007faa4d02f800 Uncommon trap: reason=class_check action=maybe_recompile pc=0x000000010ca80bb0 method=java.util.concurrent.ConcurrentHashMap.putVal(Ljava/lang/Object;Ljava/lang/Object;Z)Ljava/lang/Object; @ 192
Event: 265.031 Thread 0x00007faa4d02f800 Uncommon trap: reason=class_check action=maybe_recompile pc=0x000000010ca80bb0 method=java.util.concurrent.ConcurrentHashMap.putVal(Ljava/lang/Object;Ljava/lang/Object;Z)Ljava/lang/Object; @ 192
Event: 307.104 Thread 0x00007faa4d02f800 Uncommon trap: reason=class_check action=maybe_recompile pc=0x000000010ca80bb0 method=java.util.concurrent.ConcurrentHashMap.putVal(Ljava/lang/Object;Ljava/lang/Object;Z)Ljava/lang/Object; @ 192

Internal exceptions (10 events):
Event: 230.217 Thread 0x00007faa4e048800 Exception <a 'java/security/PrivilegedActionException'> (0x0000000797621260) thrown at [/HUDSON3/workspace/8-2-build-macosx-x86_64/jdk8u25/1514/hotspot/src/share/vm/prims/jvm.cpp, line 1312]
Event: 230.217 Thread 0x00007faa4e048800 Exception <a 'java/security/PrivilegedActionException'> (0x0000000797622f78) thrown at [/HUDSON3/workspace/8-2-build-macosx-x86_64/jdk8u25/1514/hotspot/src/share/vm/prims/jvm.cpp, line 1312]
Event: 230.217 Thread 0x00007faa4e048800 Exception <a 'java/security/PrivilegedActionException'> (0x0000000797624ca0) thrown at [/HUDSON3/workspace/8-2-build-macosx-x86_64/jdk8u25/1514/hotspot/src/share/vm/prims/jvm.cpp, line 1312]
Event: 230.218 Thread 0x00007faa4e048800 Exception <a 'java/security/PrivilegedActionException'> (0x0000000797626900) thrown at [/HUDSON3/workspace/8-2-build-macosx-x86_64/jdk8u25/1514/hotspot/src/share/vm/prims/jvm.cpp, line 1312]
Event: 230.218 Thread 0x00007faa4e048800 Exception <a 'java/security/PrivilegedActionException'> (0x0000000797628590) thrown at [/HUDSON3/workspace/8-2-build-macosx-x86_64/jdk8u25/1514/hotspot/src/share/vm/prims/jvm.cpp, line 1312]
Event: 230.218 Thread 0x00007faa4e048800 Exception <a 'java/security/PrivilegedActionException'> (0x000000079762a1f0) thrown at [/HUDSON3/workspace/8-2-build-macosx-x86_64/jdk8u25/1514/hotspot/src/share/vm/prims/jvm.cpp, line 1312]
Event: 230.218 Thread 0x00007faa4e048800 Exception <a 'java/security/PrivilegedActionException'> (0x000000079762be50) thrown at [/HUDSON3/workspace/8-2-build-macosx-x86_64/jdk8u25/1514/hotspot/src/share/vm/prims/jvm.cpp, line 1312]
Event: 230.218 Thread 0x00007faa4e048800 Exception <a 'java/security/PrivilegedActionException'> (0x000000079762dab0) thrown at [/HUDSON3/workspace/8-2-build-macosx-x86_64/jdk8u25/1514/hotspot/src/share/vm/prims/jvm.cpp, line 1312]
Event: 230.218 Thread 0x00007faa4e048800 Exception <a 'java/security/PrivilegedActionException'> (0x000000079762f750) thrown at [/HUDSON3/workspace/8-2-build-macosx-x86_64/jdk8u25/1514/hotspot/src/share/vm/prims/jvm.cpp, line 1312]
Event: 232.524 Thread 0x00007faa4d02f800 Implicit null exception at 0x000000010d415d2d to 0x000000010d416315

Events (10 events):
Event: 312.831 Thread 0x00007faa4b818000 flushing nmethod 0x000000010d7299d0
Event: 312.831 Thread 0x00007faa4b818000 flushing nmethod 0x000000010d7323d0
Event: 312.831 Thread 0x00007faa4b818000 flushing nmethod 0x000000010d733b50
Event: 312.831 Thread 0x00007faa4b818000 flushing nmethod 0x000000010d740010
Event: 312.831 Thread 0x00007faa4b818000 flushing nmethod 0x000000010d748bd0
Event: 312.831 Thread 0x00007faa4b818000 flushing nmethod 0x000000010d771310
Event: 312.831 Thread 0x00007faa4b818000 flushing nmethod 0x000000010d787890
Event: 312.831 Thread 0x00007faa4b818000 flushing nmethod 0x000000010d7adb90
Event: 312.837 Thread 0x00007faa5388c000 Thread added: 0x00007faa5388c000
Event: 312.837 Thread 0x00007faa5388c000 Thread exited: 0x00007faa5388c000


Dynamic libraries:
0x0000000001003000 	/System/Library/Frameworks/Cocoa.framework/Versions/A/Cocoa
0x0000000001003000 	/System/Library/Frameworks/Security.framework/Versions/A/Security
0x0000000001003000 	/System/Library/Frameworks/ApplicationServices.framework/Versions/A/ApplicationServices
0x0000000001003000 	/usr/lib/libz.1.dylib
0x0000000001003000 	/usr/lib/libSystem.B.dylib
0x0000000001003000 	/usr/lib/libobjc.A.dylib
0x0000000001003000 	/System/Library/Frameworks/CoreFoundation.framework/Versions/A/CoreFoundation
0x0000000001003000 	/System/Library/Frameworks/Foundation.framework/Versions/C/Foundation
0x0000000001003000 	/System/Library/Frameworks/AppKit.framework/Versions/C/AppKit
0x0000000001003000 	/System/Library/Frameworks/CoreData.framework/Versions/A/CoreData
0x0000000001003000 	/System/Library/PrivateFrameworks/RemoteViewServices.framework/Versions/A/RemoteViewServices
0x0000000001003000 	/System/Library/PrivateFrameworks/UIFoundation.framework/Versions/A/UIFoundation
0x0000000001003000 	/System/Library/Frameworks/IOSurface.framework/Versions/A/IOSurface
0x0000000001003000 	/System/Library/Frameworks/AudioToolbox.framework/Versions/A/AudioToolbox
0x0000000001003000 	/System/Library/Frameworks/AudioUnit.framework/Versions/A/AudioUnit
0x0000000001003000 	/System/Library/PrivateFrameworks/DataDetectorsCore.framework/Versions/A/DataDetectorsCore
0x0000000001003000 	/System/Library/PrivateFrameworks/DesktopServicesPriv.framework/Versions/A/DesktopServicesPriv
0x0000000001003000 	/System/Library/Frameworks/Carbon.framework/Versions/A/Frameworks/HIToolbox.framework/Versions/A/HIToolbox
0x0000000001003000 	/System/Library/Frameworks/QuartzCore.framework/Versions/A/QuartzCore
0x0000000001003000 	/System/Library/Frameworks/Carbon.framework/Versions/A/Frameworks/SpeechRecognition.framework/Versions/A/SpeechRecognition
0x0000000001003000 	/usr/lib/libauto.dylib
0x0000000001003000 	/usr/lib/libicucore.A.dylib
0x0000000001003000 	/usr/lib/libxml2.2.dylib
0x0000000001003000 	/System/Library/PrivateFrameworks/CoreUI.framework/Versions/A/CoreUI
0x0000000001003000 	/System/Library/Frameworks/CoreAudio.framework/Versions/A/CoreAudio
0x0000000001003000 	/System/Library/Frameworks/DiskArbitration.framework/Versions/A/DiskArbitration
0x0000000001003000 	/usr/lib/liblangid.dylib
0x0000000001003000 	/System/Library/PrivateFrameworks/MultitouchSupport.framework/Versions/A/MultitouchSupport
0x0000000001003000 	/System/Library/Frameworks/IOKit.framework/Versions/A/IOKit
0x0000000001003000 	/usr/lib/libDiagnosticMessagesClient.dylib
0x0000000001003000 	/System/Library/Frameworks/CoreServices.framework/Versions/A/CoreServices
0x0000000001003000 	/System/Library/PrivateFrameworks/PerformanceAnalysis.framework/Versions/A/PerformanceAnalysis
0x0000000001003000 	/System/Library/PrivateFrameworks/GenerationalStorage.framework/Versions/A/GenerationalStorage
0x0000000001003000 	/System/Library/Frameworks/OpenGL.framework/Versions/A/OpenGL
0x0000000001003000 	/System/Library/PrivateFrameworks/Sharing.framework/Versions/A/Sharing
0x0000000001003000 	/System/Library/Frameworks/CoreGraphics.framework/Versions/A/CoreGraphics
0x0000000001003000 	/System/Library/Frameworks/CoreText.framework/Versions/A/CoreText
0x0000000001003000 	/System/Library/Frameworks/ImageIO.framework/Versions/A/ImageIO
0x0000000001003000 	/usr/lib/libextension.dylib
0x0000000001003000 	/System/Library/PrivateFrameworks/Backup.framework/Versions/A/Backup
0x0000000001003000 	/usr/lib/libarchive.2.dylib
0x0000000001003000 	/System/Library/Frameworks/CFNetwork.framework/Versions/A/CFNetwork
0x0000000001003000 	/System/Library/Frameworks/SystemConfiguration.framework/Versions/A/SystemConfiguration
0x0000000001003000 	/usr/lib/libCRFSuite.dylib
0x0000000001003000 	/usr/lib/libc++.1.dylib
0x0000000001003000 	/usr/lib/libc++abi.dylib
0x0000000001003000 	/usr/lib/system/libcache.dylib
0x0000000001003000 	/usr/lib/system/libcommonCrypto.dylib
0x0000000001003000 	/usr/lib/system/libcompiler_rt.dylib
0x0000000001003000 	/usr/lib/system/libcopyfile.dylib
0x0000000001003000 	/usr/lib/system/libcorecrypto.dylib
0x0000000001003000 	/usr/lib/system/libdispatch.dylib
0x0000000001003000 	/usr/lib/system/libdyld.dylib
0x0000000001003000 	/usr/lib/system/libkeymgr.dylib
0x0000000001003000 	/usr/lib/system/liblaunch.dylib
0x0000000001003000 	/usr/lib/system/libmacho.dylib
0x0000000001003000 	/usr/lib/system/libquarantine.dylib
0x0000000001003000 	/usr/lib/system/libremovefile.dylib
0x0000000001003000 	/usr/lib/system/libsystem_asl.dylib
0x0000000001003000 	/usr/lib/system/libsystem_blocks.dylib
0x0000000001003000 	/usr/lib/system/libsystem_c.dylib
0x0000000001003000 	/usr/lib/system/libsystem_configuration.dylib
0x0000000001003000 	/usr/lib/system/libsystem_coreservices.dylib
0x0000000001003000 	/usr/lib/system/libsystem_coretls.dylib
0x0000000001003000 	/usr/lib/system/libsystem_dnssd.dylib
0x0000000001003000 	/usr/lib/system/libsystem_info.dylib
0x0000000001003000 	/usr/lib/system/libsystem_kernel.dylib
0x0000000001003000 	/usr/lib/system/libsystem_m.dylib
0x0000000001003000 	/usr/lib/system/libsystem_malloc.dylib
0x0000000001003000 	/usr/lib/system/libsystem_network.dylib
0x0000000001003000 	/usr/lib/system/libsystem_networkextension.dylib
0x0000000001003000 	/usr/lib/system/libsystem_notify.dylib
0x0000000001003000 	/usr/lib/system/libsystem_platform.dylib
0x0000000001003000 	/usr/lib/system/libsystem_pthread.dylib
0x0000000001003000 	/usr/lib/system/libsystem_sandbox.dylib
0x0000000001003000 	/usr/lib/system/libsystem_secinit.dylib
0x0000000001003000 	/usr/lib/system/libsystem_stats.dylib
0x0000000001003000 	/usr/lib/system/libsystem_trace.dylib
0x0000000001003000 	/usr/lib/system/libunc.dylib
0x0000000001003000 	/usr/lib/system/libunwind.dylib
0x0000000001003000 	/usr/lib/system/libxpc.dylib
0x0000000001003000 	/usr/lib/libbz2.1.0.dylib
0x0000000001003000 	/usr/lib/liblzma.5.dylib
0x0000000001003000 	/usr/lib/libbsm.0.dylib
0x0000000001003000 	/usr/lib/libsqlite3.dylib
0x0000000001003000 	/usr/lib/system/libkxld.dylib
0x0000000001003000 	/usr/lib/libxar.1.dylib
0x0000000001003000 	/usr/lib/libpam.2.dylib
0x0000000001003000 	/usr/lib/libOpenScriptingUtil.dylib
0x0000000001003000 	/System/Library/Frameworks/CoreServices.framework/Versions/A/Frameworks/FSEvents.framework/Versions/A/FSEvents
0x0000000001003000 	/System/Library/Frameworks/CoreServices.framework/Versions/A/Frameworks/CarbonCore.framework/Versions/A/CarbonCore
0x0000000001003000 	/System/Library/Frameworks/CoreServices.framework/Versions/A/Frameworks/Metadata.framework/Versions/A/Metadata
0x0000000001003000 	/System/Library/Frameworks/CoreServices.framework/Versions/A/Frameworks/OSServices.framework/Versions/A/OSServices
0x0000000001003000 	/System/Library/Frameworks/CoreServices.framework/Versions/A/Frameworks/SearchKit.framework/Versions/A/SearchKit
0x0000000001003000 	/System/Library/Frameworks/CoreServices.framework/Versions/A/Frameworks/AE.framework/Versions/A/AE
0x0000000001003000 	/System/Library/Frameworks/CoreServices.framework/Versions/A/Frameworks/LaunchServices.framework/Versions/A/LaunchServices
0x0000000001003000 	/System/Library/Frameworks/CoreServices.framework/Versions/A/Frameworks/DictionaryServices.framework/Versions/A/DictionaryServices
0x0000000001003000 	/System/Library/Frameworks/NetFS.framework/Versions/A/NetFS
0x0000000001003000 	/System/Library/PrivateFrameworks/NetAuth.framework/Versions/A/NetAuth
0x0000000001003000 	/System/Library/PrivateFrameworks/login.framework/Versions/A/Frameworks/loginsupport.framework/Versions/A/loginsupport
0x0000000001003000 	/System/Library/PrivateFrameworks/TCC.framework/Versions/A/TCC
0x0000000001003000 	/usr/lib/libmecabra.dylib
0x0000000001003000 	/System/Library/Frameworks/ApplicationServices.framework/Versions/A/Frameworks/ATS.framework/Versions/A/ATS
0x0000000001003000 	/System/Library/Frameworks/ApplicationServices.framework/Versions/A/Frameworks/ColorSync.framework/Versions/A/ColorSync
0x0000000001003000 	/System/Library/Frameworks/ApplicationServices.framework/Versions/A/Frameworks/HIServices.framework/Versions/A/HIServices
0x0000000001003000 	/System/Library/Frameworks/ApplicationServices.framework/Versions/A/Frameworks/LangAnalysis.framework/Versions/A/LangAnalysis
0x0000000001003000 	/System/Library/Frameworks/ApplicationServices.framework/Versions/A/Frameworks/PrintCore.framework/Versions/A/PrintCore
0x0000000001003000 	/System/Library/Frameworks/ApplicationServices.framework/Versions/A/Frameworks/QD.framework/Versions/A/QD
0x0000000001003000 	/System/Library/Frameworks/ApplicationServices.framework/Versions/A/Frameworks/SpeechSynthesis.framework/Versions/A/SpeechSynthesis
0x0000000001003000 	/System/Library/Frameworks/Accelerate.framework/Versions/A/Accelerate
0x0000000001003000 	/System/Library/Frameworks/Accelerate.framework/Versions/A/Frameworks/vImage.framework/Versions/A/vImage
0x0000000001003000 	/System/Library/Frameworks/Accelerate.framework/Versions/A/Frameworks/vecLib.framework/Versions/A/vecLib
0x0000000001003000 	/System/Library/Frameworks/Accelerate.framework/Versions/A/Frameworks/vecLib.framework/Versions/A/libvDSP.dylib
0x0000000001003000 	/System/Library/Frameworks/Accelerate.framework/Versions/A/Frameworks/vecLib.framework/Versions/A/libvMisc.dylib
0x0000000001003000 	/System/Library/Frameworks/Accelerate.framework/Versions/A/Frameworks/vecLib.framework/Versions/A/libLAPACK.dylib
0x0000000001003000 	/System/Library/Frameworks/Accelerate.framework/Versions/A/Frameworks/vecLib.framework/Versions/A/libBLAS.dylib
0x0000000001003000 	/System/Library/Frameworks/Accelerate.framework/Versions/A/Frameworks/vecLib.framework/Versions/A/libLinearAlgebra.dylib
0x0000000001003000 	/System/Library/Frameworks/ApplicationServices.framework/Versions/A/Frameworks/ATS.framework/Versions/A/Resources/libFontParser.dylib
0x0000000001003000 	/System/Library/Frameworks/ApplicationServices.framework/Versions/A/Frameworks/ATS.framework/Versions/A/Resources/libFontRegistry.dylib
0x0000000001003000 	/System/Library/PrivateFrameworks/AppleVPA.framework/Versions/A/AppleVPA
0x0000000001003000 	/System/Library/PrivateFrameworks/AppleJPEG.framework/Versions/A/AppleJPEG
0x0000000001003000 	/System/Library/Frameworks/ImageIO.framework/Versions/A/Resources/libJPEG.dylib
0x0000000001003000 	/System/Library/Frameworks/ImageIO.framework/Versions/A/Resources/libTIFF.dylib
0x0000000001003000 	/System/Library/Frameworks/ImageIO.framework/Versions/A/Resources/libPng.dylib
0x0000000001003000 	/System/Library/Frameworks/ImageIO.framework/Versions/A/Resources/libGIF.dylib
0x0000000001003000 	/System/Library/Frameworks/ImageIO.framework/Versions/A/Resources/libJP2.dylib
0x0000000001003000 	/System/Library/Frameworks/ImageIO.framework/Versions/A/Resources/libRadiance.dylib
0x0000000001003000 	/System/Library/Frameworks/CoreVideo.framework/Versions/A/CoreVideo
0x0000000001003000 	/System/Library/Frameworks/OpenGL.framework/Versions/A/Libraries/libGLU.dylib
0x0000000001003000 	/System/Library/Frameworks/OpenGL.framework/Versions/A/Libraries/libGFXShared.dylib
0x0000000001003000 	/System/Library/Frameworks/OpenGL.framework/Versions/A/Libraries/libGL.dylib
0x0000000001003000 	/System/Library/Frameworks/OpenGL.framework/Versions/A/Libraries/libGLImage.dylib
0x0000000001003000 	/System/Library/Frameworks/OpenGL.framework/Versions/A/Libraries/libCVMSPluginSupport.dylib
0x0000000001003000 	/System/Library/Frameworks/OpenGL.framework/Versions/A/Libraries/libCoreVMClient.dylib
0x0000000001003000 	/usr/lib/libcups.2.dylib
0x0000000001003000 	/System/Library/Frameworks/Kerberos.framework/Versions/A/Kerberos
0x0000000001003000 	/System/Library/Frameworks/GSS.framework/Versions/A/GSS
0x0000000001003000 	/usr/lib/libresolv.9.dylib
0x0000000001003000 	/usr/lib/libiconv.2.dylib
0x0000000001003000 	/System/Library/PrivateFrameworks/Heimdal.framework/Versions/A/Heimdal
0x0000000001003000 	/usr/lib/libheimdal-asn1.dylib
0x0000000001003000 	/System/Library/Frameworks/OpenDirectory.framework/Versions/A/OpenDirectory
0x0000000001003000 	/System/Library/PrivateFrameworks/CommonAuth.framework/Versions/A/CommonAuth
0x0000000001003000 	/System/Library/Frameworks/OpenDirectory.framework/Versions/A/Frameworks/CFOpenDirectory.framework/Versions/A/CFOpenDirectory
0x0000000001003000 	/System/Library/Frameworks/SecurityFoundation.framework/Versions/A/SecurityFoundation
0x0000000001003000 	/System/Library/PrivateFrameworks/LanguageModeling.framework/Versions/A/LanguageModeling
0x0000000001003000 	/usr/lib/libcmph.dylib
0x0000000001003000 	/System/Library/Frameworks/ServiceManagement.framework/Versions/A/ServiceManagement
0x0000000001003000 	/usr/lib/libxslt.1.dylib
0x0000000001003000 	/System/Library/Frameworks/Carbon.framework/Versions/A/Frameworks/Ink.framework/Versions/A/Ink
0x0000000001003000 	/System/Library/Frameworks/QuartzCore.framework/Versions/A/Frameworks/CoreImage.framework/Versions/A/CoreImage
0x0000000001003000 	/System/Library/PrivateFrameworks/CrashReporterSupport.framework/Versions/A/CrashReporterSupport
0x0000000001003000 	/System/Library/Frameworks/OpenCL.framework/Versions/A/OpenCL
0x0000000001003000 	/System/Library/PrivateFrameworks/FaceCore.framework/Versions/A/FaceCore
0x0000000001003000 	/System/Library/PrivateFrameworks/Ubiquity.framework/Versions/A/Ubiquity
0x0000000001003000 	/System/Library/PrivateFrameworks/IconServices.framework/Versions/A/IconServices
0x0000000001003000 	/System/Library/PrivateFrameworks/ChunkingLibrary.framework/Versions/A/ChunkingLibrary
0x0000000001003000 	/System/Library/PrivateFrameworks/Apple80211.framework/Versions/A/Apple80211
0x0000000001003000 	/System/Library/Frameworks/CoreWLAN.framework/Versions/A/CoreWLAN
0x0000000001003000 	/System/Library/Frameworks/IOBluetooth.framework/Versions/A/IOBluetooth
0x0000000001003000 	/System/Library/PrivateFrameworks/CoreWiFi.framework/Versions/A/CoreWiFi
0x0000000001003000 	/System/Library/Frameworks/CoreBluetooth.framework/Versions/A/CoreBluetooth
0x0000000001003000 	/System/Library/PrivateFrameworks/DebugSymbols.framework/Versions/A/DebugSymbols
0x0000000001003000 	/System/Library/PrivateFrameworks/CoreSymbolication.framework/Versions/A/CoreSymbolication
0x0000000001003000 	/System/Library/PrivateFrameworks/Symbolication.framework/Versions/A/Symbolication
0x0000000001003000 	/System/Library/PrivateFrameworks/SpeechRecognitionCore.framework/Versions/A/SpeechRecognitionCore
0x000000010b800000 	/Library/Java/JavaVirtualMachines/jdk1.8.0_25.jdk/Contents/Home/jre/lib/server/libjvm.dylib
0x0000000001003000 	/usr/lib/libstdc++.6.dylib
0x000000010a73c000 	/Library/Java/JavaVirtualMachines/jdk1.8.0_25.jdk/Contents/Home/jre/lib/libverify.dylib
0x000000010a74a000 	/Library/Java/JavaVirtualMachines/jdk1.8.0_25.jdk/Contents/Home/jre/lib/libjava.dylib
0x000000010a788000 	/Library/Java/JavaVirtualMachines/jdk1.8.0_25.jdk/Contents/Home/jre/lib/libzip.dylib
0x000000010a7e2000 	/System/Library/Frameworks/JavaVM.framework/Frameworks/JavaRuntimeSupport.framework/JavaRuntimeSupport
0x000000012829f000 	/System/Library/Frameworks/JavaVM.framework/Versions/A/Frameworks/JavaNativeFoundation.framework/Versions/A/JavaNativeFoundation
0x00000001282b4000 	/System/Library/Frameworks/JavaVM.framework/Versions/A/JavaVM
0x0000000001003000 	/System/Library/Frameworks/Carbon.framework/Versions/A/Carbon
0x00000001282c1000 	/System/Library/PrivateFrameworks/JavaLaunching.framework/Versions/A/JavaLaunching
0x0000000001003000 	/System/Library/Frameworks/Carbon.framework/Versions/A/Frameworks/CommonPanels.framework/Versions/A/CommonPanels
0x0000000001003000 	/System/Library/Frameworks/Carbon.framework/Versions/A/Frameworks/Help.framework/Versions/A/Help
0x0000000001003000 	/System/Library/Frameworks/Carbon.framework/Versions/A/Frameworks/ImageCapture.framework/Versions/A/ImageCapture
0x0000000001003000 	/System/Library/Frameworks/Carbon.framework/Versions/A/Frameworks/OpenScripting.framework/Versions/A/OpenScripting
0x0000000001003000 	/System/Library/Frameworks/Carbon.framework/Versions/A/Frameworks/Print.framework/Versions/A/Print
0x0000000001003000 	/System/Library/Frameworks/Carbon.framework/Versions/A/Frameworks/SecurityHI.framework/Versions/A/SecurityHI
0x000000012a484000 	/Library/Java/JavaVirtualMachines/jdk1.8.0_25.jdk/Contents/Home/jre/lib/libprism_es2.dylib
0x000000012a504000 	/System/Library/Frameworks/OpenGL.framework/Resources/GLEngine.bundle/GLEngine
0x0000000001003000 	/System/Library/Frameworks/OpenGL.framework/Versions/A/Libraries/libGLProgrammability.dylib
0x0000000000000000 	/System/Library/Extensions/AppleIntelHD4000GraphicsGLDriver.bundle/Contents/MacOS/AppleIntelHD4000GraphicsGLDriver
0x0000000001003000 	/System/Library/PrivateFrameworks/IOAccelerator.framework/Versions/A/IOAccelerator
0x0000000001003000 	/System/Library/PrivateFrameworks/GPUSupport.framework/Versions/A/Libraries/libGPUSupportMercury.dylib
0x0000000000000000 	/System/Library/Extensions/GeForceGLDriver.bundle/Contents/MacOS/GeForceGLDriver
0x0000000001003000 	/System/Library/Extensions/GeForceGLDriver.bundle/Contents/MacOS/libclh.dylib
0x000000012aaf5000 	/System/Library/Frameworks/OpenGL.framework/Resources//GLRendererFloat.bundle/GLRendererFloat
0x0000000001003000 	/System/Library/Frameworks/OpenCL.framework/Versions/A/Libraries/libcldcpuengine.dylib
0x0000000001003000 	/System/Library/PrivateFrameworks/DiskImages.framework/Versions/A/DiskImages
0x0000000001003000 	/System/Library/Frameworks/DiscRecording.framework/Versions/A/DiscRecording
0x0000000001003000 	/usr/lib/libcsfde.dylib
0x0000000001003000 	/usr/lib/libcurl.4.dylib
0x0000000001003000 	/System/Library/PrivateFrameworks/MediaKit.framework/Versions/A/MediaKit
0x0000000001003000 	/System/Library/PrivateFrameworks/ProtectedCloudStorage.framework/Versions/A/ProtectedCloudStorage
0x0000000001003000 	/usr/lib/libCoreStorage.dylib
0x0000000001003000 	/System/Library/PrivateFrameworks/EFILogin.framework/Versions/A/EFILogin
0x0000000001003000 	/usr/lib/libutil.dylib
0x0000000001003000 	/System/Library/PrivateFrameworks/FindMyDevice.framework/Versions/A/FindMyDevice
0x0000000001003000 	/System/Library/Frameworks/LDAP.framework/Versions/A/LDAP
0x0000000001003000 	/usr/lib/libsasl2.2.dylib
0x0000000001003000 	/System/Library/PrivateFrameworks/CoreDaemon.framework/Versions/B/CoreDaemon
0x0000000001003000 	/usr/lib/libcrypto.0.9.8.dylib
0x0000000001003000 	/System/Library/PrivateFrameworks/AppleSRP.framework/Versions/A/AppleSRP
0x0000000001003000 	/System/Library/PrivateFrameworks/TrustEvaluationAgent.framework/Versions/A/TrustEvaluationAgent
0x000000012ad90000 	/Library/Java/JavaVirtualMachines/jdk1.8.0_25.jdk/Contents/Home/jre/lib/libglass.dylib
0x0000000001003000 	/System/Library/PrivateFrameworks/CoreServicesInternal.framework/Versions/A/CoreServicesInternal
0x0000000001003000 	/System/Library/PrivateFrameworks/CloudDocs.framework/Versions/A/CloudDocs
0x0000000001003000 	/System/Library/PrivateFrameworks/CoreDuet.framework/Versions/A/CoreDuet
0x0000000001003000 	/System/Library/Frameworks/CloudKit.framework/Versions/A/CloudKit
0x0000000001003000 	/System/Library/PrivateFrameworks/ProtocolBuffer.framework/Versions/A/ProtocolBuffer
0x0000000001003000 	/System/Library/PrivateFrameworks/CoreDuetDaemonProtocol.framework/Versions/A/CoreDuetDaemonProtocol
0x0000000001003000 	/System/Library/PrivateFrameworks/CoreDuetDebugLogging.framework/Versions/A/CoreDuetDebugLogging
0x0000000001003000 	/System/Library/PrivateFrameworks/MMCS.framework/Versions/A/MMCS
0x0000000001003000 	/System/Library/Frameworks/CoreLocation.framework/Versions/A/CoreLocation
0x0000000001003000 	/System/Library/PrivateFrameworks/GeoServices.framework/Versions/A/GeoServices
0x000000012c46d000 	/System/Library/Frameworks/CoreGraphics.framework/Versions/A/Resources/libCGCMS.A.dylib
0x000000012c47c000 	/System/Library/CoreServices/RawCamera.bundle/Contents/MacOS/RawCamera
0x000000012cb78000 	/System/Library/Frameworks/CoreGraphics.framework/Versions/A/Resources/libRIP.A.dylib
0x0000000001003000 	/System/Library/PrivateFrameworks/FamilyControls.framework/Versions/A/FamilyControls
0x0000000001003000 	/System/Library/PrivateFrameworks/CommerceKit.framework/Versions/A/Frameworks/CommerceCore.framework/Versions/A/CommerceCore
0x0000000001003000 	/System/Library/PrivateFrameworks/SystemAdministration.framework/Versions/A/SystemAdministration
0x0000000001003000 	/System/Library/PrivateFrameworks/AppContainer.framework/Versions/A/AppContainer
0x0000000001003000 	/System/Library/PrivateFrameworks/SecCodeWrapper.framework/Versions/A/SecCodeWrapper
0x0000000001003000 	/System/Library/Frameworks/DirectoryService.framework/Versions/A/DirectoryService
0x0000000001003000 	/System/Library/PrivateFrameworks/LoginUIKit.framework/Versions/A/Frameworks/LoginUICore.framework/Versions/A/LoginUICore
0x0000000001003000 	/usr/lib/libodfde.dylib
0x000000012f4b4000 	/System/Library/Frameworks/CoreGraphics.framework/Versions/A/Resources/libCGXType.A.dylib
0x00000001307f7000 	cl_kernels
0x00000001307f9000 	/System/Library/Frameworks/OpenCL.framework/Versions/A/Libraries/ImageFormats/unorm8_bgra.dylib
0x00000001307e9000 	cl_kernels
0x000000012cc65000 	/Library/Java/JavaVirtualMachines/jdk1.8.0_25.jdk/Contents/Home/jre/lib/libnet.dylib
0x000000012cc7c000 	/Library/Java/JavaVirtualMachines/jdk1.8.0_25.jdk/Contents/Home/jre/lib/libjavafx_font.dylib
0x00000001314bd000 	/Library/Java/JavaVirtualMachines/jdk1.8.0_25.jdk/Contents/Home/jre/lib/libglib-lite.dylib
0x0000000131fbc000 	/Library/Java/JavaVirtualMachines/jdk1.8.0_25.jdk/Contents/Home/jre/lib/libgstreamer-lite.dylib
0x0000000130e62000 	/Library/Java/JavaVirtualMachines/jdk1.8.0_25.jdk/Contents/Home/jre/lib/libjfxmedia.dylib
0x0000000001003000 	/System/Library/Frameworks/QTKit.framework/Versions/A/QTKit
0x0000000001003000 	/System/Library/Frameworks/AVFoundation.framework/Versions/A/AVFoundation
0x0000000001003000 	/System/Library/Frameworks/CoreMedia.framework/Versions/A/CoreMedia
0x0000000001003000 	/System/Library/Frameworks/MediaToolbox.framework/Versions/A/MediaToolbox
0x0000000001003000 	/System/Library/Frameworks/VideoToolbox.framework/Versions/A/VideoToolbox
0x0000000001003000 	/System/Library/PrivateFrameworks/CoreMediaAuthoring.framework/Versions/A/CoreMediaAuthoring
0x0000000001003000 	/System/Library/Frameworks/CoreMediaIO.framework/Versions/A/CoreMediaIO
0x0000000001003000 	/System/Library/Frameworks/AVFoundation.framework/Versions/A/Resources/libAVFAudio.dylib
0x0000000001003000 	/System/Library/PrivateFrameworks/MediaControlSender.framework/Versions/A/MediaControlSender
0x0000000001003000 	/System/Library/PrivateFrameworks/CoreAVCHD.framework/Versions/A/CoreAVCHD
0x0000000001003000 	/System/Library/Frameworks/MediaAccessibility.framework/Versions/A/MediaAccessibility
0x0000000001003000 	/System/Library/PrivateFrameworks/Mangrove.framework/Versions/A/Mangrove
0x0000000001003000 	/System/Library/PrivateFrameworks/CoreAUC.framework/Versions/A/CoreAUC
0x0000000001003000 	/System/Library/PrivateFrameworks/NetworkStatistics.framework/Versions/A/NetworkStatistics
0x0000000001003000 	/System/Library/PrivateFrameworks/AirPlaySupport.framework/Versions/A/AirPlaySupport
0x0000000001003000 	/System/Library/PrivateFrameworks/CoreUtils.framework/Versions/A/CoreUtils
0x0000000001003000 	/System/Library/PrivateFrameworks/AppleVA.framework/Versions/A/AppleVA
0x0000000001003000 	/System/Library/PrivateFrameworks/XPCService.framework/Versions/A/XPCService
0x0000000001003000 	/System/Library/PrivateFrameworks/AppSandbox.framework/Versions/A/AppSandbox
0x0000000001003000 	/usr/lib/libsandbox.1.dylib
0x0000000001003000 	/usr/lib/libMatch.1.dylib
0x0000000130f0c000 	/Library/Java/JavaVirtualMachines/jdk1.8.0_25.jdk/Contents/Home/jre/lib/libfxplugins.dylib
0x000000012cca9000 	/System/Library/Frameworks/VideoDecodeAcceleration.framework/Versions/A/VideoDecodeAcceleration
0x000000012ce11000 	/System/Library/Extensions/AppleHDA.kext/Contents/PlugIns/AppleHDAHALPlugIn.bundle/Contents/MacOS/AppleHDAHALPlugIn
0x00000001327a9000 	/System/Library/Components/CoreAudio.component/Contents/MacOS/CoreAudio
0x00000001354ab000 	/System/Library/Components/AudioCodecs.component/Contents/MacOS/AudioCodecs
0x0000000135dd0000 	/Library/Java/JavaVirtualMachines/jdk1.8.0_25.jdk/Contents/Home/jre/lib/libjavafx_iio.dylib
0x0000000131742000 	/Library/Java/JavaVirtualMachines/jdk1.8.0_25.jdk/Contents/Home/jre/lib/libprism_common.dylib
0x0000000130b2a000 	/Library/Java/JavaVirtualMachines/jdk1.8.0_25.jdk/Contents/Home/jre/lib/libnio.dylib

VM Arguments:
jvm_args: -Dfile.encoding=UTF-8 
java_command: com.musicPlayer.JML.MusicPlayer
java_class_path (initial): /Users/JEAcomputer/Documents/Programming/MusicPlayerV2/bin:/Applications/eclipse/plugins/org.eclipse.fx.ide.css.jfx8_1.1.0.201411050807.jar:/Users/JEAcomputer/Documents/Programming/MusicPlayer/src/ItunesUtilities.jar:/Users/JEAcomputer/Documents/Programming/MusicPlayer/src/xstream-1.4.7.jar:/Users/JEAcomputer/Documents/Desktoday/February 9 2015/xstream-1.4.7/lib/xstream/kxml2-2.3.0.jar:/Users/JEAcomputer/Documents/Desktoday/February 9 2015/xstream-1.4.7/lib/xstream/xpp3_min-1.1.4c.jar
Launcher Type: SUN_STANDARD

Environment Variables:
PATH=/usr/bin:/bin:/usr/sbin:/sbin
SHELL=/bin/bash

Signal Handlers:
SIGSEGV: [libjvm.dylib+0x579dc7], sa_mask[0]=11111111011111110111111111111111, sa_flags=SA_ONSTACK|SA_RESTART|SA_SIGINFO
SIGBUS: [libjvm.dylib+0x579dc7], sa_mask[0]=11111111011111110111111111111111, sa_flags=SA_RESTART|SA_SIGINFO
SIGFPE: [libjvm.dylib+0x45b030], sa_mask[0]=11111111011111110111111111111111, sa_flags=SA_RESTART|SA_SIGINFO
SIGPIPE: [libjvm.dylib+0x45b030], sa_mask[0]=11111111011111110111111111111111, sa_flags=SA_RESTART|SA_SIGINFO
SIGXFSZ: [libjvm.dylib+0x45b030], sa_mask[0]=11111111011111110111111111111111, sa_flags=SA_RESTART|SA_SIGINFO
SIGILL: [libjvm.dylib+0x45b030], sa_mask[0]=11111111011111110111111111111111, sa_flags=SA_RESTART|SA_SIGINFO
SIGUSR1: SIG_DFL, sa_mask[0]=00000000000000000000000000000000, sa_flags=none
SIGUSR2: [libjvm.dylib+0x45ab4e], sa_mask[0]=00100000000000000000000000000000, sa_flags=SA_RESTART|SA_SIGINFO
SIGHUP: [AudioToolbox+0xf933a], sa_mask[0]=00000000000000000000000000000000, sa_flags=SA_RESTART
SIGINT: [libjvm.dylib+0x459121], sa_mask[0]=11111111011111110111111111111111, sa_flags=SA_RESTART|SA_SIGINFO
SIGTERM: [libjvm.dylib+0x459121], sa_mask[0]=11111111011111110111111111111111, sa_flags=SA_RESTART|SA_SIGINFO
SIGQUIT: [libjvm.dylib+0x459121], sa_mask[0]=11111111011111110111111111111111, sa_flags=SA_RESTART|SA_SIGINFO


---------------  S Y S T E M  ---------------

OS:Bsduname:Darwin 14.4.0 Darwin Kernel Version 14.4.0: Sun Apr 19 20:30:19 PDT 2015; root:xnu-2782.30.2~2/RELEASE_X86_64 x86_64
rlimit: STACK 8192k, CORE 0k, NPROC 709, NOFILE 10240, AS infinity
load average:1.77 1.87 1.69

CPU:total 8 (4 cores per cpu, 2 threads per core) family 6 model 58 stepping 9, cmov, cx8, fxsr, mmx, sse, sse2, sse3, ssse3, sse4.1, sse4.2, popcnt, avx, aes, clmul, erms, ht, tsc, tscinvbit, tscinv

Memory: 4k page, physical 16777216k(774976k free)

/proc/meminfo:


vm_info: Java HotSpot(TM) 64-Bit Server VM (25.25-b02) for bsd-amd64 JRE (1.8.0_25-b17), built on Sep 17 2014 16:56:50 by "java_re" with gcc 4.2.1 (Based on Apple Inc. build 5658) (LLVM build 2336.11.00)

time: Thu May 14 15:19:00 2015
elapsed time: 312 seconds (0d 0h 5m 12s)

