#
# A fatal error has been detected by the Java Runtime Environment:
#
#  SIGSEGV (0xb) at pc=0x00000001324eb16b, pid=40654, tid=42267
#
# JRE version: Java(TM) SE Runtime Environment (8.0_25-b17) (build 1.8.0_25-b17)
# Java VM: Java HotSpot(TM) 64-Bit Server VM (25.25-b02 mixed mode bsd-amd64 compressed oops)
# Problematic frame:
# C  [libgstreamer-lite.dylib+0xb416b]  gst_iir_equ_process_gfloat+0x97
#
# Failed to write core dump. Core dumps have been disabled. To enable core dumping, try "ulimit -c unlimited" before starting Java again
#
# If you would like to submit a bug report, please visit:
#   http://bugreport.sun.com/bugreport/crash.jsp
#

---------------  T H R E A D  ---------------

Current thread is native thread

siginfo: si_signo: 11 (SIGSEGV), si_code: 1 (SEGV_MAPERR), si_addr: 0x0000000000000078

Registers:
RAX=0x00000000000000ee, RBX=0x00007f852a9e0094, RCX=0x0000000000000002, RDX=0x0000000000000008
RSP=0x00000001333e2a88, RBP=0x00000001333e2ab0, RSI=0x00007f852a9e0090, RDI=0x0000000000000060
R8 =0x00007f8529d04ebc, R9 =0x00007f8520cc9160, R10=0x0000000000000006, R11=0x0000000000000001
R12=0x00007f8520cc9160, R13=0x0000000000000000, R14=0x00007f8529d04f10, R15=0x0000000000000006
RIP=0x00000001324eb16b, EFLAGS=0x0000000000010202, ERR=0x0000000000000004
  TRAPNO=0x000000000000000e

Top of Stack: (sp=0x00000001333e2a88)
0x00000001333e2a88:   00007f852828e320 00007f852828f4f0
0x00000001333e2a98:   00007f852810f6c0 000000000c74c687
0x00000001333e2aa8:   000000013252974a 00000001333e2b30
0x00000001333e2ab8:   00000001324eb096 00007f852828e320
0x00000001333e2ac8:   00007f852828e320 00007f8528197cd0
0x00000001333e2ad8:   0000000000000006 3ff78f30178bd486
0x00000001333e2ae8:   4000000000000000 3ff23ca61dcc76a2
0x00000001333e2af8:   40078f30178bd486 3ff0000000000000
0x00000001333e2b08:   0000000000000000 0000000000000000
0x00000001333e2b18:   0000000000000000 00007f852828e320
0x00000001333e2b28:   0000000000000000 00000001333e2bc0
0x00000001333e2b38:   000000013248b3bd 00007f852828e8b0
0x00000001333e2b48:   000329032828e118 00007f852828d224
0x00000001333e2b58:   00007f852828e640 00007f8500002000
0x00000001333e2b68:   00007f8528293d70 00007f85281104e0
0x00000001333e2b78:   0000000000000001 00000001333e2bd0
0x00000001333e2b88:   00007f8528197cd0 000020002828d218
0x00000001333e2b98:   00007f8528197cd0 00007f852828e8b0
0x00000001333e2ba8:   00007f85280a5fe0 00007f852828e320
0x00000001333e2bb8:   000000000dd71579 00000001333e2bf0
0x00000001333e2bc8:   000000013248a0d6 00007f8528197cd0
0x00000001333e2bd8:   00007f8528197cd0 00007f852828dfa0
0x00000001333e2be8:   00007f852828e118 00000001333e2c40
0x00000001333e2bf8:   0000000132458bc6 00007f8521c8fa00
0x00000001333e2c08:   00007f852828cf20 00007f8509ece061
0x00000001333e2c18:   00000001333e2d00 00000001333e2d0c
0x00000001333e2c28:   00000001333e2ce8 00007f852828cf20
0x00000001333e2c38:   000000012e95d236 00000001333e2d70
0x00000001333e2c48:   000000012e95cdad ff80000000001004
0x00000001333e2c58:   000000000000ffff 0000000000000003
0x00000001333e2c68:   00007fff8639add4 000000013256a450
0x00000001333e2c78:   00007fff8639add4 00000001333e2cfc 

Instructions: (pc=0x00000001324eb16b)
0x00000001324eb14b:   a3 00 00 00 4d 8d 34 38 49 83 c0 0c 4d 89 d7 4d
0x00000001324eb15b:   89 cc eb 03 0f 28 c1 4d 8b 2c 24 f3 41 0f 5a 08
0x00000001324eb16b:   f2 41 0f 59 4d 78 f3 41 0f 10 50 f4 f3 41 0f 10
0x00000001324eb17b:   58 fc f3 0f 5a e3 f2 41 0f 59 65 70 f3 41 0f 5a 

Register to memory mapping:

RAX=0x00000000000000ee is an unknown value
RBX=0x00007f852a9e0094 is an unknown value
RCX=0x0000000000000002 is an unknown value
RDX=0x0000000000000008 is an unknown value
RSP=0x00000001333e2a88 is an unknown value
RBP=0x00000001333e2ab0 is an unknown value
RSI=0x00007f852a9e0090 is an unknown value
RDI=0x0000000000000060 is an unknown value
R8 =0x00007f8529d04ebc is an unknown value
R9 =0x00007f8520cc9160 is an unknown value
R10=0x0000000000000006 is an unknown value
R11=0x0000000000000001 is an unknown value
R12=0x00007f8520cc9160 is an unknown value
R13=0x0000000000000000 is an unknown value
R14=0x00007f8529d04f10 is an unknown value
R15=0x0000000000000006 is an unknown value


Stack: [0x0000000133363000,0x00000001333e3000],  sp=0x00000001333e2a88,  free space=510k
Native frames: (J=compiled Java code, j=interpreted, Vv=VM code, C=native code)
C  [libgstreamer-lite.dylib+0xb416b]  gst_iir_equ_process_gfloat+0x97
C  [libgstreamer-lite.dylib+0xb4096]  gst_iir_equalizer_transform_ip+0x838
C  [libgstreamer-lite.dylib+0x543bd]  gst_base_transform_handle_buffer+0x922
C  [libgstreamer-lite.dylib+0x530d6]  gst_base_transform_chain+0x9a
C  [libgstreamer-lite.dylib+0x21bc6]  gst_pad_push+0x131
C  [libfxplugins.dylib+0x1dad]  audioconverter_chain+0xa63
C  [libgstreamer-lite.dylib+0x21bc6]  gst_pad_push+0x131
C  [libgstreamer-lite.dylib+0xa7434]  gst_queue_loop+0x320
C  [libgstreamer-lite.dylib+0x38b1e]  gst_task_func+0x1d3
C  [libglib-lite.dylib+0x45afd]  g_thread_pool_thread_proxy+0xdd
C  [libglib-lite.dylib+0x445ee]  g_thread_create_proxy+0xd1
C  [libsystem_pthread.dylib+0x3268]  _pthread_body+0x83
C  [libsystem_pthread.dylib+0x31e5]  _pthread_body+0x0
C  [libsystem_pthread.dylib+0x141d]  thread_start+0xd


---------------  P R O C E S S  ---------------

VM state:not at safepoint (normal execution)

VM Mutex/Monitor currently owned by a thread: None

Heap:
 PSYoungGen      total 1397248K, used 1124188K [0x000000076ab00000, 0x00000007c0000000, 0x00000007c0000000)
  eden space 1396736K, 80% used [0x000000076ab00000,0x00000007af457318,0x00000007bff00000)
  from space 512K, 100% used [0x00000007bff00000,0x00000007bff80000,0x00000007bff80000)
  to   space 512K, 0% used [0x00000007bff80000,0x00000007bff80000,0x00000007c0000000)
 ParOldGen       total 138240K, used 42658K [0x00000006c0000000, 0x00000006c8700000, 0x000000076ab00000)
  object space 138240K, 30% used [0x00000006c0000000,0x00000006c29a8b98,0x00000006c8700000)
 Metaspace       used 23654K, capacity 25179K, committed 25472K, reserved 1071104K
  class space    used 3304K, capacity 3602K, committed 3712K, reserved 1048576K

Card table byte_map: [0x000000011daed000,0x000000011e2ee000] byte_map_base: 0x000000011a4ed000

Marking Bits: (ParMarkBitMap*) 0x000000010e09d390
 Begin Bits: [0x000000011f05c000, 0x000000012305c000)
 End Bits:   [0x000000012305c000, 0x000000012705c000)

Polling page: 0x000000010c7fe000

CodeCache: size=245760Kb used=16090Kb max_used=16101Kb free=229669Kb
 bounds [0x000000010e72d000, 0x000000010f70d000, 0x000000011d72d000]
 total_blobs=5363 nmethods=4671 adapters=605
 compilation: enabled

Compilation events (10 events):
Event: 38.011 Thread 0x00007f8524801000 5637       3       com.sun.javafx.collections.ObservableMapWrapper::put (96 bytes)
Event: 38.011 Thread 0x00007f8524800000 5638       4       java.util.Arrays::equals (55 bytes)
Event: 38.011 Thread 0x00007f8524801000 nmethod 5637 0x000000010f6fc310 code [0x000000010f6fc540, 0x000000010f6fd0b8]
Event: 38.011 Thread 0x00007f8524801000 5634       3       javafx.scene.Node$EffectiveOrientationProperty::get (8 bytes)
Event: 38.012 Thread 0x00007f8524801000 nmethod 5634 0x000000010f6fbd90 code [0x000000010f6fbf00, 0x000000010f6fc210]
Event: 38.012 Thread 0x00007f8524801000 5635       3       com.sun.javafx.tk.quantum.QuantumToolkit::getTextLayoutFactory (4 bytes)
Event: 38.012 Thread 0x00007f8524801000 nmethod 5635 0x000000010f6e2cd0 code [0x000000010f6e2e40, 0x000000010f6e2ff0]
Event: 38.012 Thread 0x00007f8524801000 5636       3       com.sun.javafx.text.PrismTextLayoutFactory::getFactory (4 bytes)
Event: 38.012 Thread 0x00007f8524801000 nmethod 5636 0x000000010f6e9890 code [0x000000010f6e99e0, 0x000000010f6e9b10]
Event: 38.013 Thread 0x00007f8524800000 nmethod 5638 0x000000010f6fff10 code [0x000000010f700060, 0x000000010f700178]

GC Heap History (10 events):
Event: 33.239 GC heap before
{Heap before GC invocations=1190 (full 1):
 PSYoungGen      total 1397248K, used 1396736K [0x000000076ab00000, 0x00000007c0000000, 0x00000007c0000000)
  eden space 1396736K, 100% used [0x000000076ab00000,0x00000007bff00000,0x00000007bff00000)
  from space 512K, 0% used [0x00000007bff80000,0x00000007bff80000,0x00000007c0000000)
  to   space 512K, 0% used [0x00000007bff00000,0x00000007bff00000,0x00000007bff80000)
 ParOldGen       total 138240K, used 42626K [0x00000006c0000000, 0x00000006c8700000, 0x000000076ab00000)
  object space 138240K, 30% used [0x00000006c0000000,0x00000006c29a0b98,0x00000006c8700000)
 Metaspace       used 23580K, capacity 25111K, committed 25472K, reserved 1071104K
  class space    used 3304K, capacity 3602K, committed 3712K, reserved 1048576K
Event: 33.240 GC heap after
Heap after GC invocations=1190 (full 1):
 PSYoungGen      total 1397248K, used 0K [0x000000076ab00000, 0x00000007c0000000, 0x00000007c0000000)
  eden space 1396736K, 0% used [0x000000076ab00000,0x000000076ab00000,0x00000007bff00000)
  from space 512K, 0% used [0x00000007bff00000,0x00000007bff00000,0x00000007bff80000)
  to   space 512K, 0% used [0x00000007bff80000,0x00000007bff80000,0x00000007c0000000)
 ParOldGen       total 138240K, used 42626K [0x00000006c0000000, 0x00000006c8700000, 0x000000076ab00000)
  object space 138240K, 30% used [0x00000006c0000000,0x00000006c29a0b98,0x00000006c8700000)
 Metaspace       used 23580K, capacity 25111K, committed 25472K, reserved 1071104K
  class space    used 3304K, capacity 3602K, committed 3712K, reserved 1048576K
}
Event: 33.245 GC heap before
{Heap before GC invocations=1191 (full 1):
 PSYoungGen      total 1397248K, used 1396736K [0x000000076ab00000, 0x00000007c0000000, 0x00000007c0000000)
  eden space 1396736K, 100% used [0x000000076ab00000,0x00000007bff00000,0x00000007bff00000)
  from space 512K, 0% used [0x00000007bff00000,0x00000007bff00000,0x00000007bff80000)
  to   space 512K, 0% used [0x00000007bff80000,0x00000007bff80000,0x00000007c0000000)
 ParOldGen       total 138240K, used 42626K [0x00000006c0000000, 0x00000006c8700000, 0x000000076ab00000)
  object space 138240K, 30% used [0x00000006c0000000,0x00000006c29a0b98,0x00000006c8700000)
 Metaspace       used 23580K, capacity 25111K, committed 25472K, reserved 1071104K
  class space    used 3304K, capacity 3602K, committed 3712K, reserved 1048576K
Event: 33.246 GC heap after
Heap after GC invocations=1191 (full 1):
 PSYoungGen      total 1397248K, used 0K [0x000000076ab00000, 0x00000007c0000000, 0x00000007c0000000)
  eden space 1396736K, 0% used [0x000000076ab00000,0x000000076ab00000,0x00000007bff00000)
  from space 512K, 0% used [0x00000007bff80000,0x00000007bff80000,0x00000007c0000000)
  to   space 512K, 0% used [0x00000007bff00000,0x00000007bff00000,0x00000007bff80000)
 ParOldGen       total 138240K, used 42626K [0x00000006c0000000, 0x00000006c8700000, 0x000000076ab00000)
  object space 138240K, 30% used [0x00000006c0000000,0x00000006c29a0b98,0x00000006c8700000)
 Metaspace       used 23580K, capacity 25111K, committed 25472K, reserved 1071104K
  class space    used 3304K, capacity 3602K, committed 3712K, reserved 1048576K
}
Event: 33.251 GC heap before
{Heap before GC invocations=1192 (full 1):
 PSYoungGen      total 1397248K, used 1396736K [0x000000076ab00000, 0x00000007c0000000, 0x00000007c0000000)
  eden space 1396736K, 100% used [0x000000076ab00000,0x00000007bff00000,0x00000007bff00000)
  from space 512K, 0% used [0x00000007bff80000,0x00000007bff80000,0x00000007c0000000)
  to   space 512K, 0% used [0x00000007bff00000,0x00000007bff00000,0x00000007bff80000)
 ParOldGen       total 138240K, used 42626K [0x00000006c0000000, 0x00000006c8700000, 0x000000076ab00000)
  object space 138240K, 30% used [0x00000006c0000000,0x00000006c29a0b98,0x00000006c8700000)
 Metaspace       used 23580K, capacity 25111K, committed 25472K, reserved 1071104K
  class space    used 3304K, capacity 3602K, committed 3712K, reserved 1048576K
Event: 33.252 GC heap after
Heap after GC invocations=1192 (full 1):
 PSYoungGen      total 1397248K, used 0K [0x000000076ab00000, 0x00000007c0000000, 0x00000007c0000000)
  eden space 1396736K, 0% used [0x000000076ab00000,0x000000076ab00000,0x00000007bff00000)
  from space 512K, 0% used [0x00000007bff00000,0x00000007bff00000,0x00000007bff80000)
  to   space 512K, 0% used [0x00000007bff80000,0x00000007bff80000,0x00000007c0000000)
 ParOldGen       total 138240K, used 42626K [0x00000006c0000000, 0x00000006c8700000, 0x000000076ab00000)
  object space 138240K, 30% used [0x00000006c0000000,0x00000006c29a0b98,0x00000006c8700000)
 Metaspace       used 23580K, capacity 25111K, committed 25472K, reserved 1071104K
  class space    used 3304K, capacity 3602K, committed 3712K, reserved 1048576K
}
Event: 33.257 GC heap before
{Heap before GC invocations=1193 (full 1):
 PSYoungGen      total 1397248K, used 1396736K [0x000000076ab00000, 0x00000007c0000000, 0x00000007c0000000)
  eden space 1396736K, 100% used [0x000000076ab00000,0x00000007bff00000,0x00000007bff00000)
  from space 512K, 0% used [0x00000007bff00000,0x00000007bff00000,0x00000007bff80000)
  to   space 512K, 0% used [0x00000007bff80000,0x00000007bff80000,0x00000007c0000000)
 ParOldGen       total 138240K, used 42626K [0x00000006c0000000, 0x00000006c8700000, 0x000000076ab00000)
  object space 138240K, 30% used [0x00000006c0000000,0x00000006c29a0b98,0x00000006c8700000)
 Metaspace       used 23580K, capacity 25111K, committed 25472K, reserved 1071104K
  class space    used 3304K, capacity 3602K, committed 3712K, reserved 1048576K
Event: 33.257 GC heap after
Heap after GC invocations=1193 (full 1):
 PSYoungGen      total 1397248K, used 0K [0x000000076ab00000, 0x00000007c0000000, 0x00000007c0000000)
  eden space 1396736K, 0% used [0x000000076ab00000,0x000000076ab00000,0x00000007bff00000)
  from space 512K, 0% used [0x00000007bff80000,0x00000007bff80000,0x00000007c0000000)
  to   space 512K, 0% used [0x00000007bff00000,0x00000007bff00000,0x00000007bff80000)
 ParOldGen       total 138240K, used 42626K [0x00000006c0000000, 0x00000006c8700000, 0x000000076ab00000)
  object space 138240K, 30% used [0x00000006c0000000,0x00000006c29a0b98,0x00000006c8700000)
 Metaspace       used 23580K, capacity 25111K, committed 25472K, reserved 1071104K
  class space    used 3304K, capacity 3602K, committed 3712K, reserved 1048576K
}
Event: 37.660 GC heap before
{Heap before GC invocations=1194 (full 1):
 PSYoungGen      total 1397248K, used 1396736K [0x000000076ab00000, 0x00000007c0000000, 0x00000007c0000000)
  eden space 1396736K, 100% used [0x000000076ab00000,0x00000007bff00000,0x00000007bff00000)
  from space 512K, 0% used [0x00000007bff80000,0x00000007bff80000,0x00000007c0000000)
  to   space 512K, 0% used [0x00000007bff00000,0x00000007bff00000,0x00000007bff80000)
 ParOldGen       total 138240K, used 42626K [0x00000006c0000000, 0x00000006c8700000, 0x000000076ab00000)
  object space 138240K, 30% used [0x00000006c0000000,0x00000006c29a0b98,0x00000006c8700000)
 Metaspace       used 23649K, capacity 25179K, committed 25472K, reserved 1071104K
  class space    used 3304K, capacity 3602K, committed 3712K, reserved 1048576K
Event: 37.662 GC heap after
Heap after GC invocations=1194 (full 1):
 PSYoungGen      total 1397248K, used 512K [0x000000076ab00000, 0x00000007c0000000, 0x00000007c0000000)
  eden space 1396736K, 0% used [0x000000076ab00000,0x000000076ab00000,0x00000007bff00000)
  from space 512K, 100% used [0x00000007bff00000,0x00000007bff80000,0x00000007bff80000)
  to   space 512K, 0% used [0x00000007bff80000,0x00000007bff80000,0x00000007c0000000)
 ParOldGen       total 138240K, used 42658K [0x00000006c0000000, 0x00000006c8700000, 0x000000076ab00000)
  object space 138240K, 30% used [0x00000006c0000000,0x00000006c29a8b98,0x00000006c8700000)
 Metaspace       used 23649K, capacity 25179K, committed 25472K, reserved 1071104K
  class space    used 3304K, capacity 3602K, committed 3712K, reserved 1048576K
}

Deoptimization events (10 events):
Event: 24.065 Thread 0x00007f85211e9800 Uncommon trap: reason=class_check action=maybe_recompile pc=0x000000010f2ab460 method=com.sun.javafx.scene.control.skin.LabeledSkinBase.textMetricsChanged()V @ 9
Event: 27.675 Thread 0x00007f85211e9800 Uncommon trap: reason=class_check action=maybe_recompile pc=0x000000010ef86ee0 method=javafx.scene.Parent.prefWidth(D)D @ 66
Event: 32.373 Thread 0x00007f8521699000 Uncommon trap: reason=unreached action=reinterpret pc=0x000000010ef0cf00 method=com.sun.media.jfxmediaimpl.MetadataParserImpl.getNextByte()B @ 19
Event: 32.373 Thread 0x00007f8521699000 Uncommon trap: reason=class_check action=maybe_recompile pc=0x000000010f16635c method=com.sun.media.jfxmedia.locator.ConnectionHolder.readNextBlock()I @ 64
Event: 32.496 Thread 0x00007f85211e9800 Uncommon trap: reason=bimorphic action=maybe_recompile pc=0x000000010f506e30 method=java.util.regex.Pattern$BmpCharProperty.match(Ljava/util/regex/Matcher;ILjava/lang/CharSequence;)Z @ 31
Event: 32.496 Thread 0x00007f85211e9800 Uncommon trap: reason=bimorphic action=maybe_recompile pc=0x000000010f506e30 method=java.util.regex.Pattern$BmpCharProperty.match(Ljava/util/regex/Matcher;ILjava/lang/CharSequence;)Z @ 31
Event: 32.497 Thread 0x00007f85211e9800 Uncommon trap: reason=bimorphic action=maybe_recompile pc=0x000000010f506e30 method=java.util.regex.Pattern$BmpCharProperty.match(Ljava/util/regex/Matcher;ILjava/lang/CharSequence;)Z @ 31
Event: 32.497 Thread 0x00007f85211e9800 Uncommon trap: reason=bimorphic action=maybe_recompile pc=0x000000010f506e30 method=java.util.regex.Pattern$BmpCharProperty.match(Ljava/util/regex/Matcher;ILjava/lang/CharSequence;)Z @ 31
Event: 37.976 Thread 0x00007f8522607800 Uncommon trap: reason=class_check action=maybe_recompile pc=0x000000010f16635c method=com.sun.media.jfxmedia.locator.ConnectionHolder.readNextBlock()I @ 64
Event: 38.011 Thread 0x00007f8524dca000 Uncommon trap: reason=class_check action=maybe_recompile pc=0x000000010f16635c method=com.sun.media.jfxmedia.locator.ConnectionHolder.readNextBlock()I @ 64

Internal exceptions (10 events):
Event: 13.960 Thread 0x00007f85211e9800 Exception <a 'java/security/PrivilegedActionException'> (0x000000079069de58) thrown at [/HUDSON3/workspace/8-2-build-macosx-x86_64/jdk8u25/1514/hotspot/src/share/vm/prims/jvm.cpp, line 1312]
Event: 13.985 Thread 0x00007f85218fd800 Implicit null exception at 0x000000010f2c58c5 to 0x000000010f2c93c5
Event: 18.616 Thread 0x00007f85211e9800 Implicit null exception at 0x000000010f23cb76 to 0x000000010f23f619
Event: 18.627 Thread 0x00007f85211e9800 Implicit null exception at 0x000000010eeb3577 to 0x000000010eeb3c61
Event: 18.653 Thread 0x00007f85211e9800 Implicit null exception at 0x000000010f2b3ec0 to 0x000000010f2b67ad
Event: 20.575 Thread 0x00007f85211e9800 Implicit null exception at 0x000000010f22c435 to 0x000000010f22ee4d
Event: 20.575 Thread 0x00007f85211e9800 Implicit null exception at 0x000000010eb5ddb1 to 0x000000010eb60651
Event: 20.596 Thread 0x00007f85218fd800 Implicit null exception at 0x000000010f06bce8 to 0x000000010f06c701
Event: 20.600 Thread 0x00007f85218fd800 Implicit null exception at 0x000000010f004cbf to 0x000000010f004dcd
Event: 20.616 Thread 0x00007f85218fd800 Implicit null exception at 0x000000010f1eba09 to 0x000000010f1ec59d

Events (10 events):
Event: 38.113 Thread 0x00007f8521e5d000 Thread added: 0x00007f8521e5d000
Event: 38.113 Thread 0x00007f8521e5d000 Thread exited: 0x00007f8521e5d000
Event: 38.114 Thread 0x00007f8522607800 Thread added: 0x00007f8522607800
Event: 38.114 Thread 0x00007f8522607800 Thread exited: 0x00007f8522607800
Event: 38.114 Thread 0x00007f852a9de000 Thread added: 0x00007f852a9de000
Event: 38.114 Thread 0x00007f852a9de000 Thread exited: 0x00007f852a9de000
Event: 38.115 Thread 0x00007f8521e5d000 Thread added: 0x00007f8521e5d000
Event: 38.115 Thread 0x00007f8521e5d000 Thread exited: 0x00007f8521e5d000
Event: 38.115 Thread 0x00007f8521e5d000 Thread added: 0x00007f8521e5d000
Event: 38.115 Thread 0x00007f8521e5d000 Thread exited: 0x00007f8521e5d000


Dynamic libraries:
0x0000000001003000 	/System/Library/Frameworks/Cocoa.framework/Versions/A/Cocoa
0x0000000001003000 	/System/Library/Frameworks/Security.framework/Versions/A/Security
0x0000000001003000 	/System/Library/Frameworks/ApplicationServices.framework/Versions/A/ApplicationServices
0x0000000001003000 	/usr/lib/libz.1.dylib
0x0000000001003000 	/usr/lib/libSystem.B.dylib
0x0000000001003000 	/usr/lib/libobjc.A.dylib
0x0000000001003000 	/System/Library/Frameworks/CoreFoundation.framework/Versions/A/CoreFoundation
0x0000000001003000 	/System/Library/Frameworks/Foundation.framework/Versions/C/Foundation
0x0000000001003000 	/System/Library/Frameworks/AppKit.framework/Versions/C/AppKit
0x0000000001003000 	/System/Library/Frameworks/CoreData.framework/Versions/A/CoreData
0x0000000001003000 	/System/Library/PrivateFrameworks/RemoteViewServices.framework/Versions/A/RemoteViewServices
0x0000000001003000 	/System/Library/PrivateFrameworks/UIFoundation.framework/Versions/A/UIFoundation
0x0000000001003000 	/System/Library/Frameworks/IOSurface.framework/Versions/A/IOSurface
0x0000000001003000 	/System/Library/Frameworks/AudioToolbox.framework/Versions/A/AudioToolbox
0x0000000001003000 	/System/Library/Frameworks/AudioUnit.framework/Versions/A/AudioUnit
0x0000000001003000 	/System/Library/PrivateFrameworks/DataDetectorsCore.framework/Versions/A/DataDetectorsCore
0x0000000001003000 	/System/Library/PrivateFrameworks/DesktopServicesPriv.framework/Versions/A/DesktopServicesPriv
0x0000000001003000 	/System/Library/Frameworks/Carbon.framework/Versions/A/Frameworks/HIToolbox.framework/Versions/A/HIToolbox
0x0000000001003000 	/System/Library/Frameworks/QuartzCore.framework/Versions/A/QuartzCore
0x0000000001003000 	/System/Library/Frameworks/Carbon.framework/Versions/A/Frameworks/SpeechRecognition.framework/Versions/A/SpeechRecognition
0x0000000001003000 	/usr/lib/libauto.dylib
0x0000000001003000 	/usr/lib/libicucore.A.dylib
0x0000000001003000 	/usr/lib/libxml2.2.dylib
0x0000000001003000 	/System/Library/PrivateFrameworks/CoreUI.framework/Versions/A/CoreUI
0x0000000001003000 	/System/Library/Frameworks/CoreAudio.framework/Versions/A/CoreAudio
0x0000000001003000 	/System/Library/Frameworks/DiskArbitration.framework/Versions/A/DiskArbitration
0x0000000001003000 	/usr/lib/liblangid.dylib
0x0000000001003000 	/System/Library/PrivateFrameworks/MultitouchSupport.framework/Versions/A/MultitouchSupport
0x0000000001003000 	/System/Library/Frameworks/IOKit.framework/Versions/A/IOKit
0x0000000001003000 	/usr/lib/libDiagnosticMessagesClient.dylib
0x0000000001003000 	/System/Library/Frameworks/CoreServices.framework/Versions/A/CoreServices
0x0000000001003000 	/System/Library/PrivateFrameworks/PerformanceAnalysis.framework/Versions/A/PerformanceAnalysis
0x0000000001003000 	/System/Library/PrivateFrameworks/GenerationalStorage.framework/Versions/A/GenerationalStorage
0x0000000001003000 	/System/Library/Frameworks/OpenGL.framework/Versions/A/OpenGL
0x0000000001003000 	/System/Library/PrivateFrameworks/Sharing.framework/Versions/A/Sharing
0x0000000001003000 	/System/Library/Frameworks/CoreGraphics.framework/Versions/A/CoreGraphics
0x0000000001003000 	/System/Library/Frameworks/CoreText.framework/Versions/A/CoreText
0x0000000001003000 	/System/Library/Frameworks/ImageIO.framework/Versions/A/ImageIO
0x0000000001003000 	/usr/lib/libextension.dylib
0x0000000001003000 	/System/Library/PrivateFrameworks/Backup.framework/Versions/A/Backup
0x0000000001003000 	/usr/lib/libarchive.2.dylib
0x0000000001003000 	/System/Library/Frameworks/CFNetwork.framework/Versions/A/CFNetwork
0x0000000001003000 	/System/Library/Frameworks/SystemConfiguration.framework/Versions/A/SystemConfiguration
0x0000000001003000 	/usr/lib/libCRFSuite.dylib
0x0000000001003000 	/usr/lib/libc++.1.dylib
0x0000000001003000 	/usr/lib/libc++abi.dylib
0x0000000001003000 	/usr/lib/system/libcache.dylib
0x0000000001003000 	/usr/lib/system/libcommonCrypto.dylib
0x0000000001003000 	/usr/lib/system/libcompiler_rt.dylib
0x0000000001003000 	/usr/lib/system/libcopyfile.dylib
0x0000000001003000 	/usr/lib/system/libcorecrypto.dylib
0x0000000001003000 	/usr/lib/system/libdispatch.dylib
0x0000000001003000 	/usr/lib/system/libdyld.dylib
0x0000000001003000 	/usr/lib/system/libkeymgr.dylib
0x0000000001003000 	/usr/lib/system/liblaunch.dylib
0x0000000001003000 	/usr/lib/system/libmacho.dylib
0x0000000001003000 	/usr/lib/system/libquarantine.dylib
0x0000000001003000 	/usr/lib/system/libremovefile.dylib
0x0000000001003000 	/usr/lib/system/libsystem_asl.dylib
0x0000000001003000 	/usr/lib/system/libsystem_blocks.dylib
0x0000000001003000 	/usr/lib/system/libsystem_c.dylib
0x0000000001003000 	/usr/lib/system/libsystem_configuration.dylib
0x0000000001003000 	/usr/lib/system/libsystem_coreservices.dylib
0x0000000001003000 	/usr/lib/system/libsystem_coretls.dylib
0x0000000001003000 	/usr/lib/system/libsystem_dnssd.dylib
0x0000000001003000 	/usr/lib/system/libsystem_info.dylib
0x0000000001003000 	/usr/lib/system/libsystem_kernel.dylib
0x0000000001003000 	/usr/lib/system/libsystem_m.dylib
0x0000000001003000 	/usr/lib/system/libsystem_malloc.dylib
0x0000000001003000 	/usr/lib/system/libsystem_network.dylib
0x0000000001003000 	/usr/lib/system/libsystem_networkextension.dylib
0x0000000001003000 	/usr/lib/system/libsystem_notify.dylib
0x0000000001003000 	/usr/lib/system/libsystem_platform.dylib
0x0000000001003000 	/usr/lib/system/libsystem_pthread.dylib
0x0000000001003000 	/usr/lib/system/libsystem_sandbox.dylib
0x0000000001003000 	/usr/lib/system/libsystem_secinit.dylib
0x0000000001003000 	/usr/lib/system/libsystem_stats.dylib
0x0000000001003000 	/usr/lib/system/libsystem_trace.dylib
0x0000000001003000 	/usr/lib/system/libunc.dylib
0x0000000001003000 	/usr/lib/system/libunwind.dylib
0x0000000001003000 	/usr/lib/system/libxpc.dylib
0x0000000001003000 	/usr/lib/libbz2.1.0.dylib
0x0000000001003000 	/usr/lib/liblzma.5.dylib
0x0000000001003000 	/usr/lib/libbsm.0.dylib
0x0000000001003000 	/usr/lib/libsqlite3.dylib
0x0000000001003000 	/usr/lib/system/libkxld.dylib
0x0000000001003000 	/usr/lib/libxar.1.dylib
0x0000000001003000 	/usr/lib/libpam.2.dylib
0x0000000001003000 	/usr/lib/libOpenScriptingUtil.dylib
0x0000000001003000 	/System/Library/Frameworks/CoreServices.framework/Versions/A/Frameworks/FSEvents.framework/Versions/A/FSEvents
0x0000000001003000 	/System/Library/Frameworks/CoreServices.framework/Versions/A/Frameworks/CarbonCore.framework/Versions/A/CarbonCore
0x0000000001003000 	/System/Library/Frameworks/CoreServices.framework/Versions/A/Frameworks/Metadata.framework/Versions/A/Metadata
0x0000000001003000 	/System/Library/Frameworks/CoreServices.framework/Versions/A/Frameworks/OSServices.framework/Versions/A/OSServices
0x0000000001003000 	/System/Library/Frameworks/CoreServices.framework/Versions/A/Frameworks/SearchKit.framework/Versions/A/SearchKit
0x0000000001003000 	/System/Library/Frameworks/CoreServices.framework/Versions/A/Frameworks/AE.framework/Versions/A/AE
0x0000000001003000 	/System/Library/Frameworks/CoreServices.framework/Versions/A/Frameworks/LaunchServices.framework/Versions/A/LaunchServices
0x0000000001003000 	/System/Library/Frameworks/CoreServices.framework/Versions/A/Frameworks/DictionaryServices.framework/Versions/A/DictionaryServices
0x0000000001003000 	/System/Library/Frameworks/NetFS.framework/Versions/A/NetFS
0x0000000001003000 	/System/Library/PrivateFrameworks/NetAuth.framework/Versions/A/NetAuth
0x0000000001003000 	/System/Library/PrivateFrameworks/login.framework/Versions/A/Frameworks/loginsupport.framework/Versions/A/loginsupport
0x0000000001003000 	/System/Library/PrivateFrameworks/TCC.framework/Versions/A/TCC
0x0000000001003000 	/usr/lib/libmecabra.dylib
0x0000000001003000 	/System/Library/Frameworks/ApplicationServices.framework/Versions/A/Frameworks/ATS.framework/Versions/A/ATS
0x0000000001003000 	/System/Library/Frameworks/ApplicationServices.framework/Versions/A/Frameworks/ColorSync.framework/Versions/A/ColorSync
0x0000000001003000 	/System/Library/Frameworks/ApplicationServices.framework/Versions/A/Frameworks/HIServices.framework/Versions/A/HIServices
0x0000000001003000 	/System/Library/Frameworks/ApplicationServices.framework/Versions/A/Frameworks/LangAnalysis.framework/Versions/A/LangAnalysis
0x0000000001003000 	/System/Library/Frameworks/ApplicationServices.framework/Versions/A/Frameworks/PrintCore.framework/Versions/A/PrintCore
0x0000000001003000 	/System/Library/Frameworks/ApplicationServices.framework/Versions/A/Frameworks/QD.framework/Versions/A/QD
0x0000000001003000 	/System/Library/Frameworks/ApplicationServices.framework/Versions/A/Frameworks/SpeechSynthesis.framework/Versions/A/SpeechSynthesis
0x0000000001003000 	/System/Library/Frameworks/Accelerate.framework/Versions/A/Accelerate
0x0000000001003000 	/System/Library/Frameworks/Accelerate.framework/Versions/A/Frameworks/vImage.framework/Versions/A/vImage
0x0000000001003000 	/System/Library/Frameworks/Accelerate.framework/Versions/A/Frameworks/vecLib.framework/Versions/A/vecLib
0x0000000001003000 	/System/Library/Frameworks/Accelerate.framework/Versions/A/Frameworks/vecLib.framework/Versions/A/libvDSP.dylib
0x0000000001003000 	/System/Library/Frameworks/Accelerate.framework/Versions/A/Frameworks/vecLib.framework/Versions/A/libvMisc.dylib
0x0000000001003000 	/System/Library/Frameworks/Accelerate.framework/Versions/A/Frameworks/vecLib.framework/Versions/A/libLAPACK.dylib
0x0000000001003000 	/System/Library/Frameworks/Accelerate.framework/Versions/A/Frameworks/vecLib.framework/Versions/A/libBLAS.dylib
0x0000000001003000 	/System/Library/Frameworks/Accelerate.framework/Versions/A/Frameworks/vecLib.framework/Versions/A/libLinearAlgebra.dylib
0x0000000001003000 	/System/Library/Frameworks/ApplicationServices.framework/Versions/A/Frameworks/ATS.framework/Versions/A/Resources/libFontParser.dylib
0x0000000001003000 	/System/Library/Frameworks/ApplicationServices.framework/Versions/A/Frameworks/ATS.framework/Versions/A/Resources/libFontRegistry.dylib
0x0000000001003000 	/System/Library/PrivateFrameworks/AppleVPA.framework/Versions/A/AppleVPA
0x0000000001003000 	/System/Library/PrivateFrameworks/AppleJPEG.framework/Versions/A/AppleJPEG
0x0000000001003000 	/System/Library/Frameworks/ImageIO.framework/Versions/A/Resources/libJPEG.dylib
0x0000000001003000 	/System/Library/Frameworks/ImageIO.framework/Versions/A/Resources/libTIFF.dylib
0x0000000001003000 	/System/Library/Frameworks/ImageIO.framework/Versions/A/Resources/libPng.dylib
0x0000000001003000 	/System/Library/Frameworks/ImageIO.framework/Versions/A/Resources/libGIF.dylib
0x0000000001003000 	/System/Library/Frameworks/ImageIO.framework/Versions/A/Resources/libJP2.dylib
0x0000000001003000 	/System/Library/Frameworks/ImageIO.framework/Versions/A/Resources/libRadiance.dylib
0x0000000001003000 	/System/Library/Frameworks/CoreVideo.framework/Versions/A/CoreVideo
0x0000000001003000 	/System/Library/Frameworks/OpenGL.framework/Versions/A/Libraries/libGLU.dylib
0x0000000001003000 	/System/Library/Frameworks/OpenGL.framework/Versions/A/Libraries/libGFXShared.dylib
0x0000000001003000 	/System/Library/Frameworks/OpenGL.framework/Versions/A/Libraries/libGL.dylib
0x0000000001003000 	/System/Library/Frameworks/OpenGL.framework/Versions/A/Libraries/libGLImage.dylib
0x0000000001003000 	/System/Library/Frameworks/OpenGL.framework/Versions/A/Libraries/libCVMSPluginSupport.dylib
0x0000000001003000 	/System/Library/Frameworks/OpenGL.framework/Versions/A/Libraries/libCoreVMClient.dylib
0x0000000001003000 	/usr/lib/libcups.2.dylib
0x0000000001003000 	/System/Library/Frameworks/Kerberos.framework/Versions/A/Kerberos
0x0000000001003000 	/System/Library/Frameworks/GSS.framework/Versions/A/GSS
0x0000000001003000 	/usr/lib/libresolv.9.dylib
0x0000000001003000 	/usr/lib/libiconv.2.dylib
0x0000000001003000 	/System/Library/PrivateFrameworks/Heimdal.framework/Versions/A/Heimdal
0x0000000001003000 	/usr/lib/libheimdal-asn1.dylib
0x0000000001003000 	/System/Library/Frameworks/OpenDirectory.framework/Versions/A/OpenDirectory
0x0000000001003000 	/System/Library/PrivateFrameworks/CommonAuth.framework/Versions/A/CommonAuth
0x0000000001003000 	/System/Library/Frameworks/OpenDirectory.framework/Versions/A/Frameworks/CFOpenDirectory.framework/Versions/A/CFOpenDirectory
0x0000000001003000 	/System/Library/Frameworks/SecurityFoundation.framework/Versions/A/SecurityFoundation
0x0000000001003000 	/System/Library/PrivateFrameworks/LanguageModeling.framework/Versions/A/LanguageModeling
0x0000000001003000 	/usr/lib/libcmph.dylib
0x0000000001003000 	/System/Library/Frameworks/ServiceManagement.framework/Versions/A/ServiceManagement
0x0000000001003000 	/usr/lib/libxslt.1.dylib
0x0000000001003000 	/System/Library/Frameworks/Carbon.framework/Versions/A/Frameworks/Ink.framework/Versions/A/Ink
0x0000000001003000 	/System/Library/Frameworks/QuartzCore.framework/Versions/A/Frameworks/CoreImage.framework/Versions/A/CoreImage
0x0000000001003000 	/System/Library/PrivateFrameworks/CrashReporterSupport.framework/Versions/A/CrashReporterSupport
0x0000000001003000 	/System/Library/Frameworks/OpenCL.framework/Versions/A/OpenCL
0x0000000001003000 	/System/Library/PrivateFrameworks/FaceCore.framework/Versions/A/FaceCore
0x0000000001003000 	/System/Library/PrivateFrameworks/Ubiquity.framework/Versions/A/Ubiquity
0x0000000001003000 	/System/Library/PrivateFrameworks/IconServices.framework/Versions/A/IconServices
0x0000000001003000 	/System/Library/PrivateFrameworks/ChunkingLibrary.framework/Versions/A/ChunkingLibrary
0x0000000001003000 	/System/Library/PrivateFrameworks/Apple80211.framework/Versions/A/Apple80211
0x0000000001003000 	/System/Library/Frameworks/CoreWLAN.framework/Versions/A/CoreWLAN
0x0000000001003000 	/System/Library/Frameworks/IOBluetooth.framework/Versions/A/IOBluetooth
0x0000000001003000 	/System/Library/PrivateFrameworks/CoreWiFi.framework/Versions/A/CoreWiFi
0x0000000001003000 	/System/Library/Frameworks/CoreBluetooth.framework/Versions/A/CoreBluetooth
0x0000000001003000 	/System/Library/PrivateFrameworks/DebugSymbols.framework/Versions/A/DebugSymbols
0x0000000001003000 	/System/Library/PrivateFrameworks/CoreSymbolication.framework/Versions/A/CoreSymbolication
0x0000000001003000 	/System/Library/PrivateFrameworks/Symbolication.framework/Versions/A/Symbolication
0x0000000001003000 	/System/Library/PrivateFrameworks/SpeechRecognitionCore.framework/Versions/A/SpeechRecognitionCore
0x000000010d800000 	/Library/Java/JavaVirtualMachines/jdk1.8.0_25.jdk/Contents/Home/jre/lib/server/libjvm.dylib
0x0000000001003000 	/usr/lib/libstdc++.6.dylib
0x000000010c7bc000 	/Library/Java/JavaVirtualMachines/jdk1.8.0_25.jdk/Contents/Home/jre/lib/libverify.dylib
0x000000010c7ca000 	/Library/Java/JavaVirtualMachines/jdk1.8.0_25.jdk/Contents/Home/jre/lib/libjava.dylib
0x000000010e724000 	/Library/Java/JavaVirtualMachines/jdk1.8.0_25.jdk/Contents/Home/jre/lib/libzip.dylib
0x000000012a301000 	/System/Library/Frameworks/JavaVM.framework/Frameworks/JavaRuntimeSupport.framework/JavaRuntimeSupport
0x000000012a319000 	/System/Library/Frameworks/JavaVM.framework/Versions/A/Frameworks/JavaNativeFoundation.framework/Versions/A/JavaNativeFoundation
0x000000012a32e000 	/System/Library/Frameworks/JavaVM.framework/Versions/A/JavaVM
0x0000000001003000 	/System/Library/Frameworks/Carbon.framework/Versions/A/Carbon
0x000000012a33b000 	/System/Library/PrivateFrameworks/JavaLaunching.framework/Versions/A/JavaLaunching
0x0000000001003000 	/System/Library/Frameworks/Carbon.framework/Versions/A/Frameworks/CommonPanels.framework/Versions/A/CommonPanels
0x0000000001003000 	/System/Library/Frameworks/Carbon.framework/Versions/A/Frameworks/Help.framework/Versions/A/Help
0x0000000001003000 	/System/Library/Frameworks/Carbon.framework/Versions/A/Frameworks/ImageCapture.framework/Versions/A/ImageCapture
0x0000000001003000 	/System/Library/Frameworks/Carbon.framework/Versions/A/Frameworks/OpenScripting.framework/Versions/A/OpenScripting
0x0000000001003000 	/System/Library/Frameworks/Carbon.framework/Versions/A/Frameworks/Print.framework/Versions/A/Print
0x0000000001003000 	/System/Library/Frameworks/Carbon.framework/Versions/A/Frameworks/SecurityHI.framework/Versions/A/SecurityHI
0x000000012c503000 	/Library/Java/JavaVirtualMachines/jdk1.8.0_25.jdk/Contents/Home/jre/lib/libprism_es2.dylib
0x000000012c584000 	/System/Library/Frameworks/OpenGL.framework/Resources/GLEngine.bundle/GLEngine
0x0000000001003000 	/System/Library/Frameworks/OpenGL.framework/Versions/A/Libraries/libGLProgrammability.dylib
0x0000000000000000 	/System/Library/Extensions/AppleIntelHD4000GraphicsGLDriver.bundle/Contents/MacOS/AppleIntelHD4000GraphicsGLDriver
0x0000000001003000 	/System/Library/PrivateFrameworks/IOAccelerator.framework/Versions/A/IOAccelerator
0x0000000001003000 	/System/Library/PrivateFrameworks/GPUSupport.framework/Versions/A/Libraries/libGPUSupportMercury.dylib
0x0000000000000000 	/System/Library/Extensions/GeForceGLDriver.bundle/Contents/MacOS/GeForceGLDriver
0x0000000001003000 	/System/Library/Extensions/GeForceGLDriver.bundle/Contents/MacOS/libclh.dylib
0x000000012cb75000 	/System/Library/Frameworks/OpenGL.framework/Resources//GLRendererFloat.bundle/GLRendererFloat
0x0000000001003000 	/System/Library/Frameworks/OpenCL.framework/Versions/A/Libraries/libcldcpuengine.dylib
0x0000000001003000 	/System/Library/PrivateFrameworks/DiskImages.framework/Versions/A/DiskImages
0x0000000001003000 	/System/Library/Frameworks/DiscRecording.framework/Versions/A/DiscRecording
0x0000000001003000 	/usr/lib/libcsfde.dylib
0x0000000001003000 	/usr/lib/libcurl.4.dylib
0x0000000001003000 	/System/Library/PrivateFrameworks/MediaKit.framework/Versions/A/MediaKit
0x0000000001003000 	/System/Library/PrivateFrameworks/ProtectedCloudStorage.framework/Versions/A/ProtectedCloudStorage
0x0000000001003000 	/usr/lib/libCoreStorage.dylib
0x0000000001003000 	/System/Library/PrivateFrameworks/EFILogin.framework/Versions/A/EFILogin
0x0000000001003000 	/usr/lib/libutil.dylib
0x0000000001003000 	/System/Library/PrivateFrameworks/FindMyDevice.framework/Versions/A/FindMyDevice
0x0000000001003000 	/System/Library/Frameworks/LDAP.framework/Versions/A/LDAP
0x0000000001003000 	/usr/lib/libsasl2.2.dylib
0x0000000001003000 	/System/Library/PrivateFrameworks/CoreDaemon.framework/Versions/B/CoreDaemon
0x0000000001003000 	/usr/lib/libcrypto.0.9.8.dylib
0x0000000001003000 	/System/Library/PrivateFrameworks/AppleSRP.framework/Versions/A/AppleSRP
0x0000000001003000 	/System/Library/PrivateFrameworks/TrustEvaluationAgent.framework/Versions/A/TrustEvaluationAgent
0x000000012ce10000 	/Library/Java/JavaVirtualMachines/jdk1.8.0_25.jdk/Contents/Home/jre/lib/libglass.dylib
0x0000000001003000 	/System/Library/PrivateFrameworks/CoreServicesInternal.framework/Versions/A/CoreServicesInternal
0x0000000001003000 	/System/Library/PrivateFrameworks/CloudDocs.framework/Versions/A/CloudDocs
0x0000000001003000 	/System/Library/PrivateFrameworks/CoreDuet.framework/Versions/A/CoreDuet
0x0000000001003000 	/System/Library/Frameworks/CloudKit.framework/Versions/A/CloudKit
0x0000000001003000 	/System/Library/PrivateFrameworks/ProtocolBuffer.framework/Versions/A/ProtocolBuffer
0x0000000001003000 	/System/Library/PrivateFrameworks/CoreDuetDaemonProtocol.framework/Versions/A/CoreDuetDaemonProtocol
0x0000000001003000 	/System/Library/PrivateFrameworks/CoreDuetDebugLogging.framework/Versions/A/CoreDuetDebugLogging
0x0000000001003000 	/System/Library/PrivateFrameworks/MMCS.framework/Versions/A/MMCS
0x0000000001003000 	/System/Library/Frameworks/CoreLocation.framework/Versions/A/CoreLocation
0x0000000001003000 	/System/Library/PrivateFrameworks/GeoServices.framework/Versions/A/GeoServices
0x000000012e4ed000 	/System/Library/Frameworks/CoreGraphics.framework/Versions/A/Resources/libCGCMS.A.dylib
0x000000012e4fc000 	/System/Library/CoreServices/RawCamera.bundle/Contents/MacOS/RawCamera
0x000000012e8f8000 	/System/Library/Frameworks/CoreGraphics.framework/Versions/A/Resources/libRIP.A.dylib
0x0000000001003000 	/System/Library/PrivateFrameworks/FamilyControls.framework/Versions/A/FamilyControls
0x0000000001003000 	/System/Library/PrivateFrameworks/CommerceKit.framework/Versions/A/Frameworks/CommerceCore.framework/Versions/A/CommerceCore
0x0000000001003000 	/System/Library/PrivateFrameworks/SystemAdministration.framework/Versions/A/SystemAdministration
0x0000000001003000 	/System/Library/PrivateFrameworks/AppContainer.framework/Versions/A/AppContainer
0x0000000001003000 	/System/Library/PrivateFrameworks/SecCodeWrapper.framework/Versions/A/SecCodeWrapper
0x0000000001003000 	/System/Library/Frameworks/DirectoryService.framework/Versions/A/DirectoryService
0x0000000001003000 	/System/Library/PrivateFrameworks/LoginUIKit.framework/Versions/A/Frameworks/LoginUICore.framework/Versions/A/LoginUICore
0x0000000001003000 	/usr/lib/libodfde.dylib
0x0000000130c90000 	/System/Library/Frameworks/CoreGraphics.framework/Versions/A/Resources/libCGXType.A.dylib
0x0000000131fd0000 	cl_kernels
0x0000000131fd2000 	/System/Library/Frameworks/OpenCL.framework/Versions/A/Libraries/ImageFormats/unorm8_bgra.dylib
0x0000000131fc1000 	cl_kernels
0x000000012e930000 	/Library/Java/JavaVirtualMachines/jdk1.8.0_25.jdk/Contents/Home/jre/lib/libnet.dylib
0x000000012e947000 	/Library/Java/JavaVirtualMachines/jdk1.8.0_25.jdk/Contents/Home/jre/lib/libjavafx_font.dylib
0x000000013357c000 	/Library/Java/JavaVirtualMachines/jdk1.8.0_25.jdk/Contents/Home/jre/lib/libglib-lite.dylib
0x0000000132437000 	/Library/Java/JavaVirtualMachines/jdk1.8.0_25.jdk/Contents/Home/jre/lib/libgstreamer-lite.dylib
0x0000000132e06000 	/Library/Java/JavaVirtualMachines/jdk1.8.0_25.jdk/Contents/Home/jre/lib/libjfxmedia.dylib
0x0000000001003000 	/System/Library/Frameworks/QTKit.framework/Versions/A/QTKit
0x0000000001003000 	/System/Library/Frameworks/AVFoundation.framework/Versions/A/AVFoundation
0x0000000001003000 	/System/Library/Frameworks/CoreMedia.framework/Versions/A/CoreMedia
0x0000000001003000 	/System/Library/Frameworks/MediaToolbox.framework/Versions/A/MediaToolbox
0x0000000001003000 	/System/Library/Frameworks/VideoToolbox.framework/Versions/A/VideoToolbox
0x0000000001003000 	/System/Library/PrivateFrameworks/CoreMediaAuthoring.framework/Versions/A/CoreMediaAuthoring
0x0000000001003000 	/System/Library/Frameworks/CoreMediaIO.framework/Versions/A/CoreMediaIO
0x0000000001003000 	/System/Library/Frameworks/AVFoundation.framework/Versions/A/Resources/libAVFAudio.dylib
0x0000000001003000 	/System/Library/PrivateFrameworks/MediaControlSender.framework/Versions/A/MediaControlSender
0x0000000001003000 	/System/Library/PrivateFrameworks/CoreAVCHD.framework/Versions/A/CoreAVCHD
0x0000000001003000 	/System/Library/Frameworks/MediaAccessibility.framework/Versions/A/MediaAccessibility
0x0000000001003000 	/System/Library/PrivateFrameworks/Mangrove.framework/Versions/A/Mangrove
0x0000000001003000 	/System/Library/PrivateFrameworks/CoreAUC.framework/Versions/A/CoreAUC
0x0000000001003000 	/System/Library/PrivateFrameworks/NetworkStatistics.framework/Versions/A/NetworkStatistics
0x0000000001003000 	/System/Library/PrivateFrameworks/AirPlaySupport.framework/Versions/A/AirPlaySupport
0x0000000001003000 	/System/Library/PrivateFrameworks/CoreUtils.framework/Versions/A/CoreUtils
0x0000000001003000 	/System/Library/PrivateFrameworks/AppleVA.framework/Versions/A/AppleVA
0x0000000001003000 	/System/Library/PrivateFrameworks/XPCService.framework/Versions/A/XPCService
0x0000000001003000 	/System/Library/PrivateFrameworks/AppSandbox.framework/Versions/A/AppSandbox
0x0000000001003000 	/usr/lib/libsandbox.1.dylib
0x0000000001003000 	/usr/lib/libMatch.1.dylib
0x000000012e95b000 	/Library/Java/JavaVirtualMachines/jdk1.8.0_25.jdk/Contents/Home/jre/lib/libfxplugins.dylib
0x000000012e952000 	/System/Library/Frameworks/VideoDecodeAcceleration.framework/Versions/A/VideoDecodeAcceleration
0x0000000134e13000 	/Library/Java/JavaVirtualMachines/jdk1.8.0_25.jdk/Contents/Home/jre/lib/libjavafx_iio.dylib
0x0000000130c41000 	/Library/Java/JavaVirtualMachines/jdk1.8.0_25.jdk/Contents/Home/jre/lib/libprism_common.dylib
0x00000001325de000 	/System/Library/Extensions/AppleHDA.kext/Contents/PlugIns/AppleHDAHALPlugIn.bundle/Contents/MacOS/AppleHDAHALPlugIn
0x0000000138236000 	/System/Library/Components/CoreAudio.component/Contents/MacOS/CoreAudio
0x000000013a36a000 	/System/Library/Components/AudioCodecs.component/Contents/MacOS/AudioCodecs
0x000000012a42e000 	/Library/Java/JavaVirtualMachines/jdk1.8.0_25.jdk/Contents/Home/jre/lib/libnio.dylib

VM Arguments:
jvm_args: -Dfile.encoding=UTF-8 
java_command: com.musicPlayer.JML.MusicPlayer
java_class_path (initial): /Users/JEAcomputer/Documents/Programming/MusicPlayerV2/bin:/Applications/eclipse/plugins/org.eclipse.fx.ide.css.jfx8_1.1.0.201411050807.jar:/Users/JEAcomputer/Documents/Programming/MusicPlayer/src/ItunesUtilities.jar:/Users/JEAcomputer/Documents/Programming/MusicPlayer/src/xstream-1.4.7.jar:/Users/JEAcomputer/Documents/Desktoday/February 9 2015/xstream-1.4.7/lib/xstream/kxml2-2.3.0.jar:/Users/JEAcomputer/Documents/Desktoday/February 9 2015/xstream-1.4.7/lib/xstream/xpp3_min-1.1.4c.jar
Launcher Type: SUN_STANDARD

Environment Variables:
PATH=/usr/bin:/bin:/usr/sbin:/sbin
SHELL=/bin/bash

Signal Handlers:
SIGSEGV: [libjvm.dylib+0x579dc7], sa_mask[0]=11111111011111110111111111111111, sa_flags=SA_ONSTACK|SA_RESTART|SA_SIGINFO
SIGBUS: [libjvm.dylib+0x579dc7], sa_mask[0]=11111111011111110111111111111111, sa_flags=SA_RESTART|SA_SIGINFO
SIGFPE: [libjvm.dylib+0x45b030], sa_mask[0]=11111111011111110111111111111111, sa_flags=SA_RESTART|SA_SIGINFO
SIGPIPE: [libjvm.dylib+0x45b030], sa_mask[0]=11111111011111110111111111111111, sa_flags=SA_RESTART|SA_SIGINFO
SIGXFSZ: [libjvm.dylib+0x45b030], sa_mask[0]=11111111011111110111111111111111, sa_flags=SA_RESTART|SA_SIGINFO
SIGILL: [libjvm.dylib+0x45b030], sa_mask[0]=11111111011111110111111111111111, sa_flags=SA_RESTART|SA_SIGINFO
SIGUSR1: SIG_DFL, sa_mask[0]=00000000000000000000000000000000, sa_flags=none
SIGUSR2: [libjvm.dylib+0x45ab4e], sa_mask[0]=00100000000000000000000000000000, sa_flags=SA_RESTART|SA_SIGINFO
SIGHUP: [AudioToolbox+0xf933a], sa_mask[0]=00000000000000000000000000000000, sa_flags=SA_RESTART
SIGINT: [libjvm.dylib+0x459121], sa_mask[0]=11111111011111110111111111111111, sa_flags=SA_RESTART|SA_SIGINFO
SIGTERM: [libjvm.dylib+0x459121], sa_mask[0]=11111111011111110111111111111111, sa_flags=SA_RESTART|SA_SIGINFO
SIGQUIT: [libjvm.dylib+0x459121], sa_mask[0]=11111111011111110111111111111111, sa_flags=SA_RESTART|SA_SIGINFO


---------------  S Y S T E M  ---------------

OS:Bsduname:Darwin 14.4.0 Darwin Kernel Version 14.4.0: Sun Apr 19 20:30:19 PDT 2015; root:xnu-2782.30.2~2/RELEASE_X86_64 x86_64
rlimit: STACK 8192k, CORE 0k, NPROC 709, NOFILE 10240, AS infinity
load average:1.18 2.23 2.33

CPU:total 8 (4 cores per cpu, 2 threads per core) family 6 model 58 stepping 9, cmov, cx8, fxsr, mmx, sse, sse2, sse3, ssse3, sse4.1, sse4.2, popcnt, avx, aes, clmul, erms, ht, tsc, tscinvbit, tscinv

Memory: 4k page, physical 16777216k(3662336k free)

/proc/meminfo:


vm_info: Java HotSpot(TM) 64-Bit Server VM (25.25-b02) for bsd-amd64 JRE (1.8.0_25-b17), built on Sep 17 2014 16:56:50 by "java_re" with gcc 4.2.1 (Based on Apple Inc. build 5658) (LLVM build 2336.11.00)

time: Wed May 13 15:20:29 2015
elapsed time: 38 seconds (0d 0h 0m 38s)

