#
# A fatal error has been detected by the Java Runtime Environment:
#
#  SIGSEGV (0xb) at pc=0x000000013419629d, pid=1266, tid=200451
#
# JRE version: Java(TM) SE Runtime Environment (8.0_25-b17) (build 1.8.0_25-b17)
# Java VM: Java HotSpot(TM) 64-Bit Server VM (25.25-b02 mixed mode bsd-amd64 compressed oops)
# Problematic frame:
# C  [libjfxmedia.dylib+0x929d]  _ZN7JavaVM_6GetEnvEPPvi+0x17
#
# Failed to write core dump. Core dumps have been disabled. To enable core dumping, try "ulimit -c unlimited" before starting Java again
#
# If you would like to submit a bug report, please visit:
#   http://bugreport.sun.com/bugreport/crash.jsp
# The crash happened outside the Java Virtual Machine in native code.
# See problematic frame for where to report the bug.
#

---------------  T H R E A D  ---------------

Current thread (0x00007f9266204800):  JavaThread "Thread-282" daemon [_thread_in_native, id=200451, stack(0x0000000145c84000,0x0000000145d84000)]

siginfo: si_signo: 11 (SIGSEGV), si_code: 0 (unknown), si_addr: 0x0000000000000000

Registers:
RAX=0x8000000000000000, RBX=0x0000000133cd5550, RCX=0x8000000000000000, RDX=0x0000000000010004
RSP=0x0000000145d83010, RBP=0x0000000145d83030, RSI=0x0000000145d83040, RDI=0x8000000000000000
R8 =0x0000000000000002, R9 =0x00007f9268d00000, R10=0x0000000000000030, R11=0x00007f9268d00000
R12=0x0000000000000000, R13=0x0000000133cd5550, R14=0x0000000145d83440, R15=0x00007f9266204800
RIP=0x000000013419629d, EFLAGS=0x0000000000010202, ERR=0x0000000000000000
  TRAPNO=0x000000000000000d

Top of Stack: (sp=0x0000000145d83010)
0x0000000145d83010:   00007f92647614a0 0001000400001400
0x0000000145d83020:   0000000145d83040 8000000000000000
0x0000000145d83030:   0000000145d83070 0000000134195cc7
0x0000000145d83040:   0000000000000000 0000000000000010
0x0000000145d83050:   00000000341d843b 000000010d8c1000
0x0000000145d83060:   0000000145d830e0 8000000000000000
0x0000000145d83070:   0000000145d83090 0000000134195e63
0x0000000145d83080:   8000000000000000 0000000145d830d8
0x0000000145d83090:   0000000145d83110 0000000134196a86
0x0000000145d830a0:   000000010d8c1000 0000000000000010
0x0000000145d830b0:   0000000145d830e0 00007fff82e3d667
0x0000000145d830c0:   000000000d8f1000 0000000000000000
0x0000000145d830d0:   0000000145d830f8 0000000000000000
0x0000000145d830e0:   0000000145d83100 000000013418e8b9
0x0000000145d830f0:   0000000000000010 00000001341d75aa
0x0000000145d83100:   000000016438e6e0 00007f926438e6e0
0x0000000145d83110:   0000000145d83140 000000013418e810
0x0000000145d83120:   0000000145d83140 00007f926438e6e0
0x0000000145d83130:   00007f9268d28e40 00007f9268d27c40
0x0000000145d83140:   0000000145d831e0 000000013418ef37
0x0000000145d83150:   00007f926416f080 0000000145d83180
0x0000000145d83160:   0000000000000000 00007f9262765420
0x0000000145d83170:   00000000624bf610 00007f92624d9400
0x0000000145d83180:   00007f9268d28e40 000000010ed0423e
0x0000000145d83190:   00007f926416f080 00007f926416f080
0x0000000145d831a0:   00007f9268d27c40 00007f9266204800
0x0000000145d831b0:   0000000145d831e0 000000013419620c
0x0000000145d831c0:   0000000145d83270 00007f926416f080
0x0000000145d831d0:   00007f926416fc50 00007f926240d660
0x0000000145d831e0:   0000000145d83300 00000001341b5983
0x0000000145d831f0:   0000000000000000 0000000000000000
0x0000000145d83200:   0000000145d83270 00007f9262765420 

Instructions: (pc=0x000000013419629d)
0x000000013419627d:   8b 45 f4 48 83 c4 10 5d c3 55 48 89 e5 48 83 ec
0x000000013419628d:   20 48 89 7d f8 48 89 75 f0 89 55 ec 48 8b 45 f8
0x000000013419629d:   48 8b 00 48 8b 40 30 48 8b 4d f8 48 8b 55 f0 8b
0x00000001341962ad:   75 ec 48 89 cf 89 75 e0 48 89 d6 8b 55 e0 ff d0 

Register to memory mapping:

RAX=0x8000000000000000 is an unknown value
RBX={method} {0x0000000133cd5550} 'gstInitNativeMedia' '(Lcom/sun/media/jfxmedia/locator/Locator;Ljava/lang/String;J[J)I' in 'com/sun/media/jfxmediaimpl/platform/gstreamer/GSTMedia'
RCX=0x8000000000000000 is an unknown value
RDX=0x0000000000010004 is an unknown value
RSP=0x0000000145d83010 is pointing into the stack for thread: 0x00007f9266204800
RBP=0x0000000145d83030 is pointing into the stack for thread: 0x00007f9266204800
RSI=0x0000000145d83040 is pointing into the stack for thread: 0x00007f9266204800
RDI=0x8000000000000000 is an unknown value
R8 =0x0000000000000002 is an unknown value
R9 =0x00007f9268d00000 is an unknown value
R10=0x0000000000000030 is an unknown value
R11=0x00007f9268d00000 is an unknown value
R12=0x0000000000000000 is an unknown value
R13={method} {0x0000000133cd5550} 'gstInitNativeMedia' '(Lcom/sun/media/jfxmedia/locator/Locator;Ljava/lang/String;J[J)I' in 'com/sun/media/jfxmediaimpl/platform/gstreamer/GSTMedia'
R14=0x0000000145d83440 is pointing into the stack for thread: 0x00007f9266204800
R15=0x00007f9266204800 is a thread


Stack: [0x0000000145c84000,0x0000000145d84000],  sp=0x0000000145d83010,  free space=1020k
Native frames: (J=compiled Java code, j=interpreted, Vv=VM code, C=native code)
C  [libjfxmedia.dylib+0x929d]  _ZN7JavaVM_6GetEnvEPPvi+0x17
C  [libjfxmedia.dylib+0x8cc7]  _Z18GetJavaEnvironmentP7JavaVM_Rh+0x37
C  [libjfxmedia.dylib+0x8e63]  _ZN16CJavaEnvironmentC1EP7JavaVM_+0x4d
C  [libjfxmedia.dylib+0x9a86]  _ZN7CLogger6logMsgEiPKc+0x2c
C  [libjfxmedia.dylib+0x1810]  _ZN6CMediaC1EP9CPipeline+0x58
C  [libjfxmedia.dylib+0x1f37]  _ZN13CMediaManager12CreatePlayerEP8CLocatorP16CPipelineOptionsPP6CMedia+0x19b
C  [libjfxmedia.dylib+0x28983]  InitMedia+0x433
C  [libjfxmedia.dylib+0x28414]  Java_com_sun_media_jfxmediaimpl_platform_gstreamer_GSTMedia_gstInitNativeMedia+0x64
j  com.sun.media.jfxmediaimpl.platform.gstreamer.GSTMedia.gstInitNativeMedia(Lcom/sun/media/jfxmedia/locator/Locator;Ljava/lang/String;J[J)I+0
j  com.sun.media.jfxmediaimpl.platform.gstreamer.GSTMedia.init()V+20
j  com.sun.media.jfxmediaimpl.platform.gstreamer.GSTMedia.<init>(Lcom/sun/media/jfxmedia/locator/Locator;)V+17
j  com.sun.media.jfxmediaimpl.platform.gstreamer.GSTMediaPlayer.<init>(Lcom/sun/media/jfxmedia/locator/Locator;)V+6
j  com.sun.media.jfxmediaimpl.platform.gstreamer.GSTPlatform.prerollMediaPlayer(Lcom/sun/media/jfxmedia/locator/Locator;)Ljava/lang/Object;+5
j  com.sun.media.jfxmediaimpl.platform.PlatformManager.createMediaPlayer(Lcom/sun/media/jfxmedia/locator/Locator;)Lcom/sun/media/jfxmedia/MediaPlayer;+47
j  com.sun.media.jfxmediaimpl.NativeMediaManager.getPlayer(Lcom/sun/media/jfxmedia/locator/Locator;)Lcom/sun/media/jfxmedia/MediaPlayer;+7
j  com.sun.media.jfxmedia.MediaManager.getPlayer(Lcom/sun/media/jfxmedia/locator/Locator;)Lcom/sun/media/jfxmedia/MediaPlayer;+18
j  javafx.scene.media.MediaPlayer.init()V+34
j  javafx.scene.media.MediaPlayer.access$1000(Ljavafx/scene/media/MediaPlayer;)V+1
j  javafx.scene.media.MediaPlayer$InitMediaPlayer.run()V+4
j  java.lang.Thread.run()V+11
v  ~StubRoutines::call_stub
V  [libjvm.dylib+0x2d4516]
V  [libjvm.dylib+0x2d4ca4]
V  [libjvm.dylib+0x2d4e50]
V  [libjvm.dylib+0x32583f]
V  [libjvm.dylib+0x535ed9]
V  [libjvm.dylib+0x53761c]
V  [libjvm.dylib+0x45d87e]
C  [libsystem_pthread.dylib+0x3268]  _pthread_body+0x83
C  [libsystem_pthread.dylib+0x31e5]  _pthread_body+0x0
C  [libsystem_pthread.dylib+0x141d]  thread_start+0xd
C  0x0000000000000000

Java frames: (J=compiled Java code, j=interpreted, Vv=VM code)
j  com.sun.media.jfxmediaimpl.platform.gstreamer.GSTMedia.gstInitNativeMedia(Lcom/sun/media/jfxmedia/locator/Locator;Ljava/lang/String;J[J)I+0
j  com.sun.media.jfxmediaimpl.platform.gstreamer.GSTMedia.init()V+20
j  com.sun.media.jfxmediaimpl.platform.gstreamer.GSTMedia.<init>(Lcom/sun/media/jfxmedia/locator/Locator;)V+17
j  com.sun.media.jfxmediaimpl.platform.gstreamer.GSTMediaPlayer.<init>(Lcom/sun/media/jfxmedia/locator/Locator;)V+6
j  com.sun.media.jfxmediaimpl.platform.gstreamer.GSTPlatform.prerollMediaPlayer(Lcom/sun/media/jfxmedia/locator/Locator;)Ljava/lang/Object;+5
j  com.sun.media.jfxmediaimpl.platform.PlatformManager.createMediaPlayer(Lcom/sun/media/jfxmedia/locator/Locator;)Lcom/sun/media/jfxmedia/MediaPlayer;+47
j  com.sun.media.jfxmediaimpl.NativeMediaManager.getPlayer(Lcom/sun/media/jfxmedia/locator/Locator;)Lcom/sun/media/jfxmedia/MediaPlayer;+7
j  com.sun.media.jfxmedia.MediaManager.getPlayer(Lcom/sun/media/jfxmedia/locator/Locator;)Lcom/sun/media/jfxmedia/MediaPlayer;+18
j  javafx.scene.media.MediaPlayer.init()V+34
j  javafx.scene.media.MediaPlayer.access$1000(Ljavafx/scene/media/MediaPlayer;)V+1
j  javafx.scene.media.MediaPlayer$InitMediaPlayer.run()V+4
j  java.lang.Thread.run()V+11
v  ~StubRoutines::call_stub

---------------  P R O C E S S  ---------------

Java Threads: ( => current thread )
  0x00007f926625c800 JavaThread "SIGTERM handler" daemon [_thread_blocked, id=206599, stack(0x000000013a668000,0x000000013a768000)]
  0x00007f9264aa7800 JavaThread "Thread-2132" daemon [_thread_in_native, id=249355, stack(0x0000000134fa7000,0x0000000135027000)]
  0x00007f9266258800 JavaThread "Thread-2130" daemon [_thread_in_native, id=249099, stack(0x000000012b6ce000,0x000000012b74e000)]
  0x00007f9264af7000 JavaThread "Thread-2128" daemon [_thread_in_native, id=254219, stack(0x0000000135578000,0x00000001355f8000)]
  0x00007f92639f0800 JavaThread "Thread-2124" daemon [_thread_in_native, id=134671, stack(0x00000001343b5000,0x0000000134435000)]
  0x00007f92690fb800 JavaThread "Thread-2121" daemon [_thread_in_native, id=254475, stack(0x000000013577e000,0x00000001357fe000)]
  0x00007f92662f0800 JavaThread "JFXMedia Player EventQueueThread" daemon [_thread_blocked, id=119067, stack(0x0000000143206000,0x0000000143306000)]
  0x00007f92628fb000 JavaThread "JFXMedia Player EventQueueThread" daemon [_thread_blocked, id=233739, stack(0x0000000143103000,0x0000000143203000)]
  0x00007f9262afb800 JavaThread "JFXMedia Player EventQueueThread" daemon [_thread_blocked, id=236059, stack(0x0000000142efd000,0x0000000142ffd000)]
  0x00007f9262a19000 JavaThread "JFXMedia Player EventQueueThread" daemon [_thread_blocked, id=170263, stack(0x0000000142cf7000,0x0000000142df7000)]
  0x00007f92652df800 JavaThread "JFXMedia Player EventQueueThread" daemon [_thread_blocked, id=70171, stack(0x00000001428eb000,0x00000001429eb000)]
  0x00007f926638c000 JavaThread "JFXMedia Player EventQueueThread" daemon [_thread_blocked, id=68367, stack(0x0000000140e9d000,0x0000000140f9d000)]
  0x00007f926638b800 JavaThread "JFXMedia Player EventQueueThread" daemon [_thread_blocked, id=110099, stack(0x000000013775e000,0x000000013785e000)]
  0x00007f92660ac000 JavaThread "Thread-1718" daemon [_thread_in_native, id=54583, stack(0x000000012b64b000,0x000000012b6cb000)]
  0x00007f9264a84000 JavaThread "JFXMedia Player EventQueueThread" daemon [_thread_blocked, id=202263, stack(0x0000000133ebe000,0x0000000133fbe000)]
  0x00007f9269101000 JavaThread "Thread-1559" daemon [_thread_in_native, id=250375, stack(0x000000014ced7000,0x000000014cf57000)]
  0x00007f92661dc800 JavaThread "JFXMedia Player EventQueueThread" daemon [_thread_blocked, id=87307, stack(0x000000013d2ec000,0x000000013d3ec000)]
  0x00007f9262a26800 JavaThread "JFXMedia Player EventQueueThread" daemon [_thread_blocked, id=131083, stack(0x0000000137d70000,0x0000000137e70000)]
  0x00007f92690fa000 JavaThread "JFXMedia Player EventQueueThread" daemon [_thread_blocked, id=234763, stack(0x000000014047f000,0x000000014057f000)]
  0x00007f9262a25800 JavaThread "JFXMedia Player EventQueueThread" daemon [_thread_blocked, id=171019, stack(0x0000000140279000,0x0000000140379000)]
  0x00007f92661dd800 JavaThread "JFXMedia Player EventQueueThread" daemon [_thread_blocked, id=222983, stack(0x0000000140073000,0x0000000140173000)]
  0x00007f9262a47000 JavaThread "JFXMedia Player EventQueueThread" daemon [_thread_blocked, id=219147, stack(0x000000013fe6d000,0x000000013ff6d000)]
  0x00007f92661db800 JavaThread "JFXMedia Player EventQueueThread" daemon [_thread_blocked, id=240391, stack(0x000000013fc67000,0x000000013fd67000)]
  0x00007f92662cd000 JavaThread "JFXMedia Player EventQueueThread" daemon [_thread_blocked, id=24119, stack(0x000000013f85b000,0x000000013f95b000)]
  0x00007f92662d0000 JavaThread "JFXMedia Player EventQueueThread" daemon [_thread_blocked, id=84503, stack(0x000000013f655000,0x000000013f755000)]
  0x00007f926914e000 JavaThread "JFXMedia Player EventQueueThread" daemon [_thread_blocked, id=59923, stack(0x000000013f249000,0x000000013f349000)]
  0x00007f9262a8f000 JavaThread "JFXMedia Player EventQueueThread" daemon [_thread_blocked, id=76039, stack(0x000000013d7fb000,0x000000013d8fb000)]
  0x00007f92661e7800 JavaThread "JFXMedia Player EventQueueThread" daemon [_thread_blocked, id=215047, stack(0x000000013d5f5000,0x000000013d6f5000)]
  0x00007f9266004000 JavaThread "JFXMedia Player EventQueueThread" daemon [_thread_blocked, id=118031, stack(0x000000013d1e9000,0x000000013d2e9000)]
  0x00007f9264b77800 JavaThread "JFXMedia Player EventQueueThread" daemon [_thread_blocked, id=179475, stack(0x000000013cfe3000,0x000000013d0e3000)]
  0x00007f9264af6000 JavaThread "JFXMedia Player EventQueueThread" daemon [_thread_blocked, id=241931, stack(0x000000013c9d1000,0x000000013cad1000)]
  0x00007f9266233000 JavaThread "JFXMedia Player EventQueueThread" daemon [_thread_blocked, id=285195, stack(0x000000013c7cb000,0x000000013c8cb000)]
  0x00007f9266232800 JavaThread "JFXMedia Player EventQueueThread" daemon [_thread_blocked, id=114443, stack(0x000000013b28c000,0x000000013b38c000)]
  0x00007f926914d000 JavaThread "JFXMedia Player EventQueueThread" daemon [_thread_blocked, id=260879, stack(0x000000013b189000,0x000000013b289000)]
  0x00007f92662e0000 JavaThread "JFXMedia Player EventQueueThread" daemon [_thread_blocked, id=241423, stack(0x000000013ab77000,0x000000013ac77000)]
  0x00007f92662df000 JavaThread "JFXMedia Player EventQueueThread" daemon [_thread_blocked, id=57375, stack(0x0000000136dc0000,0x0000000136ec0000)]
  0x00007f92662db800 JavaThread "JFXMedia Player EventQueueThread" daemon [_thread_blocked, id=227855, stack(0x000000013a971000,0x000000013aa71000)]
  0x00007f9262a46800 JavaThread "JFXMedia Player EventQueueThread" daemon [_thread_blocked, id=104971, stack(0x000000013a76b000,0x000000013a86b000)]
  0x00007f9262a45800 JavaThread "JFXMedia Player EventQueueThread" daemon [_thread_blocked, id=195855, stack(0x000000013a565000,0x000000013a665000)]
  0x00007f92662db000 JavaThread "JFXMedia Player EventQueueThread" daemon [_thread_blocked, id=100879, stack(0x000000013a159000,0x000000013a259000)]
  0x00007f92662da000 JavaThread "JFXMedia Player EventQueueThread" daemon [_thread_blocked, id=226827, stack(0x0000000139f53000,0x000000013a053000)]
  0x00007f9262a45000 JavaThread "JFXMedia Player EventQueueThread" daemon [_thread_blocked, id=86539, stack(0x0000000139d4d000,0x0000000139e4d000)]
  0x00007f9262a42000 JavaThread "JFXMedia Player EventQueueThread" daemon [_thread_blocked, id=289291, stack(0x0000000139941000,0x0000000139a41000)]
  0x00007f9266203000 JavaThread "JFXMedia Player EventQueueThread" daemon [_thread_blocked, id=181779, stack(0x000000013973b000,0x000000013983b000)]
  0x00007f9262a41800 JavaThread "JFXMedia Player EventQueueThread" daemon [_thread_blocked, id=92687, stack(0x0000000139535000,0x0000000139635000)]
  0x00007f9262c28800 JavaThread "JFXMedia Player EventQueueThread" daemon [_thread_blocked, id=83723, stack(0x000000013870b000,0x000000013880b000)]
  0x00007f92690ee000 JavaThread "JFXMedia Player EventQueueThread" daemon [_thread_blocked, id=109067, stack(0x00000001370c9000,0x00000001371c9000)]
  0x00007f9262c37800 JavaThread "JFXMedia Player EventQueueThread" daemon [_thread_blocked, id=208139, stack(0x0000000136ec3000,0x0000000136fc3000)]
  0x00007f9266207000 JavaThread "JFXMedia Player EventQueueThread" daemon [_thread_blocked, id=122123, stack(0x00000001364a5000,0x00000001365a5000)]
  0x00007f9262b37000 JavaThread "JFXMedia Player EventQueueThread" daemon [_thread_blocked, id=112907, stack(0x000000013629f000,0x000000013639f000)]
  0x00007f92690ed000 JavaThread "JFXMedia Player EventQueueThread" daemon [_thread_blocked, id=224527, stack(0x0000000136099000,0x0000000136199000)]
  0x00007f92690d4000 JavaThread "JFXMedia Player EventQueueThread" daemon [_thread_blocked, id=114955, stack(0x0000000135e93000,0x0000000135f93000)]
  0x00007f926625f800 JavaThread "JFXMedia Player EventQueueThread" daemon [_thread_blocked, id=214283, stack(0x000000013516c000,0x000000013526c000)]
  0x00007f92651be000 JavaThread "JFXMedia Player EventQueueThread" daemon [_thread_blocked, id=216331, stack(0x0000000134d60000,0x0000000134e60000)]
  0x00007f9262a69800 JavaThread "JFXMedia Player EventQueueThread" daemon [_thread_blocked, id=255243, stack(0x0000000134b5a000,0x0000000134c5a000)]
  0x00007f92690d3000 JavaThread "JFXMedia Player EventQueueThread" daemon [_thread_blocked, id=129299, stack(0x0000000134859000,0x0000000134959000)]
  0x00007f92690c2000 JavaThread "JFXMedia Player EventQueueThread" daemon [_thread_blocked, id=62987, stack(0x0000000134756000,0x0000000134856000)]
  0x00007f9262c30000 JavaThread "JFXMedia Player EventQueueThread" daemon [_thread_blocked, id=166155, stack(0x0000000134497000,0x0000000134597000)]
  0x00007f926293a000 JavaThread "JFXMedia Player EventQueueThread" daemon [_thread_blocked, id=183567, stack(0x0000000138d1d000,0x0000000138e1d000)]
  0x00007f92659e6000 JavaThread "Thread-804" daemon [_thread_in_native, id=248327, stack(0x00000001372cf000,0x00000001373cf000)]
  0x00007f9266b42800 JavaThread "Thread-770" daemon [_thread_in_native, id=204299, stack(0x0000000145163000,0x0000000145263000)]
  0x00007f9265853800 JavaThread "Thread-768" daemon [_thread_in_native, id=182535, stack(0x000000013fa61000,0x000000013fb61000)]
  0x00007f92660d8800 JavaThread "Thread-758" daemon [_thread_in_native, id=164103, stack(0x0000000143715000,0x0000000143815000)]
  0x00007f926635f000 JavaThread "Thread-729" daemon [_thread_in_native, id=232711, stack(0x0000000140c97000,0x0000000140d97000)]
  0x00007f926345c800 JavaThread "Thread-728" daemon [_thread_in_native, id=101639, stack(0x000000014556f000,0x000000014566f000)]
  0x00007f9266977000 JavaThread "Thread-724" daemon [_thread_in_native, id=247047, stack(0x0000000144f5d000,0x000000014505d000)]
  0x00007f9266235800 JavaThread "Thread-711" daemon [_thread_in_native, id=97799, stack(0x000000014453f000,0x000000014463f000)]
  0x00007f9262877800 JavaThread "JFXMedia Player EventQueueThread" daemon [_thread_blocked, id=175623, stack(0x000000014bea7000,0x000000014bfa7000)]
  0x00007f92633fc800 JavaThread "JFXMedia Player EventQueueThread" daemon [_thread_blocked, id=69387, stack(0x0000000135c8d000,0x0000000135d8d000)]
  0x00007f92668e7800 JavaThread "Thread-500" daemon [_thread_in_native, id=128263, stack(0x000000013cddd000,0x000000013cedd000)]
  0x00007f9265338000 JavaThread "Thread-489" daemon [_thread_in_native, id=173319, stack(0x00000001426e5000,0x00000001427e5000)]
  0x00007f9263349800 JavaThread "Thread-478" daemon [_thread_in_native, id=90383, stack(0x00000001382ff000,0x00000001383ff000)]
  0x00007f9265b32800 JavaThread "Thread-461" daemon [_thread_blocked, id=258311, stack(0x0000000142af1000,0x0000000142bf1000)]
  0x00007f9265b31800 JavaThread "Thread-448" daemon [_thread_in_native, id=230663, stack(0x0000000149835000,0x0000000149935000)]
  0x00007f9262a53800 JavaThread "Thread-465" daemon [_thread_blocked, id=243975, stack(0x000000014b283000,0x000000014b383000)]
  0x00007f9266205800 JavaThread "Thread-450" daemon [_thread_in_native, id=200967, stack(0x0000000145d87000,0x0000000145e87000)]
  0x00007f92660af800 JavaThread "Thread-462" daemon [_thread_blocked, id=121095, stack(0x000000013bfb3000,0x000000013c0b3000)]
  0x00007f92661a7000 JavaThread "Thread-456" daemon [_thread_blocked, id=75271, stack(0x00000001366ab000,0x00000001367ab000)]
  0x00007f9265b77800 JavaThread "Thread-449" daemon [_thread_in_native, id=239879, stack(0x000000014aa6b000,0x000000014ab6b000)]
  0x00007f9262a70000 JavaThread "Thread-437" daemon [_thread_in_native, id=78343, stack(0x0000000136cbd000,0x0000000136dbd000)]
  0x00007f9265321000 JavaThread "Thread-436" daemon [_thread_in_native, id=286467, stack(0x000000014ecf3000,0x000000014edf3000)]
  0x00007f92662e3800 JavaThread "JFXMedia Player EventQueueThread" daemon [_thread_blocked, id=262671, stack(0x000000014d6ef000,0x000000014d7ef000)]
  0x00007f92660af000 JavaThread "JFXMedia Player EventQueueThread" daemon [_thread_blocked, id=282891, stack(0x000000014e300000,0x000000014e400000)]
  0x00007f926336f000 JavaThread "JFXMedia Player EventQueueThread" daemon [_thread_blocked, id=264195, stack(0x000000014dea1000,0x000000014dfa1000)]
  0x00007f9263373000 JavaThread "Thread-398" daemon [_thread_in_native, id=259843, stack(0x000000014d1e0000,0x000000014d2e0000)]
  0x00007f92639fa800 JavaThread "Thread-396" daemon [_thread_in_native, id=258819, stack(0x000000014cfda000,0x000000014d0da000)]
  0x00007f9264b00800 JavaThread "Thread-394" daemon [_thread_blocked, id=257795, stack(0x000000014cdd4000,0x000000014ced4000)]
  0x00007f9266978800 JavaThread "Thread-392" daemon [_thread_in_native, id=256771, stack(0x000000014cbce000,0x000000014ccce000)]
  0x00007f9263371800 JavaThread "Thread-390" daemon [_thread_in_native, id=255747, stack(0x000000014c9c8000,0x000000014cac8000)]
  0x00007f9266977800 JavaThread "Thread-388" daemon [_thread_in_native, id=254723, stack(0x000000014c7c2000,0x000000014c8c2000)]
  0x00007f9265aa6800 JavaThread "Thread-386" daemon [_thread_in_native, id=253699, stack(0x000000014c5bc000,0x000000014c6bc000)]
  0x00007f9262a74800 JavaThread "Thread-384" daemon [_thread_in_native, id=252675, stack(0x000000014c3b6000,0x000000014c4b6000)]
  0x00007f9264af4800 JavaThread "Thread-380" daemon [_thread_in_native, id=250627, stack(0x000000014bfaa000,0x000000014c0aa000)]
  0x00007f9262a74000 JavaThread "Thread-378" daemon [_thread_in_native, id=249603, stack(0x000000014bda4000,0x000000014bea4000)]
  0x00007f9266239000 JavaThread "Thread-376" daemon [_thread_in_native, id=248579, stack(0x000000014bb9e000,0x000000014bc9e000)]
  0x00007f9264a90000 JavaThread "Thread-374" daemon [_thread_in_native, id=247555, stack(0x000000014b998000,0x000000014ba98000)]
  0x00007f9266976000 JavaThread "Thread-372" daemon [_thread_in_native, id=246531, stack(0x000000014b792000,0x000000014b892000)]
  0x00007f9265aa5000 JavaThread "Thread-370" daemon [_thread_in_native, id=245507, stack(0x000000014b58c000,0x000000014b68c000)]
  0x00007f9262a72800 JavaThread "Thread-368" daemon [_thread_in_native, id=244483, stack(0x000000014b386000,0x000000014b486000)]
  0x00007f9262a53000 JavaThread "Thread-366" daemon [_thread_in_native, id=243459, stack(0x000000014b180000,0x000000014b280000)]
  0x00007f926334a000 JavaThread "Thread-364" daemon [_thread_blocked, id=242435, stack(0x000000014af7a000,0x000000014b07a000)]
  0x00007f9266237000 JavaThread "Thread-356" daemon [_thread_blocked, id=238339, stack(0x000000014a762000,0x000000014a862000)]
  0x00007f9262a37800 JavaThread "Thread-355" daemon [_thread_in_native, id=237827, stack(0x000000014a65f000,0x000000014a75f000)]
  0x00007f9266236000 JavaThread "Thread-354" daemon [_thread_in_native, id=237315, stack(0x000000014a55c000,0x000000014a65c000)]
  0x00007f926620a000 JavaThread "Thread-352" daemon [_thread_in_native, id=236291, stack(0x000000014a356000,0x000000014a456000)]
  0x00007f92633f0800 JavaThread "Thread-350" daemon [_thread_in_native, id=235267, stack(0x000000014a150000,0x000000014a250000)]
  0x00007f926531a800 JavaThread "Thread-348" daemon [_thread_in_native, id=234243, stack(0x0000000149f4a000,0x000000014a04a000)]
  0x00007f9265359800 JavaThread "Thread-346" daemon [_thread_in_native, id=233219, stack(0x0000000149d44000,0x0000000149e44000)]
  0x00007f9262a37000 JavaThread "Thread-342" daemon [_thread_in_native, id=231171, stack(0x0000000149938000,0x0000000149a38000)]
  0x00007f9262a35800 JavaThread "Thread-338" daemon [_thread_in_native, id=229123, stack(0x000000014952c000,0x000000014962c000)]
  0x00007f9263432000 JavaThread "Thread-336" daemon [_thread_in_native, id=228099, stack(0x0000000149326000,0x0000000149426000)]
  0x00007f926691e800 JavaThread "Thread-334" daemon [_thread_blocked, id=227075, stack(0x0000000149120000,0x0000000149220000)]
  0x00007f926691d000 JavaThread "Thread-328" daemon [_thread_in_native, id=224003, stack(0x0000000148b0e000,0x0000000148c0e000)]
  0x00007f92639f6800 JavaThread "Thread-324" daemon [_thread_in_native, id=221955, stack(0x0000000148702000,0x0000000148802000)]
  0x00007f92639f6000 JavaThread "Thread-322" daemon [_thread_in_native, id=220931, stack(0x00000001484fc000,0x00000001485fc000)]
  0x00007f9263431000 JavaThread "Thread-320" daemon [_thread_in_native, id=219907, stack(0x00000001482f6000,0x00000001483f6000)]
  0x00007f92658cc800 JavaThread "Thread-316" daemon [_thread_in_native, id=217859, stack(0x0000000147eea000,0x0000000147fea000)]
  0x00007f92639f4800 JavaThread "Thread-314" daemon [_thread_in_native, id=216835, stack(0x0000000147ce4000,0x0000000147de4000)]
  0x00007f92639f3000 JavaThread "Thread-312" daemon [_thread_blocked, id=215811, stack(0x0000000147ade000,0x0000000147bde000)]
  0x00007f9262a8e800 JavaThread "Thread-308" daemon [_thread_in_native, id=213763, stack(0x00000001476d2000,0x00000001477d2000)]
  0x00007f9266207800 JavaThread "Thread-306" daemon [_thread_blocked, id=212739, stack(0x00000001474cc000,0x00000001475cc000)]
  0x00007f9264b78800 JavaThread "Thread-305" daemon [_thread_in_native, id=212227, stack(0x00000001473c9000,0x00000001474c9000)]
  0x00007f92658cc000 JavaThread "Thread-304" daemon [_thread_in_native, id=211715, stack(0x00000001472c6000,0x00000001473c6000)]
  0x00007f926691b800 JavaThread "Thread-302" daemon [_thread_blocked, id=210691, stack(0x00000001470c0000,0x00000001471c0000)]
  0x00007f92639f2000 JavaThread "Thread-301" daemon [_thread_in_native, id=210179, stack(0x0000000146fbd000,0x00000001470bd000)]
  0x00007f926618b800 JavaThread "Thread-298" daemon [_thread_in_native, id=208643, stack(0x0000000146cb4000,0x0000000146db4000)]
  0x00007f92639f1800 JavaThread "Thread-296" daemon [_thread_in_native, id=207619, stack(0x0000000146aae000,0x0000000146bae000)]
  0x00007f92658c9000 JavaThread "Thread-292" daemon [_thread_in_native, id=205571, stack(0x00000001466a2000,0x00000001467a2000)]
  0x00007f9265357000 JavaThread "Thread-290" daemon [_thread_in_native, id=204547, stack(0x000000014649c000,0x000000014659c000)]
  0x00007f9265be8800 JavaThread "Thread-288" daemon [_thread_blocked, id=203523, stack(0x0000000146296000,0x0000000146396000)]
  0x00007f9266206000 JavaThread "Thread-284" daemon [_thread_in_native, id=201475, stack(0x0000000145e8a000,0x0000000145f8a000)]
=>0x00007f9266204800 JavaThread "Thread-282" daemon [_thread_in_native, id=200451, stack(0x0000000145c84000,0x0000000145d84000)]
  0x00007f92661ac000 JavaThread "Thread-278" daemon [_thread_in_native, id=198403, stack(0x0000000145878000,0x0000000145978000)]
  0x00007f9264b77000 JavaThread "Thread-276" daemon [_thread_in_native, id=197379, stack(0x0000000145672000,0x0000000145772000)]
  0x00007f9265354000 JavaThread "Thread-274" daemon [_thread_in_native, id=196355, stack(0x000000014546c000,0x000000014556c000)]
  0x00007f9262a8b000 JavaThread "Thread-272" daemon [_thread_in_native, id=195331, stack(0x0000000145266000,0x0000000145366000)]
  0x00007f92653b8000 JavaThread "Thread-270" daemon [_thread_in_native, id=194307, stack(0x0000000145060000,0x0000000145160000)]
  0x00007f92661ab800 JavaThread "Thread-264" daemon [_thread_in_native, id=191235, stack(0x0000000144a4e000,0x0000000144b4e000)]
  0x00007f9262a8a000 JavaThread "Thread-262" daemon [_thread_blocked, id=190211, stack(0x0000000144848000,0x0000000144948000)]
  0x00007f92661aa800 JavaThread "Thread-261" daemon [_thread_in_native, id=189699, stack(0x0000000144745000,0x0000000144845000)]
  0x00007f9262a89800 JavaThread "Thread-260" daemon [_thread_in_native, id=189187, stack(0x0000000144642000,0x0000000144742000)]
  0x00007f9262a88000 JavaThread "Thread-258" daemon [_thread_in_native, id=188163, stack(0x000000014443c000,0x000000014453c000)]
  0x00007f92661aa000 JavaThread "Thread-256" daemon [_thread_in_native, id=187139, stack(0x0000000144236000,0x0000000144336000)]
  0x00007f92661a9000 JavaThread "Thread-254" daemon [_thread_in_native, id=186115, stack(0x0000000144030000,0x0000000144130000)]
  0x00007f9264b74000 JavaThread "Thread-252" daemon [_thread_in_native, id=185091, stack(0x0000000143e2a000,0x0000000143f2a000)]
  0x00007f9264abe000 JavaThread "Thread-248" daemon [_thread_in_native, id=183043, stack(0x0000000143a1e000,0x0000000143b1e000)]
  0x00007f9262a87000 JavaThread "Thread-246" daemon [_thread_in_native, id=182019, stack(0x0000000143818000,0x0000000143918000)]
  0x00007f9262a86800 JavaThread "Thread-244" daemon [_thread_in_native, id=180995, stack(0x0000000143612000,0x0000000143712000)]
  0x00007f9262a1d000 JavaThread "Thread-242" daemon [_thread_in_native, id=179971, stack(0x000000014340c000,0x000000014350c000)]
  0x00007f9264abb000 JavaThread "Thread-238" daemon [_thread_in_native, id=177923, stack(0x0000000143000000,0x0000000143100000)]
  0x00007f92661a7800 JavaThread "Thread-236" daemon [_thread_in_native, id=176899, stack(0x0000000142dfa000,0x0000000142efa000)]
  0x00007f92661a6000 JavaThread "Thread-234" daemon [_thread_in_native, id=175875, stack(0x0000000142bf4000,0x0000000142cf4000)]
  0x00007f9264ab9800 JavaThread "Thread-230" daemon [_thread_blocked, id=173827, stack(0x00000001427e8000,0x00000001428e8000)]
  0x00007f926691a000 JavaThread "Thread-228" daemon [_thread_blocked, id=172803, stack(0x00000001425e2000,0x00000001426e2000)]
  0x00007f9264ab9000 JavaThread "Thread-226" daemon [_thread_in_native, id=171779, stack(0x00000001423dc000,0x00000001424dc000)]
  0x00007f92661e8000 JavaThread "Thread-222" daemon [_thread_in_native, id=169731, stack(0x0000000141fd0000,0x00000001420d0000)]
  0x00007f9265ab3000 JavaThread "Thread-220" daemon [_thread_in_native, id=168707, stack(0x0000000141dca000,0x0000000141eca000)]
  0x00007f9264b71800 JavaThread "Thread-218" daemon [_thread_in_native, id=167683, stack(0x0000000141bc4000,0x0000000141cc4000)]
  0x00007f92652b5000 JavaThread "Thread-216" daemon [_thread_in_native, id=166659, stack(0x00000001419be000,0x0000000141abe000)]
  0x00007f92652b4800 JavaThread "Thread-214" daemon [_thread_in_native, id=165635, stack(0x00000001417b8000,0x00000001418b8000)]
  0x00007f9266919000 JavaThread "Thread-212" daemon [_thread_in_native, id=164611, stack(0x00000001415b2000,0x00000001416b2000)]
  0x00007f9264b70000 JavaThread "Thread-210" daemon [_thread_in_native, id=163587, stack(0x00000001413ac000,0x00000001414ac000)]
  0x00007f9263a5d000 JavaThread "Thread-208" daemon [_thread_in_native, id=162563, stack(0x00000001411a6000,0x00000001412a6000)]
  0x00007f9265a90800 JavaThread "Thread-206" daemon [_thread_in_native, id=161539, stack(0x0000000140fa0000,0x00000001410a0000)]
  0x00007f92652b2000 JavaThread "Thread-204" daemon [_thread_in_native, id=160515, stack(0x0000000140d9a000,0x0000000140e9a000)]
  0x00007f92652b1800 JavaThread "Thread-202" daemon [_thread_blocked, id=159491, stack(0x0000000140b94000,0x0000000140c94000)]
  0x00007f9265b37000 JavaThread "Thread-201" daemon [_thread_in_native, id=158979, stack(0x0000000140a91000,0x0000000140b91000)]
  0x00007f9263a5a800 JavaThread "Thread-198" daemon [_thread_in_native, id=157443, stack(0x0000000140788000,0x0000000140888000)]
  0x00007f9263a5a000 JavaThread "Thread-196" daemon [_thread_in_native, id=156419, stack(0x0000000140582000,0x0000000140682000)]
  0x00007f92652e3000 JavaThread "Thread-194" daemon [_thread_in_native, id=155395, stack(0x000000014037c000,0x000000014047c000)]
  0x00007f92661e6800 JavaThread "Thread-192" daemon [_thread_in_native, id=154371, stack(0x0000000140176000,0x0000000140276000)]
  0x00007f9263a59000 JavaThread "Thread-190" daemon [_thread_in_native, id=153347, stack(0x000000013ff70000,0x0000000140070000)]
  0x00007f92661e6000 JavaThread "Thread-188" daemon [_thread_in_native, id=152323, stack(0x000000013fd6a000,0x000000013fe6a000)]
  0x00007f9264a87000 JavaThread "Thread-186" daemon [_thread_in_native, id=151299, stack(0x000000013fb64000,0x000000013fc64000)]
  0x00007f92652e2800 JavaThread "Thread-184" daemon [_thread_in_native, id=150275, stack(0x000000013f95e000,0x000000013fa5e000)]
  0x00007f92652e1800 JavaThread "Thread-182" daemon [_thread_in_native, id=149251, stack(0x000000013f758000,0x000000013f858000)]
  0x00007f92652e1000 JavaThread "Thread-180" daemon [_thread_in_native, id=148227, stack(0x000000013f552000,0x000000013f652000)]
  0x00007f9264a86800 JavaThread "Thread-178" daemon [_thread_in_native, id=147203, stack(0x000000013f34c000,0x000000013f44c000)]
  0x00007f92661e4800 JavaThread "Thread-176" daemon [_thread_in_native, id=146179, stack(0x000000013f146000,0x000000013f246000)]
  0x00007f92661e3800 JavaThread "Thread-174" daemon [_thread_in_native, id=145155, stack(0x000000013ef40000,0x000000013f040000)]
  0x00007f92639d5000 JavaThread "Thread-172" daemon [_thread_in_native, id=144131, stack(0x000000013ed3a000,0x000000013ee3a000)]
  0x00007f92639d3800 JavaThread "Thread-170" daemon [_thread_in_native, id=143107, stack(0x000000013eb34000,0x000000013ec34000)]
  0x00007f9265a8f000 JavaThread "Thread-168" daemon [_thread_in_native, id=142083, stack(0x000000013e92e000,0x000000013ea2e000)]
  0x00007f92639d1800 JavaThread "Thread-166" daemon [_thread_blocked, id=141059, stack(0x000000013e728000,0x000000013e828000)]
  0x00007f92639d0800 JavaThread "Thread-165" daemon [_thread_in_native, id=140547, stack(0x000000013e625000,0x000000013e725000)]
  0x00007f92639d0000 JavaThread "Thread-164" daemon [_thread_in_native, id=140035, stack(0x000000013e522000,0x000000013e622000)]
  0x00007f92633ff800 JavaThread "Thread-162" daemon [_thread_in_native, id=139011, stack(0x000000013e31c000,0x000000013e41c000)]
  0x00007f92633fe000 JavaThread "Thread-160" daemon [_thread_blocked, id=137987, stack(0x000000013e116000,0x000000013e216000)]
  0x00007f9262a1c000 JavaThread "Thread-159" daemon [_thread_in_native, id=137475, stack(0x000000013e013000,0x000000013e113000)]
  0x00007f9262a1b800 JavaThread "Thread-158" daemon [_thread_blocked, id=136963, stack(0x000000013df10000,0x000000013e010000)]
  0x00007f92660db000 JavaThread "Thread-157" daemon [_thread_in_native, id=136451, stack(0x000000013de0d000,0x000000013df0d000)]
  0x00007f92660da000 JavaThread "Thread-156" daemon [_thread_in_native, id=135939, stack(0x000000013dd0a000,0x000000013de0a000)]
  0x00007f92633fd000 JavaThread "Thread-154" daemon [_thread_blocked, id=134915, stack(0x000000013db04000,0x000000013dc04000)]
  0x00007f92633fb800 JavaThread "Thread-152" daemon [_thread_in_native, id=133891, stack(0x000000013d8fe000,0x000000013d9fe000)]
  0x00007f92668e4800 JavaThread "Thread-148" daemon [_thread_blocked, id=131843, stack(0x000000013d4f2000,0x000000013d5f2000)]
  0x00007f9262a1a000 JavaThread "Thread-142" daemon [_thread_in_native, id=128771, stack(0x000000013cee0000,0x000000013cfe0000)]
  0x00007f92652de000 JavaThread "Thread-140" daemon [_thread_in_native, id=127747, stack(0x000000013ccda000,0x000000013cdda000)]
  0x00007f92651bf000 JavaThread "Thread-138" daemon [_thread_in_native, id=126723, stack(0x000000013cad4000,0x000000013cbd4000)]
  0x00007f9262a18800 JavaThread "Thread-136" daemon [_thread_in_native, id=125699, stack(0x000000013c8ce000,0x000000013c9ce000)]
  0x00007f9262a17000 JavaThread "Thread-134" daemon [_thread_blocked, id=124675, stack(0x000000013c6c8000,0x000000013c7c8000)]
  0x00007f9264a85000 JavaThread "Thread-133" daemon [_thread_in_native, id=124163, stack(0x000000013c5c5000,0x000000013c6c5000)]
  0x00007f92633fb000 JavaThread "Thread-132" daemon [_thread_blocked, id=123651, stack(0x000000013c4c2000,0x000000013c5c2000)]
  0x00007f9263351800 JavaThread "Thread-131" daemon [_thread_in_native, id=123139, stack(0x000000013c3bf000,0x000000013c4bf000)]
  0x00007f9263351000 JavaThread "Thread-130" daemon [_thread_in_native, id=122627, stack(0x000000013c2bc000,0x000000013c3bc000)]
  0x00007f926345b000 JavaThread "Thread-126" daemon [_thread_in_native, id=120579, stack(0x000000013beb0000,0x000000013bfb0000)]
  0x00007f926345a000 JavaThread "Thread-124" daemon [_thread_in_native, id=119555, stack(0x000000013bcaa000,0x000000013bdaa000)]
  0x00007f9262acf000 JavaThread "Thread-122" daemon [_thread_in_native, id=118531, stack(0x000000013baa4000,0x000000013bba4000)]
  0x00007f92659e4800 JavaThread "Thread-120" daemon [_thread_in_native, id=117507, stack(0x000000013b89e000,0x000000013b99e000)]
  0x00007f9264a83800 JavaThread "Thread-116" daemon [_thread_in_native, id=115459, stack(0x000000013b492000,0x000000013b592000)]
  0x00007f92660d9800 JavaThread "Thread-112" daemon [_thread_in_native, id=113411, stack(0x000000013b086000,0x000000013b186000)]
  0x00007f92651bd800 JavaThread "Thread-110" daemon [_thread_in_native, id=112387, stack(0x000000013ae80000,0x000000013af80000)]
  0x00007f92652ba800 JavaThread "Thread-108" daemon [_thread_in_native, id=111363, stack(0x000000013ac7a000,0x000000013ad7a000)]
  0x00007f9266a88000 JavaThread "Thread-104" daemon [_thread_in_native, id=109315, stack(0x000000013a86e000,0x000000013a96e000)]
  0x00007f92652b9000 JavaThread "Thread-100" daemon [_thread_in_native, id=107267, stack(0x000000013a462000,0x000000013a562000)]
  0x00007f9264a82000 JavaThread "Thread-94" daemon [_thread_in_native, id=104195, stack(0x0000000139e50000,0x0000000139f50000)]
  0x00007f92639e4800 JavaThread "Thread-92" daemon [_thread_in_native, id=103171, stack(0x0000000139c4a000,0x0000000139d4a000)]
  0x00007f9264a99000 JavaThread "Thread-90" daemon [_thread_in_native, id=102147, stack(0x0000000139a44000,0x0000000139b44000)]
  0x00007f92658b7000 JavaThread "Thread-88" daemon [_thread_in_native, id=101123, stack(0x000000013983e000,0x000000013993e000)]
  0x00007f92639e3000 JavaThread "Thread-86" daemon [_thread_in_native, id=100099, stack(0x0000000139638000,0x0000000139738000)]
  0x00007f92631a0000 JavaThread "Thread-84" daemon [_thread_blocked, id=99075, stack(0x0000000139432000,0x0000000139532000)]
  0x00007f926319f000 JavaThread "Thread-82" daemon [_thread_in_native, id=98051, stack(0x000000013922c000,0x000000013932c000)]
  0x00007f9266a85000 JavaThread "Thread-80" daemon [_thread_blocked, id=97027, stack(0x0000000139026000,0x0000000139126000)]
  0x00007f9262acc000 JavaThread "Thread-79" daemon [_thread_in_native, id=96515, stack(0x0000000138f23000,0x0000000139023000)]
  0x00007f92651bc000 JavaThread "Thread-78" daemon [_thread_in_native, id=96003, stack(0x0000000138e20000,0x0000000138f20000)]
  0x00007f92639e2000 JavaThread "Thread-76" daemon [_thread_blocked, id=94979, stack(0x0000000138c1a000,0x0000000138d1a000)]
  0x00007f926337d000 JavaThread "Thread-74" daemon [_thread_in_native, id=93955, stack(0x0000000138a14000,0x0000000138b14000)]
  0x00007f92639e0000 JavaThread "Thread-72" daemon [_thread_in_native, id=93191, stack(0x000000013880e000,0x000000013890e000)]
  0x00007f9266244800 JavaThread "Thread-70" daemon [_thread_in_native, id=91907, stack(0x0000000138608000,0x0000000138708000)]
  0x00007f9263828000 JavaThread "Thread-66" daemon [_thread_in_native, id=89347, stack(0x00000001381fc000,0x00000001382fc000)]
  0x00007f9265b23800 JavaThread "Thread-64" daemon [_thread_in_native, id=88067, stack(0x0000000137ff6000,0x00000001380f6000)]
  0x00007f9266994000 JavaThread "Thread-60" daemon [_thread_in_native, id=86019, stack(0x0000000137bea000,0x0000000137cea000)]
  0x00007f9263996800 JavaThread "Thread-58" daemon [_thread_in_native, id=84995, stack(0x00000001379e4000,0x0000000137ae4000)]
  0x00007f9266244000 JavaThread "Thread-52" daemon [_thread_in_native, id=81923, stack(0x00000001373d2000,0x00000001374d2000)]
  0x00007f9265b08800 JavaThread "Thread-50" daemon [_thread_in_native, id=80899, stack(0x00000001371cc000,0x00000001372cc000)]
  0x00007f9264a96000 JavaThread "Thread-48" daemon [_thread_in_native, id=79875, stack(0x0000000136fc6000,0x00000001370c6000)]
  0x00007f9262ac2000 JavaThread "Thread-44" daemon [_thread_in_native, id=77827, stack(0x0000000136bba000,0x0000000136cba000)]
  0x00007f9262ac0800 JavaThread "Thread-42" daemon [_thread_in_native, id=76803, stack(0x00000001369b4000,0x0000000136ab4000)]
  0x00007f9263995000 JavaThread "Thread-38" daemon [_thread_in_native, id=74755, stack(0x00000001365a8000,0x00000001366a8000)]
  0x00007f9263826800 JavaThread "Thread-36" daemon [_thread_in_native, id=73731, stack(0x00000001363a2000,0x00000001364a2000)]
  0x00007f926399b000 JavaThread "Thread-34" daemon [_thread_in_native, id=72707, stack(0x0000000134653000,0x0000000134753000)]
  0x00007f92662c8000 JavaThread "Thread-32" daemon [_thread_in_native, id=71683, stack(0x000000013619c000,0x000000013629c000)]
  0x00007f926393a000 JavaThread "Thread-30" daemon [_thread_in_native, id=70659, stack(0x0000000135f96000,0x0000000136096000)]
  0x00007f9264a93000 JavaThread "Thread-28" daemon [_thread_in_native, id=69635, stack(0x0000000135d90000,0x0000000135e90000)]
  0x00007f9264a69000 JavaThread "Thread-26" daemon [_thread_in_native, id=68611, stack(0x0000000135b8a000,0x0000000135c8a000)]
  0x00007f9264a67800 JavaThread "Thread-24" daemon [_thread_in_native, id=67587, stack(0x0000000135a87000,0x0000000135b87000)]
  0x00007f9265307000 JavaThread "Thread-22" daemon [_thread_in_native, id=66563, stack(0x0000000135881000,0x0000000135981000)]
  0x00007f9265b07000 JavaThread "Thread-20" daemon [_thread_in_native, id=65539, stack(0x000000013567b000,0x000000013577b000)]
  0x00007f9263828800 JavaThread "Thread-18" daemon [_thread_blocked, id=64515, stack(0x0000000135475000,0x0000000135575000)]
  0x00007f926580e000 JavaThread "Thread-17" daemon [_thread_in_native, id=64003, stack(0x0000000135372000,0x0000000135472000)]
  0x00007f9265267000 JavaThread "Thread-16" daemon [_thread_in_native, id=63491, stack(0x000000013526f000,0x000000013536f000)]
  0x00007f9266b44800 JavaThread "Thread-12" daemon [_thread_in_native, id=61443, stack(0x0000000134e63000,0x0000000134f63000)]
  0x00007f9266b43000 JavaThread "Thread-10" daemon [_thread_in_native, id=60419, stack(0x0000000134c5d000,0x0000000134d5d000)]
  0x00007f92668d8800 JavaThread "Thread-6" daemon [_thread_blocked, id=58371, stack(0x0000000133fe8000,0x00000001340e8000)]
  0x00007f92629bb000 JavaThread "JavaFX-Launcher" [_thread_blocked, id=51459, stack(0x00000001322f7000,0x00000001323f7000)]
  0x00007f92629a2000 JavaThread "Thread-3" daemon [_thread_in_native, id=39171, stack(0x0000000131119000,0x0000000131199000)]
  0x00007f9262993000 JavaThread "JavaFX Application Thread" [_thread_in_native, id=1811, stack(0x00007fff51b59000,0x00007fff52359000)]
  0x00007f9266053000 JavaThread "Thread-1" daemon [_thread_blocked, id=27411, stack(0x000000012e174000,0x000000012e274000)]
  0x00007f926303a000 JavaThread "Service Thread" daemon [_thread_blocked, id=20739, stack(0x000000012d436000,0x000000012d536000)]
  0x00007f9262813800 JavaThread "C1 CompilerThread3" daemon [_thread_blocked, id=20227, stack(0x000000012d333000,0x000000012d433000)]
  0x00007f926480c000 JavaThread "C2 CompilerThread2" daemon [_thread_blocked, id=19715, stack(0x000000012d230000,0x000000012d330000)]
  0x00007f926480b000 JavaThread "C2 CompilerThread1" daemon [_thread_blocked, id=19203, stack(0x000000012d12d000,0x000000012d22d000)]
  0x00007f9266000000 JavaThread "C2 CompilerThread0" daemon [_thread_blocked, id=18691, stack(0x000000012d02a000,0x000000012d12a000)]
  0x00007f9264800000 JavaThread "Finalizer" daemon [_thread_blocked, id=13571, stack(0x000000012b502000,0x000000012b602000)]
  0x00007f9263063000 JavaThread "Reference Handler" daemon [_thread_blocked, id=13059, stack(0x000000012b3ff000,0x000000012b4ff000)]
  0x00007f9263001000 JavaThread "main" [_thread_blocked, id=4867, stack(0x000000010f91d000,0x000000010fa1d000)]

Other Threads:
  0x00007f926305e800 VMThread [stack: 0x000000012b2fc000,0x000000012b3fc000] [id=12547]

VM state:at safepoint (shutting down)

VM Mutex/Monitor currently owned by a thread:  ([mutex/lock_event])
[0x00007f926241d9b0] Threads_lock - owner thread: 0x00007f926305e800

Heap:
 PSYoungGen      total 141824K, used 107385K [0x000000076ab00000, 0x0000000774000000, 0x00000007c0000000)
  eden space 131072K, 73% used [0x000000076ab00000,0x00000007709604c8,0x0000000772b00000)
  from space 10752K, 99% used [0x0000000773580000,0x0000000773ffe008,0x0000000774000000)
  to   space 10752K, 0% used [0x0000000772b00000,0x0000000772b00000,0x0000000773580000)
 ParOldGen       total 175104K, used 58744K [0x00000006c0000000, 0x00000006cab00000, 0x000000076ab00000)
  object space 175104K, 33% used [0x00000006c0000000,0x00000006c395e058,0x00000006cab00000)
 Metaspace       used 12221K, capacity 12692K, committed 12928K, reserved 1060864K
  class space    used 1475K, capacity 1594K, committed 1664K, reserved 1048576K

Card table byte_map: [0x000000011edf0000,0x000000011f5f1000] byte_map_base: 0x000000011b7f0000

Marking Bits: (ParMarkBitMap*) 0x000000010f29d390
 Begin Bits: [0x000000012035f000, 0x000000012435f000)
 End Bits:   [0x000000012435f000, 0x000000012835f000)

Polling page: 0x000000010d9fe000

CodeCache: size=245760Kb used=5603Kb max_used=6434Kb free=240156Kb
 bounds [0x000000010fa30000, 0x00000001100a0000, 0x000000011ea30000]
 total_blobs=1938 nmethods=1476 adapters=377
 compilation: enabled

Compilation events (10 events):
Event: 14.024 Thread 0x00007f9262813800 1721       3       java.util.concurrent.locks.AbstractQueuedSynchronizer::enq (58 bytes)
Event: 14.025 Thread 0x00007f9262813800 nmethod 1721 0x000000010fbb9050 code [0x000000010fbb91e0, 0x000000010fbb9730]
Event: 14.026 Thread 0x00007f9262813800 1722       3       java.util.concurrent.locks.AbstractQueuedSynchronizer::compareAndSetTail (13 bytes)
Event: 14.026 Thread 0x00007f9262813800 nmethod 1722 0x000000010fe76150 code [0x000000010fe762a0, 0x000000010fe76430]
Event: 14.307 Thread 0x00007f926480c000 1723       4       com.sun.media.jfxmediaimpl.MetadataParserImpl::getNextByte (121 bytes)
Event: 14.311 Thread 0x00007f926480c000 nmethod 1723 0x000000010fc4b610 code [0x000000010fc4b7c0, 0x000000010fc4bb30]
Event: 15.271 Thread 0x00007f9262813800 1724       3       com.sun.media.jfxmediaimpl.platform.gstreamer.GSTMedia::getNativeMediaRef (5 bytes)
Event: 15.271 Thread 0x00007f9262813800 nmethod 1724 0x000000010fe75e10 code [0x000000010fe75f60, 0x000000010fe760b0]
Event: 15.363 Thread 0x00007f9262813800 1725       3       com.sun.glass.ui.Application::invokeLater (13 bytes)
Event: 15.363 Thread 0x00007f9262813800 nmethod 1725 0x000000010ff7c4d0 code [0x000000010ff7c640, 0x000000010ff7c8e8]

GC Heap History (8 events):
Event: 2.575 GC heap before
{Heap before GC invocations=1 (full 0):
 PSYoungGen      total 76288K, used 65536K [0x000000076ab00000, 0x0000000770000000, 0x00000007c0000000)
  eden space 65536K, 100% used [0x000000076ab00000,0x000000076eb00000,0x000000076eb00000)
  from space 10752K, 0% used [0x000000076f580000,0x000000076f580000,0x0000000770000000)
  to   space 10752K, 0% used [0x000000076eb00000,0x000000076eb00000,0x000000076f580000)
 ParOldGen       total 175104K, used 0K [0x00000006c0000000, 0x00000006cab00000, 0x000000076ab00000)
  object space 175104K, 0% used [0x00000006c0000000,0x00000006c0000000,0x00000006cab00000)
 Metaspace       used 9449K, capacity 9864K, committed 10112K, reserved 1058816K
  class space    used 1188K, capacity 1288K, committed 1408K, reserved 1048576K
Event: 2.582 GC heap after
Heap after GC invocations=1 (full 0):
 PSYoungGen      total 76288K, used 6384K [0x000000076ab00000, 0x0000000770000000, 0x00000007c0000000)
  eden space 65536K, 0% used [0x000000076ab00000,0x000000076ab00000,0x000000076eb00000)
  from space 10752K, 59% used [0x000000076eb00000,0x000000076f13c060,0x000000076f580000)
  to   space 10752K, 0% used [0x000000076f580000,0x000000076f580000,0x0000000770000000)
 ParOldGen       total 175104K, used 16K [0x00000006c0000000, 0x00000006cab00000, 0x000000076ab00000)
  object space 175104K, 0% used [0x00000006c0000000,0x00000006c0004000,0x00000006cab00000)
 Metaspace       used 9449K, capacity 9864K, committed 10112K, reserved 1058816K
  class space    used 1188K, capacity 1288K, committed 1408K, reserved 1048576K
}
Event: 3.294 GC heap before
{Heap before GC invocations=2 (full 0):
 PSYoungGen      total 76288K, used 71920K [0x000000076ab00000, 0x0000000770000000, 0x00000007c0000000)
  eden space 65536K, 100% used [0x000000076ab00000,0x000000076eb00000,0x000000076eb00000)
  from space 10752K, 59% used [0x000000076eb00000,0x000000076f13c060,0x000000076f580000)
  to   space 10752K, 0% used [0x000000076f580000,0x000000076f580000,0x0000000770000000)
 ParOldGen       total 175104K, used 16K [0x00000006c0000000, 0x00000006cab00000, 0x000000076ab00000)
  object space 175104K, 0% used [0x00000006c0000000,0x00000006c0004000,0x00000006cab00000)
 Metaspace       used 11736K, capacity 12132K, committed 12416K, reserved 1060864K
  class space    used 1447K, capacity 1560K, committed 1664K, reserved 1048576K
Event: 3.307 GC heap after
Heap after GC invocations=2 (full 0):
 PSYoungGen      total 76288K, used 10737K [0x000000076ab00000, 0x0000000774000000, 0x00000007c0000000)
  eden space 65536K, 0% used [0x000000076ab00000,0x000000076ab00000,0x000000076eb00000)
  from space 10752K, 99% used [0x000000076f580000,0x000000076fffc7c0,0x0000000770000000)
  to   space 10752K, 0% used [0x000000076eb00000,0x000000076eb00000,0x000000076f580000)
 ParOldGen       total 175104K, used 5513K [0x00000006c0000000, 0x00000006cab00000, 0x000000076ab00000)
  object space 175104K, 3% used [0x00000006c0000000,0x00000006c0562590,0x00000006cab00000)
 Metaspace       used 11736K, capacity 12132K, committed 12416K, reserved 1060864K
  class space    used 1447K, capacity 1560K, committed 1664K, reserved 1048576K
}
Event: 4.392 GC heap before
{Heap before GC invocations=3 (full 0):
 PSYoungGen      total 76288K, used 76273K [0x000000076ab00000, 0x0000000774000000, 0x00000007c0000000)
  eden space 65536K, 100% used [0x000000076ab00000,0x000000076eb00000,0x000000076eb00000)
  from space 10752K, 99% used [0x000000076f580000,0x000000076fffc7c0,0x0000000770000000)
  to   space 10752K, 0% used [0x000000076eb00000,0x000000076eb00000,0x000000076f580000)
 ParOldGen       total 175104K, used 5513K [0x00000006c0000000, 0x00000006cab00000, 0x000000076ab00000)
  object space 175104K, 3% used [0x00000006c0000000,0x00000006c0562590,0x00000006cab00000)
 Metaspace       used 11886K, capacity 12324K, committed 12672K, reserved 1060864K
  class space    used 1448K, capacity 1560K, committed 1664K, reserved 1048576K
Event: 4.408 GC heap after
Heap after GC invocations=3 (full 0):
 PSYoungGen      total 76288K, used 10742K [0x000000076ab00000, 0x0000000774000000, 0x00000007c0000000)
  eden space 65536K, 0% used [0x000000076ab00000,0x000000076ab00000,0x000000076eb00000)
  from space 10752K, 99% used [0x000000076eb00000,0x000000076f57d800,0x000000076f580000)
  to   space 10752K, 0% used [0x0000000773580000,0x0000000773580000,0x0000000774000000)
 ParOldGen       total 175104K, used 24668K [0x00000006c0000000, 0x00000006cab00000, 0x000000076ab00000)
  object space 175104K, 14% used [0x00000006c0000000,0x00000006c18173f8,0x00000006cab00000)
 Metaspace       used 11886K, capacity 12324K, committed 12672K, reserved 1060864K
  class space    used 1448K, capacity 1560K, committed 1664K, reserved 1048576K
}
Event: 7.147 GC heap before
{Heap before GC invocations=4 (full 0):
 PSYoungGen      total 76288K, used 76278K [0x000000076ab00000, 0x0000000774000000, 0x00000007c0000000)
  eden space 65536K, 100% used [0x000000076ab00000,0x000000076eb00000,0x000000076eb00000)
  from space 10752K, 99% used [0x000000076eb00000,0x000000076f57d800,0x000000076f580000)
  to   space 10752K, 0% used [0x0000000773580000,0x0000000773580000,0x0000000774000000)
 ParOldGen       total 175104K, used 24668K [0x00000006c0000000, 0x00000006cab00000, 0x000000076ab00000)
  object space 175104K, 14% used [0x00000006c0000000,0x00000006c18173f8,0x00000006cab00000)
 Metaspace       used 11954K, capacity 12324K, committed 12672K, reserved 1060864K
  class space    used 1448K, capacity 1560K, committed 1664K, reserved 1048576K
Event: 7.171 GC heap after
Heap after GC invocations=4 (full 0):
 PSYoungGen      total 141824K, used 10744K [0x000000076ab00000, 0x0000000774000000, 0x00000007c0000000)
  eden space 131072K, 0% used [0x000000076ab00000,0x000000076ab00000,0x0000000772b00000)
  from space 10752K, 99% used [0x0000000773580000,0x0000000773ffe008,0x0000000774000000)
  to   space 10752K, 0% used [0x0000000772b00000,0x0000000772b00000,0x0000000773580000)
 ParOldGen       total 175104K, used 58744K [0x00000006c0000000, 0x00000006cab00000, 0x000000076ab00000)
  object space 175104K, 33% used [0x00000006c0000000,0x00000006c395e058,0x00000006cab00000)
 Metaspace       used 11954K, capacity 12324K, committed 12672K, reserved 1060864K
  class space    used 1448K, capacity 1560K, committed 1664K, reserved 1048576K
}

Deoptimization events (10 events):
Event: 2.961 Thread 0x00007f9262a16000 Uncommon trap: reason=class_check action=maybe_recompile pc=0x000000010fdb6b78 method=java.io.BufferedOutputStream.flushBuffer()V @ 20
Event: 3.196 Thread 0x00007f9263322800 Uncommon trap: reason=unreached action=reinterpret pc=0x000000010ff3d5e4 method=com.sun.media.jfxmediaimpl.MetadataParserImpl.getNextByte()B @ 19
Event: 3.591 Thread 0x00007f9264bb7000 Uncommon trap: reason=class_check action=maybe_recompile pc=0x000000010ff84558 method=com.sun.media.jfxmediaimpl.MetadataParserImpl.getNextByte()B @ 38
Event: 3.825 Thread 0x00007f9263363800 Uncommon trap: reason=class_check action=maybe_recompile pc=0x000000010ff84558 method=com.sun.media.jfxmediaimpl.MetadataParserImpl.getNextByte()B @ 38
Event: 3.825 Thread 0x00007f9263363800 Uncommon trap: reason=class_check action=maybe_recompile pc=0x000000010ff8452c method=com.sun.media.jfxmediaimpl.MetadataParserImpl.getNextByte()B @ 60
Event: 3.834 Thread 0x00007f9263363800 Uncommon trap: reason=class_check action=maybe_recompile pc=0x000000010ff42744 method=com.sun.media.jfxmediaimpl.MetadataParserImpl.getNextByte()B @ 60
Event: 3.838 Thread 0x00007f9263363800 Uncommon trap: reason=class_check action=maybe_recompile pc=0x000000010ff44eb4 method=com.sun.media.jfxmediaimpl.MetadataParserImpl.getNextByte()B @ 60
Event: 3.860 Thread 0x00007f9265b76000 Uncommon trap: reason=class_check action=maybe_recompile pc=0x000000010ff84558 method=com.sun.media.jfxmediaimpl.MetadataParserImpl.getNextByte()B @ 38
Event: 15.406 Thread 0x00007f926600e000 Uncommon trap: reason=class_check action=maybe_recompile pc=0x000000010ffaefa0 method=java.util.Hashtable.get(Ljava/lang/Object;)Ljava/lang/Object; @ 45
Event: 15.406 Thread 0x00007f926600e000 Uncommon trap: reason=class_check action=maybe_recompile pc=0x000000010ffaefa0 method=java.util.Hashtable.get(Ljava/lang/Object;)Ljava/lang/Object; @ 45

Internal exceptions (10 events):
Event: 2.842 Thread 0x00007f9262993000 Implicit null exception at 0x000000010fc85a75 to 0x000000010fc85dc9
Event: 2.996 Thread 0x00007f9262993000 Exception <a 'java/security/PrivilegedActionException'> (0x000000076cb54160) thrown at [/HUDSON3/workspace/8-2-build-macosx-x86_64/jdk8u25/1514/hotspot/src/share/vm/prims/jvm.cpp, line 1312]
Event: 2.996 Thread 0x00007f9262993000 Exception <a 'java/security/PrivilegedActionException'> (0x000000076cb55a50) thrown at [/HUDSON3/workspace/8-2-build-macosx-x86_64/jdk8u25/1514/hotspot/src/share/vm/prims/jvm.cpp, line 1312]
Event: 3.003 Thread 0x00007f9262993000 Exception <a 'java/security/PrivilegedActionException'> (0x000000076cb72cb0) thrown at [/HUDSON3/workspace/8-2-build-macosx-x86_64/jdk8u25/1514/hotspot/src/share/vm/prims/jvm.cpp, line 1312]
Event: 3.003 Thread 0x00007f9262993000 Exception <a 'java/security/PrivilegedActionException'> (0x000000076cb74530) thrown at [/HUDSON3/workspace/8-2-build-macosx-x86_64/jdk8u25/1514/hotspot/src/share/vm/prims/jvm.cpp, line 1312]
Event: 3.012 Thread 0x00007f9262993000 Exception <a 'java/lang/UnsatisfiedLinkError': com.sun.media.jfxmedia.logging.Logger.nativeSetNativeLevel(I)V> (0x000000076cba4c10) thrown at [/HUDSON3/workspace/8-2-build-macosx-x86_64/jdk8u25/1514/hotspot/src/share/vm/prims/nativeLookup.cpp, line 378]
Event: 3.036 Thread 0x00007f9262993000 Exception <a 'java/security/PrivilegedActionException'> (0x000000076e0b16a8) thrown at [/HUDSON3/workspace/8-2-build-macosx-x86_64/jdk8u25/1514/hotspot/src/share/vm/prims/jvm.cpp, line 1312]
Event: 3.036 Thread 0x00007f9262993000 Exception <a 'java/security/PrivilegedActionException'> (0x000000076e0b3130) thrown at [/HUDSON3/workspace/8-2-build-macosx-x86_64/jdk8u25/1514/hotspot/src/share/vm/prims/jvm.cpp, line 1312]
Event: 3.037 Thread 0x00007f9262993000 Exception <a 'java/security/PrivilegedActionException'> (0x000000076e0b4c80) thrown at [/HUDSON3/workspace/8-2-build-macosx-x86_64/jdk8u25/1514/hotspot/src/share/vm/prims/jvm.cpp, line 1312]
Event: 15.409 Thread 0x00007f9269119800 Exception <a 'java/lang/IllegalStateException'> (0x000000077095d498) thrown at [/HUDSON3/workspace/8-2-build-macosx-x86_64/jdk8u25/1514/hotspot/src/share/vm/prims/jvm.cpp, line 1316]

Events (10 events):
Event: 15.407 loading class java/util/IdentityHashMap$KeyIterator done
Event: 15.407 Thread 0x00007f9269119800 Thread added: 0x00007f9269119800
Event: 15.408 loading class com/sun/javafx/tk/quantum/QuantumRenderer
Event: 15.408 loading class com/sun/javafx/tk/quantum/QuantumRenderer done
Event: 15.408 loading class com/sun/javafx/tk/quantum/QuantumToolkit
Event: 15.408 loading class com/sun/javafx/tk/quantum/QuantumToolkit done
Event: 15.408 Thread 0x00007f926308c000 Thread exited: 0x00007f926308c000
Event: 15.409 Thread 0x00007f9269119800 Thread exited: 0x00007f9269119800
Event: 15.409 Executing VM operation: Exit
Event: 15.409 Thread 0x00007f926600e000 Thread exited: 0x00007f926600e000


Dynamic libraries:
0x0000000001003000 	/System/Library/Frameworks/Cocoa.framework/Versions/A/Cocoa
0x0000000001003000 	/System/Library/Frameworks/Security.framework/Versions/A/Security
0x0000000001003000 	/System/Library/Frameworks/ApplicationServices.framework/Versions/A/ApplicationServices
0x0000000001003000 	/usr/lib/libz.1.dylib
0x0000000001003000 	/usr/lib/libSystem.B.dylib
0x0000000001003000 	/usr/lib/libobjc.A.dylib
0x0000000001003000 	/System/Library/Frameworks/CoreFoundation.framework/Versions/A/CoreFoundation
0x0000000001003000 	/System/Library/Frameworks/Foundation.framework/Versions/C/Foundation
0x0000000001003000 	/System/Library/Frameworks/AppKit.framework/Versions/C/AppKit
0x0000000001003000 	/System/Library/Frameworks/CoreData.framework/Versions/A/CoreData
0x0000000001003000 	/System/Library/PrivateFrameworks/RemoteViewServices.framework/Versions/A/RemoteViewServices
0x0000000001003000 	/System/Library/PrivateFrameworks/UIFoundation.framework/Versions/A/UIFoundation
0x0000000001003000 	/System/Library/Frameworks/IOSurface.framework/Versions/A/IOSurface
0x0000000001003000 	/System/Library/Frameworks/AudioToolbox.framework/Versions/A/AudioToolbox
0x0000000001003000 	/System/Library/Frameworks/AudioUnit.framework/Versions/A/AudioUnit
0x0000000001003000 	/System/Library/PrivateFrameworks/DataDetectorsCore.framework/Versions/A/DataDetectorsCore
0x0000000001003000 	/System/Library/PrivateFrameworks/DesktopServicesPriv.framework/Versions/A/DesktopServicesPriv
0x0000000001003000 	/System/Library/Frameworks/Carbon.framework/Versions/A/Frameworks/HIToolbox.framework/Versions/A/HIToolbox
0x0000000001003000 	/System/Library/Frameworks/QuartzCore.framework/Versions/A/QuartzCore
0x0000000001003000 	/System/Library/Frameworks/Carbon.framework/Versions/A/Frameworks/SpeechRecognition.framework/Versions/A/SpeechRecognition
0x0000000001003000 	/usr/lib/libauto.dylib
0x0000000001003000 	/usr/lib/libicucore.A.dylib
0x0000000001003000 	/usr/lib/libxml2.2.dylib
0x0000000001003000 	/System/Library/PrivateFrameworks/CoreUI.framework/Versions/A/CoreUI
0x0000000001003000 	/System/Library/Frameworks/CoreAudio.framework/Versions/A/CoreAudio
0x0000000001003000 	/System/Library/Frameworks/DiskArbitration.framework/Versions/A/DiskArbitration
0x0000000001003000 	/usr/lib/liblangid.dylib
0x0000000001003000 	/System/Library/PrivateFrameworks/MultitouchSupport.framework/Versions/A/MultitouchSupport
0x0000000001003000 	/System/Library/Frameworks/IOKit.framework/Versions/A/IOKit
0x0000000001003000 	/usr/lib/libDiagnosticMessagesClient.dylib
0x0000000001003000 	/System/Library/Frameworks/CoreServices.framework/Versions/A/CoreServices
0x0000000001003000 	/System/Library/PrivateFrameworks/PerformanceAnalysis.framework/Versions/A/PerformanceAnalysis
0x0000000001003000 	/System/Library/PrivateFrameworks/GenerationalStorage.framework/Versions/A/GenerationalStorage
0x0000000001003000 	/System/Library/Frameworks/OpenGL.framework/Versions/A/OpenGL
0x0000000001003000 	/System/Library/PrivateFrameworks/Sharing.framework/Versions/A/Sharing
0x0000000001003000 	/System/Library/Frameworks/CoreGraphics.framework/Versions/A/CoreGraphics
0x0000000001003000 	/System/Library/Frameworks/CoreText.framework/Versions/A/CoreText
0x0000000001003000 	/System/Library/Frameworks/ImageIO.framework/Versions/A/ImageIO
0x0000000001003000 	/usr/lib/libextension.dylib
0x0000000001003000 	/System/Library/PrivateFrameworks/Backup.framework/Versions/A/Backup
0x0000000001003000 	/usr/lib/libarchive.2.dylib
0x0000000001003000 	/System/Library/Frameworks/CFNetwork.framework/Versions/A/CFNetwork
0x0000000001003000 	/System/Library/Frameworks/SystemConfiguration.framework/Versions/A/SystemConfiguration
0x0000000001003000 	/usr/lib/libCRFSuite.dylib
0x0000000001003000 	/usr/lib/libc++.1.dylib
0x0000000001003000 	/usr/lib/libc++abi.dylib
0x0000000001003000 	/usr/lib/system/libcache.dylib
0x0000000001003000 	/usr/lib/system/libcommonCrypto.dylib
0x0000000001003000 	/usr/lib/system/libcompiler_rt.dylib
0x0000000001003000 	/usr/lib/system/libcopyfile.dylib
0x0000000001003000 	/usr/lib/system/libcorecrypto.dylib
0x0000000001003000 	/usr/lib/system/libdispatch.dylib
0x0000000001003000 	/usr/lib/system/libdyld.dylib
0x0000000001003000 	/usr/lib/system/libkeymgr.dylib
0x0000000001003000 	/usr/lib/system/liblaunch.dylib
0x0000000001003000 	/usr/lib/system/libmacho.dylib
0x0000000001003000 	/usr/lib/system/libquarantine.dylib
0x0000000001003000 	/usr/lib/system/libremovefile.dylib
0x0000000001003000 	/usr/lib/system/libsystem_asl.dylib
0x0000000001003000 	/usr/lib/system/libsystem_blocks.dylib
0x0000000001003000 	/usr/lib/system/libsystem_c.dylib
0x0000000001003000 	/usr/lib/system/libsystem_configuration.dylib
0x0000000001003000 	/usr/lib/system/libsystem_coreservices.dylib
0x0000000001003000 	/usr/lib/system/libsystem_coretls.dylib
0x0000000001003000 	/usr/lib/system/libsystem_dnssd.dylib
0x0000000001003000 	/usr/lib/system/libsystem_info.dylib
0x0000000001003000 	/usr/lib/system/libsystem_kernel.dylib
0x0000000001003000 	/usr/lib/system/libsystem_m.dylib
0x0000000001003000 	/usr/lib/system/libsystem_malloc.dylib
0x0000000001003000 	/usr/lib/system/libsystem_network.dylib
0x0000000001003000 	/usr/lib/system/libsystem_networkextension.dylib
0x0000000001003000 	/usr/lib/system/libsystem_notify.dylib
0x0000000001003000 	/usr/lib/system/libsystem_platform.dylib
0x0000000001003000 	/usr/lib/system/libsystem_pthread.dylib
0x0000000001003000 	/usr/lib/system/libsystem_sandbox.dylib
0x0000000001003000 	/usr/lib/system/libsystem_secinit.dylib
0x0000000001003000 	/usr/lib/system/libsystem_stats.dylib
0x0000000001003000 	/usr/lib/system/libsystem_trace.dylib
0x0000000001003000 	/usr/lib/system/libunc.dylib
0x0000000001003000 	/usr/lib/system/libunwind.dylib
0x0000000001003000 	/usr/lib/system/libxpc.dylib
0x0000000001003000 	/usr/lib/libbz2.1.0.dylib
0x0000000001003000 	/usr/lib/liblzma.5.dylib
0x0000000001003000 	/usr/lib/libbsm.0.dylib
0x0000000001003000 	/usr/lib/libsqlite3.dylib
0x0000000001003000 	/usr/lib/system/libkxld.dylib
0x0000000001003000 	/usr/lib/libxar.1.dylib
0x0000000001003000 	/usr/lib/libpam.2.dylib
0x0000000001003000 	/usr/lib/libOpenScriptingUtil.dylib
0x0000000001003000 	/System/Library/Frameworks/CoreServices.framework/Versions/A/Frameworks/FSEvents.framework/Versions/A/FSEvents
0x0000000001003000 	/System/Library/Frameworks/CoreServices.framework/Versions/A/Frameworks/CarbonCore.framework/Versions/A/CarbonCore
0x0000000001003000 	/System/Library/Frameworks/CoreServices.framework/Versions/A/Frameworks/Metadata.framework/Versions/A/Metadata
0x0000000001003000 	/System/Library/Frameworks/CoreServices.framework/Versions/A/Frameworks/OSServices.framework/Versions/A/OSServices
0x0000000001003000 	/System/Library/Frameworks/CoreServices.framework/Versions/A/Frameworks/SearchKit.framework/Versions/A/SearchKit
0x0000000001003000 	/System/Library/Frameworks/CoreServices.framework/Versions/A/Frameworks/AE.framework/Versions/A/AE
0x0000000001003000 	/System/Library/Frameworks/CoreServices.framework/Versions/A/Frameworks/LaunchServices.framework/Versions/A/LaunchServices
0x0000000001003000 	/System/Library/Frameworks/CoreServices.framework/Versions/A/Frameworks/DictionaryServices.framework/Versions/A/DictionaryServices
0x0000000001003000 	/System/Library/Frameworks/NetFS.framework/Versions/A/NetFS
0x0000000001003000 	/System/Library/PrivateFrameworks/NetAuth.framework/Versions/A/NetAuth
0x0000000001003000 	/System/Library/PrivateFrameworks/login.framework/Versions/A/Frameworks/loginsupport.framework/Versions/A/loginsupport
0x0000000001003000 	/System/Library/PrivateFrameworks/TCC.framework/Versions/A/TCC
0x0000000001003000 	/usr/lib/libmecabra.dylib
0x0000000001003000 	/System/Library/Frameworks/ApplicationServices.framework/Versions/A/Frameworks/ATS.framework/Versions/A/ATS
0x0000000001003000 	/System/Library/Frameworks/ApplicationServices.framework/Versions/A/Frameworks/ColorSync.framework/Versions/A/ColorSync
0x0000000001003000 	/System/Library/Frameworks/ApplicationServices.framework/Versions/A/Frameworks/HIServices.framework/Versions/A/HIServices
0x0000000001003000 	/System/Library/Frameworks/ApplicationServices.framework/Versions/A/Frameworks/LangAnalysis.framework/Versions/A/LangAnalysis
0x0000000001003000 	/System/Library/Frameworks/ApplicationServices.framework/Versions/A/Frameworks/PrintCore.framework/Versions/A/PrintCore
0x0000000001003000 	/System/Library/Frameworks/ApplicationServices.framework/Versions/A/Frameworks/QD.framework/Versions/A/QD
0x0000000001003000 	/System/Library/Frameworks/ApplicationServices.framework/Versions/A/Frameworks/SpeechSynthesis.framework/Versions/A/SpeechSynthesis
0x0000000001003000 	/System/Library/Frameworks/Accelerate.framework/Versions/A/Accelerate
0x0000000001003000 	/System/Library/Frameworks/Accelerate.framework/Versions/A/Frameworks/vImage.framework/Versions/A/vImage
0x0000000001003000 	/System/Library/Frameworks/Accelerate.framework/Versions/A/Frameworks/vecLib.framework/Versions/A/vecLib
0x0000000001003000 	/System/Library/Frameworks/Accelerate.framework/Versions/A/Frameworks/vecLib.framework/Versions/A/libvDSP.dylib
0x0000000001003000 	/System/Library/Frameworks/Accelerate.framework/Versions/A/Frameworks/vecLib.framework/Versions/A/libvMisc.dylib
0x0000000001003000 	/System/Library/Frameworks/Accelerate.framework/Versions/A/Frameworks/vecLib.framework/Versions/A/libLAPACK.dylib
0x0000000001003000 	/System/Library/Frameworks/Accelerate.framework/Versions/A/Frameworks/vecLib.framework/Versions/A/libBLAS.dylib
0x0000000001003000 	/System/Library/Frameworks/Accelerate.framework/Versions/A/Frameworks/vecLib.framework/Versions/A/libLinearAlgebra.dylib
0x0000000001003000 	/System/Library/Frameworks/ApplicationServices.framework/Versions/A/Frameworks/ATS.framework/Versions/A/Resources/libFontParser.dylib
0x0000000001003000 	/System/Library/Frameworks/ApplicationServices.framework/Versions/A/Frameworks/ATS.framework/Versions/A/Resources/libFontRegistry.dylib
0x0000000001003000 	/System/Library/PrivateFrameworks/AppleVPA.framework/Versions/A/AppleVPA
0x0000000001003000 	/System/Library/PrivateFrameworks/AppleJPEG.framework/Versions/A/AppleJPEG
0x0000000001003000 	/System/Library/Frameworks/ImageIO.framework/Versions/A/Resources/libJPEG.dylib
0x0000000001003000 	/System/Library/Frameworks/ImageIO.framework/Versions/A/Resources/libTIFF.dylib
0x0000000001003000 	/System/Library/Frameworks/ImageIO.framework/Versions/A/Resources/libPng.dylib
0x0000000001003000 	/System/Library/Frameworks/ImageIO.framework/Versions/A/Resources/libGIF.dylib
0x0000000001003000 	/System/Library/Frameworks/ImageIO.framework/Versions/A/Resources/libJP2.dylib
0x0000000001003000 	/System/Library/Frameworks/ImageIO.framework/Versions/A/Resources/libRadiance.dylib
0x0000000001003000 	/System/Library/Frameworks/CoreVideo.framework/Versions/A/CoreVideo
0x0000000001003000 	/System/Library/Frameworks/OpenGL.framework/Versions/A/Libraries/libGLU.dylib
0x0000000001003000 	/System/Library/Frameworks/OpenGL.framework/Versions/A/Libraries/libGFXShared.dylib
0x0000000001003000 	/System/Library/Frameworks/OpenGL.framework/Versions/A/Libraries/libGL.dylib
0x0000000001003000 	/System/Library/Frameworks/OpenGL.framework/Versions/A/Libraries/libGLImage.dylib
0x0000000001003000 	/System/Library/Frameworks/OpenGL.framework/Versions/A/Libraries/libCVMSPluginSupport.dylib
0x0000000001003000 	/System/Library/Frameworks/OpenGL.framework/Versions/A/Libraries/libCoreVMClient.dylib
0x0000000001003000 	/usr/lib/libcups.2.dylib
0x0000000001003000 	/System/Library/Frameworks/Kerberos.framework/Versions/A/Kerberos
0x0000000001003000 	/System/Library/Frameworks/GSS.framework/Versions/A/GSS
0x0000000001003000 	/usr/lib/libresolv.9.dylib
0x0000000001003000 	/usr/lib/libiconv.2.dylib
0x0000000001003000 	/System/Library/PrivateFrameworks/Heimdal.framework/Versions/A/Heimdal
0x0000000001003000 	/usr/lib/libheimdal-asn1.dylib
0x0000000001003000 	/System/Library/Frameworks/OpenDirectory.framework/Versions/A/OpenDirectory
0x0000000001003000 	/System/Library/PrivateFrameworks/CommonAuth.framework/Versions/A/CommonAuth
0x0000000001003000 	/System/Library/Frameworks/OpenDirectory.framework/Versions/A/Frameworks/CFOpenDirectory.framework/Versions/A/CFOpenDirectory
0x0000000001003000 	/System/Library/Frameworks/SecurityFoundation.framework/Versions/A/SecurityFoundation
0x0000000001003000 	/System/Library/PrivateFrameworks/LanguageModeling.framework/Versions/A/LanguageModeling
0x0000000001003000 	/usr/lib/libcmph.dylib
0x0000000001003000 	/System/Library/Frameworks/ServiceManagement.framework/Versions/A/ServiceManagement
0x0000000001003000 	/usr/lib/libxslt.1.dylib
0x0000000001003000 	/System/Library/Frameworks/Carbon.framework/Versions/A/Frameworks/Ink.framework/Versions/A/Ink
0x0000000001003000 	/System/Library/Frameworks/QuartzCore.framework/Versions/A/Frameworks/CoreImage.framework/Versions/A/CoreImage
0x0000000001003000 	/System/Library/PrivateFrameworks/CrashReporterSupport.framework/Versions/A/CrashReporterSupport
0x0000000001003000 	/System/Library/Frameworks/OpenCL.framework/Versions/A/OpenCL
0x0000000001003000 	/System/Library/PrivateFrameworks/FaceCore.framework/Versions/A/FaceCore
0x0000000001003000 	/System/Library/PrivateFrameworks/Ubiquity.framework/Versions/A/Ubiquity
0x0000000001003000 	/System/Library/PrivateFrameworks/IconServices.framework/Versions/A/IconServices
0x0000000001003000 	/System/Library/PrivateFrameworks/ChunkingLibrary.framework/Versions/A/ChunkingLibrary
0x0000000001003000 	/System/Library/PrivateFrameworks/Apple80211.framework/Versions/A/Apple80211
0x0000000001003000 	/System/Library/Frameworks/CoreWLAN.framework/Versions/A/CoreWLAN
0x0000000001003000 	/System/Library/Frameworks/IOBluetooth.framework/Versions/A/IOBluetooth
0x0000000001003000 	/System/Library/PrivateFrameworks/CoreWiFi.framework/Versions/A/CoreWiFi
0x0000000001003000 	/System/Library/Frameworks/CoreBluetooth.framework/Versions/A/CoreBluetooth
0x0000000001003000 	/System/Library/PrivateFrameworks/DebugSymbols.framework/Versions/A/DebugSymbols
0x0000000001003000 	/System/Library/PrivateFrameworks/CoreSymbolication.framework/Versions/A/CoreSymbolication
0x0000000001003000 	/System/Library/PrivateFrameworks/Symbolication.framework/Versions/A/Symbolication
0x0000000001003000 	/System/Library/PrivateFrameworks/SpeechRecognitionCore.framework/Versions/A/SpeechRecognitionCore
0x000000010ea00000 	/Library/Java/JavaVirtualMachines/jdk1.8.0_25.jdk/Contents/Home/jre/lib/server/libjvm.dylib
0x0000000001003000 	/usr/lib/libstdc++.6.dylib
0x000000010d9bc000 	/Library/Java/JavaVirtualMachines/jdk1.8.0_25.jdk/Contents/Home/jre/lib/libverify.dylib
0x000000010d9ca000 	/Library/Java/JavaVirtualMachines/jdk1.8.0_25.jdk/Contents/Home/jre/lib/libjava.dylib
0x000000010fa27000 	/Library/Java/JavaVirtualMachines/jdk1.8.0_25.jdk/Contents/Home/jre/lib/libzip.dylib
0x000000012b604000 	/System/Library/Frameworks/JavaVM.framework/Frameworks/JavaRuntimeSupport.framework/JavaRuntimeSupport
0x000000012b61c000 	/System/Library/Frameworks/JavaVM.framework/Versions/A/Frameworks/JavaNativeFoundation.framework/Versions/A/JavaNativeFoundation
0x000000012b631000 	/System/Library/Frameworks/JavaVM.framework/Versions/A/JavaVM
0x0000000001003000 	/System/Library/Frameworks/Carbon.framework/Versions/A/Carbon
0x000000012b63e000 	/System/Library/PrivateFrameworks/JavaLaunching.framework/Versions/A/JavaLaunching
0x0000000001003000 	/System/Library/Frameworks/Carbon.framework/Versions/A/Frameworks/CommonPanels.framework/Versions/A/CommonPanels
0x0000000001003000 	/System/Library/Frameworks/Carbon.framework/Versions/A/Frameworks/Help.framework/Versions/A/Help
0x0000000001003000 	/System/Library/Frameworks/Carbon.framework/Versions/A/Frameworks/ImageCapture.framework/Versions/A/ImageCapture
0x0000000001003000 	/System/Library/Frameworks/Carbon.framework/Versions/A/Frameworks/OpenScripting.framework/Versions/A/OpenScripting
0x0000000001003000 	/System/Library/Frameworks/Carbon.framework/Versions/A/Frameworks/Print.framework/Versions/A/Print
0x0000000001003000 	/System/Library/Frameworks/Carbon.framework/Versions/A/Frameworks/SecurityHI.framework/Versions/A/SecurityHI
0x000000012d806000 	/Library/Java/JavaVirtualMachines/jdk1.8.0_25.jdk/Contents/Home/jre/lib/libprism_es2.dylib
0x000000012d887000 	/System/Library/Frameworks/OpenGL.framework/Resources/GLEngine.bundle/GLEngine
0x0000000001003000 	/System/Library/Frameworks/OpenGL.framework/Versions/A/Libraries/libGLProgrammability.dylib
0x0000000000000000 	/System/Library/Extensions/AppleIntelHD4000GraphicsGLDriver.bundle/Contents/MacOS/AppleIntelHD4000GraphicsGLDriver
0x0000000001003000 	/System/Library/PrivateFrameworks/IOAccelerator.framework/Versions/A/IOAccelerator
0x0000000001003000 	/System/Library/PrivateFrameworks/GPUSupport.framework/Versions/A/Libraries/libGPUSupportMercury.dylib
0x0000000000000000 	/System/Library/Extensions/GeForceGLDriver.bundle/Contents/MacOS/GeForceGLDriver
0x0000000001003000 	/System/Library/Extensions/GeForceGLDriver.bundle/Contents/MacOS/libclh.dylib
0x000000012de78000 	/System/Library/Frameworks/OpenGL.framework/Resources//GLRendererFloat.bundle/GLRendererFloat
0x0000000001003000 	/System/Library/Frameworks/OpenCL.framework/Versions/A/Libraries/libcldcpuengine.dylib
0x0000000001003000 	/System/Library/PrivateFrameworks/DiskImages.framework/Versions/A/DiskImages
0x0000000001003000 	/System/Library/Frameworks/DiscRecording.framework/Versions/A/DiscRecording
0x0000000001003000 	/usr/lib/libcsfde.dylib
0x0000000001003000 	/usr/lib/libcurl.4.dylib
0x0000000001003000 	/System/Library/PrivateFrameworks/MediaKit.framework/Versions/A/MediaKit
0x0000000001003000 	/System/Library/PrivateFrameworks/ProtectedCloudStorage.framework/Versions/A/ProtectedCloudStorage
0x0000000001003000 	/usr/lib/libCoreStorage.dylib
0x0000000001003000 	/System/Library/PrivateFrameworks/EFILogin.framework/Versions/A/EFILogin
0x0000000001003000 	/usr/lib/libutil.dylib
0x0000000001003000 	/System/Library/PrivateFrameworks/FindMyDevice.framework/Versions/A/FindMyDevice
0x0000000001003000 	/System/Library/Frameworks/LDAP.framework/Versions/A/LDAP
0x0000000001003000 	/usr/lib/libsasl2.2.dylib
0x0000000001003000 	/System/Library/PrivateFrameworks/CoreDaemon.framework/Versions/B/CoreDaemon
0x0000000001003000 	/usr/lib/libcrypto.0.9.8.dylib
0x0000000001003000 	/System/Library/PrivateFrameworks/AppleSRP.framework/Versions/A/AppleSRP
0x0000000001003000 	/System/Library/PrivateFrameworks/TrustEvaluationAgent.framework/Versions/A/TrustEvaluationAgent
0x000000012e113000 	/Library/Java/JavaVirtualMachines/jdk1.8.0_25.jdk/Contents/Home/jre/lib/libglass.dylib
0x0000000001003000 	/System/Library/PrivateFrameworks/CoreServicesInternal.framework/Versions/A/CoreServicesInternal
0x0000000001003000 	/System/Library/PrivateFrameworks/CloudDocs.framework/Versions/A/CloudDocs
0x0000000001003000 	/System/Library/PrivateFrameworks/CoreDuet.framework/Versions/A/CoreDuet
0x0000000001003000 	/System/Library/Frameworks/CloudKit.framework/Versions/A/CloudKit
0x0000000001003000 	/System/Library/PrivateFrameworks/ProtocolBuffer.framework/Versions/A/ProtocolBuffer
0x0000000001003000 	/System/Library/PrivateFrameworks/CoreDuetDaemonProtocol.framework/Versions/A/CoreDuetDaemonProtocol
0x0000000001003000 	/System/Library/PrivateFrameworks/CoreDuetDebugLogging.framework/Versions/A/CoreDuetDebugLogging
0x0000000001003000 	/System/Library/PrivateFrameworks/MMCS.framework/Versions/A/MMCS
0x0000000001003000 	/System/Library/Frameworks/CoreLocation.framework/Versions/A/CoreLocation
0x0000000001003000 	/System/Library/PrivateFrameworks/GeoServices.framework/Versions/A/GeoServices
0x000000012f7ef000 	/System/Library/Frameworks/CoreGraphics.framework/Versions/A/Resources/libCGCMS.A.dylib
0x0000000001003000 	/System/Library/CoreServices/RawCamera.bundle/Contents/MacOS/RawCamera
0x000000012fc22000 	/System/Library/Frameworks/CoreGraphics.framework/Versions/A/Resources/libRIP.A.dylib
0x0000000001003000 	/System/Library/PrivateFrameworks/FamilyControls.framework/Versions/A/FamilyControls
0x0000000001003000 	/System/Library/PrivateFrameworks/CommerceKit.framework/Versions/A/Frameworks/CommerceCore.framework/Versions/A/CommerceCore
0x0000000001003000 	/System/Library/PrivateFrameworks/SystemAdministration.framework/Versions/A/SystemAdministration
0x0000000001003000 	/System/Library/PrivateFrameworks/AppContainer.framework/Versions/A/AppContainer
0x0000000001003000 	/System/Library/PrivateFrameworks/SecCodeWrapper.framework/Versions/A/SecCodeWrapper
0x0000000001003000 	/System/Library/Frameworks/DirectoryService.framework/Versions/A/DirectoryService
0x0000000001003000 	/System/Library/PrivateFrameworks/LoginUIKit.framework/Versions/A/Frameworks/LoginUICore.framework/Versions/A/LoginUICore
0x0000000001003000 	/usr/lib/libodfde.dylib
0x00000001324ae000 	/System/Library/Frameworks/CoreGraphics.framework/Versions/A/Resources/libCGXType.A.dylib
0x00000001337f1000 	cl_kernels
0x00000001337f3000 	/System/Library/Frameworks/OpenCL.framework/Versions/A/Libraries/ImageFormats/unorm8_bgra.dylib
0x00000001337e3000 	cl_kernels
0x000000012fca8000 	/Library/Java/JavaVirtualMachines/jdk1.8.0_25.jdk/Contents/Home/jre/lib/libnet.dylib
0x000000014d9f7000 	/Library/Java/JavaVirtualMachines/jdk1.8.0_25.jdk/Contents/Home/jre/lib/libglib-lite.dylib
0x000000014db1d000 	/Library/Java/JavaVirtualMachines/jdk1.8.0_25.jdk/Contents/Home/jre/lib/libgstreamer-lite.dylib
0x000000013418d000 	/Library/Java/JavaVirtualMachines/jdk1.8.0_25.jdk/Contents/Home/jre/lib/libjfxmedia.dylib
0x0000000001003000 	/System/Library/Frameworks/QTKit.framework/Versions/A/QTKit
0x0000000001003000 	/System/Library/Frameworks/AVFoundation.framework/Versions/A/AVFoundation
0x0000000001003000 	/System/Library/Frameworks/CoreMedia.framework/Versions/A/CoreMedia
0x0000000001003000 	/System/Library/Frameworks/MediaToolbox.framework/Versions/A/MediaToolbox
0x0000000001003000 	/System/Library/Frameworks/VideoToolbox.framework/Versions/A/VideoToolbox
0x0000000001003000 	/System/Library/PrivateFrameworks/CoreMediaAuthoring.framework/Versions/A/CoreMediaAuthoring
0x0000000001003000 	/System/Library/Frameworks/CoreMediaIO.framework/Versions/A/CoreMediaIO
0x0000000001003000 	/System/Library/Frameworks/AVFoundation.framework/Versions/A/Resources/libAVFAudio.dylib
0x0000000001003000 	/System/Library/PrivateFrameworks/MediaControlSender.framework/Versions/A/MediaControlSender
0x0000000001003000 	/System/Library/PrivateFrameworks/CoreAVCHD.framework/Versions/A/CoreAVCHD
0x0000000001003000 	/System/Library/Frameworks/MediaAccessibility.framework/Versions/A/MediaAccessibility
0x0000000001003000 	/System/Library/PrivateFrameworks/Mangrove.framework/Versions/A/Mangrove
0x0000000001003000 	/System/Library/PrivateFrameworks/CoreAUC.framework/Versions/A/CoreAUC
0x0000000001003000 	/System/Library/PrivateFrameworks/NetworkStatistics.framework/Versions/A/NetworkStatistics
0x0000000001003000 	/System/Library/PrivateFrameworks/AirPlaySupport.framework/Versions/A/AirPlaySupport
0x0000000001003000 	/System/Library/PrivateFrameworks/CoreUtils.framework/Versions/A/CoreUtils
0x0000000001003000 	/System/Library/PrivateFrameworks/AppleVA.framework/Versions/A/AppleVA
0x0000000001003000 	/System/Library/PrivateFrameworks/XPCService.framework/Versions/A/XPCService
0x0000000001003000 	/System/Library/PrivateFrameworks/AppSandbox.framework/Versions/A/AppSandbox
0x0000000001003000 	/usr/lib/libsandbox.1.dylib
0x0000000001003000 	/usr/lib/libMatch.1.dylib
0x0000000133e92000 	/Library/Java/JavaVirtualMachines/jdk1.8.0_25.jdk/Contents/Home/jre/lib/libfxplugins.dylib
0x000000012fc80000 	/System/Library/Frameworks/VideoDecodeAcceleration.framework/Versions/A/VideoDecodeAcceleration
0x000000012fc86000 	/Library/Java/JavaVirtualMachines/jdk1.8.0_25.jdk/Contents/Home/jre/lib/libnio.dylib
0x000000012fc96000 	/System/Library/Extensions/AppleHDA.kext/Contents/PlugIns/AppleHDAHALPlugIn.bundle/Contents/MacOS/AppleHDAHALPlugIn
0x000000014dfa3000 	/System/Library/Components/CoreAudio.component/Contents/MacOS/CoreAudio
0x000000014e402000 	/System/Library/Components/AudioCodecs.component/Contents/MacOS/AudioCodecs

VM Arguments:
jvm_args: -Dfile.encoding=UTF-8 
java_command: com.musicPlayer.JML.MusicPlayer
java_class_path (initial): /Users/JEAcomputer/Documents/Programming/MusicPlayerV2/bin:/Applications/eclipse/plugins/org.eclipse.fx.ide.css.jfx8_1.1.0.201411050807.jar:/Users/JEAcomputer/Documents/Programming/MusicPlayer/src/ItunesUtilities.jar:/Users/JEAcomputer/Documents/Programming/MusicPlayer/src/xstream-1.4.7.jar
Launcher Type: SUN_STANDARD

Environment Variables:
PATH=/usr/bin:/bin:/usr/sbin:/sbin
SHELL=/bin/bash

Signal Handlers:
SIGSEGV: [libjvm.dylib+0x579dc7], sa_mask[0]=11111111011111110111111111111111, sa_flags=SA_ONSTACK|SA_RESTART|SA_SIGINFO
SIGBUS: [libjvm.dylib+0x579dc7], sa_mask[0]=11111111011111110111111111111111, sa_flags=SA_RESTART|SA_SIGINFO
SIGFPE: [libjvm.dylib+0x45b030], sa_mask[0]=11111111011111110111111111111111, sa_flags=SA_RESTART|SA_SIGINFO
SIGPIPE: [libjvm.dylib+0x45b030], sa_mask[0]=11111111011111110111111111111111, sa_flags=SA_RESTART|SA_SIGINFO
SIGXFSZ: [libjvm.dylib+0x45b030], sa_mask[0]=11111111011111110111111111111111, sa_flags=SA_RESTART|SA_SIGINFO
SIGILL: [libjvm.dylib+0x45b030], sa_mask[0]=11111111011111110111111111111111, sa_flags=SA_RESTART|SA_SIGINFO
SIGUSR1: SIG_DFL, sa_mask[0]=00000000000000000000000000000000, sa_flags=none
SIGUSR2: [libjvm.dylib+0x45ab4e], sa_mask[0]=00100000000000000000000000000000, sa_flags=SA_RESTART|SA_SIGINFO
SIGHUP: [AudioToolbox+0xf933a], sa_mask[0]=00000000000000000000000000000000, sa_flags=SA_RESTART
SIGINT: [libjvm.dylib+0x459121], sa_mask[0]=11111111011111110111111111111111, sa_flags=SA_RESTART|SA_SIGINFO
SIGTERM: [libjvm.dylib+0x459121], sa_mask[0]=11111111011111110111111111111111, sa_flags=SA_RESTART|SA_SIGINFO
SIGQUIT: [libjvm.dylib+0x459121], sa_mask[0]=11111111011111110111111111111111, sa_flags=SA_RESTART|SA_SIGINFO


---------------  S Y S T E M  ---------------

OS:Bsduname:Darwin 14.4.0 Darwin Kernel Version 14.4.0: Sun Apr 19 20:30:19 PDT 2015; root:xnu-2782.30.2~2/RELEASE_X86_64 x86_64
rlimit: STACK 8192k, CORE 0k, NPROC 709, NOFILE 10240, AS infinity
load average:3.66 3.31 3.06

CPU:total 8 (4 cores per cpu, 2 threads per core) family 6 model 58 stepping 9, cmov, cx8, fxsr, mmx, sse, sse2, sse3, ssse3, sse4.1, sse4.2, popcnt, avx, aes, clmul, erms, ht, tsc, tscinvbit, tscinv

Memory: 4k page, physical 16777216k(3951828k free)

/proc/meminfo:


vm_info: Java HotSpot(TM) 64-Bit Server VM (25.25-b02) for bsd-amd64 JRE (1.8.0_25-b17), built on Sep 17 2014 16:56:50 by "java_re" with gcc 4.2.1 (Based on Apple Inc. build 5658) (LLVM build 2336.11.00)

time: Fri May  1 13:22:28 2015
elapsed time: 15 seconds (0d 0h 0m 15s)

